<?xml version="1.0" encoding="UTF-8"?>
<robot generator="Robot 6.1 (Python 3.11.4 on win32)" generated="20231021 19:46:26.245" rpa="false" schemaversion="4">
<suite id="s1" name="Tests" source="D:\OneDrive - Novabase\Documents\1.AutomaticTests\robot_framework--advanced\Frontend\tests">
<suite id="s1-s1" name="3.Geek" source="D:\OneDrive - Novabase\Documents\1.AutomaticTests\robot_framework--advanced\Frontend\tests\3.Geek.robot">
<test id="s1-s1-t1" name="Be a Geek" line="14">
<kw name="Start Session" library="Base" type="SETUP">
<kw name="New Browser" library="Browser">
<arg>chromium</arg>
<arg>headless=True</arg>
<arg>slowMo=00:00:00</arg>
<tag>BrowserControl</tag>
<tag>Setter</tag>
<doc>Create a new playwright Browser with specified options.</doc>
<msg timestamp="20231021 19:46:32.782" level="INFO">{"browser": "chromium", "headless": true, "devtools": false, "handleSIGHUP": true, "handleSIGINT": true, "handleSIGTERM": true, "slowMo": 0.0, "timeout": 30000.0, "deprecated_pos_args": [], "tracesDir": "D:\\OneDrive - Novabase\\Documents\\1.AutomaticTests\\robot_framework--advanced\\Frontend\\logs\\pabot_results\\2\\browser\\traces\\6a9cd85c-9e07-4264-9178-d3c76284525e"}</msg>
<msg timestamp="20231021 19:46:37.336" level="INFO">Successfully created browser with options: {"browser":"chromium","headless":true,"devtools":false,"handleSIGHUP":true,"handleSIGINT":true,"handleSIGTERM":true,"slowMo":0,"timeout":30000,"deprecated_pos_args":[],"tracesDir":"D:\\OneDrive - Novabase\\Documents\\1.AutomaticTests\\robot_framework--advanced\\Frontend\\logs\\pabot_results\\2\\browser\\traces\\6a9cd85c-9e07-4264-9178-d3c76284525e"}</msg>
<status status="PASS" starttime="20231021 19:46:32.780" endtime="20231021 19:46:37.337"/>
</kw>
<kw name="New Page" library="Browser">
<arg>${BASE_URL}</arg>
<tag>BrowserControl</tag>
<tag>Setter</tag>
<doc>Open a new Page.</doc>
<msg timestamp="20231021 19:46:42.089" level="INFO">Successfully initialized new page object and opened url: https://web-geek.fly.dev</msg>
<msg timestamp="20231021 19:46:42.090" level="INFO">No context was open. New context was automatically opened when this page is created.</msg>
<status status="PASS" starttime="20231021 19:46:37.338" endtime="20231021 19:46:42.090"/>
</kw>
<kw name="Set Viewport Size" library="Browser">
<arg>1280</arg>
<arg>768</arg>
<tag>BrowserControl</tag>
<tag>Setter</tag>
<doc>Sets current Pages viewport size to specified dimensions.</doc>
<msg timestamp="20231021 19:46:42.106" level="INFO">Set viewport size to: [object Object]</msg>
<status status="PASS" starttime="20231021 19:46:42.092" endtime="20231021 19:46:42.107"/>
</kw>
<status status="PASS" starttime="20231021 19:46:32.779" endtime="20231021 19:46:42.107"/>
</kw>
<kw name="Factory User" library="Users">
<var>${user}</var>
<arg>be_geek</arg>
<msg timestamp="20231021 19:46:42.110" level="INFO">${user} = {'name': 'Bags', 'lastname': 'Loli', 'email': 'bags.loli@gmail.com', 'password': 'Kika1234', 'geek_profile': {'whats': '11999999999', 'desc': 'Sou bom em abrir embalagem de pc, depois me esconder e ar...</msg>
<status status="PASS" starttime="20231021 19:46:42.108" endtime="20231021 19:46:42.110"/>
</kw>
<kw name="Do Login" library="Helpers">
<arg>${user}</arg>
<kw name="Go to Login form" library="meta">
<kw name="Go To" library="Browser">
<arg>${login_url}</arg>
<tag>BrowserControl</tag>
<tag>Setter</tag>
<doc>Navigates to the given ``url``.</doc>
<msg timestamp="20231021 19:46:42.872" level="INFO">Successfully opened URL https://web-geek.fly.dev</msg>
<status status="PASS" starttime="20231021 19:46:42.114" endtime="20231021 19:46:42.872"/>
</kw>
<kw name="Wait For Elements State" library="Browser">
<arg>${element_form}</arg>
<arg>visible</arg>
<arg>5</arg>
<tag>PageContent</tag>
<tag>Wait</tag>
<doc>Waits for the element found by ``selector`` to satisfy state option.</doc>
<msg timestamp="20231021 19:46:42.930" level="INFO">Waited for Element with selector css=.login-form at state visible</msg>
<status status="PASS" starttime="20231021 19:46:42.873" endtime="20231021 19:46:42.930"/>
</kw>
<status status="PASS" starttime="20231021 19:46:42.112" endtime="20231021 19:46:42.930"/>
</kw>
<kw name="Fill Credentials" library="meta">
<arg>${user}</arg>
<kw name="Fill Text" library="Browser">
<arg>${input_email}</arg>
<arg>${user}[email]</arg>
<tag>PageContent</tag>
<tag>Setter</tag>
<doc>Clears and fills the given ``txt`` into the text field found by ``selector``.</doc>
<msg timestamp="20231021 19:46:42.932" level="INFO">Fills the text 'bags.loli@gmail.com' in the given field.</msg>
<status status="PASS" starttime="20231021 19:46:42.931" endtime="20231021 19:46:42.976"/>
</kw>
<kw name="Fill Text" library="Browser">
<arg>${input_pass}</arg>
<arg>${user}[password]</arg>
<tag>PageContent</tag>
<tag>Setter</tag>
<doc>Clears and fills the given ``txt`` into the text field found by ``selector``.</doc>
<msg timestamp="20231021 19:46:42.977" level="INFO">Fills the text 'Kika1234' in the given field.</msg>
<status status="PASS" starttime="20231021 19:46:42.976" endtime="20231021 19:46:43.013"/>
</kw>
<status status="PASS" starttime="20231021 19:46:42.930" endtime="20231021 19:46:43.013"/>
</kw>
<kw name="Submit Credentials" library="meta">
<kw name="Click" library="Browser">
<arg>${btn_signin_submit}</arg>
<tag>PageContent</tag>
<tag>Setter</tag>
<doc>Simulates mouse click on the element found by ``selector``.</doc>
<status status="PASS" starttime="20231021 19:46:43.014" endtime="20231021 19:46:43.137"/>
</kw>
<status status="PASS" starttime="20231021 19:46:43.013" endtime="20231021 19:46:43.137"/>
</kw>
<kw name="User shold Be Logged in" library="meta">
<arg>${user}</arg>
<kw name="Set Variable" library="BuiltIn">
<var>${fullName}</var>
<arg>${user}[name] ${user}[lastname]</arg>
<doc>Returns the given values which can then be assigned to a variables.</doc>
<msg timestamp="20231021 19:46:43.140" level="INFO">${fullName} = Bags Loli</msg>
<status status="PASS" starttime="20231021 19:46:43.139" endtime="20231021 19:46:43.140"/>
</kw>
<kw name="Wait For Elements State" library="Browser">
<arg>${element_home}</arg>
<arg>visible</arg>
<arg>5</arg>
<tag>PageContent</tag>
<tag>Wait</tag>
<doc>Waits for the element found by ``selector`` to satisfy state option.</doc>
<msg timestamp="20231021 19:46:48.356" level="INFO" html="true">&lt;/td&gt;&lt;/tr&gt;&lt;tr&gt;&lt;td colspan="3"&gt;&lt;a href="browser/screenshot/fail-screenshot-1.png"&gt;&lt;img src="browser/screenshot/fail-screenshot-1.png" width="800px"&gt;&lt;/a&gt;</msg>
<msg timestamp="20231021 19:46:48.357" level="FAIL">TimeoutError: locator.waitFor: Timeout 5000ms exceeded.
=========================== logs ===========================
waiting for locator('a[href="/profile"]') to be visible
============================================================
Tip: Use "Set Browser Timeout" for increasing the timeout or double check your locator as the targeted element(s) couldn't be found.</msg>
<status status="FAIL" starttime="20231021 19:46:43.140" endtime="20231021 19:46:48.473"/>
</kw>
<kw name="Get Text" library="Browser">
<arg>${element_home}</arg>
<arg>equal</arg>
<arg>${fullName}</arg>
<tag>Assertion</tag>
<tag>Getter</tag>
<tag>PageContent</tag>
<doc>Returns text attribute of the element found by ``selector``.</doc>
<status status="NOT RUN" starttime="20231021 19:46:48.473" endtime="20231021 19:46:48.473"/>
</kw>
<status status="FAIL" starttime="20231021 19:46:43.138" endtime="20231021 19:46:48.473"/>
</kw>
<status status="FAIL" starttime="20231021 19:46:42.111" endtime="20231021 19:46:48.474"/>
</kw>
<kw name="Go to Geek form" library="meta">
<status status="NOT RUN" starttime="20231021 19:46:48.474" endtime="20231021 19:46:48.474"/>
</kw>
<kw name="Fill Geek Forms" library="meta">
<arg>${user}[geek_profile]</arg>
<status status="NOT RUN" starttime="20231021 19:46:48.474" endtime="20231021 19:46:48.474"/>
</kw>
<kw name="Submit Geek Form" library="meta">
<status status="NOT RUN" starttime="20231021 19:46:48.475" endtime="20231021 19:46:48.475"/>
</kw>
<kw name="User Should Be Registered" library="meta">
<status status="NOT RUN" starttime="20231021 19:46:48.475" endtime="20231021 19:46:48.475"/>
</kw>
<kw name="Finish Session" library="Base" type="TEARDOWN">
<kw name="Take Screenshot" library="Browser">
<arg>fullPage=True</arg>
<tag>PageContent</tag>
<doc>Takes a screenshot of the current window or element and saves it to disk.</doc>
<msg timestamp="20231021 19:46:48.767" level="INFO" html="true">&lt;/td&gt;&lt;/tr&gt;&lt;tr&gt;&lt;td colspan="3"&gt;&lt;a href="browser/screenshot/robotframework-browser-screenshot-1.png"&gt;&lt;img src="browser/screenshot/robotframework-browser-screenshot-1.png" width="800px"&gt;&lt;/a&gt;</msg>
<status status="PASS" starttime="20231021 19:46:48.477" endtime="20231021 19:46:48.767"/>
</kw>
<status status="PASS" starttime="20231021 19:46:48.476" endtime="20231021 19:46:48.767"/>
</kw>
<tag>happy_way</tag>
<status status="FAIL" starttime="20231021 19:46:32.772" endtime="20231021 19:46:48.767">TimeoutError: locator.waitFor: Timeout 5000ms exceeded.
=========================== logs ===========================
waiting for locator('a[href="/profile"]') to be visible
============================================================
Tip: Use "Set Browser Timeout" for increasing the timeout or double check your locator as the targeted element(s) couldn't be found.</status>
</test>
<doc>Geek Test Suite</doc>
<status status="FAIL" starttime="20231021 19:46:26.402" endtime="20231021 19:46:48.835"/>
</suite>
<status status="FAIL" starttime="20231021 19:46:26.276" endtime="20231021 19:46:48.841"/>
</suite>
<statistics>
<total>
<stat pass="0" fail="1" skip="0">All Tests</stat>
</total>
<tag>
<stat pass="0" fail="1" skip="0">happy_way</stat>
</tag>
<suite>
<stat pass="0" fail="1" skip="0" id="s1" name="Tests">Tests</stat>
<stat pass="0" fail="1" skip="0" id="s1-s1" name="3.Geek">Tests.3.Geek</stat>
</suite>
</statistics>
<errors>
</errors>
</robot>
