<?xml version="1.0" encoding="UTF-8"?>
<robot generator="Robot 6.1 (Python 3.11.4 on win32)" generated="20231013 19:54:50.926" rpa="false" schemaversion="4">
<suite id="s1" name="Users" source="D:\OneDrive - Novabase\Documents\1.AutomaticTests\robot_framework--advanced\Backend\tests\users.robot">
<test id="s1-t1" name="Add new user" line="10">
<kw name="Factory User" library="Users">
<var>${user}</var>
<arg>signin</arg>
<msg timestamp="20231013 19:54:51.037" level="INFO">${user} = {'name': 'Baguera Loli', 'email': 'bags@lolis.com', 'password': 'Kika.1234'}</msg>
<status status="PASS" starttime="20231013 19:54:51.037" endtime="20231013 19:54:51.037"/>
</kw>
<kw name="User Signup" library="meta">
<arg>${user}</arg>
<kw name="POST Session" library="SessionsRoute">
<var>${response}</var>
<arg>${user}</arg>
<kw name="POST" library="RequestsLibrary">
<var>${response}</var>
<arg>${API_USERS_URL}/sessions</arg>
<arg>json=${user}</arg>
<arg>expected_status=any</arg>
<doc>Sends a POST request.</doc>
<msg timestamp="20231013 19:54:51.520" level="INFO">POST Request : url=https://api-geek.fly.dev/sessions 
 path_url=/sessions 
 headers={'User-Agent': 'python-requests/2.31.0', 'Accept-Encoding': 'gzip, deflate', 'Accept': '*/*', 'Connection': 'keep-alive', 'Content-Length': '76', 'Content-Type': 'application/json'} 
 body=b'{"name": "Baguera Loli", "email": "bags@lolis.com", "password": "Kika.1234"}' 
 </msg>
<msg timestamp="20231013 19:54:51.520" level="INFO">POST Response : url=https://api-geek.fly.dev/sessions 
 status=401, reason=Unauthorized 
 headers={'x-powered-by': 'Express', 'access-control-allow-origin': '*', 'content-type': 'application/json; charset=utf-8', 'content-encoding': 'gzip', 'etag': 'W/"18-XPDV80vbMk4yY1/PADG4jYM4rSI"', 'date': 'Fri, 13 Oct 2023 18:54:54 GMT', 'connection': 'keep-alive', 'keep-alive': 'timeout=5', 'transfer-encoding': 'chunked', 'server': 'Fly/55f8eaa0 (2023-10-09)', 'via': '1.1 fly.io', 'fly-request-id': '01HCN68FA51SDEN3PE2MG18TS4-mad'} 
 body={"error":"Unauthorized"} 
 </msg>
<msg timestamp="20231013 19:54:51.520" level="INFO">${response} = &lt;Response [401]&gt;</msg>
<status status="PASS" starttime="20231013 19:54:51.038" endtime="20231013 19:54:51.520"/>
</kw>
<msg timestamp="20231013 19:54:51.520" level="INFO">${response} = &lt;Response [401]&gt;</msg>
<status status="PASS" starttime="20231013 19:54:51.038" endtime="20231013 19:54:51.520"/>
</kw>
<kw name="POST User" library="SessionsRoute">
<arg>${user}</arg>
<kw name="POST" library="RequestsLibrary">
<var>${response}</var>
<arg>${API_USERS_URL}/users</arg>
<arg>json=${user}</arg>
<arg>expected_status=any</arg>
<doc>Sends a POST request.</doc>
<msg timestamp="20231013 19:54:52.588" level="INFO">POST Request : url=https://api-geek.fly.dev/users 
 path_url=/users 
 headers={'User-Agent': 'python-requests/2.31.0', 'Accept-Encoding': 'gzip, deflate', 'Accept': '*/*', 'Connection': 'keep-alive', 'Content-Length': '76', 'Content-Type': 'application/json'} 
 body=b'{"name": "Baguera Loli", "email": "bags@lolis.com", "password": "Kika.1234"}' 
 </msg>
<msg timestamp="20231013 19:54:52.588" level="INFO">POST Response : url=https://api-geek.fly.dev/users 
 status=201, reason=Created 
 headers={'x-powered-by': 'Express', 'access-control-allow-origin': '*', 'content-type': 'application/json; charset=utf-8', 'content-encoding': 'gzip', 'etag': 'W/"a-ZQcFYeTjrXt3Ncp4Pc1WrbJidcc"', 'date': 'Fri, 13 Oct 2023 18:54:55 GMT', 'connection': 'keep-alive', 'keep-alive': 'timeout=5', 'transfer-encoding': 'chunked', 'server': 'Fly/55f8eaa0 (2023-10-09)', 'via': '1.1 fly.io', 'fly-request-id': '01HCN68FRN3YH6SRKZ0A0VFMNB-mad'} 
 body={"id":213} 
 </msg>
<msg timestamp="20231013 19:54:52.589" level="INFO">${response} = &lt;Response [201]&gt;</msg>
<status status="PASS" starttime="20231013 19:54:51.521" endtime="20231013 19:54:52.589"/>
</kw>
<status status="PASS" starttime="20231013 19:54:51.521" endtime="20231013 19:54:52.589"/>
</kw>
<kw name="Status Should Be" library="RequestsLibrary">
<arg>201</arg>
<doc>Fails if response status code is different than the expected.</doc>
<status status="PASS" starttime="20231013 19:54:52.589" endtime="20231013 19:54:52.589"/>
</kw>
<status status="PASS" starttime="20231013 19:54:51.037" endtime="20231013 19:54:52.589"/>
</kw>
<kw name="Del User" library="meta">
<kw name="DELETE User" library="SessionsRoute">
<kw name="Token User" library="SessionsRoute">
<var>${token}</var>
<kw name="Factory Session User" library="Users">
<var>${user}</var>
<arg>session_token</arg>
<msg timestamp="20231013 19:54:52.591" level="INFO">${user} = {'email': 'bags@lolis.com', 'password': 'Kika.1234'}</msg>
<status status="PASS" starttime="20231013 19:54:52.591" endtime="20231013 19:54:52.591"/>
</kw>
<kw name="POST Session" library="SessionsRoute">
<var>${response}</var>
<arg>${user}</arg>
<kw name="POST" library="RequestsLibrary">
<var>${response}</var>
<arg>${API_USERS_URL}/sessions</arg>
<arg>json=${user}</arg>
<arg>expected_status=any</arg>
<doc>Sends a POST request.</doc>
<msg timestamp="20231013 19:54:53.081" level="INFO">POST Request : url=https://api-geek.fly.dev/sessions 
 path_url=/sessions 
 headers={'User-Agent': 'python-requests/2.31.0', 'Accept-Encoding': 'gzip, deflate', 'Accept': '*/*', 'Connection': 'keep-alive', 'Content-Length': '52', 'Content-Type': 'application/json'} 
 body=b'{"email": "bags@lolis.com", "password": "Kika.1234"}' 
 </msg>
<msg timestamp="20231013 19:54:53.081" level="INFO">POST Response : url=https://api-geek.fly.dev/sessions 
 status=200, reason=OK 
 headers={'x-powered-by': 'Express', 'access-control-allow-origin': '*', 'content-type': 'application/json; charset=utf-8', 'content-encoding': 'gzip', 'etag': 'W/"169-Q8mVxPi9ySkWxdN2aTZ9oSySTX0"', 'date': 'Fri, 13 Oct 2023 18:54:56 GMT', 'connection': 'keep-alive', 'keep-alive': 'timeout=5', 'transfer-encoding': 'chunked', 'server': 'Fly/55f8eaa0 (2023-10-09)', 'via': '1.1 fly.io', 'fly-request-id': '01HCN68GTBG538S0N89KNG92T1-mad'} 
 body={"user":{"id":213,"email":"bags@lolis.com","password_hash":"$2b$08$IdkV3jE0vZEx92V0zcmyf.RH48sXqeDuLItUVt3AyWyItwNpgbCgG","name":"Baguera Loli","avatar":null,"whatsapp":null,"is_geek":false},"token":"eyJhbGciOiJIUzI1NiIsInR5cCI6IkpXVCJ9.eyJpZCI6MjEzLCJpYXQiOjE2OTcyMjMyOTYsImV4cCI6MTY5ODA4NzI5Nn0.osX6tun2cWJSXOjZlhrpJ5oOzaDon3TXJUTHfLD27u0","expires_in":"10d"} 
 </msg>
<msg timestamp="20231013 19:54:53.082" level="INFO">${response} = &lt;Response [200]&gt;</msg>
<status status="PASS" starttime="20231013 19:54:52.591" endtime="20231013 19:54:53.082"/>
</kw>
<msg timestamp="20231013 19:54:53.082" level="INFO">${response} = &lt;Response [200]&gt;</msg>
<status status="PASS" starttime="20231013 19:54:52.591" endtime="20231013 19:54:53.082"/>
</kw>
<kw name="Set Variable" library="BuiltIn">
<var>${token}</var>
<arg>${response.json()}[token]</arg>
<doc>Returns the given values which can then be assigned to a variables.</doc>
<msg timestamp="20231013 19:54:53.085" level="INFO">${token} = eyJhbGciOiJIUzI1NiIsInR5cCI6IkpXVCJ9.eyJpZCI6MjEzLCJpYXQiOjE2OTcyMjMyOTYsImV4cCI6MTY5ODA4NzI5Nn0.osX6tun2cWJSXOjZlhrpJ5oOzaDon3TXJUTHfLD27u0</msg>
<status status="PASS" starttime="20231013 19:54:53.083" endtime="20231013 19:54:53.085"/>
</kw>
<msg timestamp="20231013 19:54:53.085" level="INFO">${token} = eyJhbGciOiJIUzI1NiIsInR5cCI6IkpXVCJ9.eyJpZCI6MjEzLCJpYXQiOjE2OTcyMjMyOTYsImV4cCI6MTY5ODA4NzI5Nn0.osX6tun2cWJSXOjZlhrpJ5oOzaDon3TXJUTHfLD27u0</msg>
<status status="PASS" starttime="20231013 19:54:52.591" endtime="20231013 19:54:53.085"/>
</kw>
<kw name="Create Dictionary" library="BuiltIn">
<var>${headers}</var>
<arg>Authorization=Bearer ${token}</arg>
<doc>Creates and returns a dictionary based on the given ``items``.</doc>
<msg timestamp="20231013 19:54:53.087" level="INFO">${headers} = {'Authorization': 'Bearer eyJhbGciOiJIUzI1NiIsInR5cCI6IkpXVCJ9.eyJpZCI6MjEzLCJpYXQiOjE2OTcyMjMyOTYsImV4cCI6MTY5ODA4NzI5Nn0.osX6tun2cWJSXOjZlhrpJ5oOzaDon3TXJUTHfLD27u0'}</msg>
<status status="PASS" starttime="20231013 19:54:53.086" endtime="20231013 19:54:53.087"/>
</kw>
<kw name="DELETE" library="RequestsLibrary">
<var>${response}</var>
<arg>${API_USERS_URL}/users</arg>
<arg>headers=${headers}</arg>
<arg>expected_status=any</arg>
<doc>Sends a DELETE request.</doc>
<msg timestamp="20231013 19:54:54.326" level="INFO">DELETE Request : url=https://api-geek.fly.dev/users 
 path_url=/users 
 headers={'User-Agent': 'python-requests/2.31.0', 'Accept-Encoding': 'gzip, deflate', 'Accept': '*/*', 'Connection': 'keep-alive', 'Authorization': 'Bearer eyJhbGciOiJIUzI1NiIsInR5cCI6IkpXVCJ9.eyJpZCI6MjEzLCJpYXQiOjE2OTcyMjMyOTYsImV4cCI6MTY5ODA4NzI5Nn0.osX6tun2cWJSXOjZlhrpJ5oOzaDon3TXJUTHfLD27u0', 'Content-Length': '0'} 
 body=None 
 </msg>
<msg timestamp="20231013 19:54:54.326" level="INFO">DELETE Response : url=https://api-geek.fly.dev/users 
 status=204, reason=No Content 
 headers={'x-powered-by': 'Express', 'access-control-allow-origin': '*', 'date': 'Fri, 13 Oct 2023 18:54:57 GMT', 'connection': 'keep-alive', 'keep-alive': 'timeout=5', 'server': 'Fly/55f8eaa0 (2023-10-09)', 'via': '1.1 fly.io', 'fly-request-id': '01HCN68H9XW9SQSSQFDD389BKY-mad'} 
 body=None 
 </msg>
<msg timestamp="20231013 19:54:54.327" level="INFO">${response} = &lt;Response [204]&gt;</msg>
<status status="PASS" starttime="20231013 19:54:53.087" endtime="20231013 19:54:54.327"/>
</kw>
<status status="PASS" starttime="20231013 19:54:52.590" endtime="20231013 19:54:54.327"/>
</kw>
<status status="PASS" starttime="20231013 19:54:52.590" endtime="20231013 19:54:54.327"/>
</kw>
<tag>happy_way</tag>
<status status="PASS" starttime="20231013 19:54:51.037" endtime="20231013 19:54:54.329"/>
</test>
<doc>Session route test suite</doc>
<status status="PASS" starttime="20231013 19:54:50.928" endtime="20231013 19:54:54.333"/>
</suite>
<statistics>
<total>
<stat pass="1" fail="0" skip="0">All Tests</stat>
</total>
<tag>
<stat pass="1" fail="0" skip="0">happy_way</stat>
</tag>
<suite>
<stat pass="1" fail="0" skip="0" id="s1" name="Users">Users</stat>
</suite>
</statistics>
<errors>
<msg timestamp="20231013 19:54:51.032" level="ERROR">Error in file 'D:\OneDrive - Novabase\Documents\1.AutomaticTests\robot_framework--advanced\.history\Front\resources\4.geeks\meta_20230918152353.robot' on line 4: Resource file '..\0.default\Base.robot' does not exist.</msg>
<msg timestamp="20231013 19:54:51.033" level="ERROR">Error in file 'D:\OneDrive - Novabase\Documents\1.AutomaticTests\robot_framework--advanced\.history\Front\resources\4.geeks\meta_20230918152353.robot' on line 5: Resource file 'data.robot' does not exist.</msg>
</errors>
</robot>
