<?xml version="1.0" encoding="UTF-8"?>
<robot generator="Robot 6.1 (Python 3.11.4 on win32)" generated="20231020 14:49:33.156" rpa="false" schemaversion="4">
<suite id="s1" name="Users" source="D:\OneDrive - Novabase\Documents\1.AutomaticTests\robot_framework--advanced\Backend\tests\users.robot">
<test id="s1-t1" name="Add new user" line="10">
<kw name="Reset All" library="Base" type="SETUP">
<kw name="Connect To Postgress" library="Base">
<kw name="Connect To Database" library="DatabaseLibrary">
<arg>psycopg2</arg>
<arg>nmtcwbau</arg>
<arg>nmtcwbau</arg>
<arg>BBZLKbd77pBfmQCN1fZHtgC0iw81fI9v</arg>
<arg>trumpet.db.elephantsql.com</arg>
<arg>5432</arg>
<doc>Loads the DB API 2.0 module given `dbapiModuleName` then uses it to
connect to the database using `dbName`, `dbUsername`, and `dbPassword`.</doc>
<msg timestamp="20231020 14:49:33.321" level="INFO">Connecting using : psycopg2.connect(database=nmtcwbau, user=nmtcwbau, password=***, host=trumpet.db.elephantsql.com, port=5432) </msg>
<status status="PASS" starttime="20231020 14:49:33.310" endtime="20231020 14:49:33.730"/>
</kw>
<status status="PASS" starttime="20231020 14:49:33.310" endtime="20231020 14:49:33.730"/>
</kw>
<kw name="Execute Sql String" library="DatabaseLibrary">
<arg>DELETE from public.geeks;</arg>
<doc>Executes the sqlString as SQL commands. Useful to pass arguments to your sql. Set optional input `sansTran` to
True to run command without an explicit transaction commit or rollback.</doc>
<msg timestamp="20231020 14:49:33.731" level="INFO">Executing : Execute SQL String  |  DELETE from public.geeks; </msg>
<status status="PASS" starttime="20231020 14:49:33.731" endtime="20231020 14:49:33.888"/>
</kw>
<kw name="Execute Sql String" library="DatabaseLibrary">
<arg>DELETE from public.users;</arg>
<doc>Executes the sqlString as SQL commands. Useful to pass arguments to your sql. Set optional input `sansTran` to
True to run command without an explicit transaction commit or rollback.</doc>
<msg timestamp="20231020 14:49:33.888" level="INFO">Executing : Execute SQL String  |  DELETE from public.users; </msg>
<status status="PASS" starttime="20231020 14:49:33.888" endtime="20231020 14:49:34.047"/>
</kw>
<status status="PASS" starttime="20231020 14:49:33.309" endtime="20231020 14:49:34.047"/>
</kw>
<kw name="Factory User" library="Users">
<var>${user}</var>
<arg>signin</arg>
<msg timestamp="20231020 14:49:34.048" level="INFO">${user} = {'name': 'Baguera Loli', 'email': 'bags@lolis.com', 'password': 'Kika.1234'}</msg>
<status status="PASS" starttime="20231020 14:49:34.048" endtime="20231020 14:49:34.048"/>
</kw>
<kw name="User Signup" library="meta">
<arg>${user}</arg>
<kw name="POST Session" library="SessionsRoute">
<var>${response}</var>
<arg>${user}</arg>
<kw name="POST" library="RequestsLibrary">
<var>${response}</var>
<arg>${API_USERS_URL}/sessions</arg>
<arg>json=${user}</arg>
<arg>expected_status=any</arg>
<doc>Sends a POST request.</doc>
<msg timestamp="20231020 14:49:38.195" level="INFO">POST Request : url=https://api-geek.fly.dev/sessions 
 path_url=/sessions 
 headers={'User-Agent': 'python-requests/2.31.0', 'Accept-Encoding': 'gzip, deflate', 'Accept': '*/*', 'Connection': 'keep-alive', 'Content-Length': '76', 'Content-Type': 'application/json'} 
 body=b'{"name": "Baguera Loli", "email": "bags@lolis.com", "password": "Kika.1234"}' 
 </msg>
<msg timestamp="20231020 14:49:38.195" level="INFO">POST Response : url=https://api-geek.fly.dev/sessions 
 status=401, reason=Unauthorized 
 headers={'x-powered-by': 'Express', 'access-control-allow-origin': '*', 'content-type': 'application/json; charset=utf-8', 'content-encoding': 'gzip', 'etag': 'W/"18-XPDV80vbMk4yY1/PADG4jYM4rSI"', 'date': 'Fri, 20 Oct 2023 13:49:41 GMT', 'connection': 'keep-alive', 'keep-alive': 'timeout=5', 'transfer-encoding': 'chunked', 'server': 'Fly/55f8eaa0 (2023-10-09)', 'via': '1.1 fly.io', 'fly-request-id': '01HD6NJGYXN12XNS14ZD9ZN2XY-mad'} 
 body={"error":"Unauthorized"} 
 </msg>
<msg timestamp="20231020 14:49:38.195" level="INFO">${response} = &lt;Response [401]&gt;</msg>
<status status="PASS" starttime="20231020 14:49:34.049" endtime="20231020 14:49:38.195"/>
</kw>
<msg timestamp="20231020 14:49:38.195" level="INFO">${response} = &lt;Response [401]&gt;</msg>
<status status="PASS" starttime="20231020 14:49:34.049" endtime="20231020 14:49:38.195"/>
</kw>
<kw name="POST User" library="SessionsRoute">
<var>${response}</var>
<arg>${user}</arg>
<kw name="POST" library="RequestsLibrary">
<var>${response}</var>
<arg>${API_USERS_URL}/users</arg>
<arg>json=${user}</arg>
<arg>expected_status=any</arg>
<doc>Sends a POST request.</doc>
<msg timestamp="20231020 14:49:39.241" level="INFO">POST Request : url=https://api-geek.fly.dev/users 
 path_url=/users 
 headers={'User-Agent': 'python-requests/2.31.0', 'Accept-Encoding': 'gzip, deflate', 'Accept': '*/*', 'Connection': 'keep-alive', 'Content-Length': '76', 'Content-Type': 'application/json'} 
 body=b'{"name": "Baguera Loli", "email": "bags@lolis.com", "password": "Kika.1234"}' 
 </msg>
<msg timestamp="20231020 14:49:39.241" level="INFO">POST Response : url=https://api-geek.fly.dev/users 
 status=201, reason=Created 
 headers={'x-powered-by': 'Express', 'access-control-allow-origin': '*', 'content-type': 'application/json; charset=utf-8', 'content-encoding': 'gzip', 'etag': 'W/"a-VQpVPXz8oMwcH2m4RHN4kRCs1wk"', 'date': 'Fri, 20 Oct 2023 13:49:42 GMT', 'connection': 'keep-alive', 'keep-alive': 'timeout=5', 'transfer-encoding': 'chunked', 'server': 'Fly/55f8eaa0 (2023-10-09)', 'via': '1.1 fly.io', 'fly-request-id': '01HD6NJMZVZ5QYPZBFWSDTEBKS-mad'} 
 body={"id":363} 
 </msg>
<msg timestamp="20231020 14:49:39.241" level="INFO">${response} = &lt;Response [201]&gt;</msg>
<status status="PASS" starttime="20231020 14:49:38.196" endtime="20231020 14:49:39.241"/>
</kw>
<msg timestamp="20231020 14:49:39.241" level="INFO">${response} = &lt;Response [201]&gt;</msg>
<status status="PASS" starttime="20231020 14:49:38.195" endtime="20231020 14:49:39.241"/>
</kw>
<status status="PASS" starttime="20231020 14:49:34.048" endtime="20231020 14:49:39.241"/>
</kw>
<kw name="Tests signup status code 201" library="meta">
<kw name="Factory User" library="Users">
<var>${user}</var>
<arg>signin</arg>
<msg timestamp="20231020 14:49:39.242" level="INFO">${user} = {'name': 'Baguera Loli', 'email': 'bags@lolis.com', 'password': 'Kika.1234'}</msg>
<status status="PASS" starttime="20231020 14:49:39.242" endtime="20231020 14:49:39.242"/>
</kw>
<kw name="DELETE User" library="SessionsRoute">
<kw name="Token User" library="SessionsRoute">
<var>${token}</var>
<kw name="Factory Session User" library="Users">
<var>${user}</var>
<arg>session_token</arg>
<msg timestamp="20231020 14:49:39.243" level="INFO">${user} = {'email': 'bags@lolis.com', 'password': 'Kika.1234'}</msg>
<status status="PASS" starttime="20231020 14:49:39.243" endtime="20231020 14:49:39.243"/>
</kw>
<kw name="POST Session" library="SessionsRoute">
<var>${response}</var>
<arg>${user}</arg>
<kw name="POST" library="RequestsLibrary">
<var>${response}</var>
<arg>${API_USERS_URL}/sessions</arg>
<arg>json=${user}</arg>
<arg>expected_status=any</arg>
<doc>Sends a POST request.</doc>
<msg timestamp="20231020 14:49:39.715" level="INFO">POST Request : url=https://api-geek.fly.dev/sessions 
 path_url=/sessions 
 headers={'User-Agent': 'python-requests/2.31.0', 'Accept-Encoding': 'gzip, deflate', 'Accept': '*/*', 'Connection': 'keep-alive', 'Content-Length': '52', 'Content-Type': 'application/json'} 
 body=b'{"email": "bags@lolis.com", "password": "Kika.1234"}' 
 </msg>
<msg timestamp="20231020 14:49:39.715" level="INFO">POST Response : url=https://api-geek.fly.dev/sessions 
 status=200, reason=OK 
 headers={'x-powered-by': 'Express', 'access-control-allow-origin': '*', 'content-type': 'application/json; charset=utf-8', 'content-encoding': 'gzip', 'etag': 'W/"169-vV3gw9nUyv5Z5CBWIpSsAZGshqI"', 'date': 'Fri, 20 Oct 2023 13:49:43 GMT', 'connection': 'keep-alive', 'keep-alive': 'timeout=5', 'transfer-encoding': 'chunked', 'server': 'Fly/55f8eaa0 (2023-10-09)', 'via': '1.1 fly.io', 'fly-request-id': '01HD6NJP0GBNKFT9E6K69PJZTQ-mad'} 
 body={"user":{"id":363,"email":"bags@lolis.com","password_hash":"$2b$08$QVq95x8.2yxi5HzqX9jMouODQX8RvgiXE7.yk2KbFi5L5FNTtryA6","name":"Baguera Loli","avatar":null,"whatsapp":null,"is_geek":false},"token":"eyJhbGciOiJIUzI1NiIsInR5cCI6IkpXVCJ9.eyJpZCI6MzYzLCJpYXQiOjE2OTc4MDk3ODMsImV4cCI6MTY5ODY3Mzc4M30.VtZcdL0bifnIjZ2TeRGxJMXhDksqYLe0laSU2CHfcHY","expires_in":"10d"} 
 </msg>
<msg timestamp="20231020 14:49:39.717" level="INFO">${response} = &lt;Response [200]&gt;</msg>
<status status="PASS" starttime="20231020 14:49:39.243" endtime="20231020 14:49:39.717"/>
</kw>
<msg timestamp="20231020 14:49:39.717" level="INFO">${response} = &lt;Response [200]&gt;</msg>
<status status="PASS" starttime="20231020 14:49:39.243" endtime="20231020 14:49:39.717"/>
</kw>
<kw name="Set Variable" library="BuiltIn">
<var>${result}</var>
<arg>${EMPTY}</arg>
<doc>Returns the given values which can then be assigned to a variables.</doc>
<msg timestamp="20231020 14:49:39.717" level="INFO">${result} = </msg>
<status status="PASS" starttime="20231020 14:49:39.717" endtime="20231020 14:49:39.717"/>
</kw>
<if>
<branch type="IF" condition="&quot;200&quot; in &quot;${response}&quot;">
<kw name="Set Variable" library="BuiltIn">
<var>${result}</var>
<arg>${response.json()}[token]</arg>
<doc>Returns the given values which can then be assigned to a variables.</doc>
<msg timestamp="20231020 14:49:39.718" level="INFO">${result} = eyJhbGciOiJIUzI1NiIsInR5cCI6IkpXVCJ9.eyJpZCI6MzYzLCJpYXQiOjE2OTc4MDk3ODMsImV4cCI6MTY5ODY3Mzc4M30.VtZcdL0bifnIjZ2TeRGxJMXhDksqYLe0laSU2CHfcHY</msg>
<status status="PASS" starttime="20231020 14:49:39.717" endtime="20231020 14:49:39.718"/>
</kw>
<status status="PASS" starttime="20231020 14:49:39.717" endtime="20231020 14:49:39.718"/>
</branch>
<status status="PASS" starttime="20231020 14:49:39.717" endtime="20231020 14:49:39.718"/>
</if>
<msg timestamp="20231020 14:49:39.718" level="INFO">${token} = eyJhbGciOiJIUzI1NiIsInR5cCI6IkpXVCJ9.eyJpZCI6MzYzLCJpYXQiOjE2OTc4MDk3ODMsImV4cCI6MTY5ODY3Mzc4M30.VtZcdL0bifnIjZ2TeRGxJMXhDksqYLe0laSU2CHfcHY</msg>
<status status="PASS" starttime="20231020 14:49:39.243" endtime="20231020 14:49:39.718"/>
</kw>
<kw name="Create Dictionary" library="BuiltIn">
<var>${headers}</var>
<arg>Authorization=Bearer ${token}</arg>
<doc>Creates and returns a dictionary based on the given ``items``.</doc>
<msg timestamp="20231020 14:49:39.718" level="INFO">${headers} = {'Authorization': 'Bearer eyJhbGciOiJIUzI1NiIsInR5cCI6IkpXVCJ9.eyJpZCI6MzYzLCJpYXQiOjE2OTc4MDk3ODMsImV4cCI6MTY5ODY3Mzc4M30.VtZcdL0bifnIjZ2TeRGxJMXhDksqYLe0laSU2CHfcHY'}</msg>
<status status="PASS" starttime="20231020 14:49:39.718" endtime="20231020 14:49:39.718"/>
</kw>
<if>
<branch type="IF" condition="&quot;${token}&quot;">
<kw name="DELETE" library="RequestsLibrary">
<var>${response}</var>
<arg>${API_USERS_URL}/users</arg>
<arg>headers=${headers}</arg>
<arg>expected_status=any</arg>
<doc>Sends a DELETE request.</doc>
<msg timestamp="20231020 14:49:42.276" level="INFO">DELETE Request : url=https://api-geek.fly.dev/users 
 path_url=/users 
 headers={'User-Agent': 'python-requests/2.31.0', 'Accept-Encoding': 'gzip, deflate', 'Accept': '*/*', 'Connection': 'keep-alive', 'Authorization': 'Bearer eyJhbGciOiJIUzI1NiIsInR5cCI6IkpXVCJ9.eyJpZCI6MzYzLCJpYXQiOjE2OTc4MDk3ODMsImV4cCI6MTY5ODY3Mzc4M30.VtZcdL0bifnIjZ2TeRGxJMXhDksqYLe0laSU2CHfcHY', 'Content-Length': '0'} 
 body=None 
 </msg>
<msg timestamp="20231020 14:49:42.276" level="INFO">DELETE Response : url=https://api-geek.fly.dev/users 
 status=204, reason=No Content 
 headers={'x-powered-by': 'Express', 'access-control-allow-origin': '*', 'date': 'Fri, 20 Oct 2023 13:49:45 GMT', 'connection': 'keep-alive', 'keep-alive': 'timeout=5', 'server': 'Fly/55f8eaa0 (2023-10-09)', 'via': '1.1 fly.io', 'fly-request-id': '01HD6NJPFDQF8YMFESEYKNEHDY-mad'} 
 body=None 
 </msg>
<msg timestamp="20231020 14:49:42.277" level="INFO">${response} = &lt;Response [204]&gt;</msg>
<status status="PASS" starttime="20231020 14:49:39.719" endtime="20231020 14:49:42.277"/>
</kw>
<status status="PASS" starttime="20231020 14:49:39.718" endtime="20231020 14:49:42.277"/>
</branch>
<status status="PASS" starttime="20231020 14:49:39.718" endtime="20231020 14:49:42.277"/>
</if>
<status status="PASS" starttime="20231020 14:49:39.242" endtime="20231020 14:49:42.277"/>
</kw>
<kw name="POST User" library="SessionsRoute">
<var>${response}</var>
<arg>${user}</arg>
<kw name="POST" library="RequestsLibrary">
<var>${response}</var>
<arg>${API_USERS_URL}/users</arg>
<arg>json=${user}</arg>
<arg>expected_status=any</arg>
<doc>Sends a POST request.</doc>
<msg timestamp="20231020 14:49:43.317" level="INFO">POST Request : url=https://api-geek.fly.dev/users 
 path_url=/users 
 headers={'User-Agent': 'python-requests/2.31.0', 'Accept-Encoding': 'gzip, deflate', 'Accept': '*/*', 'Connection': 'keep-alive', 'Content-Length': '76', 'Content-Type': 'application/json'} 
 body=b'{"name": "Baguera Loli", "email": "bags@lolis.com", "password": "Kika.1234"}' 
 </msg>
<msg timestamp="20231020 14:49:43.317" level="INFO">POST Response : url=https://api-geek.fly.dev/users 
 status=201, reason=Created 
 headers={'x-powered-by': 'Express', 'access-control-allow-origin': '*', 'content-type': 'application/json; charset=utf-8', 'content-encoding': 'gzip', 'etag': 'W/"a-FjUkX5Q5/RsZFP1xUEH8vGuT+S4"', 'date': 'Fri, 20 Oct 2023 13:49:46 GMT', 'connection': 'keep-alive', 'keep-alive': 'timeout=5', 'transfer-encoding': 'chunked', 'server': 'Fly/55f8eaa0 (2023-10-09)', 'via': '1.1 fly.io', 'fly-request-id': '01HD6NJRZB1Q1DH7084CECMRA0-mad'} 
 body={"id":364} 
 </msg>
<msg timestamp="20231020 14:49:43.317" level="INFO">${response} = &lt;Response [201]&gt;</msg>
<status status="PASS" starttime="20231020 14:49:42.277" endtime="20231020 14:49:43.317"/>
</kw>
<msg timestamp="20231020 14:49:43.317" level="INFO">${response} = &lt;Response [201]&gt;</msg>
<status status="PASS" starttime="20231020 14:49:42.277" endtime="20231020 14:49:43.317"/>
</kw>
<kw name="Status Should Be" library="RequestsLibrary">
<arg>201</arg>
<arg>${response}</arg>
<doc>Fails if response status code is different than the expected.</doc>
<status status="PASS" starttime="20231020 14:49:43.317" endtime="20231020 14:49:43.317"/>
</kw>
<status status="PASS" starttime="20231020 14:49:39.242" endtime="20231020 14:49:43.317"/>
</kw>
<kw name="Test id Required" library="meta">
<kw name="Factory User" library="Users">
<var>${user}</var>
<arg>signin</arg>
<msg timestamp="20231020 14:49:43.318" level="INFO">${user} = {'name': 'Baguera Loli', 'email': 'bags@lolis.com', 'password': 'Kika.1234'}</msg>
<status status="PASS" starttime="20231020 14:49:43.318" endtime="20231020 14:49:43.318"/>
</kw>
<kw name="DELETE User" library="SessionsRoute">
<kw name="Token User" library="SessionsRoute">
<var>${token}</var>
<kw name="Factory Session User" library="Users">
<var>${user}</var>
<arg>session_token</arg>
<msg timestamp="20231020 14:49:43.318" level="INFO">${user} = {'email': 'bags@lolis.com', 'password': 'Kika.1234'}</msg>
<status status="PASS" starttime="20231020 14:49:43.318" endtime="20231020 14:49:43.318"/>
</kw>
<kw name="POST Session" library="SessionsRoute">
<var>${response}</var>
<arg>${user}</arg>
<kw name="POST" library="RequestsLibrary">
<var>${response}</var>
<arg>${API_USERS_URL}/sessions</arg>
<arg>json=${user}</arg>
<arg>expected_status=any</arg>
<doc>Sends a POST request.</doc>
<msg timestamp="20231020 14:49:43.789" level="INFO">POST Request : url=https://api-geek.fly.dev/sessions 
 path_url=/sessions 
 headers={'User-Agent': 'python-requests/2.31.0', 'Accept-Encoding': 'gzip, deflate', 'Accept': '*/*', 'Connection': 'keep-alive', 'Content-Length': '52', 'Content-Type': 'application/json'} 
 body=b'{"email": "bags@lolis.com", "password": "Kika.1234"}' 
 </msg>
<msg timestamp="20231020 14:49:43.789" level="INFO">POST Response : url=https://api-geek.fly.dev/sessions 
 status=200, reason=OK 
 headers={'x-powered-by': 'Express', 'access-control-allow-origin': '*', 'content-type': 'application/json; charset=utf-8', 'content-encoding': 'gzip', 'etag': 'W/"169-ymv9VX1SeOqjogVOEU3yidMGt44"', 'date': 'Fri, 20 Oct 2023 13:49:47 GMT', 'connection': 'keep-alive', 'keep-alive': 'timeout=5', 'transfer-encoding': 'chunked', 'server': 'Fly/55f8eaa0 (2023-10-09)', 'via': '1.1 fly.io', 'fly-request-id': '01HD6NJSZVT2JDDJTE0AQET476-mad'} 
 body={"user":{"id":364,"email":"bags@lolis.com","password_hash":"$2b$08$3yQSLPk5S9LyCEyJTbOGl.gfrOa4.lpxGmD1u4baiq14oQws4HrNC","name":"Baguera Loli","avatar":null,"whatsapp":null,"is_geek":false},"token":"eyJhbGciOiJIUzI1NiIsInR5cCI6IkpXVCJ9.eyJpZCI6MzY0LCJpYXQiOjE2OTc4MDk3ODcsImV4cCI6MTY5ODY3Mzc4N30.e_G_pUkhJUiohATVGy4r1W8YKowfZABFeL4Cb48FWTo","expires_in":"10d"} 
 </msg>
<msg timestamp="20231020 14:49:43.789" level="INFO">${response} = &lt;Response [200]&gt;</msg>
<status status="PASS" starttime="20231020 14:49:43.318" endtime="20231020 14:49:43.789"/>
</kw>
<msg timestamp="20231020 14:49:43.789" level="INFO">${response} = &lt;Response [200]&gt;</msg>
<status status="PASS" starttime="20231020 14:49:43.318" endtime="20231020 14:49:43.789"/>
</kw>
<kw name="Set Variable" library="BuiltIn">
<var>${result}</var>
<arg>${EMPTY}</arg>
<doc>Returns the given values which can then be assigned to a variables.</doc>
<msg timestamp="20231020 14:49:43.789" level="INFO">${result} = </msg>
<status status="PASS" starttime="20231020 14:49:43.789" endtime="20231020 14:49:43.789"/>
</kw>
<if>
<branch type="IF" condition="&quot;200&quot; in &quot;${response}&quot;">
<kw name="Set Variable" library="BuiltIn">
<var>${result}</var>
<arg>${response.json()}[token]</arg>
<doc>Returns the given values which can then be assigned to a variables.</doc>
<msg timestamp="20231020 14:49:43.790" level="INFO">${result} = eyJhbGciOiJIUzI1NiIsInR5cCI6IkpXVCJ9.eyJpZCI6MzY0LCJpYXQiOjE2OTc4MDk3ODcsImV4cCI6MTY5ODY3Mzc4N30.e_G_pUkhJUiohATVGy4r1W8YKowfZABFeL4Cb48FWTo</msg>
<status status="PASS" starttime="20231020 14:49:43.790" endtime="20231020 14:49:43.790"/>
</kw>
<status status="PASS" starttime="20231020 14:49:43.789" endtime="20231020 14:49:43.790"/>
</branch>
<status status="PASS" starttime="20231020 14:49:43.789" endtime="20231020 14:49:43.790"/>
</if>
<msg timestamp="20231020 14:49:43.790" level="INFO">${token} = eyJhbGciOiJIUzI1NiIsInR5cCI6IkpXVCJ9.eyJpZCI6MzY0LCJpYXQiOjE2OTc4MDk3ODcsImV4cCI6MTY5ODY3Mzc4N30.e_G_pUkhJUiohATVGy4r1W8YKowfZABFeL4Cb48FWTo</msg>
<status status="PASS" starttime="20231020 14:49:43.318" endtime="20231020 14:49:43.790"/>
</kw>
<kw name="Create Dictionary" library="BuiltIn">
<var>${headers}</var>
<arg>Authorization=Bearer ${token}</arg>
<doc>Creates and returns a dictionary based on the given ``items``.</doc>
<msg timestamp="20231020 14:49:43.790" level="INFO">${headers} = {'Authorization': 'Bearer eyJhbGciOiJIUzI1NiIsInR5cCI6IkpXVCJ9.eyJpZCI6MzY0LCJpYXQiOjE2OTc4MDk3ODcsImV4cCI6MTY5ODY3Mzc4N30.e_G_pUkhJUiohATVGy4r1W8YKowfZABFeL4Cb48FWTo'}</msg>
<status status="PASS" starttime="20231020 14:49:43.790" endtime="20231020 14:49:43.790"/>
</kw>
<if>
<branch type="IF" condition="&quot;${token}&quot;">
<kw name="DELETE" library="RequestsLibrary">
<var>${response}</var>
<arg>${API_USERS_URL}/users</arg>
<arg>headers=${headers}</arg>
<arg>expected_status=any</arg>
<doc>Sends a DELETE request.</doc>
<msg timestamp="20231020 14:49:44.992" level="INFO">DELETE Request : url=https://api-geek.fly.dev/users 
 path_url=/users 
 headers={'User-Agent': 'python-requests/2.31.0', 'Accept-Encoding': 'gzip, deflate', 'Accept': '*/*', 'Connection': 'keep-alive', 'Authorization': 'Bearer eyJhbGciOiJIUzI1NiIsInR5cCI6IkpXVCJ9.eyJpZCI6MzY0LCJpYXQiOjE2OTc4MDk3ODcsImV4cCI6MTY5ODY3Mzc4N30.e_G_pUkhJUiohATVGy4r1W8YKowfZABFeL4Cb48FWTo', 'Content-Length': '0'} 
 body=None 
 </msg>
<msg timestamp="20231020 14:49:44.992" level="INFO">DELETE Response : url=https://api-geek.fly.dev/users 
 status=204, reason=No Content 
 headers={'x-powered-by': 'Express', 'access-control-allow-origin': '*', 'date': 'Fri, 20 Oct 2023 13:49:48 GMT', 'connection': 'keep-alive', 'keep-alive': 'timeout=5', 'server': 'Fly/55f8eaa0 (2023-10-09)', 'via': '1.1 fly.io', 'fly-request-id': '01HD6NJTEGX5C29Q1FJPCEGY1W-mad'} 
 body=None 
 </msg>
<msg timestamp="20231020 14:49:44.993" level="INFO">${response} = &lt;Response [204]&gt;</msg>
<status status="PASS" starttime="20231020 14:49:43.791" endtime="20231020 14:49:44.993"/>
</kw>
<status status="PASS" starttime="20231020 14:49:43.790" endtime="20231020 14:49:44.993"/>
</branch>
<status status="PASS" starttime="20231020 14:49:43.790" endtime="20231020 14:49:44.993"/>
</if>
<status status="PASS" starttime="20231020 14:49:43.318" endtime="20231020 14:49:44.993"/>
</kw>
<kw name="POST User" library="SessionsRoute">
<var>${response}</var>
<arg>${user}</arg>
<kw name="POST" library="RequestsLibrary">
<var>${response}</var>
<arg>${API_USERS_URL}/users</arg>
<arg>json=${user}</arg>
<arg>expected_status=any</arg>
<doc>Sends a POST request.</doc>
<msg timestamp="20231020 14:49:46.027" level="INFO">POST Request : url=https://api-geek.fly.dev/users 
 path_url=/users 
 headers={'User-Agent': 'python-requests/2.31.0', 'Accept-Encoding': 'gzip, deflate', 'Accept': '*/*', 'Connection': 'keep-alive', 'Content-Length': '76', 'Content-Type': 'application/json'} 
 body=b'{"name": "Baguera Loli", "email": "bags@lolis.com", "password": "Kika.1234"}' 
 </msg>
<msg timestamp="20231020 14:49:46.027" level="INFO">POST Response : url=https://api-geek.fly.dev/users 
 status=201, reason=Created 
 headers={'x-powered-by': 'Express', 'access-control-allow-origin': '*', 'content-type': 'application/json; charset=utf-8', 'content-encoding': 'gzip', 'etag': 'W/"a-kCWhnD1kCbSFbZeflGbHkiRiLFc"', 'date': 'Fri, 20 Oct 2023 13:49:49 GMT', 'connection': 'keep-alive', 'keep-alive': 'timeout=5', 'transfer-encoding': 'chunked', 'server': 'Fly/55f8eaa0 (2023-10-09)', 'via': '1.1 fly.io', 'fly-request-id': '01HD6NJVM537NQ90HNY6XDVXEJ-mad'} 
 body={"id":365} 
 </msg>
<msg timestamp="20231020 14:49:46.027" level="INFO">${response} = &lt;Response [201]&gt;</msg>
<status status="PASS" starttime="20231020 14:49:44.994" endtime="20231020 14:49:46.027"/>
</kw>
<msg timestamp="20231020 14:49:46.028" level="INFO">${response} = &lt;Response [201]&gt;</msg>
<status status="PASS" starttime="20231020 14:49:44.993" endtime="20231020 14:49:46.028"/>
</kw>
<kw name="Set Variable" library="BuiltIn">
<var>${user_id}</var>
<arg>${response.json()}[id]</arg>
<doc>Returns the given values which can then be assigned to a variables.</doc>
<msg timestamp="20231020 14:49:46.028" level="INFO">${user_id} = 365</msg>
<status status="PASS" starttime="20231020 14:49:46.028" endtime="20231020 14:49:46.028"/>
</kw>
<kw name="Should Be True" library="BuiltIn">
<arg>${user_id} &gt; 0</arg>
<doc>Fails if the given condition is not true.</doc>
<status status="PASS" starttime="20231020 14:49:46.028" endtime="20231020 14:49:46.028"/>
</kw>
<status status="PASS" starttime="20231020 14:49:43.317" endtime="20231020 14:49:46.028"/>
</kw>
<tag>happy_way</tag>
<status status="PASS" starttime="20231020 14:49:33.309" endtime="20231020 14:49:46.029"/>
</test>
<test id="s1-t2" name="User data" line="18">
<kw name="Reset All" library="Base" type="SETUP">
<kw name="Connect To Postgress" library="Base">
<kw name="Connect To Database" library="DatabaseLibrary">
<arg>psycopg2</arg>
<arg>nmtcwbau</arg>
<arg>nmtcwbau</arg>
<arg>BBZLKbd77pBfmQCN1fZHtgC0iw81fI9v</arg>
<arg>trumpet.db.elephantsql.com</arg>
<arg>5432</arg>
<doc>Loads the DB API 2.0 module given `dbapiModuleName` then uses it to
connect to the database using `dbName`, `dbUsername`, and `dbPassword`.</doc>
<msg timestamp="20231020 14:49:46.031" level="INFO">Connecting using : psycopg2.connect(database=nmtcwbau, user=nmtcwbau, password=***, host=trumpet.db.elephantsql.com, port=5432) </msg>
<status status="PASS" starttime="20231020 14:49:46.031" endtime="20231020 14:49:46.394"/>
</kw>
<status status="PASS" starttime="20231020 14:49:46.030" endtime="20231020 14:49:46.394"/>
</kw>
<kw name="Execute Sql String" library="DatabaseLibrary">
<arg>DELETE from public.geeks;</arg>
<doc>Executes the sqlString as SQL commands. Useful to pass arguments to your sql. Set optional input `sansTran` to
True to run command without an explicit transaction commit or rollback.</doc>
<msg timestamp="20231020 14:49:46.395" level="INFO">Executing : Execute SQL String  |  DELETE from public.geeks; </msg>
<status status="PASS" starttime="20231020 14:49:46.394" endtime="20231020 14:49:46.570"/>
</kw>
<kw name="Execute Sql String" library="DatabaseLibrary">
<arg>DELETE from public.users;</arg>
<doc>Executes the sqlString as SQL commands. Useful to pass arguments to your sql. Set optional input `sansTran` to
True to run command without an explicit transaction commit or rollback.</doc>
<msg timestamp="20231020 14:49:46.570" level="INFO">Executing : Execute SQL String  |  DELETE from public.users; </msg>
<status status="PASS" starttime="20231020 14:49:46.570" endtime="20231020 14:49:46.728"/>
</kw>
<status status="PASS" starttime="20231020 14:49:46.030" endtime="20231020 14:49:46.728"/>
</kw>
<kw name="Factory User" library="Users">
<var>${user}</var>
<arg>signin</arg>
<msg timestamp="20231020 14:49:46.729" level="INFO">${user} = {'name': 'Baguera Loli', 'email': 'bags@lolis.com', 'password': 'Kika.1234'}</msg>
<status status="PASS" starttime="20231020 14:49:46.729" endtime="20231020 14:49:46.729"/>
</kw>
<kw name="Get data User" library="meta">
<arg>${user}</arg>
<kw name="POST User" library="SessionsRoute">
<arg>${user}</arg>
<kw name="POST" library="RequestsLibrary">
<var>${response}</var>
<arg>${API_USERS_URL}/users</arg>
<arg>json=${user}</arg>
<arg>expected_status=any</arg>
<doc>Sends a POST request.</doc>
<msg timestamp="20231020 14:49:47.766" level="INFO">POST Request : url=https://api-geek.fly.dev/users 
 path_url=/users 
 headers={'User-Agent': 'python-requests/2.31.0', 'Accept-Encoding': 'gzip, deflate', 'Accept': '*/*', 'Connection': 'keep-alive', 'Content-Length': '76', 'Content-Type': 'application/json'} 
 body=b'{"name": "Baguera Loli", "email": "bags@lolis.com", "password": "Kika.1234"}' 
 </msg>
<msg timestamp="20231020 14:49:47.766" level="INFO">POST Response : url=https://api-geek.fly.dev/users 
 status=201, reason=Created 
 headers={'x-powered-by': 'Express', 'access-control-allow-origin': '*', 'content-type': 'application/json; charset=utf-8', 'content-encoding': 'gzip', 'etag': 'W/"a-oVlCd6sqmiRZtrN30umPKudHtVI"', 'date': 'Fri, 20 Oct 2023 13:49:51 GMT', 'connection': 'keep-alive', 'keep-alive': 'timeout=5', 'transfer-encoding': 'chunked', 'server': 'Fly/55f8eaa0 (2023-10-09)', 'via': '1.1 fly.io', 'fly-request-id': '01HD6NJXAE6BQY5RR1EVSBRBXG-mad'} 
 body={"id":366} 
 </msg>
<msg timestamp="20231020 14:49:47.766" level="INFO">${response} = &lt;Response [201]&gt;</msg>
<status status="PASS" starttime="20231020 14:49:46.730" endtime="20231020 14:49:47.766"/>
</kw>
<status status="PASS" starttime="20231020 14:49:46.730" endtime="20231020 14:49:47.766"/>
</kw>
<kw name="GET User" library="SessionsRoute">
<kw name="Token User" library="SessionsRoute">
<var>${token}</var>
<kw name="Factory Session User" library="Users">
<var>${user}</var>
<arg>session_token</arg>
<msg timestamp="20231020 14:49:47.766" level="INFO">${user} = {'email': 'bags@lolis.com', 'password': 'Kika.1234'}</msg>
<status status="PASS" starttime="20231020 14:49:47.766" endtime="20231020 14:49:47.767"/>
</kw>
<kw name="POST Session" library="SessionsRoute">
<var>${response}</var>
<arg>${user}</arg>
<kw name="POST" library="RequestsLibrary">
<var>${response}</var>
<arg>${API_USERS_URL}/sessions</arg>
<arg>json=${user}</arg>
<arg>expected_status=any</arg>
<doc>Sends a POST request.</doc>
<msg timestamp="20231020 14:49:48.231" level="INFO">POST Request : url=https://api-geek.fly.dev/sessions 
 path_url=/sessions 
 headers={'User-Agent': 'python-requests/2.31.0', 'Accept-Encoding': 'gzip, deflate', 'Accept': '*/*', 'Connection': 'keep-alive', 'Content-Length': '52', 'Content-Type': 'application/json'} 
 body=b'{"email": "bags@lolis.com", "password": "Kika.1234"}' 
 </msg>
<msg timestamp="20231020 14:49:48.231" level="INFO">POST Response : url=https://api-geek.fly.dev/sessions 
 status=200, reason=OK 
 headers={'x-powered-by': 'Express', 'access-control-allow-origin': '*', 'content-type': 'application/json; charset=utf-8', 'content-encoding': 'gzip', 'etag': 'W/"169-r7stQfPTHnMSlqUZ+SrZYNROlA0"', 'date': 'Fri, 20 Oct 2023 13:49:51 GMT', 'connection': 'keep-alive', 'keep-alive': 'timeout=5', 'transfer-encoding': 'chunked', 'server': 'Fly/55f8eaa0 (2023-10-09)', 'via': '1.1 fly.io', 'fly-request-id': '01HD6NJYASCMBS704DK7S4CST5-mad'} 
 body={"user":{"id":366,"email":"bags@lolis.com","password_hash":"$2b$08$Ir57eUN9ESWwf7DF6/rrHuwkGl0Gkupd32JXPr1SuDgfC5dP5nuoS","name":"Baguera Loli","avatar":null,"whatsapp":null,"is_geek":false},"token":"eyJhbGciOiJIUzI1NiIsInR5cCI6IkpXVCJ9.eyJpZCI6MzY2LCJpYXQiOjE2OTc4MDk3OTEsImV4cCI6MTY5ODY3Mzc5MX0.jmWAohzG8PnMlaEgUQqPeQMyGW68ezrlCRgllj21nnE","expires_in":"10d"} 
 </msg>
<msg timestamp="20231020 14:49:48.231" level="INFO">${response} = &lt;Response [200]&gt;</msg>
<status status="PASS" starttime="20231020 14:49:47.767" endtime="20231020 14:49:48.231"/>
</kw>
<msg timestamp="20231020 14:49:48.231" level="INFO">${response} = &lt;Response [200]&gt;</msg>
<status status="PASS" starttime="20231020 14:49:47.767" endtime="20231020 14:49:48.232"/>
</kw>
<kw name="Set Variable" library="BuiltIn">
<var>${result}</var>
<arg>${EMPTY}</arg>
<doc>Returns the given values which can then be assigned to a variables.</doc>
<msg timestamp="20231020 14:49:48.232" level="INFO">${result} = </msg>
<status status="PASS" starttime="20231020 14:49:48.232" endtime="20231020 14:49:48.233"/>
</kw>
<if>
<branch type="IF" condition="&quot;200&quot; in &quot;${response}&quot;">
<kw name="Set Variable" library="BuiltIn">
<var>${result}</var>
<arg>${response.json()}[token]</arg>
<doc>Returns the given values which can then be assigned to a variables.</doc>
<msg timestamp="20231020 14:49:48.233" level="INFO">${result} = eyJhbGciOiJIUzI1NiIsInR5cCI6IkpXVCJ9.eyJpZCI6MzY2LCJpYXQiOjE2OTc4MDk3OTEsImV4cCI6MTY5ODY3Mzc5MX0.jmWAohzG8PnMlaEgUQqPeQMyGW68ezrlCRgllj21nnE</msg>
<status status="PASS" starttime="20231020 14:49:48.233" endtime="20231020 14:49:48.233"/>
</kw>
<status status="PASS" starttime="20231020 14:49:48.233" endtime="20231020 14:49:48.233"/>
</branch>
<status status="PASS" starttime="20231020 14:49:48.233" endtime="20231020 14:49:48.233"/>
</if>
<msg timestamp="20231020 14:49:48.233" level="INFO">${token} = eyJhbGciOiJIUzI1NiIsInR5cCI6IkpXVCJ9.eyJpZCI6MzY2LCJpYXQiOjE2OTc4MDk3OTEsImV4cCI6MTY5ODY3Mzc5MX0.jmWAohzG8PnMlaEgUQqPeQMyGW68ezrlCRgllj21nnE</msg>
<status status="PASS" starttime="20231020 14:49:47.766" endtime="20231020 14:49:48.233"/>
</kw>
<kw name="Create Dictionary" library="BuiltIn">
<var>${headers}</var>
<arg>Authorization=Bearer ${token}</arg>
<doc>Creates and returns a dictionary based on the given ``items``.</doc>
<msg timestamp="20231020 14:49:48.234" level="INFO">${headers} = {'Authorization': 'Bearer eyJhbGciOiJIUzI1NiIsInR5cCI6IkpXVCJ9.eyJpZCI6MzY2LCJpYXQiOjE2OTc4MDk3OTEsImV4cCI6MTY5ODY3Mzc5MX0.jmWAohzG8PnMlaEgUQqPeQMyGW68ezrlCRgllj21nnE'}</msg>
<status status="PASS" starttime="20231020 14:49:48.234" endtime="20231020 14:49:48.234"/>
</kw>
<kw name="GET" library="RequestsLibrary">
<var>${response}</var>
<arg>${API_USERS_URL}/users</arg>
<arg>headers=${headers}</arg>
<arg>expected_status=any</arg>
<doc>Sends a GET request.</doc>
<msg timestamp="20231020 14:49:48.878" level="INFO">GET Request : url=https://api-geek.fly.dev/users 
 path_url=/users 
 headers={'User-Agent': 'python-requests/2.31.0', 'Accept-Encoding': 'gzip, deflate', 'Accept': '*/*', 'Connection': 'keep-alive', 'Authorization': 'Bearer eyJhbGciOiJIUzI1NiIsInR5cCI6IkpXVCJ9.eyJpZCI6MzY2LCJpYXQiOjE2OTc4MDk3OTEsImV4cCI6MTY5ODY3Mzc5MX0.jmWAohzG8PnMlaEgUQqPeQMyGW68ezrlCRgllj21nnE'} 
 body=None 
 </msg>
<msg timestamp="20231020 14:49:48.878" level="INFO">GET Response : url=https://api-geek.fly.dev/users 
 status=200, reason=OK 
 headers={'x-powered-by': 'Express', 'access-control-allow-origin': '*', 'content-type': 'application/json; charset=utf-8', 'content-encoding': 'gzip', 'etag': 'W/"b6-Kk9cn0NY6vbifPxC6YpzuUteBBo"', 'date': 'Fri, 20 Oct 2023 13:49:52 GMT', 'connection': 'keep-alive', 'keep-alive': 'timeout=5', 'transfer-encoding': 'chunked', 'server': 'Fly/55f8eaa0 (2023-10-09)', 'via': '1.1 fly.io', 'fly-request-id': '01HD6NJYSGM7PPXX2JYQWP51FV-mad'} 
 body={"id":366,"email":"bags@lolis.com","password_hash":"$2b$08$Ir57eUN9ESWwf7DF6/rrHuwkGl0Gkupd32JXPr1SuDgfC5dP5nuoS","name":"Baguera Loli","avatar":null,"whatsapp":null,"is_geek":false} 
 </msg>
<msg timestamp="20231020 14:49:48.878" level="INFO">${response} = &lt;Response [200]&gt;</msg>
<status status="PASS" starttime="20231020 14:49:48.234" endtime="20231020 14:49:48.878"/>
</kw>
<status status="PASS" starttime="20231020 14:49:47.766" endtime="20231020 14:49:48.878"/>
</kw>
<status status="PASS" starttime="20231020 14:49:46.730" endtime="20231020 14:49:48.878"/>
</kw>
<kw name="Tests signup status code 200" library="meta">
<kw name="Factory User" library="Users">
<var>${user}</var>
<arg>signin</arg>
<msg timestamp="20231020 14:49:48.879" level="INFO">${user} = {'name': 'Baguera Loli', 'email': 'bags@lolis.com', 'password': 'Kika.1234'}</msg>
<status status="PASS" starttime="20231020 14:49:48.879" endtime="20231020 14:49:48.879"/>
</kw>
<kw name="POST Session" library="SessionsRoute">
<var>${response}</var>
<arg>${user}</arg>
<kw name="POST" library="RequestsLibrary">
<var>${response}</var>
<arg>${API_USERS_URL}/sessions</arg>
<arg>json=${user}</arg>
<arg>expected_status=any</arg>
<doc>Sends a POST request.</doc>
<msg timestamp="20231020 14:49:49.357" level="INFO">POST Request : url=https://api-geek.fly.dev/sessions 
 path_url=/sessions 
 headers={'User-Agent': 'python-requests/2.31.0', 'Accept-Encoding': 'gzip, deflate', 'Accept': '*/*', 'Connection': 'keep-alive', 'Content-Length': '76', 'Content-Type': 'application/json'} 
 body=b'{"name": "Baguera Loli", "email": "bags@lolis.com", "password": "Kika.1234"}' 
 </msg>
<msg timestamp="20231020 14:49:49.357" level="INFO">POST Response : url=https://api-geek.fly.dev/sessions 
 status=200, reason=OK 
 headers={'x-powered-by': 'Express', 'access-control-allow-origin': '*', 'content-type': 'application/json; charset=utf-8', 'content-encoding': 'gzip', 'etag': 'W/"169-9PD89mXzmmpyG0eec0N+Ox7WMiw"', 'date': 'Fri, 20 Oct 2023 13:49:52 GMT', 'connection': 'keep-alive', 'keep-alive': 'timeout=5', 'transfer-encoding': 'chunked', 'server': 'Fly/55f8eaa0 (2023-10-09)', 'via': '1.1 fly.io', 'fly-request-id': '01HD6NJZDPBZYAXNA364Z626M5-mad'} 
 body={"user":{"id":366,"email":"bags@lolis.com","password_hash":"$2b$08$Ir57eUN9ESWwf7DF6/rrHuwkGl0Gkupd32JXPr1SuDgfC5dP5nuoS","name":"Baguera Loli","avatar":null,"whatsapp":null,"is_geek":false},"token":"eyJhbGciOiJIUzI1NiIsInR5cCI6IkpXVCJ9.eyJpZCI6MzY2LCJpYXQiOjE2OTc4MDk3OTIsImV4cCI6MTY5ODY3Mzc5Mn0.QghJV9zto_O9khv7ZR2-Dxo77RuW5BzLB4Mv7DSKNSo","expires_in":"10d"} 
 </msg>
<msg timestamp="20231020 14:49:49.357" level="INFO">${response} = &lt;Response [200]&gt;</msg>
<status status="PASS" starttime="20231020 14:49:48.880" endtime="20231020 14:49:49.357"/>
</kw>
<msg timestamp="20231020 14:49:49.357" level="INFO">${response} = &lt;Response [200]&gt;</msg>
<status status="PASS" starttime="20231020 14:49:48.879" endtime="20231020 14:49:49.357"/>
</kw>
<kw name="Status Should Be" library="RequestsLibrary">
<arg>200</arg>
<arg>${response}</arg>
<doc>Fails if response status code is different than the expected.</doc>
<status status="PASS" starttime="20231020 14:49:49.357" endtime="20231020 14:49:49.357"/>
</kw>
<status status="PASS" starttime="20231020 14:49:48.879" endtime="20231020 14:49:49.357"/>
</kw>
<kw name="Tests signup right user" library="meta">
<kw name="Factory User" library="Users">
<var>${user}</var>
<arg>signin</arg>
<msg timestamp="20231020 14:49:49.358" level="INFO">${user} = {'name': 'Baguera Loli', 'email': 'bags@lolis.com', 'password': 'Kika.1234'}</msg>
<status status="PASS" starttime="20231020 14:49:49.358" endtime="20231020 14:49:49.358"/>
</kw>
<kw name="POST User" library="SessionsRoute">
<arg>${user}</arg>
<kw name="POST" library="RequestsLibrary">
<var>${response}</var>
<arg>${API_USERS_URL}/users</arg>
<arg>json=${user}</arg>
<arg>expected_status=any</arg>
<doc>Sends a POST request.</doc>
<msg timestamp="20231020 14:49:49.804" level="INFO">POST Request : url=https://api-geek.fly.dev/users 
 path_url=/users 
 headers={'User-Agent': 'python-requests/2.31.0', 'Accept-Encoding': 'gzip, deflate', 'Accept': '*/*', 'Connection': 'keep-alive', 'Content-Length': '76', 'Content-Type': 'application/json'} 
 body=b'{"name": "Baguera Loli", "email": "bags@lolis.com", "password": "Kika.1234"}' 
 </msg>
<msg timestamp="20231020 14:49:49.804" level="INFO">POST Response : url=https://api-geek.fly.dev/users 
 status=400, reason=Bad Request 
 headers={'x-powered-by': 'Express', 'access-control-allow-origin': '*', 'content-type': 'application/json; charset=utf-8', 'content-encoding': 'gzip', 'etag': 'W/"1f-lFUySNKwX3L5eGEwGcNcUoVKWhE"', 'date': 'Fri, 20 Oct 2023 13:49:53 GMT', 'connection': 'keep-alive', 'keep-alive': 'timeout=5', 'transfer-encoding': 'chunked', 'server': 'Fly/55f8eaa0 (2023-10-09)', 'via': '1.1 fly.io', 'fly-request-id': '01HD6NJZWGVC1DD5H2CGM1812Q-mad'} 
 body={"error":"User already exists"} 
 </msg>
<msg timestamp="20231020 14:49:49.804" level="INFO">${response} = &lt;Response [400]&gt;</msg>
<status status="PASS" starttime="20231020 14:49:49.358" endtime="20231020 14:49:49.804"/>
</kw>
<status status="PASS" starttime="20231020 14:49:49.358" endtime="20231020 14:49:49.805"/>
</kw>
<kw name="GET User" library="SessionsRoute">
<var>${response}</var>
<kw name="Token User" library="SessionsRoute">
<var>${token}</var>
<kw name="Factory Session User" library="Users">
<var>${user}</var>
<arg>session_token</arg>
<msg timestamp="20231020 14:49:49.805" level="INFO">${user} = {'email': 'bags@lolis.com', 'password': 'Kika.1234'}</msg>
<status status="PASS" starttime="20231020 14:49:49.805" endtime="20231020 14:49:49.805"/>
</kw>
<kw name="POST Session" library="SessionsRoute">
<var>${response}</var>
<arg>${user}</arg>
<kw name="POST" library="RequestsLibrary">
<var>${response}</var>
<arg>${API_USERS_URL}/sessions</arg>
<arg>json=${user}</arg>
<arg>expected_status=any</arg>
<doc>Sends a POST request.</doc>
<msg timestamp="20231020 14:49:50.288" level="INFO">POST Request : url=https://api-geek.fly.dev/sessions 
 path_url=/sessions 
 headers={'User-Agent': 'python-requests/2.31.0', 'Accept-Encoding': 'gzip, deflate', 'Accept': '*/*', 'Connection': 'keep-alive', 'Content-Length': '52', 'Content-Type': 'application/json'} 
 body=b'{"email": "bags@lolis.com", "password": "Kika.1234"}' 
 </msg>
<msg timestamp="20231020 14:49:50.288" level="INFO">POST Response : url=https://api-geek.fly.dev/sessions 
 status=200, reason=OK 
 headers={'x-powered-by': 'Express', 'access-control-allow-origin': '*', 'content-type': 'application/json; charset=utf-8', 'content-encoding': 'gzip', 'etag': 'W/"169-caUddHbofE2Uc+PqlDv+aoL7Xjs"', 'date': 'Fri, 20 Oct 2023 13:49:53 GMT', 'connection': 'keep-alive', 'keep-alive': 'timeout=5', 'transfer-encoding': 'chunked', 'server': 'Fly/55f8eaa0 (2023-10-09)', 'via': '1.1 fly.io', 'fly-request-id': '01HD6NK0AMCRKSKJYYY34ZZ8TW-mad'} 
 body={"user":{"id":366,"email":"bags@lolis.com","password_hash":"$2b$08$Ir57eUN9ESWwf7DF6/rrHuwkGl0Gkupd32JXPr1SuDgfC5dP5nuoS","name":"Baguera Loli","avatar":null,"whatsapp":null,"is_geek":false},"token":"eyJhbGciOiJIUzI1NiIsInR5cCI6IkpXVCJ9.eyJpZCI6MzY2LCJpYXQiOjE2OTc4MDk3OTMsImV4cCI6MTY5ODY3Mzc5M30.v86GJ_N-zBllyxHXb9brL4FzuHV0P_GqSMZcWpm5mD0","expires_in":"10d"} 
 </msg>
<msg timestamp="20231020 14:49:50.289" level="INFO">${response} = &lt;Response [200]&gt;</msg>
<status status="PASS" starttime="20231020 14:49:49.805" endtime="20231020 14:49:50.289"/>
</kw>
<msg timestamp="20231020 14:49:50.290" level="INFO">${response} = &lt;Response [200]&gt;</msg>
<status status="PASS" starttime="20231020 14:49:49.805" endtime="20231020 14:49:50.290"/>
</kw>
<kw name="Set Variable" library="BuiltIn">
<var>${result}</var>
<arg>${EMPTY}</arg>
<doc>Returns the given values which can then be assigned to a variables.</doc>
<msg timestamp="20231020 14:49:50.290" level="INFO">${result} = </msg>
<status status="PASS" starttime="20231020 14:49:50.290" endtime="20231020 14:49:50.290"/>
</kw>
<if>
<branch type="IF" condition="&quot;200&quot; in &quot;${response}&quot;">
<kw name="Set Variable" library="BuiltIn">
<var>${result}</var>
<arg>${response.json()}[token]</arg>
<doc>Returns the given values which can then be assigned to a variables.</doc>
<msg timestamp="20231020 14:49:50.290" level="INFO">${result} = eyJhbGciOiJIUzI1NiIsInR5cCI6IkpXVCJ9.eyJpZCI6MzY2LCJpYXQiOjE2OTc4MDk3OTMsImV4cCI6MTY5ODY3Mzc5M30.v86GJ_N-zBllyxHXb9brL4FzuHV0P_GqSMZcWpm5mD0</msg>
<status status="PASS" starttime="20231020 14:49:50.290" endtime="20231020 14:49:50.290"/>
</kw>
<status status="PASS" starttime="20231020 14:49:50.290" endtime="20231020 14:49:50.290"/>
</branch>
<status status="PASS" starttime="20231020 14:49:50.290" endtime="20231020 14:49:50.290"/>
</if>
<msg timestamp="20231020 14:49:50.290" level="INFO">${token} = eyJhbGciOiJIUzI1NiIsInR5cCI6IkpXVCJ9.eyJpZCI6MzY2LCJpYXQiOjE2OTc4MDk3OTMsImV4cCI6MTY5ODY3Mzc5M30.v86GJ_N-zBllyxHXb9brL4FzuHV0P_GqSMZcWpm5mD0</msg>
<status status="PASS" starttime="20231020 14:49:49.805" endtime="20231020 14:49:50.290"/>
</kw>
<kw name="Create Dictionary" library="BuiltIn">
<var>${headers}</var>
<arg>Authorization=Bearer ${token}</arg>
<doc>Creates and returns a dictionary based on the given ``items``.</doc>
<msg timestamp="20231020 14:49:50.291" level="INFO">${headers} = {'Authorization': 'Bearer eyJhbGciOiJIUzI1NiIsInR5cCI6IkpXVCJ9.eyJpZCI6MzY2LCJpYXQiOjE2OTc4MDk3OTMsImV4cCI6MTY5ODY3Mzc5M30.v86GJ_N-zBllyxHXb9brL4FzuHV0P_GqSMZcWpm5mD0'}</msg>
<status status="PASS" starttime="20231020 14:49:50.290" endtime="20231020 14:49:50.291"/>
</kw>
<kw name="GET" library="RequestsLibrary">
<var>${response}</var>
<arg>${API_USERS_URL}/users</arg>
<arg>headers=${headers}</arg>
<arg>expected_status=any</arg>
<doc>Sends a GET request.</doc>
<msg timestamp="20231020 14:49:50.926" level="INFO">GET Request : url=https://api-geek.fly.dev/users 
 path_url=/users 
 headers={'User-Agent': 'python-requests/2.31.0', 'Accept-Encoding': 'gzip, deflate', 'Accept': '*/*', 'Connection': 'keep-alive', 'Authorization': 'Bearer eyJhbGciOiJIUzI1NiIsInR5cCI6IkpXVCJ9.eyJpZCI6MzY2LCJpYXQiOjE2OTc4MDk3OTMsImV4cCI6MTY5ODY3Mzc5M30.v86GJ_N-zBllyxHXb9brL4FzuHV0P_GqSMZcWpm5mD0'} 
 body=None 
 </msg>
<msg timestamp="20231020 14:49:50.926" level="INFO">GET Response : url=https://api-geek.fly.dev/users 
 status=200, reason=OK 
 headers={'x-powered-by': 'Express', 'access-control-allow-origin': '*', 'content-type': 'application/json; charset=utf-8', 'content-encoding': 'gzip', 'etag': 'W/"b6-Kk9cn0NY6vbifPxC6YpzuUteBBo"', 'date': 'Fri, 20 Oct 2023 13:49:54 GMT', 'connection': 'keep-alive', 'keep-alive': 'timeout=5', 'transfer-encoding': 'chunked', 'server': 'Fly/55f8eaa0 (2023-10-09)', 'via': '1.1 fly.io', 'fly-request-id': '01HD6NK0SMDA06C9Z9MMFX3QVE-mad'} 
 body={"id":366,"email":"bags@lolis.com","password_hash":"$2b$08$Ir57eUN9ESWwf7DF6/rrHuwkGl0Gkupd32JXPr1SuDgfC5dP5nuoS","name":"Baguera Loli","avatar":null,"whatsapp":null,"is_geek":false} 
 </msg>
<msg timestamp="20231020 14:49:50.926" level="INFO">${response} = &lt;Response [200]&gt;</msg>
<status status="PASS" starttime="20231020 14:49:50.291" endtime="20231020 14:49:50.926"/>
</kw>
<msg timestamp="20231020 14:49:50.926" level="INFO">${response} = &lt;Response [200]&gt;</msg>
<status status="PASS" starttime="20231020 14:49:49.805" endtime="20231020 14:49:50.926"/>
</kw>
<kw name="Should Be Equal As Strings" library="BuiltIn">
<arg>${user}[name]</arg>
<arg>${response.json()}[name]</arg>
<doc>Fails if objects are unequal after converting them to strings.</doc>
<status status="PASS" starttime="20231020 14:49:50.926" endtime="20231020 14:49:50.926"/>
</kw>
<kw name="Should Be Equal As Strings" library="BuiltIn">
<arg>${user}[email]</arg>
<arg>${response.json()}[email]</arg>
<doc>Fails if objects are unequal after converting them to strings.</doc>
<status status="PASS" starttime="20231020 14:49:50.926" endtime="20231020 14:49:50.927"/>
</kw>
<kw name="Should Be Equal As Strings" library="BuiltIn">
<arg>None</arg>
<arg>${response.json()}[whatsapp]</arg>
<doc>Fails if objects are unequal after converting them to strings.</doc>
<msg timestamp="20231020 14:49:50.927" level="INFO">Argument types are:
&lt;class 'str'&gt;
&lt;class 'NoneType'&gt;</msg>
<status status="PASS" starttime="20231020 14:49:50.927" endtime="20231020 14:49:50.927"/>
</kw>
<kw name="Should Be Equal As Strings" library="BuiltIn">
<arg>None</arg>
<arg>${response.json()}[avatar]</arg>
<doc>Fails if objects are unequal after converting them to strings.</doc>
<msg timestamp="20231020 14:49:50.928" level="INFO">Argument types are:
&lt;class 'str'&gt;
&lt;class 'NoneType'&gt;</msg>
<status status="PASS" starttime="20231020 14:49:50.927" endtime="20231020 14:49:50.928"/>
</kw>
<kw name="Should Be Equal As Strings" library="BuiltIn">
<arg>False</arg>
<arg>${response.json()}[is_geek]</arg>
<doc>Fails if objects are unequal after converting them to strings.</doc>
<msg timestamp="20231020 14:49:50.928" level="INFO">Argument types are:
&lt;class 'str'&gt;
&lt;class 'bool'&gt;</msg>
<status status="PASS" starttime="20231020 14:49:50.928" endtime="20231020 14:49:50.928"/>
</kw>
<status status="PASS" starttime="20231020 14:49:49.358" endtime="20231020 14:49:50.928"/>
</kw>
<tag>happy_way</tag>
<status status="PASS" starttime="20231020 14:49:46.030" endtime="20231020 14:49:50.929"/>
</test>
<test id="s1-t3" name="Remove user" line="26">
<kw name="Reset All" library="Base" type="SETUP">
<kw name="Connect To Postgress" library="Base">
<kw name="Connect To Database" library="DatabaseLibrary">
<arg>psycopg2</arg>
<arg>nmtcwbau</arg>
<arg>nmtcwbau</arg>
<arg>BBZLKbd77pBfmQCN1fZHtgC0iw81fI9v</arg>
<arg>trumpet.db.elephantsql.com</arg>
<arg>5432</arg>
<doc>Loads the DB API 2.0 module given `dbapiModuleName` then uses it to
connect to the database using `dbName`, `dbUsername`, and `dbPassword`.</doc>
<msg timestamp="20231020 14:49:50.931" level="INFO">Connecting using : psycopg2.connect(database=nmtcwbau, user=nmtcwbau, password=***, host=trumpet.db.elephantsql.com, port=5432) </msg>
<status status="PASS" starttime="20231020 14:49:50.931" endtime="20231020 14:49:51.242"/>
</kw>
<status status="PASS" starttime="20231020 14:49:50.931" endtime="20231020 14:49:51.242"/>
</kw>
<kw name="Execute Sql String" library="DatabaseLibrary">
<arg>DELETE from public.geeks;</arg>
<doc>Executes the sqlString as SQL commands. Useful to pass arguments to your sql. Set optional input `sansTran` to
True to run command without an explicit transaction commit or rollback.</doc>
<msg timestamp="20231020 14:49:51.242" level="INFO">Executing : Execute SQL String  |  DELETE from public.geeks; </msg>
<status status="PASS" starttime="20231020 14:49:51.242" endtime="20231020 14:49:51.388"/>
</kw>
<kw name="Execute Sql String" library="DatabaseLibrary">
<arg>DELETE from public.users;</arg>
<doc>Executes the sqlString as SQL commands. Useful to pass arguments to your sql. Set optional input `sansTran` to
True to run command without an explicit transaction commit or rollback.</doc>
<msg timestamp="20231020 14:49:51.388" level="INFO">Executing : Execute SQL String  |  DELETE from public.users; </msg>
<status status="PASS" starttime="20231020 14:49:51.388" endtime="20231020 14:49:51.537"/>
</kw>
<status status="PASS" starttime="20231020 14:49:50.931" endtime="20231020 14:49:51.537"/>
</kw>
<kw name="Factory User" library="Users">
<var>${user}</var>
<arg>signin</arg>
<msg timestamp="20231020 14:49:51.538" level="INFO">${user} = {'name': 'Baguera Loli', 'email': 'bags@lolis.com', 'password': 'Kika.1234'}</msg>
<status status="PASS" starttime="20231020 14:49:51.538" endtime="20231020 14:49:51.538"/>
</kw>
<kw name="Del User" library="meta">
<kw name="Factory User" library="Users">
<var>${user}</var>
<arg>signin</arg>
<msg timestamp="20231020 14:49:51.539" level="INFO">${user} = {'name': 'Baguera Loli', 'email': 'bags@lolis.com', 'password': 'Kika.1234'}</msg>
<status status="PASS" starttime="20231020 14:49:51.538" endtime="20231020 14:49:51.539"/>
</kw>
<kw name="POST User" library="SessionsRoute">
<var>${response}</var>
<arg>${user}</arg>
<kw name="POST" library="RequestsLibrary">
<var>${response}</var>
<arg>${API_USERS_URL}/users</arg>
<arg>json=${user}</arg>
<arg>expected_status=any</arg>
<doc>Sends a POST request.</doc>
<msg timestamp="20231020 14:49:52.598" level="INFO">POST Request : url=https://api-geek.fly.dev/users 
 path_url=/users 
 headers={'User-Agent': 'python-requests/2.31.0', 'Accept-Encoding': 'gzip, deflate', 'Accept': '*/*', 'Connection': 'keep-alive', 'Content-Length': '76', 'Content-Type': 'application/json'} 
 body=b'{"name": "Baguera Loli", "email": "bags@lolis.com", "password": "Kika.1234"}' 
 </msg>
<msg timestamp="20231020 14:49:52.598" level="INFO">POST Response : url=https://api-geek.fly.dev/users 
 status=201, reason=Created 
 headers={'x-powered-by': 'Express', 'access-control-allow-origin': '*', 'content-type': 'application/json; charset=utf-8', 'content-encoding': 'gzip', 'etag': 'W/"a-540hdGk+2Cu0BwBU7+bqcanKERk"', 'date': 'Fri, 20 Oct 2023 13:49:55 GMT', 'connection': 'keep-alive', 'keep-alive': 'timeout=5', 'transfer-encoding': 'chunked', 'server': 'Fly/55f8eaa0 (2023-10-09)', 'via': '1.1 fly.io', 'fly-request-id': '01HD6NK21AF9024T6ABN921F4B-mad'} 
 body={"id":367} 
 </msg>
<msg timestamp="20231020 14:49:52.598" level="INFO">${response} = &lt;Response [201]&gt;</msg>
<status status="PASS" starttime="20231020 14:49:51.539" endtime="20231020 14:49:52.598"/>
</kw>
<msg timestamp="20231020 14:49:52.598" level="INFO">${response} = &lt;Response [201]&gt;</msg>
<status status="PASS" starttime="20231020 14:49:51.539" endtime="20231020 14:49:52.598"/>
</kw>
<kw name="DELETE User" library="SessionsRoute">
<kw name="Token User" library="SessionsRoute">
<var>${token}</var>
<kw name="Factory Session User" library="Users">
<var>${user}</var>
<arg>session_token</arg>
<msg timestamp="20231020 14:49:52.599" level="INFO">${user} = {'email': 'bags@lolis.com', 'password': 'Kika.1234'}</msg>
<status status="PASS" starttime="20231020 14:49:52.599" endtime="20231020 14:49:52.599"/>
</kw>
<kw name="POST Session" library="SessionsRoute">
<var>${response}</var>
<arg>${user}</arg>
<kw name="POST" library="RequestsLibrary">
<var>${response}</var>
<arg>${API_USERS_URL}/sessions</arg>
<arg>json=${user}</arg>
<arg>expected_status=any</arg>
<doc>Sends a POST request.</doc>
<msg timestamp="20231020 14:49:53.064" level="INFO">POST Request : url=https://api-geek.fly.dev/sessions 
 path_url=/sessions 
 headers={'User-Agent': 'python-requests/2.31.0', 'Accept-Encoding': 'gzip, deflate', 'Accept': '*/*', 'Connection': 'keep-alive', 'Content-Length': '52', 'Content-Type': 'application/json'} 
 body=b'{"email": "bags@lolis.com", "password": "Kika.1234"}' 
 </msg>
<msg timestamp="20231020 14:49:53.064" level="INFO">POST Response : url=https://api-geek.fly.dev/sessions 
 status=200, reason=OK 
 headers={'x-powered-by': 'Express', 'access-control-allow-origin': '*', 'content-type': 'application/json; charset=utf-8', 'content-encoding': 'gzip', 'etag': 'W/"169-GARqRRASWiVV59edFwUW9KStz0E"', 'date': 'Fri, 20 Oct 2023 13:49:56 GMT', 'connection': 'keep-alive', 'keep-alive': 'timeout=5', 'transfer-encoding': 'chunked', 'server': 'Fly/55f8eaa0 (2023-10-09)', 'via': '1.1 fly.io', 'fly-request-id': '01HD6NK31TF1MHJDZ77PCFR6F1-mad'} 
 body={"user":{"id":367,"email":"bags@lolis.com","password_hash":"$2b$08$iA4JQmk286dTOVqmaB1J0.FCpN9KtebnH.URQleEZB/F4UfRtZvgW","name":"Baguera Loli","avatar":null,"whatsapp":null,"is_geek":false},"token":"eyJhbGciOiJIUzI1NiIsInR5cCI6IkpXVCJ9.eyJpZCI6MzY3LCJpYXQiOjE2OTc4MDk3OTYsImV4cCI6MTY5ODY3Mzc5Nn0.5CLrc-ogAlLFapiMI9XybZLr-VsfHOFTsp9VC5lLgZ4","expires_in":"10d"} 
 </msg>
<msg timestamp="20231020 14:49:53.064" level="INFO">${response} = &lt;Response [200]&gt;</msg>
<status status="PASS" starttime="20231020 14:49:52.599" endtime="20231020 14:49:53.064"/>
</kw>
<msg timestamp="20231020 14:49:53.064" level="INFO">${response} = &lt;Response [200]&gt;</msg>
<status status="PASS" starttime="20231020 14:49:52.599" endtime="20231020 14:49:53.064"/>
</kw>
<kw name="Set Variable" library="BuiltIn">
<var>${result}</var>
<arg>${EMPTY}</arg>
<doc>Returns the given values which can then be assigned to a variables.</doc>
<msg timestamp="20231020 14:49:53.065" level="INFO">${result} = </msg>
<status status="PASS" starttime="20231020 14:49:53.064" endtime="20231020 14:49:53.065"/>
</kw>
<if>
<branch type="IF" condition="&quot;200&quot; in &quot;${response}&quot;">
<kw name="Set Variable" library="BuiltIn">
<var>${result}</var>
<arg>${response.json()}[token]</arg>
<doc>Returns the given values which can then be assigned to a variables.</doc>
<msg timestamp="20231020 14:49:53.066" level="INFO">${result} = eyJhbGciOiJIUzI1NiIsInR5cCI6IkpXVCJ9.eyJpZCI6MzY3LCJpYXQiOjE2OTc4MDk3OTYsImV4cCI6MTY5ODY3Mzc5Nn0.5CLrc-ogAlLFapiMI9XybZLr-VsfHOFTsp9VC5lLgZ4</msg>
<status status="PASS" starttime="20231020 14:49:53.065" endtime="20231020 14:49:53.066"/>
</kw>
<status status="PASS" starttime="20231020 14:49:53.065" endtime="20231020 14:49:53.066"/>
</branch>
<status status="PASS" starttime="20231020 14:49:53.065" endtime="20231020 14:49:53.066"/>
</if>
<msg timestamp="20231020 14:49:53.066" level="INFO">${token} = eyJhbGciOiJIUzI1NiIsInR5cCI6IkpXVCJ9.eyJpZCI6MzY3LCJpYXQiOjE2OTc4MDk3OTYsImV4cCI6MTY5ODY3Mzc5Nn0.5CLrc-ogAlLFapiMI9XybZLr-VsfHOFTsp9VC5lLgZ4</msg>
<status status="PASS" starttime="20231020 14:49:52.599" endtime="20231020 14:49:53.066"/>
</kw>
<kw name="Create Dictionary" library="BuiltIn">
<var>${headers}</var>
<arg>Authorization=Bearer ${token}</arg>
<doc>Creates and returns a dictionary based on the given ``items``.</doc>
<msg timestamp="20231020 14:49:53.068" level="INFO">${headers} = {'Authorization': 'Bearer eyJhbGciOiJIUzI1NiIsInR5cCI6IkpXVCJ9.eyJpZCI6MzY3LCJpYXQiOjE2OTc4MDk3OTYsImV4cCI6MTY5ODY3Mzc5Nn0.5CLrc-ogAlLFapiMI9XybZLr-VsfHOFTsp9VC5lLgZ4'}</msg>
<status status="PASS" starttime="20231020 14:49:53.068" endtime="20231020 14:49:53.068"/>
</kw>
<if>
<branch type="IF" condition="&quot;${token}&quot;">
<kw name="DELETE" library="RequestsLibrary">
<var>${response}</var>
<arg>${API_USERS_URL}/users</arg>
<arg>headers=${headers}</arg>
<arg>expected_status=any</arg>
<doc>Sends a DELETE request.</doc>
<msg timestamp="20231020 14:49:54.278" level="INFO">DELETE Request : url=https://api-geek.fly.dev/users 
 path_url=/users 
 headers={'User-Agent': 'python-requests/2.31.0', 'Accept-Encoding': 'gzip, deflate', 'Accept': '*/*', 'Connection': 'keep-alive', 'Authorization': 'Bearer eyJhbGciOiJIUzI1NiIsInR5cCI6IkpXVCJ9.eyJpZCI6MzY3LCJpYXQiOjE2OTc4MDk3OTYsImV4cCI6MTY5ODY3Mzc5Nn0.5CLrc-ogAlLFapiMI9XybZLr-VsfHOFTsp9VC5lLgZ4', 'Content-Length': '0'} 
 body=None 
 </msg>
<msg timestamp="20231020 14:49:54.279" level="INFO">DELETE Response : url=https://api-geek.fly.dev/users 
 status=204, reason=No Content 
 headers={'x-powered-by': 'Express', 'access-control-allow-origin': '*', 'date': 'Fri, 20 Oct 2023 13:49:57 GMT', 'connection': 'keep-alive', 'keep-alive': 'timeout=5', 'server': 'Fly/55f8eaa0 (2023-10-09)', 'via': '1.1 fly.io', 'fly-request-id': '01HD6NK3GG1YYRRK9SCW8V8RR5-mad'} 
 body=None 
 </msg>
<msg timestamp="20231020 14:49:54.279" level="INFO">${response} = &lt;Response [204]&gt;</msg>
<status status="PASS" starttime="20231020 14:49:53.068" endtime="20231020 14:49:54.279"/>
</kw>
<status status="PASS" starttime="20231020 14:49:53.068" endtime="20231020 14:49:54.279"/>
</branch>
<status status="PASS" starttime="20231020 14:49:53.068" endtime="20231020 14:49:54.279"/>
</if>
<status status="PASS" starttime="20231020 14:49:52.598" endtime="20231020 14:49:54.279"/>
</kw>
<status status="PASS" starttime="20231020 14:49:51.538" endtime="20231020 14:49:54.279"/>
</kw>
<kw name="Tests signup status code 204" library="meta">
<kw name="Factory User" library="Users">
<var>${user}</var>
<arg>signin</arg>
<msg timestamp="20231020 14:49:54.280" level="INFO">${user} = {'name': 'Baguera Loli', 'email': 'bags@lolis.com', 'password': 'Kika.1234'}</msg>
<status status="PASS" starttime="20231020 14:49:54.280" endtime="20231020 14:49:54.280"/>
</kw>
<kw name="POST User" library="SessionsRoute">
<var>${response}</var>
<arg>${user}</arg>
<kw name="POST" library="RequestsLibrary">
<var>${response}</var>
<arg>${API_USERS_URL}/users</arg>
<arg>json=${user}</arg>
<arg>expected_status=any</arg>
<doc>Sends a POST request.</doc>
<msg timestamp="20231020 14:49:55.322" level="INFO">POST Request : url=https://api-geek.fly.dev/users 
 path_url=/users 
 headers={'User-Agent': 'python-requests/2.31.0', 'Accept-Encoding': 'gzip, deflate', 'Accept': '*/*', 'Connection': 'keep-alive', 'Content-Length': '76', 'Content-Type': 'application/json'} 
 body=b'{"name": "Baguera Loli", "email": "bags@lolis.com", "password": "Kika.1234"}' 
 </msg>
<msg timestamp="20231020 14:49:55.322" level="INFO">POST Response : url=https://api-geek.fly.dev/users 
 status=201, reason=Created 
 headers={'x-powered-by': 'Express', 'access-control-allow-origin': '*', 'content-type': 'application/json; charset=utf-8', 'content-encoding': 'gzip', 'etag': 'W/"a-0zZY/7f+iiD6OXVILO26/GS+Te4"', 'date': 'Fri, 20 Oct 2023 13:49:58 GMT', 'connection': 'keep-alive', 'keep-alive': 'timeout=5', 'transfer-encoding': 'chunked', 'server': 'Fly/55f8eaa0 (2023-10-09)', 'via': '1.1 fly.io', 'fly-request-id': '01HD6NK4PJABC0PRW8CAF4HV44-mad'} 
 body={"id":368} 
 </msg>
<msg timestamp="20231020 14:49:55.322" level="INFO">${response} = &lt;Response [201]&gt;</msg>
<status status="PASS" starttime="20231020 14:49:54.280" endtime="20231020 14:49:55.323"/>
</kw>
<msg timestamp="20231020 14:49:55.323" level="INFO">${response} = &lt;Response [201]&gt;</msg>
<status status="PASS" starttime="20231020 14:49:54.280" endtime="20231020 14:49:55.323"/>
</kw>
<kw name="DELETE User" library="SessionsRoute">
<var>${response}</var>
<kw name="Token User" library="SessionsRoute">
<var>${token}</var>
<kw name="Factory Session User" library="Users">
<var>${user}</var>
<arg>session_token</arg>
<msg timestamp="20231020 14:49:55.323" level="INFO">${user} = {'email': 'bags@lolis.com', 'password': 'Kika.1234'}</msg>
<status status="PASS" starttime="20231020 14:49:55.323" endtime="20231020 14:49:55.323"/>
</kw>
<kw name="POST Session" library="SessionsRoute">
<var>${response}</var>
<arg>${user}</arg>
<kw name="POST" library="RequestsLibrary">
<var>${response}</var>
<arg>${API_USERS_URL}/sessions</arg>
<arg>json=${user}</arg>
<arg>expected_status=any</arg>
<doc>Sends a POST request.</doc>
<msg timestamp="20231020 14:49:55.789" level="INFO">POST Request : url=https://api-geek.fly.dev/sessions 
 path_url=/sessions 
 headers={'User-Agent': 'python-requests/2.31.0', 'Accept-Encoding': 'gzip, deflate', 'Accept': '*/*', 'Connection': 'keep-alive', 'Content-Length': '52', 'Content-Type': 'application/json'} 
 body=b'{"email": "bags@lolis.com", "password": "Kika.1234"}' 
 </msg>
<msg timestamp="20231020 14:49:55.789" level="INFO">POST Response : url=https://api-geek.fly.dev/sessions 
 status=200, reason=OK 
 headers={'x-powered-by': 'Express', 'access-control-allow-origin': '*', 'content-type': 'application/json; charset=utf-8', 'content-encoding': 'gzip', 'etag': 'W/"169-Gd/6dzyQq2A/B9ckD16IEVorNZA"', 'date': 'Fri, 20 Oct 2023 13:49:59 GMT', 'connection': 'keep-alive', 'keep-alive': 'timeout=5', 'transfer-encoding': 'chunked', 'server': 'Fly/55f8eaa0 (2023-10-09)', 'via': '1.1 fly.io', 'fly-request-id': '01HD6NK5PY24TBZBR6W5BWRXTP-mad'} 
 body={"user":{"id":368,"email":"bags@lolis.com","password_hash":"$2b$08$J1RSHDudagFHkgRh2VcSJ.iJ/bBnMWalwvfrHJW3TPb1guwfXsjLq","name":"Baguera Loli","avatar":null,"whatsapp":null,"is_geek":false},"token":"eyJhbGciOiJIUzI1NiIsInR5cCI6IkpXVCJ9.eyJpZCI6MzY4LCJpYXQiOjE2OTc4MDk3OTksImV4cCI6MTY5ODY3Mzc5OX0.Ubs2GqLoIHEhBiPEiuLKqnRSxffVzdEK2oTI5XFhBwE","expires_in":"10d"} 
 </msg>
<msg timestamp="20231020 14:49:55.789" level="INFO">${response} = &lt;Response [200]&gt;</msg>
<status status="PASS" starttime="20231020 14:49:55.324" endtime="20231020 14:49:55.789"/>
</kw>
<msg timestamp="20231020 14:49:55.789" level="INFO">${response} = &lt;Response [200]&gt;</msg>
<status status="PASS" starttime="20231020 14:49:55.323" endtime="20231020 14:49:55.789"/>
</kw>
<kw name="Set Variable" library="BuiltIn">
<var>${result}</var>
<arg>${EMPTY}</arg>
<doc>Returns the given values which can then be assigned to a variables.</doc>
<msg timestamp="20231020 14:49:55.791" level="INFO">${result} = </msg>
<status status="PASS" starttime="20231020 14:49:55.789" endtime="20231020 14:49:55.791"/>
</kw>
<if>
<branch type="IF" condition="&quot;200&quot; in &quot;${response}&quot;">
<kw name="Set Variable" library="BuiltIn">
<var>${result}</var>
<arg>${response.json()}[token]</arg>
<doc>Returns the given values which can then be assigned to a variables.</doc>
<msg timestamp="20231020 14:49:55.791" level="INFO">${result} = eyJhbGciOiJIUzI1NiIsInR5cCI6IkpXVCJ9.eyJpZCI6MzY4LCJpYXQiOjE2OTc4MDk3OTksImV4cCI6MTY5ODY3Mzc5OX0.Ubs2GqLoIHEhBiPEiuLKqnRSxffVzdEK2oTI5XFhBwE</msg>
<status status="PASS" starttime="20231020 14:49:55.791" endtime="20231020 14:49:55.791"/>
</kw>
<status status="PASS" starttime="20231020 14:49:55.791" endtime="20231020 14:49:55.791"/>
</branch>
<status status="PASS" starttime="20231020 14:49:55.791" endtime="20231020 14:49:55.791"/>
</if>
<msg timestamp="20231020 14:49:55.791" level="INFO">${token} = eyJhbGciOiJIUzI1NiIsInR5cCI6IkpXVCJ9.eyJpZCI6MzY4LCJpYXQiOjE2OTc4MDk3OTksImV4cCI6MTY5ODY3Mzc5OX0.Ubs2GqLoIHEhBiPEiuLKqnRSxffVzdEK2oTI5XFhBwE</msg>
<status status="PASS" starttime="20231020 14:49:55.323" endtime="20231020 14:49:55.791"/>
</kw>
<kw name="Create Dictionary" library="BuiltIn">
<var>${headers}</var>
<arg>Authorization=Bearer ${token}</arg>
<doc>Creates and returns a dictionary based on the given ``items``.</doc>
<msg timestamp="20231020 14:49:55.792" level="INFO">${headers} = {'Authorization': 'Bearer eyJhbGciOiJIUzI1NiIsInR5cCI6IkpXVCJ9.eyJpZCI6MzY4LCJpYXQiOjE2OTc4MDk3OTksImV4cCI6MTY5ODY3Mzc5OX0.Ubs2GqLoIHEhBiPEiuLKqnRSxffVzdEK2oTI5XFhBwE'}</msg>
<status status="PASS" starttime="20231020 14:49:55.791" endtime="20231020 14:49:55.792"/>
</kw>
<if>
<branch type="IF" condition="&quot;${token}&quot;">
<kw name="DELETE" library="RequestsLibrary">
<var>${response}</var>
<arg>${API_USERS_URL}/users</arg>
<arg>headers=${headers}</arg>
<arg>expected_status=any</arg>
<doc>Sends a DELETE request.</doc>
<msg timestamp="20231020 14:49:57.011" level="INFO">DELETE Request : url=https://api-geek.fly.dev/users 
 path_url=/users 
 headers={'User-Agent': 'python-requests/2.31.0', 'Accept-Encoding': 'gzip, deflate', 'Accept': '*/*', 'Connection': 'keep-alive', 'Authorization': 'Bearer eyJhbGciOiJIUzI1NiIsInR5cCI6IkpXVCJ9.eyJpZCI6MzY4LCJpYXQiOjE2OTc4MDk3OTksImV4cCI6MTY5ODY3Mzc5OX0.Ubs2GqLoIHEhBiPEiuLKqnRSxffVzdEK2oTI5XFhBwE', 'Content-Length': '0'} 
 body=None 
 </msg>
<msg timestamp="20231020 14:49:57.011" level="INFO">DELETE Response : url=https://api-geek.fly.dev/users 
 status=204, reason=No Content 
 headers={'x-powered-by': 'Express', 'access-control-allow-origin': '*', 'date': 'Fri, 20 Oct 2023 13:50:00 GMT', 'connection': 'keep-alive', 'keep-alive': 'timeout=5', 'server': 'Fly/55f8eaa0 (2023-10-09)', 'via': '1.1 fly.io', 'fly-request-id': '01HD6NK65TKX8K7A0N7AD0QNCA-mad'} 
 body=None 
 </msg>
<msg timestamp="20231020 14:49:57.011" level="INFO">${response} = &lt;Response [204]&gt;</msg>
<status status="PASS" starttime="20231020 14:49:55.792" endtime="20231020 14:49:57.011"/>
</kw>
<status status="PASS" starttime="20231020 14:49:55.792" endtime="20231020 14:49:57.011"/>
</branch>
<status status="PASS" starttime="20231020 14:49:55.792" endtime="20231020 14:49:57.013"/>
</if>
<msg timestamp="20231020 14:49:57.014" level="INFO">${response} = &lt;Response [204]&gt;</msg>
<status status="PASS" starttime="20231020 14:49:55.323" endtime="20231020 14:49:57.014"/>
</kw>
<kw name="Status Should Be" library="RequestsLibrary">
<arg>204</arg>
<arg>${response}</arg>
<doc>Fails if response status code is different than the expected.</doc>
<status status="PASS" starttime="20231020 14:49:57.014" endtime="20231020 14:49:57.014"/>
</kw>
<status status="PASS" starttime="20231020 14:49:54.280" endtime="20231020 14:49:57.014"/>
</kw>
<tag>happy_way</tag>
<status status="PASS" starttime="20231020 14:49:50.930" endtime="20231020 14:49:57.015"/>
</test>
<test id="s1-t4" name="Update User" line="33">
<kw name="Reset All" library="Base" type="SETUP">
<kw name="Connect To Postgress" library="Base">
<kw name="Connect To Database" library="DatabaseLibrary">
<arg>psycopg2</arg>
<arg>nmtcwbau</arg>
<arg>nmtcwbau</arg>
<arg>BBZLKbd77pBfmQCN1fZHtgC0iw81fI9v</arg>
<arg>trumpet.db.elephantsql.com</arg>
<arg>5432</arg>
<doc>Loads the DB API 2.0 module given `dbapiModuleName` then uses it to
connect to the database using `dbName`, `dbUsername`, and `dbPassword`.</doc>
<msg timestamp="20231020 14:49:57.017" level="INFO">Connecting using : psycopg2.connect(database=nmtcwbau, user=nmtcwbau, password=***, host=trumpet.db.elephantsql.com, port=5432) </msg>
<status status="PASS" starttime="20231020 14:49:57.017" endtime="20231020 14:49:57.327"/>
</kw>
<status status="PASS" starttime="20231020 14:49:57.016" endtime="20231020 14:49:57.327"/>
</kw>
<kw name="Execute Sql String" library="DatabaseLibrary">
<arg>DELETE from public.geeks;</arg>
<doc>Executes the sqlString as SQL commands. Useful to pass arguments to your sql. Set optional input `sansTran` to
True to run command without an explicit transaction commit or rollback.</doc>
<msg timestamp="20231020 14:49:57.327" level="INFO">Executing : Execute SQL String  |  DELETE from public.geeks; </msg>
<status status="PASS" starttime="20231020 14:49:57.327" endtime="20231020 14:49:57.475"/>
</kw>
<kw name="Execute Sql String" library="DatabaseLibrary">
<arg>DELETE from public.users;</arg>
<doc>Executes the sqlString as SQL commands. Useful to pass arguments to your sql. Set optional input `sansTran` to
True to run command without an explicit transaction commit or rollback.</doc>
<msg timestamp="20231020 14:49:57.475" level="INFO">Executing : Execute SQL String  |  DELETE from public.users; </msg>
<status status="PASS" starttime="20231020 14:49:57.475" endtime="20231020 14:49:57.626"/>
</kw>
<status status="PASS" starttime="20231020 14:49:57.016" endtime="20231020 14:49:57.626"/>
</kw>
<kw name="Update form user" library="meta">
<kw name="Factory User" library="Users">
<var>${user_before}</var>
<arg>signin</arg>
<msg timestamp="20231020 14:49:57.627" level="INFO">${user_before} = {'name': 'Baguera Loli', 'email': 'bags@lolis.com', 'password': 'Kika.1234'}</msg>
<status status="PASS" starttime="20231020 14:49:57.627" endtime="20231020 14:49:57.627"/>
</kw>
<kw name="Factory User" library="Users">
<var>${user_after}</var>
<arg>update</arg>
<msg timestamp="20231020 14:49:57.627" level="INFO">${user_after} = {'name': 'Baguera Loli', 'email': 'bags@lolis.com', 'whatsapp': '985584356', 'avatar': 'https://avatars.githubusercontent.com/u/60945965'}</msg>
<status status="PASS" starttime="20231020 14:49:57.627" endtime="20231020 14:49:57.627"/>
</kw>
<kw name="POST User" library="SessionsRoute">
<arg>${user_before}</arg>
<kw name="POST" library="RequestsLibrary">
<var>${response}</var>
<arg>${API_USERS_URL}/users</arg>
<arg>json=${user}</arg>
<arg>expected_status=any</arg>
<doc>Sends a POST request.</doc>
<msg timestamp="20231020 14:49:58.671" level="INFO">POST Request : url=https://api-geek.fly.dev/users 
 path_url=/users 
 headers={'User-Agent': 'python-requests/2.31.0', 'Accept-Encoding': 'gzip, deflate', 'Accept': '*/*', 'Connection': 'keep-alive', 'Content-Length': '76', 'Content-Type': 'application/json'} 
 body=b'{"name": "Baguera Loli", "email": "bags@lolis.com", "password": "Kika.1234"}' 
 </msg>
<msg timestamp="20231020 14:49:58.672" level="INFO">POST Response : url=https://api-geek.fly.dev/users 
 status=201, reason=Created 
 headers={'x-powered-by': 'Express', 'access-control-allow-origin': '*', 'content-type': 'application/json; charset=utf-8', 'content-encoding': 'gzip', 'etag': 'W/"a-9Z3bny6nfB8v0QirXOrPG9QGZ+E"', 'date': 'Fri, 20 Oct 2023 13:50:02 GMT', 'connection': 'keep-alive', 'keep-alive': 'timeout=5', 'transfer-encoding': 'chunked', 'server': 'Fly/55f8eaa0 (2023-10-09)', 'via': '1.1 fly.io', 'fly-request-id': '01HD6NK7Z4F3XXK9R552CC2BYJ-mad'} 
 body={"id":369} 
 </msg>
<msg timestamp="20231020 14:49:58.672" level="INFO">${response} = &lt;Response [201]&gt;</msg>
<status status="PASS" starttime="20231020 14:49:57.628" endtime="20231020 14:49:58.672"/>
</kw>
<status status="PASS" starttime="20231020 14:49:57.627" endtime="20231020 14:49:58.672"/>
</kw>
<kw name="PUT User" library="SessionsRoute">
<arg>${user_after}</arg>
<kw name="Token User" library="SessionsRoute">
<var>${token}</var>
<kw name="Factory Session User" library="Users">
<var>${user}</var>
<arg>session_token</arg>
<msg timestamp="20231020 14:49:58.672" level="INFO">${user} = {'email': 'bags@lolis.com', 'password': 'Kika.1234'}</msg>
<status status="PASS" starttime="20231020 14:49:58.672" endtime="20231020 14:49:58.672"/>
</kw>
<kw name="POST Session" library="SessionsRoute">
<var>${response}</var>
<arg>${user}</arg>
<kw name="POST" library="RequestsLibrary">
<var>${response}</var>
<arg>${API_USERS_URL}/sessions</arg>
<arg>json=${user}</arg>
<arg>expected_status=any</arg>
<doc>Sends a POST request.</doc>
<msg timestamp="20231020 14:49:59.144" level="INFO">POST Request : url=https://api-geek.fly.dev/sessions 
 path_url=/sessions 
 headers={'User-Agent': 'python-requests/2.31.0', 'Accept-Encoding': 'gzip, deflate', 'Accept': '*/*', 'Connection': 'keep-alive', 'Content-Length': '52', 'Content-Type': 'application/json'} 
 body=b'{"email": "bags@lolis.com", "password": "Kika.1234"}' 
 </msg>
<msg timestamp="20231020 14:49:59.144" level="INFO">POST Response : url=https://api-geek.fly.dev/sessions 
 status=200, reason=OK 
 headers={'x-powered-by': 'Express', 'access-control-allow-origin': '*', 'content-type': 'application/json; charset=utf-8', 'content-encoding': 'gzip', 'etag': 'W/"169-LQKWCPIql40lEH6Eo/H+NGykJfA"', 'date': 'Fri, 20 Oct 2023 13:50:02 GMT', 'connection': 'keep-alive', 'keep-alive': 'timeout=5', 'transfer-encoding': 'chunked', 'server': 'Fly/55f8eaa0 (2023-10-09)', 'via': '1.1 fly.io', 'fly-request-id': '01HD6NK8ZS5ZXQZ1H0520QD26J-mad'} 
 body={"user":{"id":369,"email":"bags@lolis.com","password_hash":"$2b$08$Azp0L7g85zNfwgi8auMMqOfbx.IpihhVM/RN31qm3QijoFSV4CQa6","name":"Baguera Loli","avatar":null,"whatsapp":null,"is_geek":false},"token":"eyJhbGciOiJIUzI1NiIsInR5cCI6IkpXVCJ9.eyJpZCI6MzY5LCJpYXQiOjE2OTc4MDk4MDIsImV4cCI6MTY5ODY3MzgwMn0.BrsYCCtqh1WJkENg20r0f_xw-c3ztRLMRFQpT4viS6Y","expires_in":"10d"} 
 </msg>
<msg timestamp="20231020 14:49:59.144" level="INFO">${response} = &lt;Response [200]&gt;</msg>
<status status="PASS" starttime="20231020 14:49:58.673" endtime="20231020 14:49:59.144"/>
</kw>
<msg timestamp="20231020 14:49:59.144" level="INFO">${response} = &lt;Response [200]&gt;</msg>
<status status="PASS" starttime="20231020 14:49:58.672" endtime="20231020 14:49:59.144"/>
</kw>
<kw name="Set Variable" library="BuiltIn">
<var>${result}</var>
<arg>${EMPTY}</arg>
<doc>Returns the given values which can then be assigned to a variables.</doc>
<msg timestamp="20231020 14:49:59.145" level="INFO">${result} = </msg>
<status status="PASS" starttime="20231020 14:49:59.145" endtime="20231020 14:49:59.145"/>
</kw>
<if>
<branch type="IF" condition="&quot;200&quot; in &quot;${response}&quot;">
<kw name="Set Variable" library="BuiltIn">
<var>${result}</var>
<arg>${response.json()}[token]</arg>
<doc>Returns the given values which can then be assigned to a variables.</doc>
<msg timestamp="20231020 14:49:59.146" level="INFO">${result} = eyJhbGciOiJIUzI1NiIsInR5cCI6IkpXVCJ9.eyJpZCI6MzY5LCJpYXQiOjE2OTc4MDk4MDIsImV4cCI6MTY5ODY3MzgwMn0.BrsYCCtqh1WJkENg20r0f_xw-c3ztRLMRFQpT4viS6Y</msg>
<status status="PASS" starttime="20231020 14:49:59.145" endtime="20231020 14:49:59.146"/>
</kw>
<status status="PASS" starttime="20231020 14:49:59.145" endtime="20231020 14:49:59.146"/>
</branch>
<status status="PASS" starttime="20231020 14:49:59.145" endtime="20231020 14:49:59.146"/>
</if>
<msg timestamp="20231020 14:49:59.146" level="INFO">${token} = eyJhbGciOiJIUzI1NiIsInR5cCI6IkpXVCJ9.eyJpZCI6MzY5LCJpYXQiOjE2OTc4MDk4MDIsImV4cCI6MTY5ODY3MzgwMn0.BrsYCCtqh1WJkENg20r0f_xw-c3ztRLMRFQpT4viS6Y</msg>
<status status="PASS" starttime="20231020 14:49:58.672" endtime="20231020 14:49:59.146"/>
</kw>
<kw name="Create Dictionary" library="BuiltIn">
<var>${headers}</var>
<arg>Authorization=Bearer ${token}</arg>
<doc>Creates and returns a dictionary based on the given ``items``.</doc>
<msg timestamp="20231020 14:49:59.146" level="INFO">${headers} = {'Authorization': 'Bearer eyJhbGciOiJIUzI1NiIsInR5cCI6IkpXVCJ9.eyJpZCI6MzY5LCJpYXQiOjE2OTc4MDk4MDIsImV4cCI6MTY5ODY3MzgwMn0.BrsYCCtqh1WJkENg20r0f_xw-c3ztRLMRFQpT4viS6Y'}</msg>
<status status="PASS" starttime="20231020 14:49:59.146" endtime="20231020 14:49:59.146"/>
</kw>
<kw name="PUT" library="RequestsLibrary">
<var>${response}</var>
<arg>${API_USERS_URL}/users</arg>
<arg>json=${user}</arg>
<arg>headers=${headers}</arg>
<arg>expected_status=any</arg>
<doc>Sends a PUT request.</doc>
<msg timestamp="20231020 14:50:00.177" level="INFO">PUT Request : url=https://api-geek.fly.dev/users 
 path_url=/users 
 headers={'User-Agent': 'python-requests/2.31.0', 'Accept-Encoding': 'gzip, deflate', 'Accept': '*/*', 'Connection': 'keep-alive', 'Authorization': 'Bearer eyJhbGciOiJIUzI1NiIsInR5cCI6IkpXVCJ9.eyJpZCI6MzY5LCJpYXQiOjE2OTc4MDk4MDIsImV4cCI6MTY5ODY3MzgwMn0.BrsYCCtqh1WJkENg20r0f_xw-c3ztRLMRFQpT4viS6Y', 'Content-Length': '138', 'Content-Type': 'application/json'} 
 body=b'{"name": "Baguera Loli", "email": "bags@lolis.com", "whatsapp": "985584356", "avatar": "https://avatars.githubusercontent.com/u/60945965"}' 
 </msg>
<msg timestamp="20231020 14:50:00.177" level="INFO">PUT Response : url=https://api-geek.fly.dev/users 
 status=200, reason=OK 
 headers={'x-powered-by': 'Express', 'access-control-allow-origin': '*', 'date': 'Fri, 20 Oct 2023 13:50:03 GMT', 'connection': 'keep-alive', 'keep-alive': 'timeout=5', 'server': 'Fly/55f8eaa0 (2023-10-09)', 'via': '1.1 fly.io', 'fly-request-id': '01HD6NK9ESEH4X23ZEDTDVRQ10-mad', 'content-length': '0'} 
 body=None 
 </msg>
<msg timestamp="20231020 14:50:00.178" level="INFO">${response} = &lt;Response [200]&gt;</msg>
<status status="PASS" starttime="20231020 14:49:59.146" endtime="20231020 14:50:00.178"/>
</kw>
<status status="PASS" starttime="20231020 14:49:58.672" endtime="20231020 14:50:00.178"/>
</kw>
<status status="PASS" starttime="20231020 14:49:57.627" endtime="20231020 14:50:00.178"/>
</kw>
<kw name="Tests signup status code 200" library="meta">
<kw name="Factory User" library="Users">
<var>${user}</var>
<arg>signin</arg>
<msg timestamp="20231020 14:50:00.179" level="INFO">${user} = {'name': 'Baguera Loli', 'email': 'bags@lolis.com', 'password': 'Kika.1234'}</msg>
<status status="PASS" starttime="20231020 14:50:00.179" endtime="20231020 14:50:00.179"/>
</kw>
<kw name="POST Session" library="SessionsRoute">
<var>${response}</var>
<arg>${user}</arg>
<kw name="POST" library="RequestsLibrary">
<var>${response}</var>
<arg>${API_USERS_URL}/sessions</arg>
<arg>json=${user}</arg>
<arg>expected_status=any</arg>
<doc>Sends a POST request.</doc>
<msg timestamp="20231020 14:50:00.643" level="INFO">POST Request : url=https://api-geek.fly.dev/sessions 
 path_url=/sessions 
 headers={'User-Agent': 'python-requests/2.31.0', 'Accept-Encoding': 'gzip, deflate', 'Accept': '*/*', 'Connection': 'keep-alive', 'Content-Length': '76', 'Content-Type': 'application/json'} 
 body=b'{"name": "Baguera Loli", "email": "bags@lolis.com", "password": "Kika.1234"}' 
 </msg>
<msg timestamp="20231020 14:50:00.643" level="INFO">POST Response : url=https://api-geek.fly.dev/sessions 
 status=200, reason=OK 
 headers={'x-powered-by': 'Express', 'access-control-allow-origin': '*', 'content-type': 'application/json; charset=utf-8', 'content-encoding': 'gzip', 'etag': 'W/"19e-sgwDGzg0XOn4A1NOkVk9A7kMk8Q"', 'date': 'Fri, 20 Oct 2023 13:50:04 GMT', 'connection': 'keep-alive', 'keep-alive': 'timeout=5', 'transfer-encoding': 'chunked', 'server': 'Fly/55f8eaa0 (2023-10-09)', 'via': '1.1 fly.io', 'fly-request-id': '01HD6NKAEPYMDXYRK7Q6S9YH9T-mad'} 
 body={"user":{"id":369,"email":"bags@lolis.com","password_hash":"$2b$08$Azp0L7g85zNfwgi8auMMqOfbx.IpihhVM/RN31qm3QijoFSV4CQa6","name":"Baguera Loli","avatar":"https://avatars.githubusercontent.com/u/60945965","whatsapp":"985584356","is_geek":false},"token":"eyJhbGciOiJIUzI1NiIsInR5cCI6IkpXVCJ9.eyJpZCI6MzY5LCJpYXQiOjE2OTc4MDk4MDQsImV4cCI6MTY5ODY3MzgwNH0.l3JeHz_7PS5oGCxFPLFVbrFGpYVdb-f8qb4gkQd6Kes","expires_in":"10d"} 
 </msg>
<msg timestamp="20231020 14:50:00.644" level="INFO">${response} = &lt;Response [200]&gt;</msg>
<status status="PASS" starttime="20231020 14:50:00.179" endtime="20231020 14:50:00.644"/>
</kw>
<msg timestamp="20231020 14:50:00.644" level="INFO">${response} = &lt;Response [200]&gt;</msg>
<status status="PASS" starttime="20231020 14:50:00.179" endtime="20231020 14:50:00.644"/>
</kw>
<kw name="Status Should Be" library="RequestsLibrary">
<arg>200</arg>
<arg>${response}</arg>
<doc>Fails if response status code is different than the expected.</doc>
<status status="PASS" starttime="20231020 14:50:00.644" endtime="20231020 14:50:00.644"/>
</kw>
<status status="PASS" starttime="20231020 14:50:00.179" endtime="20231020 14:50:00.644"/>
</kw>
<kw name="Tests update right user" library="meta">
<kw name="Factory User" library="Users">
<var>${user}</var>
<arg>update</arg>
<msg timestamp="20231020 14:50:00.645" level="INFO">${user} = {'name': 'Baguera Loli', 'email': 'bags@lolis.com', 'whatsapp': '985584356', 'avatar': 'https://avatars.githubusercontent.com/u/60945965'}</msg>
<status status="PASS" starttime="20231020 14:50:00.645" endtime="20231020 14:50:00.645"/>
</kw>
<kw name="POST User" library="SessionsRoute">
<arg>${user}</arg>
<kw name="POST" library="RequestsLibrary">
<var>${response}</var>
<arg>${API_USERS_URL}/users</arg>
<arg>json=${user}</arg>
<arg>expected_status=any</arg>
<doc>Sends a POST request.</doc>
<msg timestamp="20231020 14:50:00.908" level="INFO">POST Request : url=https://api-geek.fly.dev/users 
 path_url=/users 
 headers={'User-Agent': 'python-requests/2.31.0', 'Accept-Encoding': 'gzip, deflate', 'Accept': '*/*', 'Connection': 'keep-alive', 'Content-Length': '138', 'Content-Type': 'application/json'} 
 body=b'{"name": "Baguera Loli", "email": "bags@lolis.com", "whatsapp": "985584356", "avatar": "https://avatars.githubusercontent.com/u/60945965"}' 
 </msg>
<msg timestamp="20231020 14:50:00.908" level="INFO">POST Response : url=https://api-geek.fly.dev/users 
 status=400, reason=Bad Request 
 headers={'x-powered-by': 'Express', 'access-control-allow-origin': '*', 'content-type': 'application/json; charset=utf-8', 'content-encoding': 'gzip', 'etag': 'W/"19-XQPKZGB2rC+TLudFQKbwFLPwbR0"', 'date': 'Fri, 20 Oct 2023 13:50:04 GMT', 'connection': 'keep-alive', 'keep-alive': 'timeout=5', 'transfer-encoding': 'chunked', 'server': 'Fly/55f8eaa0 (2023-10-09)', 'via': '1.1 fly.io', 'fly-request-id': '01HD6NKAXCMGADEA9FKVM7YNWC-mad'} 
 body={"error":"Required pass"} 
 </msg>
<msg timestamp="20231020 14:50:00.908" level="INFO">${response} = &lt;Response [400]&gt;</msg>
<status status="PASS" starttime="20231020 14:50:00.645" endtime="20231020 14:50:00.908"/>
</kw>
<status status="PASS" starttime="20231020 14:50:00.645" endtime="20231020 14:50:00.908"/>
</kw>
<kw name="GET User" library="SessionsRoute">
<var>${response}</var>
<kw name="Token User" library="SessionsRoute">
<var>${token}</var>
<kw name="Factory Session User" library="Users">
<var>${user}</var>
<arg>session_token</arg>
<msg timestamp="20231020 14:50:00.909" level="INFO">${user} = {'email': 'bags@lolis.com', 'password': 'Kika.1234'}</msg>
<status status="PASS" starttime="20231020 14:50:00.909" endtime="20231020 14:50:00.909"/>
</kw>
<kw name="POST Session" library="SessionsRoute">
<var>${response}</var>
<arg>${user}</arg>
<kw name="POST" library="RequestsLibrary">
<var>${response}</var>
<arg>${API_USERS_URL}/sessions</arg>
<arg>json=${user}</arg>
<arg>expected_status=any</arg>
<doc>Sends a POST request.</doc>
<msg timestamp="20231020 14:50:01.381" level="INFO">POST Request : url=https://api-geek.fly.dev/sessions 
 path_url=/sessions 
 headers={'User-Agent': 'python-requests/2.31.0', 'Accept-Encoding': 'gzip, deflate', 'Accept': '*/*', 'Connection': 'keep-alive', 'Content-Length': '52', 'Content-Type': 'application/json'} 
 body=b'{"email": "bags@lolis.com", "password": "Kika.1234"}' 
 </msg>
<msg timestamp="20231020 14:50:01.381" level="INFO">POST Response : url=https://api-geek.fly.dev/sessions 
 status=200, reason=OK 
 headers={'x-powered-by': 'Express', 'access-control-allow-origin': '*', 'content-type': 'application/json; charset=utf-8', 'content-encoding': 'gzip', 'etag': 'W/"19e-sgwDGzg0XOn4A1NOkVk9A7kMk8Q"', 'date': 'Fri, 20 Oct 2023 13:50:04 GMT', 'connection': 'keep-alive', 'keep-alive': 'timeout=5', 'transfer-encoding': 'chunked', 'server': 'Fly/55f8eaa0 (2023-10-09)', 'via': '1.1 fly.io', 'fly-request-id': '01HD6NKB5KZT8DVV74MVY18DWQ-mad'} 
 body={"user":{"id":369,"email":"bags@lolis.com","password_hash":"$2b$08$Azp0L7g85zNfwgi8auMMqOfbx.IpihhVM/RN31qm3QijoFSV4CQa6","name":"Baguera Loli","avatar":"https://avatars.githubusercontent.com/u/60945965","whatsapp":"985584356","is_geek":false},"token":"eyJhbGciOiJIUzI1NiIsInR5cCI6IkpXVCJ9.eyJpZCI6MzY5LCJpYXQiOjE2OTc4MDk4MDQsImV4cCI6MTY5ODY3MzgwNH0.l3JeHz_7PS5oGCxFPLFVbrFGpYVdb-f8qb4gkQd6Kes","expires_in":"10d"} 
 </msg>
<msg timestamp="20231020 14:50:01.381" level="INFO">${response} = &lt;Response [200]&gt;</msg>
<status status="PASS" starttime="20231020 14:50:00.909" endtime="20231020 14:50:01.381"/>
</kw>
<msg timestamp="20231020 14:50:01.382" level="INFO">${response} = &lt;Response [200]&gt;</msg>
<status status="PASS" starttime="20231020 14:50:00.909" endtime="20231020 14:50:01.382"/>
</kw>
<kw name="Set Variable" library="BuiltIn">
<var>${result}</var>
<arg>${EMPTY}</arg>
<doc>Returns the given values which can then be assigned to a variables.</doc>
<msg timestamp="20231020 14:50:01.382" level="INFO">${result} = </msg>
<status status="PASS" starttime="20231020 14:50:01.382" endtime="20231020 14:50:01.382"/>
</kw>
<if>
<branch type="IF" condition="&quot;200&quot; in &quot;${response}&quot;">
<kw name="Set Variable" library="BuiltIn">
<var>${result}</var>
<arg>${response.json()}[token]</arg>
<doc>Returns the given values which can then be assigned to a variables.</doc>
<msg timestamp="20231020 14:50:01.383" level="INFO">${result} = eyJhbGciOiJIUzI1NiIsInR5cCI6IkpXVCJ9.eyJpZCI6MzY5LCJpYXQiOjE2OTc4MDk4MDQsImV4cCI6MTY5ODY3MzgwNH0.l3JeHz_7PS5oGCxFPLFVbrFGpYVdb-f8qb4gkQd6Kes</msg>
<status status="PASS" starttime="20231020 14:50:01.382" endtime="20231020 14:50:01.383"/>
</kw>
<status status="PASS" starttime="20231020 14:50:01.382" endtime="20231020 14:50:01.383"/>
</branch>
<status status="PASS" starttime="20231020 14:50:01.382" endtime="20231020 14:50:01.383"/>
</if>
<msg timestamp="20231020 14:50:01.383" level="INFO">${token} = eyJhbGciOiJIUzI1NiIsInR5cCI6IkpXVCJ9.eyJpZCI6MzY5LCJpYXQiOjE2OTc4MDk4MDQsImV4cCI6MTY5ODY3MzgwNH0.l3JeHz_7PS5oGCxFPLFVbrFGpYVdb-f8qb4gkQd6Kes</msg>
<status status="PASS" starttime="20231020 14:50:00.908" endtime="20231020 14:50:01.383"/>
</kw>
<kw name="Create Dictionary" library="BuiltIn">
<var>${headers}</var>
<arg>Authorization=Bearer ${token}</arg>
<doc>Creates and returns a dictionary based on the given ``items``.</doc>
<msg timestamp="20231020 14:50:01.383" level="INFO">${headers} = {'Authorization': 'Bearer eyJhbGciOiJIUzI1NiIsInR5cCI6IkpXVCJ9.eyJpZCI6MzY5LCJpYXQiOjE2OTc4MDk4MDQsImV4cCI6MTY5ODY3MzgwNH0.l3JeHz_7PS5oGCxFPLFVbrFGpYVdb-f8qb4gkQd6Kes'}</msg>
<status status="PASS" starttime="20231020 14:50:01.383" endtime="20231020 14:50:01.383"/>
</kw>
<kw name="GET" library="RequestsLibrary">
<var>${response}</var>
<arg>${API_USERS_URL}/users</arg>
<arg>headers=${headers}</arg>
<arg>expected_status=any</arg>
<doc>Sends a GET request.</doc>
<msg timestamp="20231020 14:50:02.024" level="INFO">GET Request : url=https://api-geek.fly.dev/users 
 path_url=/users 
 headers={'User-Agent': 'python-requests/2.31.0', 'Accept-Encoding': 'gzip, deflate', 'Accept': '*/*', 'Connection': 'keep-alive', 'Authorization': 'Bearer eyJhbGciOiJIUzI1NiIsInR5cCI6IkpXVCJ9.eyJpZCI6MzY5LCJpYXQiOjE2OTc4MDk4MDQsImV4cCI6MTY5ODY3MzgwNH0.l3JeHz_7PS5oGCxFPLFVbrFGpYVdb-f8qb4gkQd6Kes'} 
 body=None 
 </msg>
<msg timestamp="20231020 14:50:02.024" level="INFO">GET Response : url=https://api-geek.fly.dev/users 
 status=200, reason=OK 
 headers={'x-powered-by': 'Express', 'access-control-allow-origin': '*', 'content-type': 'application/json; charset=utf-8', 'content-encoding': 'gzip', 'etag': 'W/"eb-9HhiK5yfzVTG3yCQEz+UhuQjErM"', 'date': 'Fri, 20 Oct 2023 13:50:05 GMT', 'connection': 'keep-alive', 'keep-alive': 'timeout=5', 'transfer-encoding': 'chunked', 'server': 'Fly/55f8eaa0 (2023-10-09)', 'via': '1.1 fly.io', 'fly-request-id': '01HD6NKBMEAWR9M0XF1SHP7RKT-mad'} 
 body={"id":369,"email":"bags@lolis.com","password_hash":"$2b$08$Azp0L7g85zNfwgi8auMMqOfbx.IpihhVM/RN31qm3QijoFSV4CQa6","name":"Baguera Loli","avatar":"https://avatars.githubusercontent.com/u/60945965","whatsapp":"985584356","is_geek":false} 
 </msg>
<msg timestamp="20231020 14:50:02.026" level="INFO">${response} = &lt;Response [200]&gt;</msg>
<status status="PASS" starttime="20231020 14:50:01.383" endtime="20231020 14:50:02.026"/>
</kw>
<msg timestamp="20231020 14:50:02.026" level="INFO">${response} = &lt;Response [200]&gt;</msg>
<status status="PASS" starttime="20231020 14:50:00.908" endtime="20231020 14:50:02.026"/>
</kw>
<kw name="Should Be Equal As Strings" library="BuiltIn">
<arg>${user}[name]</arg>
<arg>${response.json()}[name]</arg>
<doc>Fails if objects are unequal after converting them to strings.</doc>
<status status="PASS" starttime="20231020 14:50:02.026" endtime="20231020 14:50:02.028"/>
</kw>
<kw name="Should Be Equal As Strings" library="BuiltIn">
<arg>${user}[email]</arg>
<arg>${response.json()}[email]</arg>
<doc>Fails if objects are unequal after converting them to strings.</doc>
<status status="PASS" starttime="20231020 14:50:02.028" endtime="20231020 14:50:02.028"/>
</kw>
<kw name="Should Be Equal As Strings" library="BuiltIn">
<arg>${user}[whatsapp]</arg>
<arg>${response.json()}[whatsapp]</arg>
<doc>Fails if objects are unequal after converting them to strings.</doc>
<status status="PASS" starttime="20231020 14:50:02.028" endtime="20231020 14:50:02.028"/>
</kw>
<kw name="Should Be Equal As Strings" library="BuiltIn">
<arg>${user}[avatar]</arg>
<arg>${response.json()}[avatar]</arg>
<doc>Fails if objects are unequal after converting them to strings.</doc>
<status status="PASS" starttime="20231020 14:50:02.028" endtime="20231020 14:50:02.029"/>
</kw>
<kw name="Should Be Equal As Strings" library="BuiltIn">
<arg>False</arg>
<arg>${response.json()}[is_geek]</arg>
<doc>Fails if objects are unequal after converting them to strings.</doc>
<msg timestamp="20231020 14:50:02.029" level="INFO">Argument types are:
&lt;class 'str'&gt;
&lt;class 'bool'&gt;</msg>
<status status="PASS" starttime="20231020 14:50:02.029" endtime="20231020 14:50:02.029"/>
</kw>
<status status="PASS" starttime="20231020 14:50:00.645" endtime="20231020 14:50:02.029"/>
</kw>
<status status="PASS" starttime="20231020 14:49:57.016" endtime="20231020 14:50:02.029"/>
</test>
<doc>Session route test suite</doc>
<status status="PASS" starttime="20231020 14:49:33.158" endtime="20231020 14:50:02.030"/>
</suite>
<statistics>
<total>
<stat pass="4" fail="0" skip="0">All Tests</stat>
</total>
<tag>
<stat pass="3" fail="0" skip="0">happy_way</stat>
</tag>
<suite>
<stat pass="4" fail="0" skip="0" id="s1" name="Users">Users</stat>
</suite>
</statistics>
<errors>
</errors>
</robot>
