<?xml version="1.0" encoding="UTF-8"?>
<robot generator="Robot 6.1 (Python 3.11.4 on win32)" generated="20231022 14:07:08.978" rpa="false" schemaversion="4">
<suite id="s1" name="Tests" source="D:\OneDrive - Novabase\Documents\1.AutomaticTests\robot_framework--advanced\Frontend\tests">
<suite id="s1-s1" name="4.AttemptBeGeek" source="D:\OneDrive - Novabase\Documents\1.AutomaticTests\robot_framework--advanced\Frontend\tests\4.AttemptBeGeek.robot">
<kw name="Start Session For Attempt Be geek" library="meta" type="SETUP">
<kw name="Factory User" library="Users">
<var>${user}</var>
<arg>attempt_geek</arg>
<msg timestamp="20231022 14:07:11.787" level="INFO">${user} = {'name': 'Rodrigo', 'lastname': 'Sagaz', 'email': 'rodrigo.sagaz@gmail.com', 'password': 'Kika1234', 'geek_profile': {'whats': '11999999999', 'desc': 'There is no one who loves pain itself, who seeks ...</msg>
<status status="PASS" starttime="20231022 14:07:11.785" endtime="20231022 14:07:11.787"/>
</kw>
<kw name="Start Session" library="Base">
<kw name="New Browser" library="Browser">
<arg>chromium</arg>
<arg>headless=True</arg>
<arg>slowMo=00:00:00</arg>
<tag>BrowserControl</tag>
<tag>Setter</tag>
<doc>Create a new playwright Browser with specified options.</doc>
<msg timestamp="20231022 14:07:11.790" level="INFO">{"browser": "chromium", "headless": true, "devtools": false, "handleSIGHUP": true, "handleSIGINT": true, "handleSIGTERM": true, "slowMo": 0.0, "timeout": 30000.0, "deprecated_pos_args": [], "tracesDir": "D:\\OneDrive - Novabase\\Documents\\1.AutomaticTests\\robot_framework--advanced\\Frontend\\logs\\pabot_results\\3\\browser\\traces\\ef87114d-9fa9-49af-adbf-4673e459552a"}</msg>
<msg timestamp="20231022 14:07:13.780" level="INFO">Successfully created browser with options: {"browser":"chromium","headless":true,"devtools":false,"handleSIGHUP":true,"handleSIGINT":true,"handleSIGTERM":true,"slowMo":0,"timeout":30000,"deprecated_pos_args":[],"tracesDir":"D:\\OneDrive - Novabase\\Documents\\1.AutomaticTests\\robot_framework--advanced\\Frontend\\logs\\pabot_results\\3\\browser\\traces\\ef87114d-9fa9-49af-adbf-4673e459552a"}</msg>
<status status="PASS" starttime="20231022 14:07:11.788" endtime="20231022 14:07:13.780"/>
</kw>
<kw name="New Page" library="Browser">
<arg>${BASE_URL}</arg>
<tag>BrowserControl</tag>
<tag>Setter</tag>
<doc>Open a new Page.</doc>
<msg timestamp="20231022 14:07:19.005" level="INFO">Successfully initialized new page object and opened url: https://web-geek.fly.dev</msg>
<msg timestamp="20231022 14:07:19.005" level="INFO">No context was open. New context was automatically opened when this page is created.</msg>
<status status="PASS" starttime="20231022 14:07:13.780" endtime="20231022 14:07:19.005"/>
</kw>
<kw name="Set Viewport Size" library="Browser">
<arg>1280</arg>
<arg>768</arg>
<tag>BrowserControl</tag>
<tag>Setter</tag>
<doc>Sets current Pages viewport size to specified dimensions.</doc>
<msg timestamp="20231022 14:07:19.060" level="INFO">Set viewport size to: [object Object]</msg>
<status status="PASS" starttime="20231022 14:07:19.006" endtime="20231022 14:07:19.060"/>
</kw>
<status status="PASS" starttime="20231022 14:07:11.787" endtime="20231022 14:07:19.060"/>
</kw>
<kw name="Do Login" library="Helpers">
<arg>${user}</arg>
<kw name="Go to Login form" library="meta">
<kw name="Go To" library="Browser">
<arg>${login_url}</arg>
<tag>BrowserControl</tag>
<tag>Setter</tag>
<doc>Navigates to the given ``url``.</doc>
<msg timestamp="20231022 14:07:19.809" level="INFO">Successfully opened URL https://web-geek.fly.dev</msg>
<status status="PASS" starttime="20231022 14:07:19.063" endtime="20231022 14:07:19.809"/>
</kw>
<kw name="Wait For Elements State" library="Browser">
<arg>${element_form}</arg>
<arg>visible</arg>
<arg>5</arg>
<tag>PageContent</tag>
<tag>Wait</tag>
<doc>Waits for the element found by ``selector`` to satisfy state option.</doc>
<msg timestamp="20231022 14:07:19.949" level="INFO">Waited for Element with selector css=.login-form at state visible</msg>
<status status="PASS" starttime="20231022 14:07:19.810" endtime="20231022 14:07:19.949"/>
</kw>
<status status="PASS" starttime="20231022 14:07:19.062" endtime="20231022 14:07:19.949"/>
</kw>
<kw name="Fill Credentials" library="meta">
<arg>${user}</arg>
<kw name="Fill Text" library="Browser">
<arg>${input_email}</arg>
<arg>${user}[email]</arg>
<tag>PageContent</tag>
<tag>Setter</tag>
<doc>Clears and fills the given ``txt`` into the text field found by ``selector``.</doc>
<msg timestamp="20231022 14:07:19.954" level="INFO">Fills the text 'rodrigo.sagaz@gmail.com' in the given field.</msg>
<status status="PASS" starttime="20231022 14:07:19.953" endtime="20231022 14:07:20.031"/>
</kw>
<kw name="Fill Text" library="Browser">
<arg>${input_pass}</arg>
<arg>${user}[password]</arg>
<tag>PageContent</tag>
<tag>Setter</tag>
<doc>Clears and fills the given ``txt`` into the text field found by ``selector``.</doc>
<msg timestamp="20231022 14:07:20.033" level="INFO">Fills the text 'Kika1234' in the given field.</msg>
<status status="PASS" starttime="20231022 14:07:20.032" endtime="20231022 14:07:20.080"/>
</kw>
<status status="PASS" starttime="20231022 14:07:19.950" endtime="20231022 14:07:20.080"/>
</kw>
<kw name="Submit Credentials" library="meta">
<kw name="Click" library="Browser">
<arg>${btn_signin_submit}</arg>
<tag>PageContent</tag>
<tag>Setter</tag>
<doc>Simulates mouse click on the element found by ``selector``.</doc>
<status status="PASS" starttime="20231022 14:07:20.083" endtime="20231022 14:07:20.197"/>
</kw>
<status status="PASS" starttime="20231022 14:07:20.081" endtime="20231022 14:07:20.198"/>
</kw>
<kw name="User shold Be Logged in" library="meta">
<arg>${user}</arg>
<kw name="Set Variable" library="BuiltIn">
<var>${fullName}</var>
<arg>${user}[name] ${user}[lastname]</arg>
<doc>Returns the given values which can then be assigned to a variables.</doc>
<msg timestamp="20231022 14:07:20.200" level="INFO">${fullName} = Rodrigo Sagaz</msg>
<status status="PASS" starttime="20231022 14:07:20.199" endtime="20231022 14:07:20.200"/>
</kw>
<kw name="Wait For Elements State" library="Browser">
<arg>${element_home}</arg>
<arg>visible</arg>
<arg>5</arg>
<tag>PageContent</tag>
<tag>Wait</tag>
<doc>Waits for the element found by ``selector`` to satisfy state option.</doc>
<msg timestamp="20231022 14:07:25.535" level="INFO" html="true">&lt;/td&gt;&lt;/tr&gt;&lt;tr&gt;&lt;td colspan="3"&gt;&lt;a href="browser/screenshot/fail-screenshot-1.png"&gt;&lt;img src="browser/screenshot/fail-screenshot-1.png" width="800px"&gt;&lt;/a&gt;</msg>
<msg timestamp="20231022 14:07:25.536" level="FAIL">TimeoutError: locator.waitFor: Timeout 5000ms exceeded.
=========================== logs ===========================
waiting for locator('a[href="/profile"]') to be visible
============================================================
Tip: Use "Set Browser Timeout" for increasing the timeout or double check your locator as the targeted element(s) couldn't be found.</msg>
<status status="FAIL" starttime="20231022 14:07:20.201" endtime="20231022 14:07:25.541"/>
</kw>
<kw name="Get Text" library="Browser">
<arg>${element_home}</arg>
<arg>equal</arg>
<arg>${fullName}</arg>
<tag>Assertion</tag>
<tag>Getter</tag>
<tag>PageContent</tag>
<doc>Returns text attribute of the element found by ``selector``.</doc>
<status status="NOT RUN" starttime="20231022 14:07:25.543" endtime="20231022 14:07:25.543"/>
</kw>
<status status="FAIL" starttime="20231022 14:07:20.198" endtime="20231022 14:07:25.543"/>
</kw>
<status status="FAIL" starttime="20231022 14:07:19.061" endtime="20231022 14:07:25.543"/>
</kw>
<kw name="Go to Geek form" library="meta">
<status status="NOT RUN" starttime="20231022 14:07:25.544" endtime="20231022 14:07:25.544"/>
</kw>
<status status="FAIL" starttime="20231022 14:07:11.784" endtime="20231022 14:07:25.544"/>
</kw>
<test id="s1-s1-t1" name="Short desc" line="20">
<status status="FAIL" starttime="20231022 14:07:25.545" endtime="20231022 14:07:25.554">Parent suite setup failed:
TimeoutError: locator.waitFor: Timeout 5000ms exceeded.
=========================== logs ===========================
waiting for locator('a[href="/profile"]') to be visible
============================================================
Tip: Use "Set Browser Timeout" for increasing the timeout or double check your locator as the targeted element(s) couldn't be found.</status>
</test>
<test id="s1-s1-t2" name="Long desc" line="21">
<status status="FAIL" starttime="20231022 14:07:25.563" endtime="20231022 14:07:25.615">Parent suite setup failed:
TimeoutError: locator.waitFor: Timeout 5000ms exceeded.
=========================== logs ===========================
waiting for locator('a[href="/profile"]') to be visible
============================================================
Tip: Use "Set Browser Timeout" for increasing the timeout or double check your locator as the targeted element(s) couldn't be found.</status>
</test>
<test id="s1-s1-t3" name="Empty Desc" line="22">
<status status="FAIL" starttime="20231022 14:07:25.623" endtime="20231022 14:07:25.633">Parent suite setup failed:
TimeoutError: locator.waitFor: Timeout 5000ms exceeded.
=========================== logs ===========================
waiting for locator('a[href="/profile"]') to be visible
============================================================
Tip: Use "Set Browser Timeout" for increasing the timeout or double check your locator as the targeted element(s) couldn't be found.</status>
</test>
<test id="s1-s1-t4" name="All Number empty" line="25">
<status status="FAIL" starttime="20231022 14:07:25.644" endtime="20231022 14:07:25.650">Parent suite setup failed:
TimeoutError: locator.waitFor: Timeout 5000ms exceeded.
=========================== logs ===========================
waiting for locator('a[href="/profile"]') to be visible
============================================================
Tip: Use "Set Browser Timeout" for increasing the timeout or double check your locator as the targeted element(s) couldn't be found.</status>
</test>
<test id="s1-s1-t5" name="DDD empty" line="26">
<status status="FAIL" starttime="20231022 14:07:25.659" endtime="20231022 14:07:25.667">Parent suite setup failed:
TimeoutError: locator.waitFor: Timeout 5000ms exceeded.
=========================== logs ===========================
waiting for locator('a[href="/profile"]') to be visible
============================================================
Tip: Use "Set Browser Timeout" for increasing the timeout or double check your locator as the targeted element(s) couldn't be found.</status>
</test>
<test id="s1-s1-t6" name="Just Number empty" line="27">
<status status="FAIL" starttime="20231022 14:07:25.675" endtime="20231022 14:07:25.682">Parent suite setup failed:
TimeoutError: locator.waitFor: Timeout 5000ms exceeded.
=========================== logs ===========================
waiting for locator('a[href="/profile"]') to be visible
============================================================
Tip: Use "Set Browser Timeout" for increasing the timeout or double check your locator as the targeted element(s) couldn't be found.</status>
</test>
<test id="s1-s1-t7" name="Cost letters" line="30">
<status status="FAIL" starttime="20231022 14:07:25.688" endtime="20231022 14:07:25.697">Parent suite setup failed:
TimeoutError: locator.waitFor: Timeout 5000ms exceeded.
=========================== logs ===========================
waiting for locator('a[href="/profile"]') to be visible
============================================================
Tip: Use "Set Browser Timeout" for increasing the timeout or double check your locator as the targeted element(s) couldn't be found.</status>
</test>
<test id="s1-s1-t8" name="Cost Alpha" line="31">
<status status="FAIL" starttime="20231022 14:07:25.703" endtime="20231022 14:07:25.709">Parent suite setup failed:
TimeoutError: locator.waitFor: Timeout 5000ms exceeded.
=========================== logs ===========================
waiting for locator('a[href="/profile"]') to be visible
============================================================
Tip: Use "Set Browser Timeout" for increasing the timeout or double check your locator as the targeted element(s) couldn't be found.</status>
</test>
<test id="s1-s1-t9" name="Cost SpecialChars" line="32">
<status status="FAIL" starttime="20231022 14:07:25.717" endtime="20231022 14:07:25.726">Parent suite setup failed:
TimeoutError: locator.waitFor: Timeout 5000ms exceeded.
=========================== logs ===========================
waiting for locator('a[href="/profile"]') to be visible
============================================================
Tip: Use "Set Browser Timeout" for increasing the timeout or double check your locator as the targeted element(s) couldn't be found.</status>
</test>
<test id="s1-s1-t10" name="Empty Cost" line="33">
<status status="FAIL" starttime="20231022 14:07:25.734" endtime="20231022 14:07:25.740">Parent suite setup failed:
TimeoutError: locator.waitFor: Timeout 5000ms exceeded.
=========================== logs ===========================
waiting for locator('a[href="/profile"]') to be visible
============================================================
Tip: Use "Set Browser Timeout" for increasing the timeout or double check your locator as the targeted element(s) couldn't be found.</status>
</test>
<doc>Geek Attempt Test Suite</doc>
<status status="FAIL" starttime="20231022 14:07:09.031" endtime="20231022 14:07:25.746">Suite setup failed:
TimeoutError: locator.waitFor: Timeout 5000ms exceeded.
=========================== logs ===========================
waiting for locator('a[href="/profile"]') to be visible
============================================================
Tip: Use "Set Browser Timeout" for increasing the timeout or double check your locator as the targeted element(s) couldn't be found.</status>
</suite>
<status status="FAIL" starttime="20231022 14:07:09.000" endtime="20231022 14:07:25.822"/>
</suite>
<statistics>
<total>
<stat pass="0" fail="10" skip="0">All Tests</stat>
</total>
<tag>
</tag>
<suite>
<stat pass="0" fail="10" skip="0" id="s1" name="Tests">Tests</stat>
<stat pass="0" fail="10" skip="0" id="s1-s1" name="4.AttemptBeGeek">Tests.4.AttemptBeGeek</stat>
</suite>
</statistics>
<errors>
</errors>
</robot>
