<?xml version="1.0" encoding="UTF-8"?>
<robot generator="Robot 6.1 (Python 3.11.4 on win32)" generated="20231021 19:46:26.258" rpa="false" schemaversion="4">
<suite id="s1" name="Tests" source="D:\OneDrive - Novabase\Documents\1.AutomaticTests\robot_framework--advanced\Frontend\tests">
<suite id="s1-s1" name="4.AttemptBeGeek" source="D:\OneDrive - Novabase\Documents\1.AutomaticTests\robot_framework--advanced\Frontend\tests\4.AttemptBeGeek.robot">
<kw name="Start Session For Attempt Be geek" library="meta" type="SETUP">
<kw name="Factory User" library="Users">
<var>${user}</var>
<arg>attempt_geek</arg>
<msg timestamp="20231021 19:46:32.536" level="INFO">${user} = {'name': 'Rodrigo', 'lastname': 'Sagaz', 'email': 'rodrigo.sagaz@gmail.com', 'password': 'Kika1234', 'geek_profile': {'whats': '11999999999', 'desc': 'There is no one who loves pain itself, who seeks ...</msg>
<status status="PASS" starttime="20231021 19:46:32.534" endtime="20231021 19:46:32.536"/>
</kw>
<kw name="Start Session" library="Base">
<kw name="New Browser" library="Browser">
<arg>chromium</arg>
<arg>headless=True</arg>
<arg>slowMo=00:00:00</arg>
<tag>BrowserControl</tag>
<tag>Setter</tag>
<doc>Create a new playwright Browser with specified options.</doc>
<msg timestamp="20231021 19:46:32.539" level="INFO">{"browser": "chromium", "headless": true, "devtools": false, "handleSIGHUP": true, "handleSIGINT": true, "handleSIGTERM": true, "slowMo": 0.0, "timeout": 30000.0, "deprecated_pos_args": [], "tracesDir": "D:\\OneDrive - Novabase\\Documents\\1.AutomaticTests\\robot_framework--advanced\\Frontend\\logs\\pabot_results\\3\\browser\\traces\\2170c898-7eeb-4db9-8fdf-b0f835b50817"}</msg>
<msg timestamp="20231021 19:46:36.842" level="INFO">Successfully created browser with options: {"browser":"chromium","headless":true,"devtools":false,"handleSIGHUP":true,"handleSIGINT":true,"handleSIGTERM":true,"slowMo":0,"timeout":30000,"deprecated_pos_args":[],"tracesDir":"D:\\OneDrive - Novabase\\Documents\\1.AutomaticTests\\robot_framework--advanced\\Frontend\\logs\\pabot_results\\3\\browser\\traces\\2170c898-7eeb-4db9-8fdf-b0f835b50817"}</msg>
<status status="PASS" starttime="20231021 19:46:32.537" endtime="20231021 19:46:36.843"/>
</kw>
<kw name="New Page" library="Browser">
<arg>${BASE_URL}</arg>
<tag>BrowserControl</tag>
<tag>Setter</tag>
<doc>Open a new Page.</doc>
<msg timestamp="20231021 19:46:42.494" level="INFO">Successfully initialized new page object and opened url: https://web-geek.fly.dev</msg>
<msg timestamp="20231021 19:46:42.495" level="INFO">No context was open. New context was automatically opened when this page is created.</msg>
<status status="PASS" starttime="20231021 19:46:36.844" endtime="20231021 19:46:42.495"/>
</kw>
<kw name="Set Viewport Size" library="Browser">
<arg>1280</arg>
<arg>768</arg>
<tag>BrowserControl</tag>
<tag>Setter</tag>
<doc>Sets current Pages viewport size to specified dimensions.</doc>
<msg timestamp="20231021 19:46:42.504" level="INFO">Set viewport size to: [object Object]</msg>
<status status="PASS" starttime="20231021 19:46:42.496" endtime="20231021 19:46:42.504"/>
</kw>
<status status="PASS" starttime="20231021 19:46:32.536" endtime="20231021 19:46:42.506"/>
</kw>
<kw name="Do Login" library="Helpers">
<arg>${user}</arg>
<kw name="Go to Login form" library="meta">
<kw name="Go To" library="Browser">
<arg>${login_url}</arg>
<tag>BrowserControl</tag>
<tag>Setter</tag>
<doc>Navigates to the given ``url``.</doc>
<msg timestamp="20231021 19:46:43.290" level="INFO">Successfully opened URL https://web-geek.fly.dev</msg>
<status status="PASS" starttime="20231021 19:46:42.508" endtime="20231021 19:46:43.291"/>
</kw>
<kw name="Wait For Elements State" library="Browser">
<arg>${element_form}</arg>
<arg>visible</arg>
<arg>5</arg>
<tag>PageContent</tag>
<tag>Wait</tag>
<doc>Waits for the element found by ``selector`` to satisfy state option.</doc>
<msg timestamp="20231021 19:46:43.349" level="INFO">Waited for Element with selector css=.login-form at state visible</msg>
<status status="PASS" starttime="20231021 19:46:43.291" endtime="20231021 19:46:43.349"/>
</kw>
<status status="PASS" starttime="20231021 19:46:42.507" endtime="20231021 19:46:43.349"/>
</kw>
<kw name="Fill Credentials" library="meta">
<arg>${user}</arg>
<kw name="Fill Text" library="Browser">
<arg>${input_email}</arg>
<arg>${user}[email]</arg>
<tag>PageContent</tag>
<tag>Setter</tag>
<doc>Clears and fills the given ``txt`` into the text field found by ``selector``.</doc>
<msg timestamp="20231021 19:46:43.351" level="INFO">Fills the text 'rodrigo.sagaz@gmail.com' in the given field.</msg>
<status status="PASS" starttime="20231021 19:46:43.350" endtime="20231021 19:46:43.389"/>
</kw>
<kw name="Fill Text" library="Browser">
<arg>${input_pass}</arg>
<arg>${user}[password]</arg>
<tag>PageContent</tag>
<tag>Setter</tag>
<doc>Clears and fills the given ``txt`` into the text field found by ``selector``.</doc>
<msg timestamp="20231021 19:46:43.390" level="INFO">Fills the text 'Kika1234' in the given field.</msg>
<status status="PASS" starttime="20231021 19:46:43.390" endtime="20231021 19:46:43.418"/>
</kw>
<status status="PASS" starttime="20231021 19:46:43.350" endtime="20231021 19:46:43.418"/>
</kw>
<kw name="Submit Credentials" library="meta">
<kw name="Click" library="Browser">
<arg>${btn_signin_submit}</arg>
<tag>PageContent</tag>
<tag>Setter</tag>
<doc>Simulates mouse click on the element found by ``selector``.</doc>
<status status="PASS" starttime="20231021 19:46:43.418" endtime="20231021 19:46:43.503"/>
</kw>
<status status="PASS" starttime="20231021 19:46:43.418" endtime="20231021 19:46:43.504"/>
</kw>
<kw name="User shold Be Logged in" library="meta">
<arg>${user}</arg>
<kw name="Set Variable" library="BuiltIn">
<var>${fullName}</var>
<arg>${user}[name] ${user}[lastname]</arg>
<doc>Returns the given values which can then be assigned to a variables.</doc>
<msg timestamp="20231021 19:46:43.505" level="INFO">${fullName} = Rodrigo Sagaz</msg>
<status status="PASS" starttime="20231021 19:46:43.505" endtime="20231021 19:46:43.506"/>
</kw>
<kw name="Wait For Elements State" library="Browser">
<arg>${element_home}</arg>
<arg>visible</arg>
<arg>5</arg>
<tag>PageContent</tag>
<tag>Wait</tag>
<doc>Waits for the element found by ``selector`` to satisfy state option.</doc>
<msg timestamp="20231021 19:46:48.834" level="INFO" html="true">&lt;/td&gt;&lt;/tr&gt;&lt;tr&gt;&lt;td colspan="3"&gt;&lt;a href="browser/screenshot/fail-screenshot-1.png"&gt;&lt;img src="browser/screenshot/fail-screenshot-1.png" width="800px"&gt;&lt;/a&gt;</msg>
<msg timestamp="20231021 19:46:48.834" level="FAIL">TimeoutError: locator.waitFor: Timeout 5000ms exceeded.
=========================== logs ===========================
waiting for locator('a[href="/profile"]') to be visible
============================================================
Tip: Use "Set Browser Timeout" for increasing the timeout or double check your locator as the targeted element(s) couldn't be found.</msg>
<status status="FAIL" starttime="20231021 19:46:43.506" endtime="20231021 19:46:48.841"/>
</kw>
<kw name="Get Text" library="Browser">
<arg>${element_home}</arg>
<arg>equal</arg>
<arg>${fullName}</arg>
<tag>Assertion</tag>
<tag>Getter</tag>
<tag>PageContent</tag>
<doc>Returns text attribute of the element found by ``selector``.</doc>
<status status="NOT RUN" starttime="20231021 19:46:48.842" endtime="20231021 19:46:48.842"/>
</kw>
<status status="FAIL" starttime="20231021 19:46:43.504" endtime="20231021 19:46:48.843"/>
</kw>
<status status="FAIL" starttime="20231021 19:46:42.506" endtime="20231021 19:46:48.843"/>
</kw>
<kw name="Go to Geek form" library="meta">
<status status="NOT RUN" starttime="20231021 19:46:48.844" endtime="20231021 19:46:48.844"/>
</kw>
<status status="FAIL" starttime="20231021 19:46:32.532" endtime="20231021 19:46:48.844"/>
</kw>
<test id="s1-s1-t1" name="Short desc" line="20">
<status status="FAIL" starttime="20231021 19:46:48.845" endtime="20231021 19:46:48.855">Parent suite setup failed:
TimeoutError: locator.waitFor: Timeout 5000ms exceeded.
=========================== logs ===========================
waiting for locator('a[href="/profile"]') to be visible
============================================================
Tip: Use "Set Browser Timeout" for increasing the timeout or double check your locator as the targeted element(s) couldn't be found.</status>
</test>
<test id="s1-s1-t2" name="Long desc" line="21">
<status status="FAIL" starttime="20231021 19:46:48.869" endtime="20231021 19:46:48.905">Parent suite setup failed:
TimeoutError: locator.waitFor: Timeout 5000ms exceeded.
=========================== logs ===========================
waiting for locator('a[href="/profile"]') to be visible
============================================================
Tip: Use "Set Browser Timeout" for increasing the timeout or double check your locator as the targeted element(s) couldn't be found.</status>
</test>
<test id="s1-s1-t3" name="Empty Desc" line="22">
<status status="FAIL" starttime="20231021 19:46:48.913" endtime="20231021 19:46:48.923">Parent suite setup failed:
TimeoutError: locator.waitFor: Timeout 5000ms exceeded.
=========================== logs ===========================
waiting for locator('a[href="/profile"]') to be visible
============================================================
Tip: Use "Set Browser Timeout" for increasing the timeout or double check your locator as the targeted element(s) couldn't be found.</status>
</test>
<test id="s1-s1-t4" name="All Number empty" line="25">
<status status="FAIL" starttime="20231021 19:46:48.932" endtime="20231021 19:46:48.939">Parent suite setup failed:
TimeoutError: locator.waitFor: Timeout 5000ms exceeded.
=========================== logs ===========================
waiting for locator('a[href="/profile"]') to be visible
============================================================
Tip: Use "Set Browser Timeout" for increasing the timeout or double check your locator as the targeted element(s) couldn't be found.</status>
</test>
<test id="s1-s1-t5" name="DDD empty" line="26">
<status status="FAIL" starttime="20231021 19:46:48.947" endtime="20231021 19:46:48.959">Parent suite setup failed:
TimeoutError: locator.waitFor: Timeout 5000ms exceeded.
=========================== logs ===========================
waiting for locator('a[href="/profile"]') to be visible
============================================================
Tip: Use "Set Browser Timeout" for increasing the timeout or double check your locator as the targeted element(s) couldn't be found.</status>
</test>
<test id="s1-s1-t6" name="Just Number empty" line="27">
<status status="FAIL" starttime="20231021 19:46:48.968" endtime="20231021 19:46:48.975">Parent suite setup failed:
TimeoutError: locator.waitFor: Timeout 5000ms exceeded.
=========================== logs ===========================
waiting for locator('a[href="/profile"]') to be visible
============================================================
Tip: Use "Set Browser Timeout" for increasing the timeout or double check your locator as the targeted element(s) couldn't be found.</status>
</test>
<test id="s1-s1-t7" name="Cost letters" line="30">
<status status="FAIL" starttime="20231021 19:46:48.983" endtime="20231021 19:46:48.990">Parent suite setup failed:
TimeoutError: locator.waitFor: Timeout 5000ms exceeded.
=========================== logs ===========================
waiting for locator('a[href="/profile"]') to be visible
============================================================
Tip: Use "Set Browser Timeout" for increasing the timeout or double check your locator as the targeted element(s) couldn't be found.</status>
</test>
<test id="s1-s1-t8" name="Cost Alpha" line="31">
<status status="FAIL" starttime="20231021 19:46:48.997" endtime="20231021 19:46:49.004">Parent suite setup failed:
TimeoutError: locator.waitFor: Timeout 5000ms exceeded.
=========================== logs ===========================
waiting for locator('a[href="/profile"]') to be visible
============================================================
Tip: Use "Set Browser Timeout" for increasing the timeout or double check your locator as the targeted element(s) couldn't be found.</status>
</test>
<test id="s1-s1-t9" name="Cost SpecialChars" line="32">
<status status="FAIL" starttime="20231021 19:46:49.011" endtime="20231021 19:46:49.021">Parent suite setup failed:
TimeoutError: locator.waitFor: Timeout 5000ms exceeded.
=========================== logs ===========================
waiting for locator('a[href="/profile"]') to be visible
============================================================
Tip: Use "Set Browser Timeout" for increasing the timeout or double check your locator as the targeted element(s) couldn't be found.</status>
</test>
<test id="s1-s1-t10" name="Empty Cost" line="33">
<status status="FAIL" starttime="20231021 19:46:49.027" endtime="20231021 19:46:49.036">Parent suite setup failed:
TimeoutError: locator.waitFor: Timeout 5000ms exceeded.
=========================== logs ===========================
waiting for locator('a[href="/profile"]') to be visible
============================================================
Tip: Use "Set Browser Timeout" for increasing the timeout or double check your locator as the targeted element(s) couldn't be found.</status>
</test>
<doc>Geek Attempt Test Suite</doc>
<status status="FAIL" starttime="20231021 19:46:26.433" endtime="20231021 19:46:49.043">Suite setup failed:
TimeoutError: locator.waitFor: Timeout 5000ms exceeded.
=========================== logs ===========================
waiting for locator('a[href="/profile"]') to be visible
============================================================
Tip: Use "Set Browser Timeout" for increasing the timeout or double check your locator as the targeted element(s) couldn't be found.</status>
</suite>
<status status="FAIL" starttime="20231021 19:46:26.291" endtime="20231021 19:46:49.106"/>
</suite>
<statistics>
<total>
<stat pass="0" fail="10" skip="0">All Tests</stat>
</total>
<tag>
</tag>
<suite>
<stat pass="0" fail="10" skip="0" id="s1" name="Tests">Tests</stat>
<stat pass="0" fail="10" skip="0" id="s1-s1" name="4.AttemptBeGeek">Tests.4.AttemptBeGeek</stat>
</suite>
</statistics>
<errors>
</errors>
</robot>
