<?xml version="1.0" encoding="UTF-8"?>
<robot generator="Robot 6.1 (Python 3.11.4 on win32)" generated="20231010 20:16:05.484" rpa="false" schemaversion="4">
<suite id="s1" name="Tests" source="D:\OneDrive - Novabase\Documents\1.AutomaticTests\robot_framework--advanced\Frontend\tests">
<suite id="s1-s1" name="4.AttemptBeGeek" source="D:\OneDrive - Novabase\Documents\1.AutomaticTests\robot_framework--advanced\Frontend\tests\4.AttemptBeGeek.robot">
<kw name="Start Session For Attempt Be geek" library="meta" type="SETUP">
<kw name="Factory User" library="Users">
<var>${user}</var>
<arg>attempt_geek</arg>
<msg timestamp="20231010 20:16:08.099" level="INFO">${user} = {'name': 'Rodrigo', 'lastname': 'Sagaz', 'email': 'rodrigo.sagaz@gmail.com', 'password': 'Kika1234', 'geek_profile': {'whats': '11999999999', 'desc': 'There is no one who loves pain itself, who seeks ...</msg>
<status status="PASS" starttime="20231010 20:16:08.097" endtime="20231010 20:16:08.099"/>
</kw>
<kw name="Start Session" library="Base">
<kw name="New Browser" library="Browser">
<arg>chromium</arg>
<arg>headless=True</arg>
<arg>slowMo=00:00:00</arg>
<tag>BrowserControl</tag>
<tag>Setter</tag>
<doc>Create a new playwright Browser with specified options.</doc>
<msg timestamp="20231010 20:16:08.102" level="INFO">{"browser": "chromium", "headless": true, "devtools": false, "handleSIGHUP": true, "handleSIGINT": true, "handleSIGTERM": true, "slowMo": 0.0, "timeout": 30000.0, "deprecated_pos_args": [], "tracesDir": "D:\\OneDrive - Novabase\\Documents\\1.AutomaticTests\\robot_framework--advanced\\Frontend\\logs\\pabot_results\\3\\browser\\traces\\8b9d8be9-7d8f-44b9-b984-053e00979dab"}</msg>
<msg timestamp="20231010 20:16:10.681" level="INFO">Successfully created browser with options: {"browser":"chromium","headless":true,"devtools":false,"handleSIGHUP":true,"handleSIGINT":true,"handleSIGTERM":true,"slowMo":0,"timeout":30000,"deprecated_pos_args":[],"tracesDir":"D:\\OneDrive - Novabase\\Documents\\1.AutomaticTests\\robot_framework--advanced\\Frontend\\logs\\pabot_results\\3\\browser\\traces\\8b9d8be9-7d8f-44b9-b984-053e00979dab"}</msg>
<status status="PASS" starttime="20231010 20:16:08.100" endtime="20231010 20:16:10.681"/>
</kw>
<kw name="New Page" library="Browser">
<arg>${BASE_URL}</arg>
<tag>BrowserControl</tag>
<tag>Setter</tag>
<doc>Open a new Page.</doc>
<msg timestamp="20231010 20:16:14.272" level="INFO">Successfully initialized new page object and opened url: https://web-geek.fly.dev</msg>
<msg timestamp="20231010 20:16:14.272" level="INFO">No context was open. New context was automatically opened when this page is created.</msg>
<status status="PASS" starttime="20231010 20:16:10.682" endtime="20231010 20:16:14.272"/>
</kw>
<kw name="Set Viewport Size" library="Browser">
<arg>1280</arg>
<arg>768</arg>
<tag>BrowserControl</tag>
<tag>Setter</tag>
<doc>Sets current Pages viewport size to specified dimensions.</doc>
<msg timestamp="20231010 20:16:14.348" level="INFO">Set viewport size to: [object Object]</msg>
<status status="PASS" starttime="20231010 20:16:14.273" endtime="20231010 20:16:14.348"/>
</kw>
<status status="PASS" starttime="20231010 20:16:08.100" endtime="20231010 20:16:14.349"/>
</kw>
<kw name="Do Login" library="Helpers">
<arg>${user}</arg>
<kw name="Go to Login form" library="meta">
<kw name="Go To" library="Browser">
<arg>${login_url}</arg>
<tag>BrowserControl</tag>
<tag>Setter</tag>
<doc>Navigates to the given ``url``.</doc>
<msg timestamp="20231010 20:16:15.122" level="INFO">Successfully opened URL https://web-geek.fly.dev</msg>
<status status="PASS" starttime="20231010 20:16:14.352" endtime="20231010 20:16:15.122"/>
</kw>
<kw name="Wait For Elements State" library="Browser">
<arg>${element_form}</arg>
<arg>visible</arg>
<arg>5</arg>
<tag>PageContent</tag>
<tag>Wait</tag>
<doc>Waits for the element found by ``selector`` to satisfy state option.</doc>
<msg timestamp="20231010 20:16:15.187" level="INFO">Waited for Element with selector css=.login-form at state visible</msg>
<status status="PASS" starttime="20231010 20:16:15.123" endtime="20231010 20:16:15.187"/>
</kw>
<status status="PASS" starttime="20231010 20:16:14.350" endtime="20231010 20:16:15.188"/>
</kw>
<kw name="Fill Credentials" library="meta">
<arg>${user}</arg>
<kw name="Fill Text" library="Browser">
<arg>${input_email}</arg>
<arg>${user}[email]</arg>
<tag>PageContent</tag>
<tag>Setter</tag>
<doc>Clears and fills the given ``txt`` into the text field found by ``selector``.</doc>
<msg timestamp="20231010 20:16:15.191" level="INFO">Fills the text 'rodrigo.sagaz@gmail.com' in the given field.</msg>
<status status="PASS" starttime="20231010 20:16:15.190" endtime="20231010 20:16:15.250"/>
</kw>
<kw name="Fill Text" library="Browser">
<arg>${input_pass}</arg>
<arg>${user}[password]</arg>
<tag>PageContent</tag>
<tag>Setter</tag>
<doc>Clears and fills the given ``txt`` into the text field found by ``selector``.</doc>
<msg timestamp="20231010 20:16:15.251" level="INFO">Fills the text 'Kika1234' in the given field.</msg>
<status status="PASS" starttime="20231010 20:16:15.250" endtime="20231010 20:16:15.283"/>
</kw>
<status status="PASS" starttime="20231010 20:16:15.188" endtime="20231010 20:16:15.283"/>
</kw>
<kw name="Submit Credentials" library="meta">
<kw name="Click" library="Browser">
<arg>${btn_signin_submit}</arg>
<tag>PageContent</tag>
<tag>Setter</tag>
<doc>Simulates mouse click on the element found by ``selector``.</doc>
<status status="PASS" starttime="20231010 20:16:15.285" endtime="20231010 20:16:15.366"/>
</kw>
<status status="PASS" starttime="20231010 20:16:15.284" endtime="20231010 20:16:15.367"/>
</kw>
<kw name="User shold Be Logged in" library="meta">
<arg>${user}</arg>
<kw name="Set Variable" library="BuiltIn">
<var>${fullName}</var>
<arg>${user}[name] ${user}[lastname]</arg>
<doc>Returns the given values which can then be assigned to a variables.</doc>
<msg timestamp="20231010 20:16:15.369" level="INFO">${fullName} = Rodrigo Sagaz</msg>
<status status="PASS" starttime="20231010 20:16:15.368" endtime="20231010 20:16:15.369"/>
</kw>
<kw name="Wait For Elements State" library="Browser">
<arg>${element_home}</arg>
<arg>visible</arg>
<arg>5</arg>
<tag>PageContent</tag>
<tag>Wait</tag>
<doc>Waits for the element found by ``selector`` to satisfy state option.</doc>
<msg timestamp="20231010 20:16:16.722" level="INFO">Waited for Element with selector a[href="/profile"] at state visible</msg>
<status status="PASS" starttime="20231010 20:16:15.369" endtime="20231010 20:16:16.722"/>
</kw>
<kw name="Get Text" library="Browser">
<arg>${element_home}</arg>
<arg>equal</arg>
<arg>${fullName}</arg>
<tag>Assertion</tag>
<tag>Getter</tag>
<tag>PageContent</tag>
<doc>Returns text attribute of the element found by ``selector``.</doc>
<status status="PASS" starttime="20231010 20:16:16.723" endtime="20231010 20:16:16.772"/>
</kw>
<status status="PASS" starttime="20231010 20:16:15.367" endtime="20231010 20:16:16.772"/>
</kw>
<status status="PASS" starttime="20231010 20:16:14.349" endtime="20231010 20:16:16.773"/>
</kw>
<kw name="Go to Geek form" library="meta">
<kw name="Click" library="Browser">
<arg>${btn_be_geek}</arg>
<tag>PageContent</tag>
<tag>Setter</tag>
<doc>Simulates mouse click on the element found by ``selector``.</doc>
<status status="PASS" starttime="20231010 20:16:16.774" endtime="20231010 20:16:16.862"/>
</kw>
<kw name="Wait For Elements State" library="Browser">
<arg>${element_geek_form}</arg>
<arg>visible</arg>
<arg>5</arg>
<tag>PageContent</tag>
<tag>Wait</tag>
<doc>Waits for the element found by ``selector`` to satisfy state option.</doc>
<msg timestamp="20231010 20:16:16.872" level="INFO">Waited for Element with selector css=.be-geek-form at state visible</msg>
<status status="PASS" starttime="20231010 20:16:16.863" endtime="20231010 20:16:16.873"/>
</kw>
<status status="PASS" starttime="20231010 20:16:16.773" endtime="20231010 20:16:16.873"/>
</kw>
<status status="PASS" starttime="20231010 20:16:08.096" endtime="20231010 20:16:16.873"/>
</kw>
<test id="s1-s1-t1" name="Short desc" line="20">
<kw name="Attempt Be a Geek" library="meta">
<arg>desc</arg>
<arg>${short_desc}</arg>
<arg>A descrição deve ter no minimo 80 caracteres</arg>
<kw name="Factory User" library="Users">
<var>${user}</var>
<arg>attempt_geek</arg>
<msg timestamp="20231010 20:16:16.883" level="INFO">${user} = {'name': 'Rodrigo', 'lastname': 'Sagaz', 'email': 'rodrigo.sagaz@gmail.com', 'password': 'Kika1234', 'geek_profile': {'whats': '11999999999', 'desc': 'There is no one who loves pain itself, who seeks ...</msg>
<status status="PASS" starttime="20231010 20:16:16.881" endtime="20231010 20:16:16.883"/>
</kw>
<kw name="Set To Dictionary" library="Collections">
<arg>${user}[geek_profile]</arg>
<arg>${key}</arg>
<arg>${input_field}</arg>
<doc>Adds the given ``key_value_pairs`` and/or ``items`` to the ``dictionary``.</doc>
<status status="PASS" starttime="20231010 20:16:16.883" endtime="20231010 20:16:16.884"/>
</kw>
<kw name="Fill Geek Forms" library="meta">
<arg>${user}[geek_profile]</arg>
<kw name="Fill Text" library="Browser">
<arg>${input_whats}</arg>
<arg>${geek_profile}[whats]</arg>
<tag>PageContent</tag>
<tag>Setter</tag>
<doc>Clears and fills the given ``txt`` into the text field found by ``selector``.</doc>
<msg timestamp="20231010 20:16:16.886" level="INFO">Fills the text '11999999999' in the given field.</msg>
<status status="PASS" starttime="20231010 20:16:16.885" endtime="20231010 20:16:16.906"/>
</kw>
<kw name="Fill Text" library="Browser">
<arg>${input_desc}</arg>
<arg>${geek_profile}[desc]</arg>
<tag>PageContent</tag>
<tag>Setter</tag>
<doc>Clears and fills the given ``txt`` into the text field found by ``selector``.</doc>
<msg timestamp="20231010 20:16:16.907" level="INFO">Fills the text 'Sou monossilábico.' in the given field.</msg>
<status status="PASS" starttime="20231010 20:16:16.907" endtime="20231010 20:16:16.927"/>
</kw>
<if>
<branch type="IF" condition="'${geek_profile}[printer_repair]'">
<kw name="Select Options By" library="Browser">
<arg>${input_printer_repair}</arg>
<arg>value</arg>
<arg>${geek_profile}[printer_repair]</arg>
<tag>PageContent</tag>
<tag>Setter</tag>
<doc>Selects options from select element found by ``selector``.</doc>
<status status="PASS" starttime="20231010 20:16:16.928" endtime="20231010 20:16:16.962"/>
</kw>
<status status="PASS" starttime="20231010 20:16:16.928" endtime="20231010 20:16:16.963"/>
</branch>
<status status="PASS" starttime="20231010 20:16:16.927" endtime="20231010 20:16:16.963"/>
</if>
<if>
<branch type="IF" condition="'${geek_profile}[work]'">
<kw name="Select Options By" library="Browser">
<arg>${input_work}</arg>
<arg>text</arg>
<arg>${geek_profile}[work]</arg>
<tag>PageContent</tag>
<tag>Setter</tag>
<doc>Selects options from select element found by ``selector``.</doc>
<status status="PASS" starttime="20231010 20:16:16.965" endtime="20231010 20:16:17.016"/>
</kw>
<status status="PASS" starttime="20231010 20:16:16.964" endtime="20231010 20:16:17.016"/>
</branch>
<status status="PASS" starttime="20231010 20:16:16.963" endtime="20231010 20:16:17.016"/>
</if>
<kw name="Fill Text" library="Browser">
<arg>${input_cost}</arg>
<arg>${geek_profile}[cost]</arg>
<tag>PageContent</tag>
<tag>Setter</tag>
<doc>Clears and fills the given ``txt`` into the text field found by ``selector``.</doc>
<msg timestamp="20231010 20:16:17.018" level="INFO">Fills the text '500' in the given field.</msg>
<status status="PASS" starttime="20231010 20:16:17.017" endtime="20231010 20:16:17.041"/>
</kw>
<status status="PASS" starttime="20231010 20:16:16.885" endtime="20231010 20:16:17.042"/>
</kw>
<kw name="Submit Geek Form" library="meta">
<kw name="Click" library="Browser">
<arg>${btn_be_geek_submit}</arg>
<tag>PageContent</tag>
<tag>Setter</tag>
<doc>Simulates mouse click on the element found by ``selector``.</doc>
<status status="PASS" starttime="20231010 20:16:17.043" endtime="20231010 20:16:17.194"/>
</kw>
<status status="PASS" starttime="20231010 20:16:17.042" endtime="20231010 20:16:17.195"/>
</kw>
<kw name="Alert Span Should Be" library="Validations">
<arg>${output_message}</arg>
<kw name="Wait For Elements State" library="Browser">
<arg>${msg_span_error}</arg>
<arg>visible</arg>
<arg>5</arg>
<tag>PageContent</tag>
<tag>Wait</tag>
<doc>Waits for the element found by ``selector`` to satisfy state option.</doc>
<msg timestamp="20231010 20:16:17.224" level="INFO">Waited for Element with selector css=span[class=error] at state visible</msg>
<status status="PASS" starttime="20231010 20:16:17.196" endtime="20231010 20:16:17.224"/>
</kw>
<kw name="Get Text" library="Browser">
<arg>${msg_span_error}</arg>
<arg>equal</arg>
<arg>${expect_alert}</arg>
<tag>Assertion</tag>
<tag>Getter</tag>
<tag>PageContent</tag>
<doc>Returns text attribute of the element found by ``selector``.</doc>
<status status="PASS" starttime="20231010 20:16:17.224" endtime="20231010 20:16:17.475"/>
</kw>
<status status="PASS" starttime="20231010 20:16:17.195" endtime="20231010 20:16:17.475"/>
</kw>
<kw name="Take Screenshot" library="Browser">
<arg>fullPage=True</arg>
<tag>PageContent</tag>
<doc>Takes a screenshot of the current window or element and saves it to disk.</doc>
<msg timestamp="20231010 20:16:17.978" level="INFO" html="true">&lt;/td&gt;&lt;/tr&gt;&lt;tr&gt;&lt;td colspan="3"&gt;&lt;a href="browser/screenshot/robotframework-browser-screenshot-1.png"&gt;&lt;img src="browser/screenshot/robotframework-browser-screenshot-1.png" width="800px"&gt;&lt;/a&gt;</msg>
<status status="PASS" starttime="20231010 20:16:17.476" endtime="20231010 20:16:17.979"/>
</kw>
<status status="PASS" starttime="20231010 20:16:16.880" endtime="20231010 20:16:17.979"/>
</kw>
<status status="PASS" starttime="20231010 20:16:16.873" endtime="20231010 20:16:17.980"/>
</test>
<test id="s1-s1-t2" name="Long desc" line="21">
<kw name="Attempt Be a Geek" library="meta">
<arg>desc</arg>
<arg>${empty_desc}</arg>
<arg>Informe a descrição do seu trabalho</arg>
<kw name="Factory User" library="Users">
<var>${user}</var>
<arg>attempt_geek</arg>
<msg timestamp="20231010 20:16:18.001" level="INFO">${user} = {'name': 'Rodrigo', 'lastname': 'Sagaz', 'email': 'rodrigo.sagaz@gmail.com', 'password': 'Kika1234', 'geek_profile': {'whats': '11999999999', 'desc': 'There is no one who loves pain itself, who seeks ...</msg>
<status status="PASS" starttime="20231010 20:16:17.999" endtime="20231010 20:16:18.001"/>
</kw>
<kw name="Set To Dictionary" library="Collections">
<arg>${user}[geek_profile]</arg>
<arg>${key}</arg>
<arg>${input_field}</arg>
<doc>Adds the given ``key_value_pairs`` and/or ``items`` to the ``dictionary``.</doc>
<status status="PASS" starttime="20231010 20:16:18.002" endtime="20231010 20:16:18.003"/>
</kw>
<kw name="Fill Geek Forms" library="meta">
<arg>${user}[geek_profile]</arg>
<kw name="Fill Text" library="Browser">
<arg>${input_whats}</arg>
<arg>${geek_profile}[whats]</arg>
<tag>PageContent</tag>
<tag>Setter</tag>
<doc>Clears and fills the given ``txt`` into the text field found by ``selector``.</doc>
<msg timestamp="20231010 20:16:18.005" level="INFO">Fills the text '11999999999' in the given field.</msg>
<status status="PASS" starttime="20231010 20:16:18.005" endtime="20231010 20:16:18.037"/>
</kw>
<kw name="Fill Text" library="Browser">
<arg>${input_desc}</arg>
<arg>${geek_profile}[desc]</arg>
<tag>PageContent</tag>
<tag>Setter</tag>
<doc>Clears and fills the given ``txt`` into the text field found by ``selector``.</doc>
<msg timestamp="20231010 20:16:18.039" level="INFO">Fills the text '' in the given field.</msg>
<status status="PASS" starttime="20231010 20:16:18.038" endtime="20231010 20:16:18.118"/>
</kw>
<if>
<branch type="IF" condition="'${geek_profile}[printer_repair]'">
<kw name="Select Options By" library="Browser">
<arg>${input_printer_repair}</arg>
<arg>value</arg>
<arg>${geek_profile}[printer_repair]</arg>
<tag>PageContent</tag>
<tag>Setter</tag>
<doc>Selects options from select element found by ``selector``.</doc>
<status status="PASS" starttime="20231010 20:16:18.120" endtime="20231010 20:16:18.162"/>
</kw>
<status status="PASS" starttime="20231010 20:16:18.119" endtime="20231010 20:16:18.162"/>
</branch>
<status status="PASS" starttime="20231010 20:16:18.118" endtime="20231010 20:16:18.163"/>
</if>
<if>
<branch type="IF" condition="'${geek_profile}[work]'">
<kw name="Select Options By" library="Browser">
<arg>${input_work}</arg>
<arg>text</arg>
<arg>${geek_profile}[work]</arg>
<tag>PageContent</tag>
<tag>Setter</tag>
<doc>Selects options from select element found by ``selector``.</doc>
<status status="PASS" starttime="20231010 20:16:18.164" endtime="20231010 20:16:18.329"/>
</kw>
<status status="PASS" starttime="20231010 20:16:18.163" endtime="20231010 20:16:18.329"/>
</branch>
<status status="PASS" starttime="20231010 20:16:18.163" endtime="20231010 20:16:18.330"/>
</if>
<kw name="Fill Text" library="Browser">
<arg>${input_cost}</arg>
<arg>${geek_profile}[cost]</arg>
<tag>PageContent</tag>
<tag>Setter</tag>
<doc>Clears and fills the given ``txt`` into the text field found by ``selector``.</doc>
<msg timestamp="20231010 20:16:18.331" level="INFO">Fills the text '500' in the given field.</msg>
<status status="PASS" starttime="20231010 20:16:18.330" endtime="20231010 20:16:18.379"/>
</kw>
<status status="PASS" starttime="20231010 20:16:18.003" endtime="20231010 20:16:18.379"/>
</kw>
<kw name="Submit Geek Form" library="meta">
<kw name="Click" library="Browser">
<arg>${btn_be_geek_submit}</arg>
<tag>PageContent</tag>
<tag>Setter</tag>
<doc>Simulates mouse click on the element found by ``selector``.</doc>
<status status="PASS" starttime="20231010 20:16:18.380" endtime="20231010 20:16:18.482"/>
</kw>
<status status="PASS" starttime="20231010 20:16:18.379" endtime="20231010 20:16:18.483"/>
</kw>
<kw name="Alert Span Should Be" library="Validations">
<arg>${output_message}</arg>
<kw name="Wait For Elements State" library="Browser">
<arg>${msg_span_error}</arg>
<arg>visible</arg>
<arg>5</arg>
<tag>PageContent</tag>
<tag>Wait</tag>
<doc>Waits for the element found by ``selector`` to satisfy state option.</doc>
<msg timestamp="20231010 20:16:18.514" level="INFO">Waited for Element with selector css=span[class=error] at state visible</msg>
<status status="PASS" starttime="20231010 20:16:18.485" endtime="20231010 20:16:18.515"/>
</kw>
<kw name="Get Text" library="Browser">
<arg>${msg_span_error}</arg>
<arg>equal</arg>
<arg>${expect_alert}</arg>
<tag>Assertion</tag>
<tag>Getter</tag>
<tag>PageContent</tag>
<doc>Returns text attribute of the element found by ``selector``.</doc>
<status status="PASS" starttime="20231010 20:16:18.515" endtime="20231010 20:16:18.594"/>
</kw>
<status status="PASS" starttime="20231010 20:16:18.483" endtime="20231010 20:16:18.595"/>
</kw>
<kw name="Take Screenshot" library="Browser">
<arg>fullPage=True</arg>
<tag>PageContent</tag>
<doc>Takes a screenshot of the current window or element and saves it to disk.</doc>
<msg timestamp="20231010 20:16:18.902" level="INFO" html="true">&lt;/td&gt;&lt;/tr&gt;&lt;tr&gt;&lt;td colspan="3"&gt;&lt;a href="browser/screenshot/robotframework-browser-screenshot-2.png"&gt;&lt;img src="browser/screenshot/robotframework-browser-screenshot-2.png" width="800px"&gt;&lt;/a&gt;</msg>
<status status="PASS" starttime="20231010 20:16:18.595" endtime="20231010 20:16:18.902"/>
</kw>
<status status="PASS" starttime="20231010 20:16:17.997" endtime="20231010 20:16:18.902"/>
</kw>
<status status="PASS" starttime="20231010 20:16:17.990" endtime="20231010 20:16:18.903"/>
</test>
<test id="s1-s1-t3" name="Empty Desc" line="22">
<kw name="Attempt Be a Geek" library="meta">
<arg>desc</arg>
<arg>${long_desc}</arg>
<arg>A descrição deve ter no máximo 255 caracteres</arg>
<kw name="Factory User" library="Users">
<var>${user}</var>
<arg>attempt_geek</arg>
<msg timestamp="20231010 20:16:18.942" level="INFO">${user} = {'name': 'Rodrigo', 'lastname': 'Sagaz', 'email': 'rodrigo.sagaz@gmail.com', 'password': 'Kika1234', 'geek_profile': {'whats': '11999999999', 'desc': 'There is no one who loves pain itself, who seeks ...</msg>
<status status="PASS" starttime="20231010 20:16:18.940" endtime="20231010 20:16:18.942"/>
</kw>
<kw name="Set To Dictionary" library="Collections">
<arg>${user}[geek_profile]</arg>
<arg>${key}</arg>
<arg>${input_field}</arg>
<doc>Adds the given ``key_value_pairs`` and/or ``items`` to the ``dictionary``.</doc>
<status status="PASS" starttime="20231010 20:16:18.942" endtime="20231010 20:16:18.944"/>
</kw>
<kw name="Fill Geek Forms" library="meta">
<arg>${user}[geek_profile]</arg>
<kw name="Fill Text" library="Browser">
<arg>${input_whats}</arg>
<arg>${geek_profile}[whats]</arg>
<tag>PageContent</tag>
<tag>Setter</tag>
<doc>Clears and fills the given ``txt`` into the text field found by ``selector``.</doc>
<msg timestamp="20231010 20:16:18.946" level="INFO">Fills the text '11999999999' in the given field.</msg>
<status status="PASS" starttime="20231010 20:16:18.945" endtime="20231010 20:16:19.058"/>
</kw>
<kw name="Fill Text" library="Browser">
<arg>${input_desc}</arg>
<arg>${geek_profile}[desc]</arg>
<tag>PageContent</tag>
<tag>Setter</tag>
<doc>Clears and fills the given ``txt`` into the text field found by ``selector``.</doc>
<msg timestamp="20231010 20:16:19.060" level="INFO">Fills the text 'Lorem Ipsum is simply dummy text of the printing and typesetting industry. Lorem Ipsum has been the industry's standard dummy text ever since the 1500s, when an unknown printer took a galley of type and scrambled it to make a type specimen book. It has survived not only five centuries, but also the leap into electronic typesetting, remaining essentially unchanged. It was popularised in the 1960s with the release of Letraset sheets containing Lorem Ipsum passages, and more recently with desktop publishing software like Aldus PageMaker including versions of Lorem Ipsum.' in the given field.</msg>
<status status="PASS" starttime="20231010 20:16:19.058" endtime="20231010 20:16:19.145"/>
</kw>
<if>
<branch type="IF" condition="'${geek_profile}[printer_repair]'">
<kw name="Select Options By" library="Browser">
<arg>${input_printer_repair}</arg>
<arg>value</arg>
<arg>${geek_profile}[printer_repair]</arg>
<tag>PageContent</tag>
<tag>Setter</tag>
<doc>Selects options from select element found by ``selector``.</doc>
<status status="PASS" starttime="20231010 20:16:19.147" endtime="20231010 20:16:19.221"/>
</kw>
<status status="PASS" starttime="20231010 20:16:19.146" endtime="20231010 20:16:19.222"/>
</branch>
<status status="PASS" starttime="20231010 20:16:19.146" endtime="20231010 20:16:19.222"/>
</if>
<if>
<branch type="IF" condition="'${geek_profile}[work]'">
<kw name="Select Options By" library="Browser">
<arg>${input_work}</arg>
<arg>text</arg>
<arg>${geek_profile}[work]</arg>
<tag>PageContent</tag>
<tag>Setter</tag>
<doc>Selects options from select element found by ``selector``.</doc>
<status status="PASS" starttime="20231010 20:16:19.224" endtime="20231010 20:16:19.272"/>
</kw>
<status status="PASS" starttime="20231010 20:16:19.223" endtime="20231010 20:16:19.272"/>
</branch>
<status status="PASS" starttime="20231010 20:16:19.222" endtime="20231010 20:16:19.272"/>
</if>
<kw name="Fill Text" library="Browser">
<arg>${input_cost}</arg>
<arg>${geek_profile}[cost]</arg>
<tag>PageContent</tag>
<tag>Setter</tag>
<doc>Clears and fills the given ``txt`` into the text field found by ``selector``.</doc>
<msg timestamp="20231010 20:16:19.274" level="INFO">Fills the text '500' in the given field.</msg>
<status status="PASS" starttime="20231010 20:16:19.273" endtime="20231010 20:16:19.308"/>
</kw>
<status status="PASS" starttime="20231010 20:16:18.944" endtime="20231010 20:16:19.308"/>
</kw>
<kw name="Submit Geek Form" library="meta">
<kw name="Click" library="Browser">
<arg>${btn_be_geek_submit}</arg>
<tag>PageContent</tag>
<tag>Setter</tag>
<doc>Simulates mouse click on the element found by ``selector``.</doc>
<status status="PASS" starttime="20231010 20:16:19.309" endtime="20231010 20:16:19.382"/>
</kw>
<status status="PASS" starttime="20231010 20:16:19.309" endtime="20231010 20:16:19.383"/>
</kw>
<kw name="Alert Span Should Be" library="Validations">
<arg>${output_message}</arg>
<kw name="Wait For Elements State" library="Browser">
<arg>${msg_span_error}</arg>
<arg>visible</arg>
<arg>5</arg>
<tag>PageContent</tag>
<tag>Wait</tag>
<doc>Waits for the element found by ``selector`` to satisfy state option.</doc>
<msg timestamp="20231010 20:16:19.395" level="INFO">Waited for Element with selector css=span[class=error] at state visible</msg>
<status status="PASS" starttime="20231010 20:16:19.384" endtime="20231010 20:16:19.396"/>
</kw>
<kw name="Get Text" library="Browser">
<arg>${msg_span_error}</arg>
<arg>equal</arg>
<arg>${expect_alert}</arg>
<tag>Assertion</tag>
<tag>Getter</tag>
<tag>PageContent</tag>
<doc>Returns text attribute of the element found by ``selector``.</doc>
<status status="PASS" starttime="20231010 20:16:19.397" endtime="20231010 20:16:19.426"/>
</kw>
<status status="PASS" starttime="20231010 20:16:19.383" endtime="20231010 20:16:19.427"/>
</kw>
<kw name="Take Screenshot" library="Browser">
<arg>fullPage=True</arg>
<tag>PageContent</tag>
<doc>Takes a screenshot of the current window or element and saves it to disk.</doc>
<msg timestamp="20231010 20:16:19.726" level="INFO" html="true">&lt;/td&gt;&lt;/tr&gt;&lt;tr&gt;&lt;td colspan="3"&gt;&lt;a href="browser/screenshot/robotframework-browser-screenshot-3.png"&gt;&lt;img src="browser/screenshot/robotframework-browser-screenshot-3.png" width="800px"&gt;&lt;/a&gt;</msg>
<status status="PASS" starttime="20231010 20:16:19.427" endtime="20231010 20:16:19.726"/>
</kw>
<status status="PASS" starttime="20231010 20:16:18.939" endtime="20231010 20:16:19.727"/>
</kw>
<status status="PASS" starttime="20231010 20:16:18.922" endtime="20231010 20:16:19.727"/>
</test>
<test id="s1-s1-t4" name="All Number empty" line="25">
<kw name="Attempt Be a Geek" library="meta">
<arg>whats</arg>
<arg>${empty_whats}</arg>
<arg>O Whatsapp deve ter 11 digitos contando com o DDD</arg>
<kw name="Factory User" library="Users">
<var>${user}</var>
<arg>attempt_geek</arg>
<msg timestamp="20231010 20:16:19.750" level="INFO">${user} = {'name': 'Rodrigo', 'lastname': 'Sagaz', 'email': 'rodrigo.sagaz@gmail.com', 'password': 'Kika1234', 'geek_profile': {'whats': '11999999999', 'desc': 'There is no one who loves pain itself, who seeks ...</msg>
<status status="PASS" starttime="20231010 20:16:19.749" endtime="20231010 20:16:19.750"/>
</kw>
<kw name="Set To Dictionary" library="Collections">
<arg>${user}[geek_profile]</arg>
<arg>${key}</arg>
<arg>${input_field}</arg>
<doc>Adds the given ``key_value_pairs`` and/or ``items`` to the ``dictionary``.</doc>
<status status="PASS" starttime="20231010 20:16:19.751" endtime="20231010 20:16:19.753"/>
</kw>
<kw name="Fill Geek Forms" library="meta">
<arg>${user}[geek_profile]</arg>
<kw name="Fill Text" library="Browser">
<arg>${input_whats}</arg>
<arg>${geek_profile}[whats]</arg>
<tag>PageContent</tag>
<tag>Setter</tag>
<doc>Clears and fills the given ``txt`` into the text field found by ``selector``.</doc>
<msg timestamp="20231010 20:16:19.756" level="INFO">Fills the text '' in the given field.</msg>
<status status="PASS" starttime="20231010 20:16:19.755" endtime="20231010 20:16:19.800"/>
</kw>
<kw name="Fill Text" library="Browser">
<arg>${input_desc}</arg>
<arg>${geek_profile}[desc]</arg>
<tag>PageContent</tag>
<tag>Setter</tag>
<doc>Clears and fills the given ``txt`` into the text field found by ``selector``.</doc>
<msg timestamp="20231010 20:16:19.801" level="INFO">Fills the text 'There is no one who loves pain itself, who seeks after it and wants to have it, simply because it is pain' in the given field.</msg>
<status status="PASS" starttime="20231010 20:16:19.800" endtime="20231010 20:16:19.829"/>
</kw>
<if>
<branch type="IF" condition="'${geek_profile}[printer_repair]'">
<kw name="Select Options By" library="Browser">
<arg>${input_printer_repair}</arg>
<arg>value</arg>
<arg>${geek_profile}[printer_repair]</arg>
<tag>PageContent</tag>
<tag>Setter</tag>
<doc>Selects options from select element found by ``selector``.</doc>
<status status="PASS" starttime="20231010 20:16:19.831" endtime="20231010 20:16:19.866"/>
</kw>
<status status="PASS" starttime="20231010 20:16:19.830" endtime="20231010 20:16:19.866"/>
</branch>
<status status="PASS" starttime="20231010 20:16:19.830" endtime="20231010 20:16:19.866"/>
</if>
<if>
<branch type="IF" condition="'${geek_profile}[work]'">
<kw name="Select Options By" library="Browser">
<arg>${input_work}</arg>
<arg>text</arg>
<arg>${geek_profile}[work]</arg>
<tag>PageContent</tag>
<tag>Setter</tag>
<doc>Selects options from select element found by ``selector``.</doc>
<status status="PASS" starttime="20231010 20:16:19.867" endtime="20231010 20:16:19.895"/>
</kw>
<status status="PASS" starttime="20231010 20:16:19.866" endtime="20231010 20:16:19.895"/>
</branch>
<status status="PASS" starttime="20231010 20:16:19.866" endtime="20231010 20:16:19.895"/>
</if>
<kw name="Fill Text" library="Browser">
<arg>${input_cost}</arg>
<arg>${geek_profile}[cost]</arg>
<tag>PageContent</tag>
<tag>Setter</tag>
<doc>Clears and fills the given ``txt`` into the text field found by ``selector``.</doc>
<msg timestamp="20231010 20:16:19.896" level="INFO">Fills the text '500' in the given field.</msg>
<status status="PASS" starttime="20231010 20:16:19.896" endtime="20231010 20:16:19.916"/>
</kw>
<status status="PASS" starttime="20231010 20:16:19.754" endtime="20231010 20:16:19.916"/>
</kw>
<kw name="Submit Geek Form" library="meta">
<kw name="Click" library="Browser">
<arg>${btn_be_geek_submit}</arg>
<tag>PageContent</tag>
<tag>Setter</tag>
<doc>Simulates mouse click on the element found by ``selector``.</doc>
<status status="PASS" starttime="20231010 20:16:19.918" endtime="20231010 20:16:19.984"/>
</kw>
<status status="PASS" starttime="20231010 20:16:19.916" endtime="20231010 20:16:19.985"/>
</kw>
<kw name="Alert Span Should Be" library="Validations">
<arg>${output_message}</arg>
<kw name="Wait For Elements State" library="Browser">
<arg>${msg_span_error}</arg>
<arg>visible</arg>
<arg>5</arg>
<tag>PageContent</tag>
<tag>Wait</tag>
<doc>Waits for the element found by ``selector`` to satisfy state option.</doc>
<msg timestamp="20231010 20:16:19.993" level="INFO">Waited for Element with selector css=span[class=error] at state visible</msg>
<status status="PASS" starttime="20231010 20:16:19.986" endtime="20231010 20:16:19.993"/>
</kw>
<kw name="Get Text" library="Browser">
<arg>${msg_span_error}</arg>
<arg>equal</arg>
<arg>${expect_alert}</arg>
<tag>Assertion</tag>
<tag>Getter</tag>
<tag>PageContent</tag>
<doc>Returns text attribute of the element found by ``selector``.</doc>
<status status="PASS" starttime="20231010 20:16:19.994" endtime="20231010 20:16:20.012"/>
</kw>
<status status="PASS" starttime="20231010 20:16:19.985" endtime="20231010 20:16:20.013"/>
</kw>
<kw name="Take Screenshot" library="Browser">
<arg>fullPage=True</arg>
<tag>PageContent</tag>
<doc>Takes a screenshot of the current window or element and saves it to disk.</doc>
<msg timestamp="20231010 20:16:20.265" level="INFO" html="true">&lt;/td&gt;&lt;/tr&gt;&lt;tr&gt;&lt;td colspan="3"&gt;&lt;a href="browser/screenshot/robotframework-browser-screenshot-4.png"&gt;&lt;img src="browser/screenshot/robotframework-browser-screenshot-4.png" width="800px"&gt;&lt;/a&gt;</msg>
<status status="PASS" starttime="20231010 20:16:20.013" endtime="20231010 20:16:20.265"/>
</kw>
<status status="PASS" starttime="20231010 20:16:19.748" endtime="20231010 20:16:20.265"/>
</kw>
<status status="PASS" starttime="20231010 20:16:19.742" endtime="20231010 20:16:20.265"/>
</test>
<test id="s1-s1-t5" name="DDD empty" line="26">
<kw name="Attempt Be a Geek" library="meta">
<arg>whats</arg>
<arg>${empty_ddd}</arg>
<arg>O Whatsapp deve ter 11 digitos contando com o DDD</arg>
<kw name="Factory User" library="Users">
<var>${user}</var>
<arg>attempt_geek</arg>
<msg timestamp="20231010 20:16:20.290" level="INFO">${user} = {'name': 'Rodrigo', 'lastname': 'Sagaz', 'email': 'rodrigo.sagaz@gmail.com', 'password': 'Kika1234', 'geek_profile': {'whats': '11999999999', 'desc': 'There is no one who loves pain itself, who seeks ...</msg>
<status status="PASS" starttime="20231010 20:16:20.288" endtime="20231010 20:16:20.290"/>
</kw>
<kw name="Set To Dictionary" library="Collections">
<arg>${user}[geek_profile]</arg>
<arg>${key}</arg>
<arg>${input_field}</arg>
<doc>Adds the given ``key_value_pairs`` and/or ``items`` to the ``dictionary``.</doc>
<status status="PASS" starttime="20231010 20:16:20.290" endtime="20231010 20:16:20.291"/>
</kw>
<kw name="Fill Geek Forms" library="meta">
<arg>${user}[geek_profile]</arg>
<kw name="Fill Text" library="Browser">
<arg>${input_whats}</arg>
<arg>${geek_profile}[whats]</arg>
<tag>PageContent</tag>
<tag>Setter</tag>
<doc>Clears and fills the given ``txt`` into the text field found by ``selector``.</doc>
<msg timestamp="20231010 20:16:20.293" level="INFO">Fills the text '999999999' in the given field.</msg>
<status status="PASS" starttime="20231010 20:16:20.293" endtime="20231010 20:16:20.313"/>
</kw>
<kw name="Fill Text" library="Browser">
<arg>${input_desc}</arg>
<arg>${geek_profile}[desc]</arg>
<tag>PageContent</tag>
<tag>Setter</tag>
<doc>Clears and fills the given ``txt`` into the text field found by ``selector``.</doc>
<msg timestamp="20231010 20:16:20.314" level="INFO">Fills the text 'There is no one who loves pain itself, who seeks after it and wants to have it, simply because it is pain' in the given field.</msg>
<status status="PASS" starttime="20231010 20:16:20.313" endtime="20231010 20:16:20.336"/>
</kw>
<if>
<branch type="IF" condition="'${geek_profile}[printer_repair]'">
<kw name="Select Options By" library="Browser">
<arg>${input_printer_repair}</arg>
<arg>value</arg>
<arg>${geek_profile}[printer_repair]</arg>
<tag>PageContent</tag>
<tag>Setter</tag>
<doc>Selects options from select element found by ``selector``.</doc>
<status status="PASS" starttime="20231010 20:16:20.338" endtime="20231010 20:16:20.362"/>
</kw>
<status status="PASS" starttime="20231010 20:16:20.336" endtime="20231010 20:16:20.362"/>
</branch>
<status status="PASS" starttime="20231010 20:16:20.336" endtime="20231010 20:16:20.363"/>
</if>
<if>
<branch type="IF" condition="'${geek_profile}[work]'">
<kw name="Select Options By" library="Browser">
<arg>${input_work}</arg>
<arg>text</arg>
<arg>${geek_profile}[work]</arg>
<tag>PageContent</tag>
<tag>Setter</tag>
<doc>Selects options from select element found by ``selector``.</doc>
<status status="PASS" starttime="20231010 20:16:20.363" endtime="20231010 20:16:20.396"/>
</kw>
<status status="PASS" starttime="20231010 20:16:20.363" endtime="20231010 20:16:20.397"/>
</branch>
<status status="PASS" starttime="20231010 20:16:20.363" endtime="20231010 20:16:20.397"/>
</if>
<kw name="Fill Text" library="Browser">
<arg>${input_cost}</arg>
<arg>${geek_profile}[cost]</arg>
<tag>PageContent</tag>
<tag>Setter</tag>
<doc>Clears and fills the given ``txt`` into the text field found by ``selector``.</doc>
<msg timestamp="20231010 20:16:20.398" level="INFO">Fills the text '500' in the given field.</msg>
<status status="PASS" starttime="20231010 20:16:20.397" endtime="20231010 20:16:20.426"/>
</kw>
<status status="PASS" starttime="20231010 20:16:20.292" endtime="20231010 20:16:20.426"/>
</kw>
<kw name="Submit Geek Form" library="meta">
<kw name="Click" library="Browser">
<arg>${btn_be_geek_submit}</arg>
<tag>PageContent</tag>
<tag>Setter</tag>
<doc>Simulates mouse click on the element found by ``selector``.</doc>
<status status="PASS" starttime="20231010 20:16:20.427" endtime="20231010 20:16:20.483"/>
</kw>
<status status="PASS" starttime="20231010 20:16:20.427" endtime="20231010 20:16:20.483"/>
</kw>
<kw name="Alert Span Should Be" library="Validations">
<arg>${output_message}</arg>
<kw name="Wait For Elements State" library="Browser">
<arg>${msg_span_error}</arg>
<arg>visible</arg>
<arg>5</arg>
<tag>PageContent</tag>
<tag>Wait</tag>
<doc>Waits for the element found by ``selector`` to satisfy state option.</doc>
<msg timestamp="20231010 20:16:20.494" level="INFO">Waited for Element with selector css=span[class=error] at state visible</msg>
<status status="PASS" starttime="20231010 20:16:20.484" endtime="20231010 20:16:20.495"/>
</kw>
<kw name="Get Text" library="Browser">
<arg>${msg_span_error}</arg>
<arg>equal</arg>
<arg>${expect_alert}</arg>
<tag>Assertion</tag>
<tag>Getter</tag>
<tag>PageContent</tag>
<doc>Returns text attribute of the element found by ``selector``.</doc>
<status status="PASS" starttime="20231010 20:16:20.495" endtime="20231010 20:16:20.518"/>
</kw>
<status status="PASS" starttime="20231010 20:16:20.483" endtime="20231010 20:16:20.518"/>
</kw>
<kw name="Take Screenshot" library="Browser">
<arg>fullPage=True</arg>
<tag>PageContent</tag>
<doc>Takes a screenshot of the current window or element and saves it to disk.</doc>
<msg timestamp="20231010 20:16:20.813" level="INFO" html="true">&lt;/td&gt;&lt;/tr&gt;&lt;tr&gt;&lt;td colspan="3"&gt;&lt;a href="browser/screenshot/robotframework-browser-screenshot-5.png"&gt;&lt;img src="browser/screenshot/robotframework-browser-screenshot-5.png" width="800px"&gt;&lt;/a&gt;</msg>
<status status="PASS" starttime="20231010 20:16:20.519" endtime="20231010 20:16:20.813"/>
</kw>
<status status="PASS" starttime="20231010 20:16:20.287" endtime="20231010 20:16:20.813"/>
</kw>
<status status="PASS" starttime="20231010 20:16:20.280" endtime="20231010 20:16:20.813"/>
</test>
<test id="s1-s1-t6" name="Just Number empty" line="27">
<kw name="Attempt Be a Geek" library="meta">
<arg>whats</arg>
<arg>${empty_phone}</arg>
<arg>O Whatsapp deve ter 11 digitos contando com o DDD</arg>
<kw name="Factory User" library="Users">
<var>${user}</var>
<arg>attempt_geek</arg>
<msg timestamp="20231010 20:16:20.843" level="INFO">${user} = {'name': 'Rodrigo', 'lastname': 'Sagaz', 'email': 'rodrigo.sagaz@gmail.com', 'password': 'Kika1234', 'geek_profile': {'whats': '11999999999', 'desc': 'There is no one who loves pain itself, who seeks ...</msg>
<status status="PASS" starttime="20231010 20:16:20.837" endtime="20231010 20:16:20.843"/>
</kw>
<kw name="Set To Dictionary" library="Collections">
<arg>${user}[geek_profile]</arg>
<arg>${key}</arg>
<arg>${input_field}</arg>
<doc>Adds the given ``key_value_pairs`` and/or ``items`` to the ``dictionary``.</doc>
<status status="PASS" starttime="20231010 20:16:20.844" endtime="20231010 20:16:20.846"/>
</kw>
<kw name="Fill Geek Forms" library="meta">
<arg>${user}[geek_profile]</arg>
<kw name="Fill Text" library="Browser">
<arg>${input_whats}</arg>
<arg>${geek_profile}[whats]</arg>
<tag>PageContent</tag>
<tag>Setter</tag>
<doc>Clears and fills the given ``txt`` into the text field found by ``selector``.</doc>
<msg timestamp="20231010 20:16:20.848" level="INFO">Fills the text '11' in the given field.</msg>
<status status="PASS" starttime="20231010 20:16:20.847" endtime="20231010 20:16:20.883"/>
</kw>
<kw name="Fill Text" library="Browser">
<arg>${input_desc}</arg>
<arg>${geek_profile}[desc]</arg>
<tag>PageContent</tag>
<tag>Setter</tag>
<doc>Clears and fills the given ``txt`` into the text field found by ``selector``.</doc>
<msg timestamp="20231010 20:16:20.884" level="INFO">Fills the text 'There is no one who loves pain itself, who seeks after it and wants to have it, simply because it is pain' in the given field.</msg>
<status status="PASS" starttime="20231010 20:16:20.883" endtime="20231010 20:16:20.931"/>
</kw>
<if>
<branch type="IF" condition="'${geek_profile}[printer_repair]'">
<kw name="Select Options By" library="Browser">
<arg>${input_printer_repair}</arg>
<arg>value</arg>
<arg>${geek_profile}[printer_repair]</arg>
<tag>PageContent</tag>
<tag>Setter</tag>
<doc>Selects options from select element found by ``selector``.</doc>
<status status="PASS" starttime="20231010 20:16:20.931" endtime="20231010 20:16:20.997"/>
</kw>
<status status="PASS" starttime="20231010 20:16:20.931" endtime="20231010 20:16:20.997"/>
</branch>
<status status="PASS" starttime="20231010 20:16:20.931" endtime="20231010 20:16:20.997"/>
</if>
<if>
<branch type="IF" condition="'${geek_profile}[work]'">
<kw name="Select Options By" library="Browser">
<arg>${input_work}</arg>
<arg>text</arg>
<arg>${geek_profile}[work]</arg>
<tag>PageContent</tag>
<tag>Setter</tag>
<doc>Selects options from select element found by ``selector``.</doc>
<status status="PASS" starttime="20231010 20:16:20.998" endtime="20231010 20:16:21.043"/>
</kw>
<status status="PASS" starttime="20231010 20:16:20.997" endtime="20231010 20:16:21.044"/>
</branch>
<status status="PASS" starttime="20231010 20:16:20.997" endtime="20231010 20:16:21.044"/>
</if>
<kw name="Fill Text" library="Browser">
<arg>${input_cost}</arg>
<arg>${geek_profile}[cost]</arg>
<tag>PageContent</tag>
<tag>Setter</tag>
<doc>Clears and fills the given ``txt`` into the text field found by ``selector``.</doc>
<msg timestamp="20231010 20:16:21.046" level="INFO">Fills the text '500' in the given field.</msg>
<status status="PASS" starttime="20231010 20:16:21.045" endtime="20231010 20:16:21.105"/>
</kw>
<status status="PASS" starttime="20231010 20:16:20.846" endtime="20231010 20:16:21.105"/>
</kw>
<kw name="Submit Geek Form" library="meta">
<kw name="Click" library="Browser">
<arg>${btn_be_geek_submit}</arg>
<tag>PageContent</tag>
<tag>Setter</tag>
<doc>Simulates mouse click on the element found by ``selector``.</doc>
<status status="PASS" starttime="20231010 20:16:21.108" endtime="20231010 20:16:21.201"/>
</kw>
<status status="PASS" starttime="20231010 20:16:21.106" endtime="20231010 20:16:21.202"/>
</kw>
<kw name="Alert Span Should Be" library="Validations">
<arg>${output_message}</arg>
<kw name="Wait For Elements State" library="Browser">
<arg>${msg_span_error}</arg>
<arg>visible</arg>
<arg>5</arg>
<tag>PageContent</tag>
<tag>Wait</tag>
<doc>Waits for the element found by ``selector`` to satisfy state option.</doc>
<msg timestamp="20231010 20:16:21.224" level="INFO">Waited for Element with selector css=span[class=error] at state visible</msg>
<status status="PASS" starttime="20231010 20:16:21.205" endtime="20231010 20:16:21.224"/>
</kw>
<kw name="Get Text" library="Browser">
<arg>${msg_span_error}</arg>
<arg>equal</arg>
<arg>${expect_alert}</arg>
<tag>Assertion</tag>
<tag>Getter</tag>
<tag>PageContent</tag>
<doc>Returns text attribute of the element found by ``selector``.</doc>
<status status="PASS" starttime="20231010 20:16:21.225" endtime="20231010 20:16:21.257"/>
</kw>
<status status="PASS" starttime="20231010 20:16:21.202" endtime="20231010 20:16:21.258"/>
</kw>
<kw name="Take Screenshot" library="Browser">
<arg>fullPage=True</arg>
<tag>PageContent</tag>
<doc>Takes a screenshot of the current window or element and saves it to disk.</doc>
<msg timestamp="20231010 20:16:21.510" level="INFO" html="true">&lt;/td&gt;&lt;/tr&gt;&lt;tr&gt;&lt;td colspan="3"&gt;&lt;a href="browser/screenshot/robotframework-browser-screenshot-6.png"&gt;&lt;img src="browser/screenshot/robotframework-browser-screenshot-6.png" width="800px"&gt;&lt;/a&gt;</msg>
<status status="PASS" starttime="20231010 20:16:21.258" endtime="20231010 20:16:21.511"/>
</kw>
<status status="PASS" starttime="20231010 20:16:20.835" endtime="20231010 20:16:21.511"/>
</kw>
<status status="PASS" starttime="20231010 20:16:20.831" endtime="20231010 20:16:21.512"/>
</test>
<test id="s1-s1-t7" name="Cost letters" line="30">
<kw name="Attempt Be a Geek" library="meta">
<arg>cost</arg>
<arg>${letter_cost}</arg>
<arg>Valor hora deve ser numérico</arg>
<kw name="Factory User" library="Users">
<var>${user}</var>
<arg>attempt_geek</arg>
<msg timestamp="20231010 20:16:21.530" level="INFO">${user} = {'name': 'Rodrigo', 'lastname': 'Sagaz', 'email': 'rodrigo.sagaz@gmail.com', 'password': 'Kika1234', 'geek_profile': {'whats': '11999999999', 'desc': 'There is no one who loves pain itself, who seeks ...</msg>
<status status="PASS" starttime="20231010 20:16:21.529" endtime="20231010 20:16:21.530"/>
</kw>
<kw name="Set To Dictionary" library="Collections">
<arg>${user}[geek_profile]</arg>
<arg>${key}</arg>
<arg>${input_field}</arg>
<doc>Adds the given ``key_value_pairs`` and/or ``items`` to the ``dictionary``.</doc>
<status status="PASS" starttime="20231010 20:16:21.531" endtime="20231010 20:16:21.531"/>
</kw>
<kw name="Fill Geek Forms" library="meta">
<arg>${user}[geek_profile]</arg>
<kw name="Fill Text" library="Browser">
<arg>${input_whats}</arg>
<arg>${geek_profile}[whats]</arg>
<tag>PageContent</tag>
<tag>Setter</tag>
<doc>Clears and fills the given ``txt`` into the text field found by ``selector``.</doc>
<msg timestamp="20231010 20:16:21.533" level="INFO">Fills the text '11999999999' in the given field.</msg>
<status status="PASS" starttime="20231010 20:16:21.532" endtime="20231010 20:16:21.553"/>
</kw>
<kw name="Fill Text" library="Browser">
<arg>${input_desc}</arg>
<arg>${geek_profile}[desc]</arg>
<tag>PageContent</tag>
<tag>Setter</tag>
<doc>Clears and fills the given ``txt`` into the text field found by ``selector``.</doc>
<msg timestamp="20231010 20:16:21.554" level="INFO">Fills the text 'There is no one who loves pain itself, who seeks after it and wants to have it, simply because it is pain' in the given field.</msg>
<status status="PASS" starttime="20231010 20:16:21.553" endtime="20231010 20:16:21.574"/>
</kw>
<if>
<branch type="IF" condition="'${geek_profile}[printer_repair]'">
<kw name="Select Options By" library="Browser">
<arg>${input_printer_repair}</arg>
<arg>value</arg>
<arg>${geek_profile}[printer_repair]</arg>
<tag>PageContent</tag>
<tag>Setter</tag>
<doc>Selects options from select element found by ``selector``.</doc>
<status status="PASS" starttime="20231010 20:16:21.575" endtime="20231010 20:16:21.599"/>
</kw>
<status status="PASS" starttime="20231010 20:16:21.575" endtime="20231010 20:16:21.599"/>
</branch>
<status status="PASS" starttime="20231010 20:16:21.574" endtime="20231010 20:16:21.599"/>
</if>
<if>
<branch type="IF" condition="'${geek_profile}[work]'">
<kw name="Select Options By" library="Browser">
<arg>${input_work}</arg>
<arg>text</arg>
<arg>${geek_profile}[work]</arg>
<tag>PageContent</tag>
<tag>Setter</tag>
<doc>Selects options from select element found by ``selector``.</doc>
<status status="PASS" starttime="20231010 20:16:21.600" endtime="20231010 20:16:21.621"/>
</kw>
<status status="PASS" starttime="20231010 20:16:21.600" endtime="20231010 20:16:21.621"/>
</branch>
<status status="PASS" starttime="20231010 20:16:21.600" endtime="20231010 20:16:21.621"/>
</if>
<kw name="Fill Text" library="Browser">
<arg>${input_cost}</arg>
<arg>${geek_profile}[cost]</arg>
<tag>PageContent</tag>
<tag>Setter</tag>
<doc>Clears and fills the given ``txt`` into the text field found by ``selector``.</doc>
<msg timestamp="20231010 20:16:21.622" level="INFO">Fills the text 'aaa' in the given field.</msg>
<status status="PASS" starttime="20231010 20:16:21.622" endtime="20231010 20:16:21.642"/>
</kw>
<status status="PASS" starttime="20231010 20:16:21.532" endtime="20231010 20:16:21.643"/>
</kw>
<kw name="Submit Geek Form" library="meta">
<kw name="Click" library="Browser">
<arg>${btn_be_geek_submit}</arg>
<tag>PageContent</tag>
<tag>Setter</tag>
<doc>Simulates mouse click on the element found by ``selector``.</doc>
<status status="PASS" starttime="20231010 20:16:21.644" endtime="20231010 20:16:21.707"/>
</kw>
<status status="PASS" starttime="20231010 20:16:21.643" endtime="20231010 20:16:21.708"/>
</kw>
<kw name="Alert Span Should Be" library="Validations">
<arg>${output_message}</arg>
<kw name="Wait For Elements State" library="Browser">
<arg>${msg_span_error}</arg>
<arg>visible</arg>
<arg>5</arg>
<tag>PageContent</tag>
<tag>Wait</tag>
<doc>Waits for the element found by ``selector`` to satisfy state option.</doc>
<msg timestamp="20231010 20:16:21.718" level="INFO">Waited for Element with selector css=span[class=error] at state visible</msg>
<status status="PASS" starttime="20231010 20:16:21.709" endtime="20231010 20:16:21.718"/>
</kw>
<kw name="Get Text" library="Browser">
<arg>${msg_span_error}</arg>
<arg>equal</arg>
<arg>${expect_alert}</arg>
<tag>Assertion</tag>
<tag>Getter</tag>
<tag>PageContent</tag>
<doc>Returns text attribute of the element found by ``selector``.</doc>
<status status="PASS" starttime="20231010 20:16:21.718" endtime="20231010 20:16:21.736"/>
</kw>
<status status="PASS" starttime="20231010 20:16:21.708" endtime="20231010 20:16:21.736"/>
</kw>
<kw name="Take Screenshot" library="Browser">
<arg>fullPage=True</arg>
<tag>PageContent</tag>
<doc>Takes a screenshot of the current window or element and saves it to disk.</doc>
<msg timestamp="20231010 20:16:21.954" level="INFO" html="true">&lt;/td&gt;&lt;/tr&gt;&lt;tr&gt;&lt;td colspan="3"&gt;&lt;a href="browser/screenshot/robotframework-browser-screenshot-7.png"&gt;&lt;img src="browser/screenshot/robotframework-browser-screenshot-7.png" width="800px"&gt;&lt;/a&gt;</msg>
<status status="PASS" starttime="20231010 20:16:21.737" endtime="20231010 20:16:21.955"/>
</kw>
<status status="PASS" starttime="20231010 20:16:21.527" endtime="20231010 20:16:21.955"/>
</kw>
<status status="PASS" starttime="20231010 20:16:21.522" endtime="20231010 20:16:21.956"/>
</test>
<test id="s1-s1-t8" name="Cost Alpha" line="31">
<kw name="Attempt Be a Geek" library="meta">
<arg>cost</arg>
<arg>${alphaNumber_cost}</arg>
<arg>Valor hora deve ser numérico</arg>
<kw name="Factory User" library="Users">
<var>${user}</var>
<arg>attempt_geek</arg>
<msg timestamp="20231010 20:16:21.977" level="INFO">${user} = {'name': 'Rodrigo', 'lastname': 'Sagaz', 'email': 'rodrigo.sagaz@gmail.com', 'password': 'Kika1234', 'geek_profile': {'whats': '11999999999', 'desc': 'There is no one who loves pain itself, who seeks ...</msg>
<status status="PASS" starttime="20231010 20:16:21.975" endtime="20231010 20:16:21.977"/>
</kw>
<kw name="Set To Dictionary" library="Collections">
<arg>${user}[geek_profile]</arg>
<arg>${key}</arg>
<arg>${input_field}</arg>
<doc>Adds the given ``key_value_pairs`` and/or ``items`` to the ``dictionary``.</doc>
<status status="PASS" starttime="20231010 20:16:21.977" endtime="20231010 20:16:21.978"/>
</kw>
<kw name="Fill Geek Forms" library="meta">
<arg>${user}[geek_profile]</arg>
<kw name="Fill Text" library="Browser">
<arg>${input_whats}</arg>
<arg>${geek_profile}[whats]</arg>
<tag>PageContent</tag>
<tag>Setter</tag>
<doc>Clears and fills the given ``txt`` into the text field found by ``selector``.</doc>
<msg timestamp="20231010 20:16:21.980" level="INFO">Fills the text '11999999999' in the given field.</msg>
<status status="PASS" starttime="20231010 20:16:21.980" endtime="20231010 20:16:22.002"/>
</kw>
<kw name="Fill Text" library="Browser">
<arg>${input_desc}</arg>
<arg>${geek_profile}[desc]</arg>
<tag>PageContent</tag>
<tag>Setter</tag>
<doc>Clears and fills the given ``txt`` into the text field found by ``selector``.</doc>
<msg timestamp="20231010 20:16:22.003" level="INFO">Fills the text 'There is no one who loves pain itself, who seeks after it and wants to have it, simply because it is pain' in the given field.</msg>
<status status="PASS" starttime="20231010 20:16:22.002" endtime="20231010 20:16:22.028"/>
</kw>
<if>
<branch type="IF" condition="'${geek_profile}[printer_repair]'">
<kw name="Select Options By" library="Browser">
<arg>${input_printer_repair}</arg>
<arg>value</arg>
<arg>${geek_profile}[printer_repair]</arg>
<tag>PageContent</tag>
<tag>Setter</tag>
<doc>Selects options from select element found by ``selector``.</doc>
<status status="PASS" starttime="20231010 20:16:22.030" endtime="20231010 20:16:22.055"/>
</kw>
<status status="PASS" starttime="20231010 20:16:22.028" endtime="20231010 20:16:22.055"/>
</branch>
<status status="PASS" starttime="20231010 20:16:22.028" endtime="20231010 20:16:22.055"/>
</if>
<if>
<branch type="IF" condition="'${geek_profile}[work]'">
<kw name="Select Options By" library="Browser">
<arg>${input_work}</arg>
<arg>text</arg>
<arg>${geek_profile}[work]</arg>
<tag>PageContent</tag>
<tag>Setter</tag>
<doc>Selects options from select element found by ``selector``.</doc>
<status status="PASS" starttime="20231010 20:16:22.056" endtime="20231010 20:16:22.079"/>
</kw>
<status status="PASS" starttime="20231010 20:16:22.055" endtime="20231010 20:16:22.079"/>
</branch>
<status status="PASS" starttime="20231010 20:16:22.055" endtime="20231010 20:16:22.079"/>
</if>
<kw name="Fill Text" library="Browser">
<arg>${input_cost}</arg>
<arg>${geek_profile}[cost]</arg>
<tag>PageContent</tag>
<tag>Setter</tag>
<doc>Clears and fills the given ``txt`` into the text field found by ``selector``.</doc>
<msg timestamp="20231010 20:16:22.080" level="INFO">Fills the text 'a12' in the given field.</msg>
<status status="PASS" starttime="20231010 20:16:22.079" endtime="20231010 20:16:22.099"/>
</kw>
<status status="PASS" starttime="20231010 20:16:21.979" endtime="20231010 20:16:22.099"/>
</kw>
<kw name="Submit Geek Form" library="meta">
<kw name="Click" library="Browser">
<arg>${btn_be_geek_submit}</arg>
<tag>PageContent</tag>
<tag>Setter</tag>
<doc>Simulates mouse click on the element found by ``selector``.</doc>
<status status="PASS" starttime="20231010 20:16:22.100" endtime="20231010 20:16:22.159"/>
</kw>
<status status="PASS" starttime="20231010 20:16:22.100" endtime="20231010 20:16:22.159"/>
</kw>
<kw name="Alert Span Should Be" library="Validations">
<arg>${output_message}</arg>
<kw name="Wait For Elements State" library="Browser">
<arg>${msg_span_error}</arg>
<arg>visible</arg>
<arg>5</arg>
<tag>PageContent</tag>
<tag>Wait</tag>
<doc>Waits for the element found by ``selector`` to satisfy state option.</doc>
<msg timestamp="20231010 20:16:22.165" level="INFO">Waited for Element with selector css=span[class=error] at state visible</msg>
<status status="PASS" starttime="20231010 20:16:22.160" endtime="20231010 20:16:22.166"/>
</kw>
<kw name="Get Text" library="Browser">
<arg>${msg_span_error}</arg>
<arg>equal</arg>
<arg>${expect_alert}</arg>
<tag>Assertion</tag>
<tag>Getter</tag>
<tag>PageContent</tag>
<doc>Returns text attribute of the element found by ``selector``.</doc>
<status status="PASS" starttime="20231010 20:16:22.166" endtime="20231010 20:16:22.183"/>
</kw>
<status status="PASS" starttime="20231010 20:16:22.159" endtime="20231010 20:16:22.183"/>
</kw>
<kw name="Take Screenshot" library="Browser">
<arg>fullPage=True</arg>
<tag>PageContent</tag>
<doc>Takes a screenshot of the current window or element and saves it to disk.</doc>
<msg timestamp="20231010 20:16:22.419" level="INFO" html="true">&lt;/td&gt;&lt;/tr&gt;&lt;tr&gt;&lt;td colspan="3"&gt;&lt;a href="browser/screenshot/robotframework-browser-screenshot-8.png"&gt;&lt;img src="browser/screenshot/robotframework-browser-screenshot-8.png" width="800px"&gt;&lt;/a&gt;</msg>
<status status="PASS" starttime="20231010 20:16:22.183" endtime="20231010 20:16:22.419"/>
</kw>
<status status="PASS" starttime="20231010 20:16:21.974" endtime="20231010 20:16:22.420"/>
</kw>
<status status="PASS" starttime="20231010 20:16:21.966" endtime="20231010 20:16:22.421"/>
</test>
<test id="s1-s1-t9" name="Cost SpecialChars" line="32">
<kw name="Attempt Be a Geek" library="meta">
<arg>cost</arg>
<arg>${specialCarac_cost}</arg>
<arg>Valor hora deve ser numérico</arg>
<kw name="Factory User" library="Users">
<var>${user}</var>
<arg>attempt_geek</arg>
<msg timestamp="20231010 20:16:22.448" level="INFO">${user} = {'name': 'Rodrigo', 'lastname': 'Sagaz', 'email': 'rodrigo.sagaz@gmail.com', 'password': 'Kika1234', 'geek_profile': {'whats': '11999999999', 'desc': 'There is no one who loves pain itself, who seeks ...</msg>
<status status="PASS" starttime="20231010 20:16:22.446" endtime="20231010 20:16:22.448"/>
</kw>
<kw name="Set To Dictionary" library="Collections">
<arg>${user}[geek_profile]</arg>
<arg>${key}</arg>
<arg>${input_field}</arg>
<doc>Adds the given ``key_value_pairs`` and/or ``items`` to the ``dictionary``.</doc>
<status status="PASS" starttime="20231010 20:16:22.449" endtime="20231010 20:16:22.450"/>
</kw>
<kw name="Fill Geek Forms" library="meta">
<arg>${user}[geek_profile]</arg>
<kw name="Fill Text" library="Browser">
<arg>${input_whats}</arg>
<arg>${geek_profile}[whats]</arg>
<tag>PageContent</tag>
<tag>Setter</tag>
<doc>Clears and fills the given ``txt`` into the text field found by ``selector``.</doc>
<msg timestamp="20231010 20:16:22.452" level="INFO">Fills the text '11999999999' in the given field.</msg>
<status status="PASS" starttime="20231010 20:16:22.451" endtime="20231010 20:16:22.477"/>
</kw>
<kw name="Fill Text" library="Browser">
<arg>${input_desc}</arg>
<arg>${geek_profile}[desc]</arg>
<tag>PageContent</tag>
<tag>Setter</tag>
<doc>Clears and fills the given ``txt`` into the text field found by ``selector``.</doc>
<msg timestamp="20231010 20:16:22.478" level="INFO">Fills the text 'There is no one who loves pain itself, who seeks after it and wants to have it, simply because it is pain' in the given field.</msg>
<status status="PASS" starttime="20231010 20:16:22.478" endtime="20231010 20:16:22.499"/>
</kw>
<if>
<branch type="IF" condition="'${geek_profile}[printer_repair]'">
<kw name="Select Options By" library="Browser">
<arg>${input_printer_repair}</arg>
<arg>value</arg>
<arg>${geek_profile}[printer_repair]</arg>
<tag>PageContent</tag>
<tag>Setter</tag>
<doc>Selects options from select element found by ``selector``.</doc>
<status status="PASS" starttime="20231010 20:16:22.500" endtime="20231010 20:16:22.529"/>
</kw>
<status status="PASS" starttime="20231010 20:16:22.499" endtime="20231010 20:16:22.529"/>
</branch>
<status status="PASS" starttime="20231010 20:16:22.499" endtime="20231010 20:16:22.530"/>
</if>
<if>
<branch type="IF" condition="'${geek_profile}[work]'">
<kw name="Select Options By" library="Browser">
<arg>${input_work}</arg>
<arg>text</arg>
<arg>${geek_profile}[work]</arg>
<tag>PageContent</tag>
<tag>Setter</tag>
<doc>Selects options from select element found by ``selector``.</doc>
<status status="PASS" starttime="20231010 20:16:22.531" endtime="20231010 20:16:22.559"/>
</kw>
<status status="PASS" starttime="20231010 20:16:22.530" endtime="20231010 20:16:22.559"/>
</branch>
<status status="PASS" starttime="20231010 20:16:22.530" endtime="20231010 20:16:22.559"/>
</if>
<kw name="Fill Text" library="Browser">
<arg>${input_cost}</arg>
<arg>${geek_profile}[cost]</arg>
<tag>PageContent</tag>
<tag>Setter</tag>
<doc>Clears and fills the given ``txt`` into the text field found by ``selector``.</doc>
<msg timestamp="20231010 20:16:22.560" level="INFO">Fills the text '10,50' in the given field.</msg>
<status status="PASS" starttime="20231010 20:16:22.560" endtime="20231010 20:16:22.578"/>
</kw>
<status status="PASS" starttime="20231010 20:16:22.450" endtime="20231010 20:16:22.578"/>
</kw>
<kw name="Submit Geek Form" library="meta">
<kw name="Click" library="Browser">
<arg>${btn_be_geek_submit}</arg>
<tag>PageContent</tag>
<tag>Setter</tag>
<doc>Simulates mouse click on the element found by ``selector``.</doc>
<status status="PASS" starttime="20231010 20:16:22.579" endtime="20231010 20:16:22.652"/>
</kw>
<status status="PASS" starttime="20231010 20:16:22.579" endtime="20231010 20:16:22.653"/>
</kw>
<kw name="Alert Span Should Be" library="Validations">
<arg>${output_message}</arg>
<kw name="Wait For Elements State" library="Browser">
<arg>${msg_span_error}</arg>
<arg>visible</arg>
<arg>5</arg>
<tag>PageContent</tag>
<tag>Wait</tag>
<doc>Waits for the element found by ``selector`` to satisfy state option.</doc>
<msg timestamp="20231010 20:16:22.666" level="INFO">Waited for Element with selector css=span[class=error] at state visible</msg>
<status status="PASS" starttime="20231010 20:16:22.654" endtime="20231010 20:16:22.666"/>
</kw>
<kw name="Get Text" library="Browser">
<arg>${msg_span_error}</arg>
<arg>equal</arg>
<arg>${expect_alert}</arg>
<tag>Assertion</tag>
<tag>Getter</tag>
<tag>PageContent</tag>
<doc>Returns text attribute of the element found by ``selector``.</doc>
<status status="PASS" starttime="20231010 20:16:22.667" endtime="20231010 20:16:22.727"/>
</kw>
<status status="PASS" starttime="20231010 20:16:22.653" endtime="20231010 20:16:22.728"/>
</kw>
<kw name="Take Screenshot" library="Browser">
<arg>fullPage=True</arg>
<tag>PageContent</tag>
<doc>Takes a screenshot of the current window or element and saves it to disk.</doc>
<msg timestamp="20231010 20:16:23.023" level="INFO" html="true">&lt;/td&gt;&lt;/tr&gt;&lt;tr&gt;&lt;td colspan="3"&gt;&lt;a href="browser/screenshot/robotframework-browser-screenshot-9.png"&gt;&lt;img src="browser/screenshot/robotframework-browser-screenshot-9.png" width="800px"&gt;&lt;/a&gt;</msg>
<status status="PASS" starttime="20231010 20:16:22.728" endtime="20231010 20:16:23.023"/>
</kw>
<status status="PASS" starttime="20231010 20:16:22.445" endtime="20231010 20:16:23.024"/>
</kw>
<status status="PASS" starttime="20231010 20:16:22.437" endtime="20231010 20:16:23.024"/>
</test>
<test id="s1-s1-t10" name="Empty Cost" line="33">
<kw name="Attempt Be a Geek" library="meta">
<arg>cost</arg>
<arg>${empty_cost}</arg>
<arg>Valor hora deve ser numérico</arg>
<kw name="Factory User" library="Users">
<var>${user}</var>
<arg>attempt_geek</arg>
<msg timestamp="20231010 20:16:23.050" level="INFO">${user} = {'name': 'Rodrigo', 'lastname': 'Sagaz', 'email': 'rodrigo.sagaz@gmail.com', 'password': 'Kika1234', 'geek_profile': {'whats': '11999999999', 'desc': 'There is no one who loves pain itself, who seeks ...</msg>
<status status="PASS" starttime="20231010 20:16:23.048" endtime="20231010 20:16:23.050"/>
</kw>
<kw name="Set To Dictionary" library="Collections">
<arg>${user}[geek_profile]</arg>
<arg>${key}</arg>
<arg>${input_field}</arg>
<doc>Adds the given ``key_value_pairs`` and/or ``items`` to the ``dictionary``.</doc>
<status status="PASS" starttime="20231010 20:16:23.050" endtime="20231010 20:16:23.051"/>
</kw>
<kw name="Fill Geek Forms" library="meta">
<arg>${user}[geek_profile]</arg>
<kw name="Fill Text" library="Browser">
<arg>${input_whats}</arg>
<arg>${geek_profile}[whats]</arg>
<tag>PageContent</tag>
<tag>Setter</tag>
<doc>Clears and fills the given ``txt`` into the text field found by ``selector``.</doc>
<msg timestamp="20231010 20:16:23.054" level="INFO">Fills the text '11999999999' in the given field.</msg>
<status status="PASS" starttime="20231010 20:16:23.053" endtime="20231010 20:16:23.116"/>
</kw>
<kw name="Fill Text" library="Browser">
<arg>${input_desc}</arg>
<arg>${geek_profile}[desc]</arg>
<tag>PageContent</tag>
<tag>Setter</tag>
<doc>Clears and fills the given ``txt`` into the text field found by ``selector``.</doc>
<msg timestamp="20231010 20:16:23.118" level="INFO">Fills the text 'There is no one who loves pain itself, who seeks after it and wants to have it, simply because it is pain' in the given field.</msg>
<status status="PASS" starttime="20231010 20:16:23.117" endtime="20231010 20:16:23.234"/>
</kw>
<if>
<branch type="IF" condition="'${geek_profile}[printer_repair]'">
<kw name="Select Options By" library="Browser">
<arg>${input_printer_repair}</arg>
<arg>value</arg>
<arg>${geek_profile}[printer_repair]</arg>
<tag>PageContent</tag>
<tag>Setter</tag>
<doc>Selects options from select element found by ``selector``.</doc>
<status status="PASS" starttime="20231010 20:16:23.235" endtime="20231010 20:16:23.380"/>
</kw>
<status status="PASS" starttime="20231010 20:16:23.234" endtime="20231010 20:16:23.380"/>
</branch>
<status status="PASS" starttime="20231010 20:16:23.234" endtime="20231010 20:16:23.380"/>
</if>
<if>
<branch type="IF" condition="'${geek_profile}[work]'">
<kw name="Select Options By" library="Browser">
<arg>${input_work}</arg>
<arg>text</arg>
<arg>${geek_profile}[work]</arg>
<tag>PageContent</tag>
<tag>Setter</tag>
<doc>Selects options from select element found by ``selector``.</doc>
<status status="PASS" starttime="20231010 20:16:23.382" endtime="20231010 20:16:23.435"/>
</kw>
<status status="PASS" starttime="20231010 20:16:23.381" endtime="20231010 20:16:23.435"/>
</branch>
<status status="PASS" starttime="20231010 20:16:23.381" endtime="20231010 20:16:23.435"/>
</if>
<kw name="Fill Text" library="Browser">
<arg>${input_cost}</arg>
<arg>${geek_profile}[cost]</arg>
<tag>PageContent</tag>
<tag>Setter</tag>
<doc>Clears and fills the given ``txt`` into the text field found by ``selector``.</doc>
<msg timestamp="20231010 20:16:23.437" level="INFO">Fills the text '' in the given field.</msg>
<status status="PASS" starttime="20231010 20:16:23.436" endtime="20231010 20:16:23.472"/>
</kw>
<status status="PASS" starttime="20231010 20:16:23.052" endtime="20231010 20:16:23.473"/>
</kw>
<kw name="Submit Geek Form" library="meta">
<kw name="Click" library="Browser">
<arg>${btn_be_geek_submit}</arg>
<tag>PageContent</tag>
<tag>Setter</tag>
<doc>Simulates mouse click on the element found by ``selector``.</doc>
<status status="PASS" starttime="20231010 20:16:23.474" endtime="20231010 20:16:23.545"/>
</kw>
<status status="PASS" starttime="20231010 20:16:23.473" endtime="20231010 20:16:23.545"/>
</kw>
<kw name="Alert Span Should Be" library="Validations">
<arg>${output_message}</arg>
<kw name="Wait For Elements State" library="Browser">
<arg>${msg_span_error}</arg>
<arg>visible</arg>
<arg>5</arg>
<tag>PageContent</tag>
<tag>Wait</tag>
<doc>Waits for the element found by ``selector`` to satisfy state option.</doc>
<msg timestamp="20231010 20:16:23.562" level="INFO">Waited for Element with selector css=span[class=error] at state visible</msg>
<status status="PASS" starttime="20231010 20:16:23.547" endtime="20231010 20:16:23.562"/>
</kw>
<kw name="Get Text" library="Browser">
<arg>${msg_span_error}</arg>
<arg>equal</arg>
<arg>${expect_alert}</arg>
<tag>Assertion</tag>
<tag>Getter</tag>
<tag>PageContent</tag>
<doc>Returns text attribute of the element found by ``selector``.</doc>
<status status="PASS" starttime="20231010 20:16:23.563" endtime="20231010 20:16:23.684"/>
</kw>
<status status="PASS" starttime="20231010 20:16:23.546" endtime="20231010 20:16:23.685"/>
</kw>
<kw name="Take Screenshot" library="Browser">
<arg>fullPage=True</arg>
<tag>PageContent</tag>
<doc>Takes a screenshot of the current window or element and saves it to disk.</doc>
<msg timestamp="20231010 20:16:24.121" level="INFO" html="true">&lt;/td&gt;&lt;/tr&gt;&lt;tr&gt;&lt;td colspan="3"&gt;&lt;a href="browser/screenshot/robotframework-browser-screenshot-10.png"&gt;&lt;img src="browser/screenshot/robotframework-browser-screenshot-10.png" width="800px"&gt;&lt;/a&gt;</msg>
<status status="PASS" starttime="20231010 20:16:23.686" endtime="20231010 20:16:24.121"/>
</kw>
<status status="PASS" starttime="20231010 20:16:23.047" endtime="20231010 20:16:24.122"/>
</kw>
<status status="PASS" starttime="20231010 20:16:23.037" endtime="20231010 20:16:24.122"/>
</test>
<doc>Geek Attempt Test Suite</doc>
<status status="PASS" starttime="20231010 20:16:05.535" endtime="20231010 20:16:24.133"/>
</suite>
<status status="PASS" starttime="20231010 20:16:05.504" endtime="20231010 20:16:24.218"/>
</suite>
<statistics>
<total>
<stat pass="10" fail="0" skip="0">All Tests</stat>
</total>
<tag>
</tag>
<suite>
<stat pass="10" fail="0" skip="0" id="s1" name="Tests">Tests</stat>
<stat pass="10" fail="0" skip="0" id="s1-s1" name="4.AttemptBeGeek">Tests.4.AttemptBeGeek</stat>
</suite>
</statistics>
<errors>
</errors>
</robot>
