<?xml version="1.0" encoding="UTF-8"?>
<robot generator="Robot 6.1 (Python 3.11.4 on win32)" generated="20231022 14:56:20.373" rpa="false" schemaversion="4">
<suite id="s1" name="Tests" source="D:\OneDrive - Novabase\Documents\1.AutomaticTests\robot_framework--advanced\Backend\tests">
<suite id="s1-s1" name="beGeek" source="D:\OneDrive - Novabase\Documents\1.AutomaticTests\robot_framework--advanced\Backend\tests\beGeek.robot">
<test id="s1-s1-t1" name="Be a geek" line="10">
<kw name="Reset All" library="Base" type="SETUP">
<kw name="Connect To Postgress" library="Base">
<kw name="Connect To Database" library="DatabaseLibrary">
<arg>psycopg2</arg>
<arg>nmtcwbau</arg>
<arg>nmtcwbau</arg>
<arg>BBZLKbd77pBfmQCN1fZHtgC0iw81fI9v</arg>
<arg>trumpet.db.elephantsql.com</arg>
<arg>5432</arg>
<doc>Loads the DB API 2.0 module given `dbapiModuleName` then uses it to
connect to the database using `dbName`, `dbUsername`, and `dbPassword`.</doc>
<msg timestamp="20231022 14:56:20.707" level="INFO">Connecting using : psycopg2.connect(database=nmtcwbau, user=nmtcwbau, password=***, host=trumpet.db.elephantsql.com, port=5432) </msg>
<status status="PASS" starttime="20231022 14:56:20.655" endtime="20231022 14:56:21.107"/>
</kw>
<status status="PASS" starttime="20231022 14:56:20.655" endtime="20231022 14:56:21.108"/>
</kw>
<kw name="Execute Sql String" library="DatabaseLibrary">
<arg>DELETE from public.geeks;</arg>
<doc>Executes the sqlString as SQL commands. Useful to pass arguments to your sql. Set optional input `sansTran` to
True to run command without an explicit transaction commit or rollback.</doc>
<msg timestamp="20231022 14:56:21.108" level="INFO">Executing : Execute SQL String  |  DELETE from public.geeks; </msg>
<status status="PASS" starttime="20231022 14:56:21.108" endtime="20231022 14:56:21.262"/>
</kw>
<kw name="Execute Sql String" library="DatabaseLibrary">
<arg>DELETE from public.users;</arg>
<doc>Executes the sqlString as SQL commands. Useful to pass arguments to your sql. Set optional input `sansTran` to
True to run command without an explicit transaction commit or rollback.</doc>
<msg timestamp="20231022 14:56:21.262" level="INFO">Executing : Execute SQL String  |  DELETE from public.users; </msg>
<status status="PASS" starttime="20231022 14:56:21.262" endtime="20231022 14:56:21.425"/>
</kw>
<status status="PASS" starttime="20231022 14:56:20.654" endtime="20231022 14:56:21.425"/>
</kw>
<kw name="Become a geek" library="meta">
<kw name="Factory User" library="Users">
<var>${user_signin}</var>
<arg>signin</arg>
<msg timestamp="20231022 14:56:21.425" level="INFO">${user_signin} = {'name': 'Baguera Loli', 'email': 'bags@lolis.com', 'password': 'Kika.1234'}</msg>
<status status="PASS" starttime="20231022 14:56:21.425" endtime="20231022 14:56:21.425"/>
</kw>
<kw name="Factory Geek" library="Users">
<var>${user_geek}</var>
<msg timestamp="20231022 14:56:21.425" level="INFO">${user_geek} = {'be_geek': {'name': 'Baguera Loli', 'email': 'bags@lolis.com', 'password': 'Kika1234', 'geek_profile': {'whatsapp': '11999999999', 'desc': 'Sou bom em abrir embalagem de pc, depois me esconder e arra...</msg>
<status status="PASS" starttime="20231022 14:56:21.425" endtime="20231022 14:56:21.425"/>
</kw>
<kw name="POST User" library="SessionsRoute">
<var>${response}</var>
<arg>${user_signin}</arg>
<kw name="POST" library="RequestsLibrary">
<var>${response}</var>
<arg>${API_USERS_URL}/users</arg>
<arg>json=${user}</arg>
<arg>expected_status=any</arg>
<doc>Sends a POST request.</doc>
<msg timestamp="20231022 14:56:22.682" level="INFO">POST Request : url=https://api-geek.fly.dev/users 
 path_url=/users 
 headers={'User-Agent': 'python-requests/2.31.0', 'Accept-Encoding': 'gzip, deflate', 'Accept': '*/*', 'Connection': 'keep-alive', 'Content-Length': '76', 'Content-Type': 'application/json'} 
 body=b'{"name": "Baguera Loli", "email": "bags@lolis.com", "password": "Kika.1234"}' 
 </msg>
<msg timestamp="20231022 14:56:22.682" level="INFO">POST Response : url=https://api-geek.fly.dev/users 
 status=201, reason=Created 
 headers={'x-powered-by': 'Express', 'access-control-allow-origin': '*', 'content-type': 'application/json; charset=utf-8', 'content-encoding': 'gzip', 'etag': 'W/"a-OcpGxUlPgEKvMZXG1n0MUwTsLrE"', 'date': 'Sun, 22 Oct 2023 13:56:26 GMT', 'connection': 'keep-alive', 'keep-alive': 'timeout=5', 'transfer-encoding': 'chunked', 'server': 'Fly/55f8eaa0 (2023-10-09)', 'via': '1.1 fly.io', 'fly-request-id': '01HDBTRDD9QRV4VKDK6RTNZJ99-mad'} 
 body={"id":624} 
 </msg>
<msg timestamp="20231022 14:56:22.682" level="INFO">${response} = &lt;Response [201]&gt;</msg>
<status status="PASS" starttime="20231022 14:56:21.426" endtime="20231022 14:56:22.682"/>
</kw>
<msg timestamp="20231022 14:56:22.682" level="INFO">${response} = &lt;Response [201]&gt;</msg>
<status status="PASS" starttime="20231022 14:56:21.425" endtime="20231022 14:56:22.682"/>
</kw>
<kw name="POST Geek" library="BeGeekRoute">
<arg>${user_geek}[be_geek][geek_profile]</arg>
<kw name="Token User" library="SessionsRoute">
<var>${token}</var>
<kw name="Factory Session User" library="Users">
<var>${user}</var>
<arg>session_token</arg>
<msg timestamp="20231022 14:56:22.683" level="INFO">${user} = {'email': 'bags@lolis.com', 'password': 'Kika.1234'}</msg>
<status status="PASS" starttime="20231022 14:56:22.683" endtime="20231022 14:56:22.683"/>
</kw>
<kw name="POST Session" library="SessionsRoute">
<var>${response}</var>
<arg>${user}</arg>
<kw name="POST" library="RequestsLibrary">
<var>${response}</var>
<arg>${API_USERS_URL}/sessions</arg>
<arg>json=${user}</arg>
<arg>expected_status=any</arg>
<doc>Sends a POST request.</doc>
<msg timestamp="20231022 14:56:23.347" level="INFO">POST Request : url=https://api-geek.fly.dev/sessions 
 path_url=/sessions 
 headers={'User-Agent': 'python-requests/2.31.0', 'Accept-Encoding': 'gzip, deflate', 'Accept': '*/*', 'Connection': 'keep-alive', 'Content-Length': '52', 'Content-Type': 'application/json'} 
 body=b'{"email": "bags@lolis.com", "password": "Kika.1234"}' 
 </msg>
<msg timestamp="20231022 14:56:23.347" level="INFO">POST Response : url=https://api-geek.fly.dev/sessions 
 status=200, reason=OK 
 headers={'x-powered-by': 'Express', 'access-control-allow-origin': '*', 'content-type': 'application/json; charset=utf-8', 'content-encoding': 'gzip', 'etag': 'W/"169-ABFgHsBai1w0I3i+hF3h/igD5II"', 'date': 'Sun, 22 Oct 2023 13:56:27 GMT', 'connection': 'keep-alive', 'keep-alive': 'timeout=5', 'transfer-encoding': 'chunked', 'server': 'Fly/55f8eaa0 (2023-10-09)', 'via': '1.1 fly.io', 'fly-request-id': '01HDBTREM0F2R9T6GQTT6BN75V-mad'} 
 body={"user":{"id":624,"email":"bags@lolis.com","password_hash":"$2b$08$rK4iGDMFc7dffZUEczq7aOAF/c9XQyv6osRCZZN8q6HZ0NuvwcW.e","name":"Baguera Loli","avatar":null,"whatsapp":null,"is_geek":false},"token":"eyJhbGciOiJIUzI1NiIsInR5cCI6IkpXVCJ9.eyJpZCI6NjI0LCJpYXQiOjE2OTc5ODI5ODcsImV4cCI6MTY5ODg0Njk4N30.1b8a3ajbuBzvLebRrkKS_tS891S2OivufRKNLGG4K9U","expires_in":"10d"} 
 </msg>
<msg timestamp="20231022 14:56:23.347" level="INFO">${response} = &lt;Response [200]&gt;</msg>
<status status="PASS" starttime="20231022 14:56:22.683" endtime="20231022 14:56:23.348"/>
</kw>
<msg timestamp="20231022 14:56:23.348" level="INFO">${response} = &lt;Response [200]&gt;</msg>
<status status="PASS" starttime="20231022 14:56:22.683" endtime="20231022 14:56:23.348"/>
</kw>
<kw name="Set Variable" library="BuiltIn">
<var>${result}</var>
<arg>${EMPTY}</arg>
<doc>Returns the given values which can then be assigned to a variables.</doc>
<msg timestamp="20231022 14:56:23.348" level="INFO">${result} = </msg>
<status status="PASS" starttime="20231022 14:56:23.348" endtime="20231022 14:56:23.348"/>
</kw>
<if>
<branch type="IF" condition="&quot;200&quot; in &quot;${response}&quot;">
<kw name="Set Variable" library="BuiltIn">
<var>${result}</var>
<arg>${response.json()}[token]</arg>
<doc>Returns the given values which can then be assigned to a variables.</doc>
<msg timestamp="20231022 14:56:23.350" level="INFO">${result} = eyJhbGciOiJIUzI1NiIsInR5cCI6IkpXVCJ9.eyJpZCI6NjI0LCJpYXQiOjE2OTc5ODI5ODcsImV4cCI6MTY5ODg0Njk4N30.1b8a3ajbuBzvLebRrkKS_tS891S2OivufRKNLGG4K9U</msg>
<status status="PASS" starttime="20231022 14:56:23.349" endtime="20231022 14:56:23.350"/>
</kw>
<status status="PASS" starttime="20231022 14:56:23.348" endtime="20231022 14:56:23.350"/>
</branch>
<status status="PASS" starttime="20231022 14:56:23.348" endtime="20231022 14:56:23.350"/>
</if>
<msg timestamp="20231022 14:56:23.350" level="INFO">${token} = eyJhbGciOiJIUzI1NiIsInR5cCI6IkpXVCJ9.eyJpZCI6NjI0LCJpYXQiOjE2OTc5ODI5ODcsImV4cCI6MTY5ODg0Njk4N30.1b8a3ajbuBzvLebRrkKS_tS891S2OivufRKNLGG4K9U</msg>
<status status="PASS" starttime="20231022 14:56:22.682" endtime="20231022 14:56:23.350"/>
</kw>
<kw name="Create Dictionary" library="BuiltIn">
<var>${headers}</var>
<arg>Authorization=Bearer ${token}</arg>
<doc>Creates and returns a dictionary based on the given ``items``.</doc>
<msg timestamp="20231022 14:56:23.350" level="INFO">${headers} = {'Authorization': 'Bearer eyJhbGciOiJIUzI1NiIsInR5cCI6IkpXVCJ9.eyJpZCI6NjI0LCJpYXQiOjE2OTc5ODI5ODcsImV4cCI6MTY5ODg0Njk4N30.1b8a3ajbuBzvLebRrkKS_tS891S2OivufRKNLGG4K9U'}</msg>
<status status="PASS" starttime="20231022 14:56:23.350" endtime="20231022 14:56:23.350"/>
</kw>
<kw name="POST" library="RequestsLibrary">
<var>${response}</var>
<arg>${API_USERS_URL}/geeks</arg>
<arg>json=${user}</arg>
<arg>headers=${headers}</arg>
<arg>expected_status=any</arg>
<doc>Sends a POST request.</doc>
<msg timestamp="20231022 14:56:24.760" level="INFO">POST Request : url=https://api-geek.fly.dev/geeks 
 path_url=/geeks 
 headers={'User-Agent': 'python-requests/2.31.0', 'Accept-Encoding': 'gzip, deflate', 'Accept': '*/*', 'Connection': 'keep-alive', 'Authorization': 'Bearer eyJhbGciOiJIUzI1NiIsInR5cCI6IkpXVCJ9.eyJpZCI6NjI0LCJpYXQiOjE2OTc5ODI5ODcsImV4cCI6MTY5ODg0Njk4N30.1b8a3ajbuBzvLebRrkKS_tS891S2OivufRKNLGG4K9U', 'Content-Length': '296', 'Content-Type': 'application/json'} 
 body=b'{"whatsapp": "11999999999", "desc": "Sou bom em abrir embalagem de pc, depois me esconder e arranhar ela. Eu j\\u00e1 destruir inumeras embalagens, as vezes com a boca, as vezes com a unha, mas pode ficar tranquilo que eu sempre consigo!", "printer_repair": "Sim", "work": "Remoto", "cost": "500"}' 
 </msg>
<msg timestamp="20231022 14:56:24.760" level="INFO">POST Response : url=https://api-geek.fly.dev/geeks 
 status=201, reason=Created 
 headers={'x-powered-by': 'Express', 'access-control-allow-origin': '*', 'date': 'Sun, 22 Oct 2023 13:56:28 GMT', 'connection': 'keep-alive', 'keep-alive': 'timeout=5', 'server': 'Fly/55f8eaa0 (2023-10-09)', 'via': '1.1 fly.io', 'fly-request-id': '01HDBTRF8RW4WH1J8RQ8YN5G6J-mad', 'content-length': '0'} 
 body=None 
 </msg>
<msg timestamp="20231022 14:56:24.762" level="INFO">${response} = &lt;Response [201]&gt;</msg>
<status status="PASS" starttime="20231022 14:56:23.350" endtime="20231022 14:56:24.762"/>
</kw>
<status status="PASS" starttime="20231022 14:56:22.682" endtime="20231022 14:56:24.762"/>
</kw>
<status status="PASS" starttime="20231022 14:56:21.425" endtime="20231022 14:56:24.762"/>
</kw>
<kw name="Tests right user and geek" library="meta">
<kw name="Factory User" library="Users">
<var>${user_signin}</var>
<arg>signin</arg>
<msg timestamp="20231022 14:56:24.763" level="INFO">${user_signin} = {'name': 'Baguera Loli', 'email': 'bags@lolis.com', 'password': 'Kika.1234'}</msg>
<status status="PASS" starttime="20231022 14:56:24.763" endtime="20231022 14:56:24.763"/>
</kw>
<kw name="Factory Geek" library="Users">
<var>${user_geek}</var>
<msg timestamp="20231022 14:56:24.763" level="INFO">${user_geek} = {'be_geek': {'name': 'Baguera Loli', 'email': 'bags@lolis.com', 'password': 'Kika1234', 'geek_profile': {'whatsapp': '11999999999', 'desc': 'Sou bom em abrir embalagem de pc, depois me esconder e arra...</msg>
<status status="PASS" starttime="20231022 14:56:24.763" endtime="20231022 14:56:24.763"/>
</kw>
<kw name="POST User" library="SessionsRoute">
<arg>${user_signin}</arg>
<kw name="POST" library="RequestsLibrary">
<var>${response}</var>
<arg>${API_USERS_URL}/users</arg>
<arg>json=${user}</arg>
<arg>expected_status=any</arg>
<doc>Sends a POST request.</doc>
<msg timestamp="20231022 14:56:25.239" level="INFO">POST Request : url=https://api-geek.fly.dev/users 
 path_url=/users 
 headers={'User-Agent': 'python-requests/2.31.0', 'Accept-Encoding': 'gzip, deflate', 'Accept': '*/*', 'Connection': 'keep-alive', 'Content-Length': '76', 'Content-Type': 'application/json'} 
 body=b'{"name": "Baguera Loli", "email": "bags@lolis.com", "password": "Kika.1234"}' 
 </msg>
<msg timestamp="20231022 14:56:25.239" level="INFO">POST Response : url=https://api-geek.fly.dev/users 
 status=400, reason=Bad Request 
 headers={'x-powered-by': 'Express', 'access-control-allow-origin': '*', 'content-type': 'application/json; charset=utf-8', 'content-encoding': 'gzip', 'etag': 'W/"1f-lFUySNKwX3L5eGEwGcNcUoVKWhE"', 'date': 'Sun, 22 Oct 2023 13:56:29 GMT', 'connection': 'keep-alive', 'keep-alive': 'timeout=5', 'transfer-encoding': 'chunked', 'server': 'Fly/55f8eaa0 (2023-10-09)', 'via': '1.1 fly.io', 'fly-request-id': '01HDBTRGNK2W85Z2V7HQE0DGDW-mad'} 
 body={"error":"User already exists"} 
 </msg>
<msg timestamp="20231022 14:56:25.239" level="INFO">${response} = &lt;Response [400]&gt;</msg>
<status status="PASS" starttime="20231022 14:56:24.763" endtime="20231022 14:56:25.239"/>
</kw>
<status status="PASS" starttime="20231022 14:56:24.763" endtime="20231022 14:56:25.239"/>
</kw>
<kw name="GET User" library="SessionsRoute">
<var>${response}</var>
<kw name="Token User" library="SessionsRoute">
<var>${token}</var>
<kw name="Factory Session User" library="Users">
<var>${user}</var>
<arg>session_token</arg>
<msg timestamp="20231022 14:56:25.240" level="INFO">${user} = {'email': 'bags@lolis.com', 'password': 'Kika.1234'}</msg>
<status status="PASS" starttime="20231022 14:56:25.240" endtime="20231022 14:56:25.240"/>
</kw>
<kw name="POST Session" library="SessionsRoute">
<var>${response}</var>
<arg>${user}</arg>
<kw name="POST" library="RequestsLibrary">
<var>${response}</var>
<arg>${API_USERS_URL}/sessions</arg>
<arg>json=${user}</arg>
<arg>expected_status=any</arg>
<doc>Sends a POST request.</doc>
<msg timestamp="20231022 14:56:25.719" level="INFO">POST Request : url=https://api-geek.fly.dev/sessions 
 path_url=/sessions 
 headers={'User-Agent': 'python-requests/2.31.0', 'Accept-Encoding': 'gzip, deflate', 'Accept': '*/*', 'Connection': 'keep-alive', 'Content-Length': '52', 'Content-Type': 'application/json'} 
 body=b'{"email": "bags@lolis.com", "password": "Kika.1234"}' 
 </msg>
<msg timestamp="20231022 14:56:25.720" level="INFO">POST Response : url=https://api-geek.fly.dev/sessions 
 status=200, reason=OK 
 headers={'x-powered-by': 'Express', 'access-control-allow-origin': '*', 'content-type': 'application/json; charset=utf-8', 'content-encoding': 'gzip', 'etag': 'W/"171-3jEvrGH24YQR8SXWf2eBhh8NWxk"', 'date': 'Sun, 22 Oct 2023 13:56:29 GMT', 'connection': 'keep-alive', 'keep-alive': 'timeout=5', 'transfer-encoding': 'chunked', 'server': 'Fly/55f8eaa0 (2023-10-09)', 'via': '1.1 fly.io', 'fly-request-id': '01HDBTRH43AZB0R3139QNS0EPA-mad'} 
 body={"user":{"id":624,"email":"bags@lolis.com","password_hash":"$2b$08$rK4iGDMFc7dffZUEczq7aOAF/c9XQyv6osRCZZN8q6HZ0NuvwcW.e","name":"Baguera Loli","avatar":null,"whatsapp":"11999999999","is_geek":true},"token":"eyJhbGciOiJIUzI1NiIsInR5cCI6IkpXVCJ9.eyJpZCI6NjI0LCJpYXQiOjE2OTc5ODI5ODksImV4cCI6MTY5ODg0Njk4OX0.TiB7R7aT3UtxLqulxAlKVQBp5vPCb-mCPmXgEnR5h-A","expires_in":"10d"} 
 </msg>
<msg timestamp="20231022 14:56:25.720" level="INFO">${response} = &lt;Response [200]&gt;</msg>
<status status="PASS" starttime="20231022 14:56:25.240" endtime="20231022 14:56:25.720"/>
</kw>
<msg timestamp="20231022 14:56:25.720" level="INFO">${response} = &lt;Response [200]&gt;</msg>
<status status="PASS" starttime="20231022 14:56:25.240" endtime="20231022 14:56:25.720"/>
</kw>
<kw name="Set Variable" library="BuiltIn">
<var>${result}</var>
<arg>${EMPTY}</arg>
<doc>Returns the given values which can then be assigned to a variables.</doc>
<msg timestamp="20231022 14:56:25.721" level="INFO">${result} = </msg>
<status status="PASS" starttime="20231022 14:56:25.720" endtime="20231022 14:56:25.721"/>
</kw>
<if>
<branch type="IF" condition="&quot;200&quot; in &quot;${response}&quot;">
<kw name="Set Variable" library="BuiltIn">
<var>${result}</var>
<arg>${response.json()}[token]</arg>
<doc>Returns the given values which can then be assigned to a variables.</doc>
<msg timestamp="20231022 14:56:25.721" level="INFO">${result} = eyJhbGciOiJIUzI1NiIsInR5cCI6IkpXVCJ9.eyJpZCI6NjI0LCJpYXQiOjE2OTc5ODI5ODksImV4cCI6MTY5ODg0Njk4OX0.TiB7R7aT3UtxLqulxAlKVQBp5vPCb-mCPmXgEnR5h-A</msg>
<status status="PASS" starttime="20231022 14:56:25.721" endtime="20231022 14:56:25.721"/>
</kw>
<status status="PASS" starttime="20231022 14:56:25.721" endtime="20231022 14:56:25.721"/>
</branch>
<status status="PASS" starttime="20231022 14:56:25.721" endtime="20231022 14:56:25.721"/>
</if>
<msg timestamp="20231022 14:56:25.721" level="INFO">${token} = eyJhbGciOiJIUzI1NiIsInR5cCI6IkpXVCJ9.eyJpZCI6NjI0LCJpYXQiOjE2OTc5ODI5ODksImV4cCI6MTY5ODg0Njk4OX0.TiB7R7aT3UtxLqulxAlKVQBp5vPCb-mCPmXgEnR5h-A</msg>
<status status="PASS" starttime="20231022 14:56:25.239" endtime="20231022 14:56:25.721"/>
</kw>
<kw name="Create Dictionary" library="BuiltIn">
<var>${headers}</var>
<arg>Authorization=Bearer ${token}</arg>
<doc>Creates and returns a dictionary based on the given ``items``.</doc>
<msg timestamp="20231022 14:56:25.722" level="INFO">${headers} = {'Authorization': 'Bearer eyJhbGciOiJIUzI1NiIsInR5cCI6IkpXVCJ9.eyJpZCI6NjI0LCJpYXQiOjE2OTc5ODI5ODksImV4cCI6MTY5ODg0Njk4OX0.TiB7R7aT3UtxLqulxAlKVQBp5vPCb-mCPmXgEnR5h-A'}</msg>
<status status="PASS" starttime="20231022 14:56:25.722" endtime="20231022 14:56:25.722"/>
</kw>
<kw name="GET" library="RequestsLibrary">
<var>${response}</var>
<arg>${API_USERS_URL}/users</arg>
<arg>headers=${headers}</arg>
<arg>expected_status=any</arg>
<doc>Sends a GET request.</doc>
<msg timestamp="20231022 14:56:26.560" level="INFO">GET Request : url=https://api-geek.fly.dev/users 
 path_url=/users 
 headers={'User-Agent': 'python-requests/2.31.0', 'Accept-Encoding': 'gzip, deflate', 'Accept': '*/*', 'Connection': 'keep-alive', 'Authorization': 'Bearer eyJhbGciOiJIUzI1NiIsInR5cCI6IkpXVCJ9.eyJpZCI6NjI0LCJpYXQiOjE2OTc5ODI5ODksImV4cCI6MTY5ODg0Njk4OX0.TiB7R7aT3UtxLqulxAlKVQBp5vPCb-mCPmXgEnR5h-A'} 
 body=None 
 </msg>
<msg timestamp="20231022 14:56:26.560" level="INFO">GET Response : url=https://api-geek.fly.dev/users 
 status=200, reason=OK 
 headers={'x-powered-by': 'Express', 'access-control-allow-origin': '*', 'content-type': 'application/json; charset=utf-8', 'content-encoding': 'gzip', 'etag': 'W/"1d0-EOU1ZDjJBAsFB7kvcNba84Oxg/4"', 'date': 'Sun, 22 Oct 2023 13:56:30 GMT', 'connection': 'keep-alive', 'keep-alive': 'timeout=5', 'transfer-encoding': 'chunked', 'server': 'Fly/55f8eaa0 (2023-10-09)', 'via': '1.1 fly.io', 'fly-request-id': '01HDBTRHJV7FFVKSPA9E4M1DSG-mad'} 
 body={"id":128,"email":"bags@lolis.com","password_hash":"$2b$08$rK4iGDMFc7dffZUEczq7aOAF/c9XQyv6osRCZZN8q6HZ0NuvwcW.e","name":"Baguera Loli","avatar":null,"whatsapp":"11999999999","is_geek":true,"desc":"Sou bom em abrir embalagem de pc, depois me esconder e arranhar ela. Eu já destruir inumeras embalagens, as vezes com a boca, as vezes com a unha, mas pode ficar tranquilo que eu sempre consigo!","printer_repair":"Sim","work":"Remoto","cost":"500.00","user_id":624} 
 </msg>
<msg timestamp="20231022 14:56:26.561" level="INFO">${response} = &lt;Response [200]&gt;</msg>
<status status="PASS" starttime="20231022 14:56:25.722" endtime="20231022 14:56:26.561"/>
</kw>
<msg timestamp="20231022 14:56:26.561" level="INFO">${response} = &lt;Response [200]&gt;</msg>
<status status="PASS" starttime="20231022 14:56:25.239" endtime="20231022 14:56:26.561"/>
</kw>
<kw name="Convert To Number" library="BuiltIn">
<var>${coast_expected}</var>
<arg>${user_geek}[be_geek][geek_profile][cost]</arg>
<doc>Converts the given item to a floating point number.</doc>
<msg timestamp="20231022 14:56:26.563" level="INFO">${coast_expected} = 500.0</msg>
<status status="PASS" starttime="20231022 14:56:26.562" endtime="20231022 14:56:26.563"/>
</kw>
<kw name="Convert To Number" library="BuiltIn">
<var>${coast_response}</var>
<arg>${response.json()}[cost]</arg>
<doc>Converts the given item to a floating point number.</doc>
<msg timestamp="20231022 14:56:26.566" level="INFO">${coast_response} = 500.0</msg>
<status status="PASS" starttime="20231022 14:56:26.563" endtime="20231022 14:56:26.566"/>
</kw>
<kw name="Should Be Equal As Strings" library="BuiltIn">
<arg>${user_geek}[be_geek][name]</arg>
<arg>${response.json()}[name]</arg>
<doc>Fails if objects are unequal after converting them to strings.</doc>
<status status="PASS" starttime="20231022 14:56:26.566" endtime="20231022 14:56:26.569"/>
</kw>
<kw name="Should Be Equal As Strings" library="BuiltIn">
<arg>${user_geek}[be_geek][email]</arg>
<arg>${response.json()}[email]</arg>
<doc>Fails if objects are unequal after converting them to strings.</doc>
<status status="PASS" starttime="20231022 14:56:26.569" endtime="20231022 14:56:26.572"/>
</kw>
<kw name="Should Be Equal As Strings" library="BuiltIn">
<arg>${user_geek}[be_geek][geek_profile][whatsapp]</arg>
<arg>${response.json()}[whatsapp]</arg>
<doc>Fails if objects are unequal after converting them to strings.</doc>
<status status="PASS" starttime="20231022 14:56:26.573" endtime="20231022 14:56:26.573"/>
</kw>
<kw name="Should Be Equal As Strings" library="BuiltIn">
<arg>${user_geek}[be_geek][geek_profile][desc]</arg>
<arg>${response.json()}[desc]</arg>
<doc>Fails if objects are unequal after converting them to strings.</doc>
<status status="PASS" starttime="20231022 14:56:26.574" endtime="20231022 14:56:26.574"/>
</kw>
<kw name="Should Be Equal As Strings" library="BuiltIn">
<arg>${user_geek}[be_geek][geek_profile][printer_repair]</arg>
<arg>${response.json()}[printer_repair]</arg>
<doc>Fails if objects are unequal after converting them to strings.</doc>
<status status="PASS" starttime="20231022 14:56:26.574" endtime="20231022 14:56:26.578"/>
</kw>
<kw name="Should Be Equal As Strings" library="BuiltIn">
<arg>${user_geek}[be_geek][geek_profile][work]</arg>
<arg>${response.json()}[work]</arg>
<doc>Fails if objects are unequal after converting them to strings.</doc>
<status status="PASS" starttime="20231022 14:56:26.578" endtime="20231022 14:56:26.579"/>
</kw>
<kw name="Should Be Equal As Strings" library="BuiltIn">
<arg>${coast_expected}</arg>
<arg>${coast_response}</arg>
<doc>Fails if objects are unequal after converting them to strings.</doc>
<status status="PASS" starttime="20231022 14:56:26.579" endtime="20231022 14:56:26.579"/>
</kw>
<status status="PASS" starttime="20231022 14:56:24.763" endtime="20231022 14:56:26.579"/>
</kw>
<tag>happy_way</tag>
<status status="PASS" starttime="20231022 14:56:20.654" endtime="20231022 14:56:26.580"/>
</test>
<test id="s1-s1-t2" name="Search for geeks" line="16">
<kw name="Reset All" library="Base" type="SETUP">
<kw name="Connect To Postgress" library="Base">
<kw name="Connect To Database" library="DatabaseLibrary">
<arg>psycopg2</arg>
<arg>nmtcwbau</arg>
<arg>nmtcwbau</arg>
<arg>BBZLKbd77pBfmQCN1fZHtgC0iw81fI9v</arg>
<arg>trumpet.db.elephantsql.com</arg>
<arg>5432</arg>
<doc>Loads the DB API 2.0 module given `dbapiModuleName` then uses it to
connect to the database using `dbName`, `dbUsername`, and `dbPassword`.</doc>
<msg timestamp="20231022 14:56:26.583" level="INFO">Connecting using : psycopg2.connect(database=nmtcwbau, user=nmtcwbau, password=***, host=trumpet.db.elephantsql.com, port=5432) </msg>
<status status="PASS" starttime="20231022 14:56:26.582" endtime="20231022 14:56:26.887"/>
</kw>
<status status="PASS" starttime="20231022 14:56:26.582" endtime="20231022 14:56:26.887"/>
</kw>
<kw name="Execute Sql String" library="DatabaseLibrary">
<arg>DELETE from public.geeks;</arg>
<doc>Executes the sqlString as SQL commands. Useful to pass arguments to your sql. Set optional input `sansTran` to
True to run command without an explicit transaction commit or rollback.</doc>
<msg timestamp="20231022 14:56:26.887" level="INFO">Executing : Execute SQL String  |  DELETE from public.geeks; </msg>
<status status="PASS" starttime="20231022 14:56:26.887" endtime="20231022 14:56:27.039"/>
</kw>
<kw name="Execute Sql String" library="DatabaseLibrary">
<arg>DELETE from public.users;</arg>
<doc>Executes the sqlString as SQL commands. Useful to pass arguments to your sql. Set optional input `sansTran` to
True to run command without an explicit transaction commit or rollback.</doc>
<msg timestamp="20231022 14:56:27.039" level="INFO">Executing : Execute SQL String  |  DELETE from public.users; </msg>
<status status="PASS" starttime="20231022 14:56:27.039" endtime="20231022 14:56:27.190"/>
</kw>
<status status="PASS" starttime="20231022 14:56:26.582" endtime="20231022 14:56:27.190"/>
</kw>
<kw name="Get Geek List" library="meta">
<kw name="Factory User" library="Users">
<var>${user_signin}</var>
<arg>signin</arg>
<msg timestamp="20231022 14:56:27.190" level="INFO">${user_signin} = {'name': 'Baguera Loli', 'email': 'bags@lolis.com', 'password': 'Kika.1234'}</msg>
<status status="PASS" starttime="20231022 14:56:27.190" endtime="20231022 14:56:27.190"/>
</kw>
<kw name="Factory Geek" library="Users">
<var>${user_geek}</var>
<msg timestamp="20231022 14:56:27.190" level="INFO">${user_geek} = {'be_geek': {'name': 'Baguera Loli', 'email': 'bags@lolis.com', 'password': 'Kika1234', 'geek_profile': {'whatsapp': '11999999999', 'desc': 'Sou bom em abrir embalagem de pc, depois me esconder e arra...</msg>
<status status="PASS" starttime="20231022 14:56:27.190" endtime="20231022 14:56:27.190"/>
</kw>
<kw name="POST User" library="SessionsRoute">
<arg>${user_signin}</arg>
<kw name="POST" library="RequestsLibrary">
<var>${response}</var>
<arg>${API_USERS_URL}/users</arg>
<arg>json=${user}</arg>
<arg>expected_status=any</arg>
<doc>Sends a POST request.</doc>
<msg timestamp="20231022 14:56:28.250" level="INFO">POST Request : url=https://api-geek.fly.dev/users 
 path_url=/users 
 headers={'User-Agent': 'python-requests/2.31.0', 'Accept-Encoding': 'gzip, deflate', 'Accept': '*/*', 'Connection': 'keep-alive', 'Content-Length': '76', 'Content-Type': 'application/json'} 
 body=b'{"name": "Baguera Loli", "email": "bags@lolis.com", "password": "Kika.1234"}' 
 </msg>
<msg timestamp="20231022 14:56:28.251" level="INFO">POST Response : url=https://api-geek.fly.dev/users 
 status=201, reason=Created 
 headers={'x-powered-by': 'Express', 'access-control-allow-origin': '*', 'content-type': 'application/json; charset=utf-8', 'content-encoding': 'gzip', 'etag': 'W/"a-lVg2C9PhOhzlP7hBSlaIAshkfFI"', 'date': 'Sun, 22 Oct 2023 13:56:32 GMT', 'connection': 'keep-alive', 'keep-alive': 'timeout=5', 'transfer-encoding': 'chunked', 'server': 'Fly/55f8eaa0 (2023-10-09)', 'via': '1.1 fly.io', 'fly-request-id': '01HDBTRK15MSZJ5E1Q4EX8KP9J-mad'} 
 body={"id":625} 
 </msg>
<msg timestamp="20231022 14:56:28.251" level="INFO">${response} = &lt;Response [201]&gt;</msg>
<status status="PASS" starttime="20231022 14:56:27.191" endtime="20231022 14:56:28.251"/>
</kw>
<status status="PASS" starttime="20231022 14:56:27.190" endtime="20231022 14:56:28.251"/>
</kw>
<kw name="POST Geek" library="BeGeekRoute">
<arg>${user_geek}[be_geek][geek_profile]</arg>
<kw name="Token User" library="SessionsRoute">
<var>${token}</var>
<kw name="Factory Session User" library="Users">
<var>${user}</var>
<arg>session_token</arg>
<msg timestamp="20231022 14:56:28.253" level="INFO">${user} = {'email': 'bags@lolis.com', 'password': 'Kika.1234'}</msg>
<status status="PASS" starttime="20231022 14:56:28.252" endtime="20231022 14:56:28.253"/>
</kw>
<kw name="POST Session" library="SessionsRoute">
<var>${response}</var>
<arg>${user}</arg>
<kw name="POST" library="RequestsLibrary">
<var>${response}</var>
<arg>${API_USERS_URL}/sessions</arg>
<arg>json=${user}</arg>
<arg>expected_status=any</arg>
<doc>Sends a POST request.</doc>
<msg timestamp="20231022 14:56:28.755" level="INFO">POST Request : url=https://api-geek.fly.dev/sessions 
 path_url=/sessions 
 headers={'User-Agent': 'python-requests/2.31.0', 'Accept-Encoding': 'gzip, deflate', 'Accept': '*/*', 'Connection': 'keep-alive', 'Content-Length': '52', 'Content-Type': 'application/json'} 
 body=b'{"email": "bags@lolis.com", "password": "Kika.1234"}' 
 </msg>
<msg timestamp="20231022 14:56:28.755" level="INFO">POST Response : url=https://api-geek.fly.dev/sessions 
 status=200, reason=OK 
 headers={'x-powered-by': 'Express', 'access-control-allow-origin': '*', 'content-type': 'application/json; charset=utf-8', 'content-encoding': 'gzip', 'etag': 'W/"169-e5NCtiIK19SA4zG3oBYt9PtE3iY"', 'date': 'Sun, 22 Oct 2023 13:56:32 GMT', 'connection': 'keep-alive', 'keep-alive': 'timeout=5', 'transfer-encoding': 'chunked', 'server': 'Fly/55f8eaa0 (2023-10-09)', 'via': '1.1 fly.io', 'fly-request-id': '01HDBTRM30TJA4Q0WQG7973HBF-mad'} 
 body={"user":{"id":625,"email":"bags@lolis.com","password_hash":"$2b$08$phvwtEUKAEv61tLCIFwbhuX1Pt8mFBDtpb2EzJ1OpIyWRryuTV9oe","name":"Baguera Loli","avatar":null,"whatsapp":null,"is_geek":false},"token":"eyJhbGciOiJIUzI1NiIsInR5cCI6IkpXVCJ9.eyJpZCI6NjI1LCJpYXQiOjE2OTc5ODI5OTIsImV4cCI6MTY5ODg0Njk5Mn0.M79MIbHkwS2lTEBWlDDrRcJpXDpxaj49b6bI8fl60CA","expires_in":"10d"} 
 </msg>
<msg timestamp="20231022 14:56:28.755" level="INFO">${response} = &lt;Response [200]&gt;</msg>
<status status="PASS" starttime="20231022 14:56:28.253" endtime="20231022 14:56:28.755"/>
</kw>
<msg timestamp="20231022 14:56:28.755" level="INFO">${response} = &lt;Response [200]&gt;</msg>
<status status="PASS" starttime="20231022 14:56:28.253" endtime="20231022 14:56:28.755"/>
</kw>
<kw name="Set Variable" library="BuiltIn">
<var>${result}</var>
<arg>${EMPTY}</arg>
<doc>Returns the given values which can then be assigned to a variables.</doc>
<msg timestamp="20231022 14:56:28.755" level="INFO">${result} = </msg>
<status status="PASS" starttime="20231022 14:56:28.755" endtime="20231022 14:56:28.755"/>
</kw>
<if>
<branch type="IF" condition="&quot;200&quot; in &quot;${response}&quot;">
<kw name="Set Variable" library="BuiltIn">
<var>${result}</var>
<arg>${response.json()}[token]</arg>
<doc>Returns the given values which can then be assigned to a variables.</doc>
<msg timestamp="20231022 14:56:28.756" level="INFO">${result} = eyJhbGciOiJIUzI1NiIsInR5cCI6IkpXVCJ9.eyJpZCI6NjI1LCJpYXQiOjE2OTc5ODI5OTIsImV4cCI6MTY5ODg0Njk5Mn0.M79MIbHkwS2lTEBWlDDrRcJpXDpxaj49b6bI8fl60CA</msg>
<status status="PASS" starttime="20231022 14:56:28.756" endtime="20231022 14:56:28.756"/>
</kw>
<status status="PASS" starttime="20231022 14:56:28.756" endtime="20231022 14:56:28.756"/>
</branch>
<status status="PASS" starttime="20231022 14:56:28.756" endtime="20231022 14:56:28.756"/>
</if>
<msg timestamp="20231022 14:56:28.756" level="INFO">${token} = eyJhbGciOiJIUzI1NiIsInR5cCI6IkpXVCJ9.eyJpZCI6NjI1LCJpYXQiOjE2OTc5ODI5OTIsImV4cCI6MTY5ODg0Njk5Mn0.M79MIbHkwS2lTEBWlDDrRcJpXDpxaj49b6bI8fl60CA</msg>
<status status="PASS" starttime="20231022 14:56:28.252" endtime="20231022 14:56:28.756"/>
</kw>
<kw name="Create Dictionary" library="BuiltIn">
<var>${headers}</var>
<arg>Authorization=Bearer ${token}</arg>
<doc>Creates and returns a dictionary based on the given ``items``.</doc>
<msg timestamp="20231022 14:56:28.757" level="INFO">${headers} = {'Authorization': 'Bearer eyJhbGciOiJIUzI1NiIsInR5cCI6IkpXVCJ9.eyJpZCI6NjI1LCJpYXQiOjE2OTc5ODI5OTIsImV4cCI6MTY5ODg0Njk5Mn0.M79MIbHkwS2lTEBWlDDrRcJpXDpxaj49b6bI8fl60CA'}</msg>
<status status="PASS" starttime="20231022 14:56:28.756" endtime="20231022 14:56:28.757"/>
</kw>
<kw name="POST" library="RequestsLibrary">
<var>${response}</var>
<arg>${API_USERS_URL}/geeks</arg>
<arg>json=${user}</arg>
<arg>headers=${headers}</arg>
<arg>expected_status=any</arg>
<doc>Sends a POST request.</doc>
<msg timestamp="20231022 14:56:30.169" level="INFO">POST Request : url=https://api-geek.fly.dev/geeks 
 path_url=/geeks 
 headers={'User-Agent': 'python-requests/2.31.0', 'Accept-Encoding': 'gzip, deflate', 'Accept': '*/*', 'Connection': 'keep-alive', 'Authorization': 'Bearer eyJhbGciOiJIUzI1NiIsInR5cCI6IkpXVCJ9.eyJpZCI6NjI1LCJpYXQiOjE2OTc5ODI5OTIsImV4cCI6MTY5ODg0Njk5Mn0.M79MIbHkwS2lTEBWlDDrRcJpXDpxaj49b6bI8fl60CA', 'Content-Length': '296', 'Content-Type': 'application/json'} 
 body=b'{"whatsapp": "11999999999", "desc": "Sou bom em abrir embalagem de pc, depois me esconder e arranhar ela. Eu j\\u00e1 destruir inumeras embalagens, as vezes com a boca, as vezes com a unha, mas pode ficar tranquilo que eu sempre consigo!", "printer_repair": "Sim", "work": "Remoto", "cost": "500"}' 
 </msg>
<msg timestamp="20231022 14:56:30.169" level="INFO">POST Response : url=https://api-geek.fly.dev/geeks 
 status=201, reason=Created 
 headers={'x-powered-by': 'Express', 'access-control-allow-origin': '*', 'date': 'Sun, 22 Oct 2023 13:56:34 GMT', 'connection': 'keep-alive', 'keep-alive': 'timeout=5', 'server': 'Fly/55f8eaa0 (2023-10-09)', 'via': '1.1 fly.io', 'fly-request-id': '01HDBTRMJ3BGNXCWFK9GZ9TFCS-mad', 'content-length': '0'} 
 body=None 
 </msg>
<msg timestamp="20231022 14:56:30.171" level="INFO">${response} = &lt;Response [201]&gt;</msg>
<status status="PASS" starttime="20231022 14:56:28.757" endtime="20231022 14:56:30.171"/>
</kw>
<status status="PASS" starttime="20231022 14:56:28.251" endtime="20231022 14:56:30.171"/>
</kw>
<kw name="GET Geeks" library="BeGeekRoute">
<kw name="Token User" library="SessionsRoute">
<var>${token}</var>
<kw name="Factory Session User" library="Users">
<var>${user}</var>
<arg>session_token</arg>
<msg timestamp="20231022 14:56:30.172" level="INFO">${user} = {'email': 'bags@lolis.com', 'password': 'Kika.1234'}</msg>
<status status="PASS" starttime="20231022 14:56:30.172" endtime="20231022 14:56:30.172"/>
</kw>
<kw name="POST Session" library="SessionsRoute">
<var>${response}</var>
<arg>${user}</arg>
<kw name="POST" library="RequestsLibrary">
<var>${response}</var>
<arg>${API_USERS_URL}/sessions</arg>
<arg>json=${user}</arg>
<arg>expected_status=any</arg>
<doc>Sends a POST request.</doc>
<msg timestamp="20231022 14:56:30.644" level="INFO">POST Request : url=https://api-geek.fly.dev/sessions 
 path_url=/sessions 
 headers={'User-Agent': 'python-requests/2.31.0', 'Accept-Encoding': 'gzip, deflate', 'Accept': '*/*', 'Connection': 'keep-alive', 'Content-Length': '52', 'Content-Type': 'application/json'} 
 body=b'{"email": "bags@lolis.com", "password": "Kika.1234"}' 
 </msg>
<msg timestamp="20231022 14:56:30.644" level="INFO">POST Response : url=https://api-geek.fly.dev/sessions 
 status=200, reason=OK 
 headers={'x-powered-by': 'Express', 'access-control-allow-origin': '*', 'content-type': 'application/json; charset=utf-8', 'content-encoding': 'gzip', 'etag': 'W/"171-i+NCIEsmqP5v2XzpTsl3PvVM1pk"', 'date': 'Sun, 22 Oct 2023 13:56:34 GMT', 'connection': 'keep-alive', 'keep-alive': 'timeout=5', 'transfer-encoding': 'chunked', 'server': 'Fly/55f8eaa0 (2023-10-09)', 'via': '1.1 fly.io', 'fly-request-id': '01HDBTRNXZ8QF5SCZ7WW3E00GV-mad'} 
 body={"user":{"id":625,"email":"bags@lolis.com","password_hash":"$2b$08$phvwtEUKAEv61tLCIFwbhuX1Pt8mFBDtpb2EzJ1OpIyWRryuTV9oe","name":"Baguera Loli","avatar":null,"whatsapp":"11999999999","is_geek":true},"token":"eyJhbGciOiJIUzI1NiIsInR5cCI6IkpXVCJ9.eyJpZCI6NjI1LCJpYXQiOjE2OTc5ODI5OTQsImV4cCI6MTY5ODg0Njk5NH0.Cs7RzB8nw4yLXMTrtRvpbqIJANv53WSZXCwDvLXWTKI","expires_in":"10d"} 
 </msg>
<msg timestamp="20231022 14:56:30.644" level="INFO">${response} = &lt;Response [200]&gt;</msg>
<status status="PASS" starttime="20231022 14:56:30.173" endtime="20231022 14:56:30.645"/>
</kw>
<msg timestamp="20231022 14:56:30.645" level="INFO">${response} = &lt;Response [200]&gt;</msg>
<status status="PASS" starttime="20231022 14:56:30.172" endtime="20231022 14:56:30.645"/>
</kw>
<kw name="Set Variable" library="BuiltIn">
<var>${result}</var>
<arg>${EMPTY}</arg>
<doc>Returns the given values which can then be assigned to a variables.</doc>
<msg timestamp="20231022 14:56:30.645" level="INFO">${result} = </msg>
<status status="PASS" starttime="20231022 14:56:30.645" endtime="20231022 14:56:30.645"/>
</kw>
<if>
<branch type="IF" condition="&quot;200&quot; in &quot;${response}&quot;">
<kw name="Set Variable" library="BuiltIn">
<var>${result}</var>
<arg>${response.json()}[token]</arg>
<doc>Returns the given values which can then be assigned to a variables.</doc>
<msg timestamp="20231022 14:56:30.646" level="INFO">${result} = eyJhbGciOiJIUzI1NiIsInR5cCI6IkpXVCJ9.eyJpZCI6NjI1LCJpYXQiOjE2OTc5ODI5OTQsImV4cCI6MTY5ODg0Njk5NH0.Cs7RzB8nw4yLXMTrtRvpbqIJANv53WSZXCwDvLXWTKI</msg>
<status status="PASS" starttime="20231022 14:56:30.645" endtime="20231022 14:56:30.646"/>
</kw>
<status status="PASS" starttime="20231022 14:56:30.645" endtime="20231022 14:56:30.646"/>
</branch>
<status status="PASS" starttime="20231022 14:56:30.645" endtime="20231022 14:56:30.646"/>
</if>
<msg timestamp="20231022 14:56:30.646" level="INFO">${token} = eyJhbGciOiJIUzI1NiIsInR5cCI6IkpXVCJ9.eyJpZCI6NjI1LCJpYXQiOjE2OTc5ODI5OTQsImV4cCI6MTY5ODg0Njk5NH0.Cs7RzB8nw4yLXMTrtRvpbqIJANv53WSZXCwDvLXWTKI</msg>
<status status="PASS" starttime="20231022 14:56:30.172" endtime="20231022 14:56:30.646"/>
</kw>
<kw name="Create Dictionary" library="BuiltIn">
<var>${headers}</var>
<arg>Authorization=Bearer ${token}</arg>
<doc>Creates and returns a dictionary based on the given ``items``.</doc>
<msg timestamp="20231022 14:56:30.646" level="INFO">${headers} = {'Authorization': 'Bearer eyJhbGciOiJIUzI1NiIsInR5cCI6IkpXVCJ9.eyJpZCI6NjI1LCJpYXQiOjE2OTc5ODI5OTQsImV4cCI6MTY5ODg0Njk5NH0.Cs7RzB8nw4yLXMTrtRvpbqIJANv53WSZXCwDvLXWTKI'}</msg>
<status status="PASS" starttime="20231022 14:56:30.646" endtime="20231022 14:56:30.646"/>
</kw>
<kw name="GET" library="RequestsLibrary">
<var>${response}</var>
<arg>${API_USERS_URL}/geeks</arg>
<arg>headers=${headers}</arg>
<arg>expected_status=any</arg>
<doc>Sends a GET request.</doc>
<msg timestamp="20231022 14:56:31.303" level="INFO">GET Request : url=https://api-geek.fly.dev/geeks 
 path_url=/geeks 
 headers={'User-Agent': 'python-requests/2.31.0', 'Accept-Encoding': 'gzip, deflate', 'Accept': '*/*', 'Connection': 'keep-alive', 'Authorization': 'Bearer eyJhbGciOiJIUzI1NiIsInR5cCI6IkpXVCJ9.eyJpZCI6NjI1LCJpYXQiOjE2OTc5ODI5OTQsImV4cCI6MTY5ODg0Njk5NH0.Cs7RzB8nw4yLXMTrtRvpbqIJANv53WSZXCwDvLXWTKI'} 
 body=None 
 </msg>
<msg timestamp="20231022 14:56:31.303" level="INFO">GET Response : url=https://api-geek.fly.dev/geeks 
 status=200, reason=OK 
 headers={'x-powered-by': 'Express', 'access-control-allow-origin': '*', 'content-type': 'application/json; charset=utf-8', 'content-encoding': 'gzip', 'etag': 'W/"1e8-cY/pfCxMD+aMHVJm55uDjqYkQ9s"', 'date': 'Sun, 22 Oct 2023 13:56:35 GMT', 'connection': 'keep-alive', 'keep-alive': 'timeout=5', 'transfer-encoding': 'chunked', 'server': 'Fly/55f8eaa0 (2023-10-09)', 'via': '1.1 fly.io', 'fly-request-id': '01HDBTRPD7AF2F2KW5V8JDQ8XR-mad'} 
 body={"Geeks":[{"id":625,"desc":"Sou bom em abrir embalagem de pc, depois me esconder e arranhar ela. Eu já destruir inumeras embalagens, as vezes com a boca, as vezes com a unha, mas pode ficar tranquilo que eu sempre consigo!","printer_repair":"Sim","work":"Remoto","cost":"500.00","user_id":625,"email":"bags@lolis.com","password_hash":"$2b$08$phvwtEUKAEv61tLCIFwbhuX1Pt8mFBDtpb2EzJ1OpIyWRryuTV9oe","name":"Baguera Loli","avatar":null,"whatsapp":"11999999999","is_geek":true}],"Count":"1"} 
 </msg>
<msg timestamp="20231022 14:56:31.303" level="INFO">${response} = &lt;Response [200]&gt;</msg>
<status status="PASS" starttime="20231022 14:56:30.646" endtime="20231022 14:56:31.303"/>
</kw>
<status status="PASS" starttime="20231022 14:56:30.171" endtime="20231022 14:56:31.303"/>
</kw>
<status status="PASS" starttime="20231022 14:56:27.190" endtime="20231022 14:56:31.303"/>
</kw>
<kw name="Tests geeks status code 200" library="meta">
<kw name="Factory User" library="Users">
<var>${user_signin}</var>
<arg>signin</arg>
<msg timestamp="20231022 14:56:31.304" level="INFO">${user_signin} = {'name': 'Baguera Loli', 'email': 'bags@lolis.com', 'password': 'Kika.1234'}</msg>
<status status="PASS" starttime="20231022 14:56:31.304" endtime="20231022 14:56:31.305"/>
</kw>
<kw name="POST User" library="SessionsRoute">
<arg>${user_signin}</arg>
<kw name="POST" library="RequestsLibrary">
<var>${response}</var>
<arg>${API_USERS_URL}/users</arg>
<arg>json=${user}</arg>
<arg>expected_status=any</arg>
<doc>Sends a POST request.</doc>
<msg timestamp="20231022 14:56:31.788" level="INFO">POST Request : url=https://api-geek.fly.dev/users 
 path_url=/users 
 headers={'User-Agent': 'python-requests/2.31.0', 'Accept-Encoding': 'gzip, deflate', 'Accept': '*/*', 'Connection': 'keep-alive', 'Content-Length': '76', 'Content-Type': 'application/json'} 
 body=b'{"name": "Baguera Loli", "email": "bags@lolis.com", "password": "Kika.1234"}' 
 </msg>
<msg timestamp="20231022 14:56:31.788" level="INFO">POST Response : url=https://api-geek.fly.dev/users 
 status=400, reason=Bad Request 
 headers={'x-powered-by': 'Express', 'access-control-allow-origin': '*', 'content-type': 'application/json; charset=utf-8', 'content-encoding': 'gzip', 'etag': 'W/"1f-lFUySNKwX3L5eGEwGcNcUoVKWhE"', 'date': 'Sun, 22 Oct 2023 13:56:35 GMT', 'connection': 'keep-alive', 'keep-alive': 'timeout=5', 'transfer-encoding': 'chunked', 'server': 'Fly/55f8eaa0 (2023-10-09)', 'via': '1.1 fly.io', 'fly-request-id': '01HDBTRQ2240W8AJMV6KGJM5PR-mad'} 
 body={"error":"User already exists"} 
 </msg>
<msg timestamp="20231022 14:56:31.788" level="INFO">${response} = &lt;Response [400]&gt;</msg>
<status status="PASS" starttime="20231022 14:56:31.305" endtime="20231022 14:56:31.788"/>
</kw>
<status status="PASS" starttime="20231022 14:56:31.305" endtime="20231022 14:56:31.788"/>
</kw>
<kw name="GET User" library="SessionsRoute">
<var>${response}</var>
<kw name="Token User" library="SessionsRoute">
<var>${token}</var>
<kw name="Factory Session User" library="Users">
<var>${user}</var>
<arg>session_token</arg>
<msg timestamp="20231022 14:56:31.789" level="INFO">${user} = {'email': 'bags@lolis.com', 'password': 'Kika.1234'}</msg>
<status status="PASS" starttime="20231022 14:56:31.789" endtime="20231022 14:56:31.789"/>
</kw>
<kw name="POST Session" library="SessionsRoute">
<var>${response}</var>
<arg>${user}</arg>
<kw name="POST" library="RequestsLibrary">
<var>${response}</var>
<arg>${API_USERS_URL}/sessions</arg>
<arg>json=${user}</arg>
<arg>expected_status=any</arg>
<doc>Sends a POST request.</doc>
<msg timestamp="20231022 14:56:32.282" level="INFO">POST Request : url=https://api-geek.fly.dev/sessions 
 path_url=/sessions 
 headers={'User-Agent': 'python-requests/2.31.0', 'Accept-Encoding': 'gzip, deflate', 'Accept': '*/*', 'Connection': 'keep-alive', 'Content-Length': '52', 'Content-Type': 'application/json'} 
 body=b'{"email": "bags@lolis.com", "password": "Kika.1234"}' 
 </msg>
<msg timestamp="20231022 14:56:32.282" level="INFO">POST Response : url=https://api-geek.fly.dev/sessions 
 status=200, reason=OK 
 headers={'x-powered-by': 'Express', 'access-control-allow-origin': '*', 'content-type': 'application/json; charset=utf-8', 'content-encoding': 'gzip', 'etag': 'W/"171-UTijKjMmALUc46c+7907x72NXxc"', 'date': 'Sun, 22 Oct 2023 13:56:36 GMT', 'connection': 'keep-alive', 'keep-alive': 'timeout=5', 'transfer-encoding': 'chunked', 'server': 'Fly/55f8eaa0 (2023-10-09)', 'via': '1.1 fly.io', 'fly-request-id': '01HDBTRQH79YEWDD0M8BMTSDW1-mad'} 
 body={"user":{"id":625,"email":"bags@lolis.com","password_hash":"$2b$08$phvwtEUKAEv61tLCIFwbhuX1Pt8mFBDtpb2EzJ1OpIyWRryuTV9oe","name":"Baguera Loli","avatar":null,"whatsapp":"11999999999","is_geek":true},"token":"eyJhbGciOiJIUzI1NiIsInR5cCI6IkpXVCJ9.eyJpZCI6NjI1LCJpYXQiOjE2OTc5ODI5OTYsImV4cCI6MTY5ODg0Njk5Nn0.NmYIxFcgIl_oSz6WHonGyfFUpbeOD6R14xh6XYT7C2U","expires_in":"10d"} 
 </msg>
<msg timestamp="20231022 14:56:32.283" level="INFO">${response} = &lt;Response [200]&gt;</msg>
<status status="PASS" starttime="20231022 14:56:31.790" endtime="20231022 14:56:32.283"/>
</kw>
<msg timestamp="20231022 14:56:32.283" level="INFO">${response} = &lt;Response [200]&gt;</msg>
<status status="PASS" starttime="20231022 14:56:31.789" endtime="20231022 14:56:32.283"/>
</kw>
<kw name="Set Variable" library="BuiltIn">
<var>${result}</var>
<arg>${EMPTY}</arg>
<doc>Returns the given values which can then be assigned to a variables.</doc>
<msg timestamp="20231022 14:56:32.284" level="INFO">${result} = </msg>
<status status="PASS" starttime="20231022 14:56:32.284" endtime="20231022 14:56:32.284"/>
</kw>
<if>
<branch type="IF" condition="&quot;200&quot; in &quot;${response}&quot;">
<kw name="Set Variable" library="BuiltIn">
<var>${result}</var>
<arg>${response.json()}[token]</arg>
<doc>Returns the given values which can then be assigned to a variables.</doc>
<msg timestamp="20231022 14:56:32.284" level="INFO">${result} = eyJhbGciOiJIUzI1NiIsInR5cCI6IkpXVCJ9.eyJpZCI6NjI1LCJpYXQiOjE2OTc5ODI5OTYsImV4cCI6MTY5ODg0Njk5Nn0.NmYIxFcgIl_oSz6WHonGyfFUpbeOD6R14xh6XYT7C2U</msg>
<status status="PASS" starttime="20231022 14:56:32.284" endtime="20231022 14:56:32.284"/>
</kw>
<status status="PASS" starttime="20231022 14:56:32.284" endtime="20231022 14:56:32.284"/>
</branch>
<status status="PASS" starttime="20231022 14:56:32.284" endtime="20231022 14:56:32.284"/>
</if>
<msg timestamp="20231022 14:56:32.284" level="INFO">${token} = eyJhbGciOiJIUzI1NiIsInR5cCI6IkpXVCJ9.eyJpZCI6NjI1LCJpYXQiOjE2OTc5ODI5OTYsImV4cCI6MTY5ODg0Njk5Nn0.NmYIxFcgIl_oSz6WHonGyfFUpbeOD6R14xh6XYT7C2U</msg>
<status status="PASS" starttime="20231022 14:56:31.789" endtime="20231022 14:56:32.284"/>
</kw>
<kw name="Create Dictionary" library="BuiltIn">
<var>${headers}</var>
<arg>Authorization=Bearer ${token}</arg>
<doc>Creates and returns a dictionary based on the given ``items``.</doc>
<msg timestamp="20231022 14:56:32.284" level="INFO">${headers} = {'Authorization': 'Bearer eyJhbGciOiJIUzI1NiIsInR5cCI6IkpXVCJ9.eyJpZCI6NjI1LCJpYXQiOjE2OTc5ODI5OTYsImV4cCI6MTY5ODg0Njk5Nn0.NmYIxFcgIl_oSz6WHonGyfFUpbeOD6R14xh6XYT7C2U'}</msg>
<status status="PASS" starttime="20231022 14:56:32.284" endtime="20231022 14:56:32.284"/>
</kw>
<kw name="GET" library="RequestsLibrary">
<var>${response}</var>
<arg>${API_USERS_URL}/users</arg>
<arg>headers=${headers}</arg>
<arg>expected_status=any</arg>
<doc>Sends a GET request.</doc>
<msg timestamp="20231022 14:56:33.130" level="INFO">GET Request : url=https://api-geek.fly.dev/users 
 path_url=/users 
 headers={'User-Agent': 'python-requests/2.31.0', 'Accept-Encoding': 'gzip, deflate', 'Accept': '*/*', 'Connection': 'keep-alive', 'Authorization': 'Bearer eyJhbGciOiJIUzI1NiIsInR5cCI6IkpXVCJ9.eyJpZCI6NjI1LCJpYXQiOjE2OTc5ODI5OTYsImV4cCI6MTY5ODg0Njk5Nn0.NmYIxFcgIl_oSz6WHonGyfFUpbeOD6R14xh6XYT7C2U'} 
 body=None 
 </msg>
<msg timestamp="20231022 14:56:33.130" level="INFO">GET Response : url=https://api-geek.fly.dev/users 
 status=200, reason=OK 
 headers={'x-powered-by': 'Express', 'access-control-allow-origin': '*', 'content-type': 'application/json; charset=utf-8', 'content-encoding': 'gzip', 'etag': 'W/"1d0-FimRxL7R1uVtHa6jf0IVXNer3wI"', 'date': 'Sun, 22 Oct 2023 13:56:37 GMT', 'connection': 'keep-alive', 'keep-alive': 'timeout=5', 'transfer-encoding': 'chunked', 'server': 'Fly/55f8eaa0 (2023-10-09)', 'via': '1.1 fly.io', 'fly-request-id': '01HDBTRR07K73CEMKS268ZFFWE-mad'} 
 body={"id":129,"email":"bags@lolis.com","password_hash":"$2b$08$phvwtEUKAEv61tLCIFwbhuX1Pt8mFBDtpb2EzJ1OpIyWRryuTV9oe","name":"Baguera Loli","avatar":null,"whatsapp":"11999999999","is_geek":true,"desc":"Sou bom em abrir embalagem de pc, depois me esconder e arranhar ela. Eu já destruir inumeras embalagens, as vezes com a boca, as vezes com a unha, mas pode ficar tranquilo que eu sempre consigo!","printer_repair":"Sim","work":"Remoto","cost":"500.00","user_id":625} 
 </msg>
<msg timestamp="20231022 14:56:33.130" level="INFO">${response} = &lt;Response [200]&gt;</msg>
<status status="PASS" starttime="20231022 14:56:32.284" endtime="20231022 14:56:33.130"/>
</kw>
<msg timestamp="20231022 14:56:33.130" level="INFO">${response} = &lt;Response [200]&gt;</msg>
<status status="PASS" starttime="20231022 14:56:31.788" endtime="20231022 14:56:33.131"/>
</kw>
<kw name="Status Should Be" library="RequestsLibrary">
<arg>200</arg>
<arg>${response}</arg>
<doc>Fails if response status code is different than the expected.</doc>
<status status="PASS" starttime="20231022 14:56:33.131" endtime="20231022 14:56:33.131"/>
</kw>
<status status="PASS" starttime="20231022 14:56:31.304" endtime="20231022 14:56:33.131"/>
</kw>
<kw name="Test confirm geek list" library="meta">
<kw name="Factory User" library="Users">
<var>${user_signin}</var>
<arg>signin</arg>
<msg timestamp="20231022 14:56:33.134" level="INFO">${user_signin} = {'name': 'Baguera Loli', 'email': 'bags@lolis.com', 'password': 'Kika.1234'}</msg>
<status status="PASS" starttime="20231022 14:56:33.134" endtime="20231022 14:56:33.134"/>
</kw>
<kw name="Factory Geek" library="Users">
<var>${user_geek}</var>
<msg timestamp="20231022 14:56:33.134" level="INFO">${user_geek} = {'be_geek': {'name': 'Baguera Loli', 'email': 'bags@lolis.com', 'password': 'Kika1234', 'geek_profile': {'whatsapp': '11999999999', 'desc': 'Sou bom em abrir embalagem de pc, depois me esconder e arra...</msg>
<status status="PASS" starttime="20231022 14:56:33.134" endtime="20231022 14:56:33.134"/>
</kw>
<kw name="POST User" library="SessionsRoute">
<arg>${user_signin}</arg>
<kw name="POST" library="RequestsLibrary">
<var>${response}</var>
<arg>${API_USERS_URL}/users</arg>
<arg>json=${user}</arg>
<arg>expected_status=any</arg>
<doc>Sends a POST request.</doc>
<msg timestamp="20231022 14:56:33.594" level="INFO">POST Request : url=https://api-geek.fly.dev/users 
 path_url=/users 
 headers={'User-Agent': 'python-requests/2.31.0', 'Accept-Encoding': 'gzip, deflate', 'Accept': '*/*', 'Connection': 'keep-alive', 'Content-Length': '76', 'Content-Type': 'application/json'} 
 body=b'{"name": "Baguera Loli", "email": "bags@lolis.com", "password": "Kika.1234"}' 
 </msg>
<msg timestamp="20231022 14:56:33.594" level="INFO">POST Response : url=https://api-geek.fly.dev/users 
 status=400, reason=Bad Request 
 headers={'x-powered-by': 'Express', 'access-control-allow-origin': '*', 'content-type': 'application/json; charset=utf-8', 'content-encoding': 'gzip', 'etag': 'W/"1f-lFUySNKwX3L5eGEwGcNcUoVKWhE"', 'date': 'Sun, 22 Oct 2023 13:56:37 GMT', 'connection': 'keep-alive', 'keep-alive': 'timeout=5', 'transfer-encoding': 'chunked', 'server': 'Fly/55f8eaa0 (2023-10-09)', 'via': '1.1 fly.io', 'fly-request-id': '01HDBTRRTKJ1W08SW2VH05KG3G-mad'} 
 body={"error":"User already exists"} 
 </msg>
<msg timestamp="20231022 14:56:33.595" level="INFO">${response} = &lt;Response [400]&gt;</msg>
<status status="PASS" starttime="20231022 14:56:33.135" endtime="20231022 14:56:33.595"/>
</kw>
<status status="PASS" starttime="20231022 14:56:33.134" endtime="20231022 14:56:33.595"/>
</kw>
<kw name="POST Geek" library="BeGeekRoute">
<arg>${user_geek}[be_geek][geek_profile]</arg>
<kw name="Token User" library="SessionsRoute">
<var>${token}</var>
<kw name="Factory Session User" library="Users">
<var>${user}</var>
<arg>session_token</arg>
<msg timestamp="20231022 14:56:33.598" level="INFO">${user} = {'email': 'bags@lolis.com', 'password': 'Kika.1234'}</msg>
<status status="PASS" starttime="20231022 14:56:33.597" endtime="20231022 14:56:33.598"/>
</kw>
<kw name="POST Session" library="SessionsRoute">
<var>${response}</var>
<arg>${user}</arg>
<kw name="POST" library="RequestsLibrary">
<var>${response}</var>
<arg>${API_USERS_URL}/sessions</arg>
<arg>json=${user}</arg>
<arg>expected_status=any</arg>
<doc>Sends a POST request.</doc>
<msg timestamp="20231022 14:56:34.076" level="INFO">POST Request : url=https://api-geek.fly.dev/sessions 
 path_url=/sessions 
 headers={'User-Agent': 'python-requests/2.31.0', 'Accept-Encoding': 'gzip, deflate', 'Accept': '*/*', 'Connection': 'keep-alive', 'Content-Length': '52', 'Content-Type': 'application/json'} 
 body=b'{"email": "bags@lolis.com", "password": "Kika.1234"}' 
 </msg>
<msg timestamp="20231022 14:56:34.077" level="INFO">POST Response : url=https://api-geek.fly.dev/sessions 
 status=200, reason=OK 
 headers={'x-powered-by': 'Express', 'access-control-allow-origin': '*', 'content-type': 'application/json; charset=utf-8', 'content-encoding': 'gzip', 'etag': 'W/"171-K6GBNyOQ4CeKSiJgfpkTjNnAJFw"', 'date': 'Sun, 22 Oct 2023 13:56:38 GMT', 'connection': 'keep-alive', 'keep-alive': 'timeout=5', 'transfer-encoding': 'chunked', 'server': 'Fly/55f8eaa0 (2023-10-09)', 'via': '1.1 fly.io', 'fly-request-id': '01HDBTRS96E0J0HVESCXMJV8BM-mad'} 
 body={"user":{"id":625,"email":"bags@lolis.com","password_hash":"$2b$08$phvwtEUKAEv61tLCIFwbhuX1Pt8mFBDtpb2EzJ1OpIyWRryuTV9oe","name":"Baguera Loli","avatar":null,"whatsapp":"11999999999","is_geek":true},"token":"eyJhbGciOiJIUzI1NiIsInR5cCI6IkpXVCJ9.eyJpZCI6NjI1LCJpYXQiOjE2OTc5ODI5OTgsImV4cCI6MTY5ODg0Njk5OH0.UuIPVrfGaKq7Ny-MMqjyoc0YoC8vNSx3nGDFicN3EEw","expires_in":"10d"} 
 </msg>
<msg timestamp="20231022 14:56:34.078" level="INFO">${response} = &lt;Response [200]&gt;</msg>
<status status="PASS" starttime="20231022 14:56:33.599" endtime="20231022 14:56:34.078"/>
</kw>
<msg timestamp="20231022 14:56:34.078" level="INFO">${response} = &lt;Response [200]&gt;</msg>
<status status="PASS" starttime="20231022 14:56:33.598" endtime="20231022 14:56:34.078"/>
</kw>
<kw name="Set Variable" library="BuiltIn">
<var>${result}</var>
<arg>${EMPTY}</arg>
<doc>Returns the given values which can then be assigned to a variables.</doc>
<msg timestamp="20231022 14:56:34.080" level="INFO">${result} = </msg>
<status status="PASS" starttime="20231022 14:56:34.078" endtime="20231022 14:56:34.080"/>
</kw>
<if>
<branch type="IF" condition="&quot;200&quot; in &quot;${response}&quot;">
<kw name="Set Variable" library="BuiltIn">
<var>${result}</var>
<arg>${response.json()}[token]</arg>
<doc>Returns the given values which can then be assigned to a variables.</doc>
<msg timestamp="20231022 14:56:34.083" level="INFO">${result} = eyJhbGciOiJIUzI1NiIsInR5cCI6IkpXVCJ9.eyJpZCI6NjI1LCJpYXQiOjE2OTc5ODI5OTgsImV4cCI6MTY5ODg0Njk5OH0.UuIPVrfGaKq7Ny-MMqjyoc0YoC8vNSx3nGDFicN3EEw</msg>
<status status="PASS" starttime="20231022 14:56:34.081" endtime="20231022 14:56:34.083"/>
</kw>
<status status="PASS" starttime="20231022 14:56:34.080" endtime="20231022 14:56:34.083"/>
</branch>
<status status="PASS" starttime="20231022 14:56:34.080" endtime="20231022 14:56:34.083"/>
</if>
<msg timestamp="20231022 14:56:34.083" level="INFO">${token} = eyJhbGciOiJIUzI1NiIsInR5cCI6IkpXVCJ9.eyJpZCI6NjI1LCJpYXQiOjE2OTc5ODI5OTgsImV4cCI6MTY5ODg0Njk5OH0.UuIPVrfGaKq7Ny-MMqjyoc0YoC8vNSx3nGDFicN3EEw</msg>
<status status="PASS" starttime="20231022 14:56:33.597" endtime="20231022 14:56:34.083"/>
</kw>
<kw name="Create Dictionary" library="BuiltIn">
<var>${headers}</var>
<arg>Authorization=Bearer ${token}</arg>
<doc>Creates and returns a dictionary based on the given ``items``.</doc>
<msg timestamp="20231022 14:56:34.085" level="INFO">${headers} = {'Authorization': 'Bearer eyJhbGciOiJIUzI1NiIsInR5cCI6IkpXVCJ9.eyJpZCI6NjI1LCJpYXQiOjE2OTc5ODI5OTgsImV4cCI6MTY5ODg0Njk5OH0.UuIPVrfGaKq7Ny-MMqjyoc0YoC8vNSx3nGDFicN3EEw'}</msg>
<status status="PASS" starttime="20231022 14:56:34.083" endtime="20231022 14:56:34.086"/>
</kw>
<kw name="POST" library="RequestsLibrary">
<var>${response}</var>
<arg>${API_USERS_URL}/geeks</arg>
<arg>json=${user}</arg>
<arg>headers=${headers}</arg>
<arg>expected_status=any</arg>
<doc>Sends a POST request.</doc>
<msg timestamp="20231022 14:56:35.501" level="INFO">POST Request : url=https://api-geek.fly.dev/geeks 
 path_url=/geeks 
 headers={'User-Agent': 'python-requests/2.31.0', 'Accept-Encoding': 'gzip, deflate', 'Accept': '*/*', 'Connection': 'keep-alive', 'Authorization': 'Bearer eyJhbGciOiJIUzI1NiIsInR5cCI6IkpXVCJ9.eyJpZCI6NjI1LCJpYXQiOjE2OTc5ODI5OTgsImV4cCI6MTY5ODg0Njk5OH0.UuIPVrfGaKq7Ny-MMqjyoc0YoC8vNSx3nGDFicN3EEw', 'Content-Length': '296', 'Content-Type': 'application/json'} 
 body=b'{"whatsapp": "11999999999", "desc": "Sou bom em abrir embalagem de pc, depois me esconder e arranhar ela. Eu j\\u00e1 destruir inumeras embalagens, as vezes com a boca, as vezes com a unha, mas pode ficar tranquilo que eu sempre consigo!", "printer_repair": "Sim", "work": "Remoto", "cost": "500"}' 
 </msg>
<msg timestamp="20231022 14:56:35.501" level="INFO">POST Response : url=https://api-geek.fly.dev/geeks 
 status=201, reason=Created 
 headers={'x-powered-by': 'Express', 'access-control-allow-origin': '*', 'date': 'Sun, 22 Oct 2023 13:56:39 GMT', 'connection': 'keep-alive', 'keep-alive': 'timeout=5', 'server': 'Fly/55f8eaa0 (2023-10-09)', 'via': '1.1 fly.io', 'fly-request-id': '01HDBTRSRB7CJ0WD88C8PR0532-mad', 'content-length': '0'} 
 body=None 
 </msg>
<msg timestamp="20231022 14:56:35.502" level="INFO">${response} = &lt;Response [201]&gt;</msg>
<status status="PASS" starttime="20231022 14:56:34.086" endtime="20231022 14:56:35.502"/>
</kw>
<status status="PASS" starttime="20231022 14:56:33.595" endtime="20231022 14:56:35.502"/>
</kw>
<kw name="GET Geeks" library="BeGeekRoute">
<var>${response}</var>
<kw name="Token User" library="SessionsRoute">
<var>${token}</var>
<kw name="Factory Session User" library="Users">
<var>${user}</var>
<arg>session_token</arg>
<msg timestamp="20231022 14:56:35.503" level="INFO">${user} = {'email': 'bags@lolis.com', 'password': 'Kika.1234'}</msg>
<status status="PASS" starttime="20231022 14:56:35.503" endtime="20231022 14:56:35.503"/>
</kw>
<kw name="POST Session" library="SessionsRoute">
<var>${response}</var>
<arg>${user}</arg>
<kw name="POST" library="RequestsLibrary">
<var>${response}</var>
<arg>${API_USERS_URL}/sessions</arg>
<arg>json=${user}</arg>
<arg>expected_status=any</arg>
<doc>Sends a POST request.</doc>
<msg timestamp="20231022 14:56:35.987" level="INFO">POST Request : url=https://api-geek.fly.dev/sessions 
 path_url=/sessions 
 headers={'User-Agent': 'python-requests/2.31.0', 'Accept-Encoding': 'gzip, deflate', 'Accept': '*/*', 'Connection': 'keep-alive', 'Content-Length': '52', 'Content-Type': 'application/json'} 
 body=b'{"email": "bags@lolis.com", "password": "Kika.1234"}' 
 </msg>
<msg timestamp="20231022 14:56:35.987" level="INFO">POST Response : url=https://api-geek.fly.dev/sessions 
 status=200, reason=OK 
 headers={'x-powered-by': 'Express', 'access-control-allow-origin': '*', 'content-type': 'application/json; charset=utf-8', 'content-encoding': 'gzip', 'etag': 'W/"171-Ny4jJxCLrJkbH1y7C5Z/2X7icd0"', 'date': 'Sun, 22 Oct 2023 13:56:39 GMT', 'connection': 'keep-alive', 'keep-alive': 'timeout=5', 'transfer-encoding': 'chunked', 'server': 'Fly/55f8eaa0 (2023-10-09)', 'via': '1.1 fly.io', 'fly-request-id': '01HDBTRV4HVP9G47TCY3Q5426K-mad'} 
 body={"user":{"id":625,"email":"bags@lolis.com","password_hash":"$2b$08$phvwtEUKAEv61tLCIFwbhuX1Pt8mFBDtpb2EzJ1OpIyWRryuTV9oe","name":"Baguera Loli","avatar":null,"whatsapp":"11999999999","is_geek":true},"token":"eyJhbGciOiJIUzI1NiIsInR5cCI6IkpXVCJ9.eyJpZCI6NjI1LCJpYXQiOjE2OTc5ODMwMDAsImV4cCI6MTY5ODg0NzAwMH0.d5MQ1ujOmJ33UFZZM9r5z9JF4FGmXrL15nRRc9-UjdA","expires_in":"10d"} 
 </msg>
<msg timestamp="20231022 14:56:35.987" level="INFO">${response} = &lt;Response [200]&gt;</msg>
<status status="PASS" starttime="20231022 14:56:35.503" endtime="20231022 14:56:35.988"/>
</kw>
<msg timestamp="20231022 14:56:35.988" level="INFO">${response} = &lt;Response [200]&gt;</msg>
<status status="PASS" starttime="20231022 14:56:35.503" endtime="20231022 14:56:35.988"/>
</kw>
<kw name="Set Variable" library="BuiltIn">
<var>${result}</var>
<arg>${EMPTY}</arg>
<doc>Returns the given values which can then be assigned to a variables.</doc>
<msg timestamp="20231022 14:56:35.988" level="INFO">${result} = </msg>
<status status="PASS" starttime="20231022 14:56:35.988" endtime="20231022 14:56:35.988"/>
</kw>
<if>
<branch type="IF" condition="&quot;200&quot; in &quot;${response}&quot;">
<kw name="Set Variable" library="BuiltIn">
<var>${result}</var>
<arg>${response.json()}[token]</arg>
<doc>Returns the given values which can then be assigned to a variables.</doc>
<msg timestamp="20231022 14:56:35.989" level="INFO">${result} = eyJhbGciOiJIUzI1NiIsInR5cCI6IkpXVCJ9.eyJpZCI6NjI1LCJpYXQiOjE2OTc5ODMwMDAsImV4cCI6MTY5ODg0NzAwMH0.d5MQ1ujOmJ33UFZZM9r5z9JF4FGmXrL15nRRc9-UjdA</msg>
<status status="PASS" starttime="20231022 14:56:35.988" endtime="20231022 14:56:35.989"/>
</kw>
<status status="PASS" starttime="20231022 14:56:35.988" endtime="20231022 14:56:35.989"/>
</branch>
<status status="PASS" starttime="20231022 14:56:35.988" endtime="20231022 14:56:35.989"/>
</if>
<msg timestamp="20231022 14:56:35.989" level="INFO">${token} = eyJhbGciOiJIUzI1NiIsInR5cCI6IkpXVCJ9.eyJpZCI6NjI1LCJpYXQiOjE2OTc5ODMwMDAsImV4cCI6MTY5ODg0NzAwMH0.d5MQ1ujOmJ33UFZZM9r5z9JF4FGmXrL15nRRc9-UjdA</msg>
<status status="PASS" starttime="20231022 14:56:35.503" endtime="20231022 14:56:35.989"/>
</kw>
<kw name="Create Dictionary" library="BuiltIn">
<var>${headers}</var>
<arg>Authorization=Bearer ${token}</arg>
<doc>Creates and returns a dictionary based on the given ``items``.</doc>
<msg timestamp="20231022 14:56:35.989" level="INFO">${headers} = {'Authorization': 'Bearer eyJhbGciOiJIUzI1NiIsInR5cCI6IkpXVCJ9.eyJpZCI6NjI1LCJpYXQiOjE2OTc5ODMwMDAsImV4cCI6MTY5ODg0NzAwMH0.d5MQ1ujOmJ33UFZZM9r5z9JF4FGmXrL15nRRc9-UjdA'}</msg>
<status status="PASS" starttime="20231022 14:56:35.989" endtime="20231022 14:56:35.989"/>
</kw>
<kw name="GET" library="RequestsLibrary">
<var>${response}</var>
<arg>${API_USERS_URL}/geeks</arg>
<arg>headers=${headers}</arg>
<arg>expected_status=any</arg>
<doc>Sends a GET request.</doc>
<msg timestamp="20231022 14:56:36.628" level="INFO">GET Request : url=https://api-geek.fly.dev/geeks 
 path_url=/geeks 
 headers={'User-Agent': 'python-requests/2.31.0', 'Accept-Encoding': 'gzip, deflate', 'Accept': '*/*', 'Connection': 'keep-alive', 'Authorization': 'Bearer eyJhbGciOiJIUzI1NiIsInR5cCI6IkpXVCJ9.eyJpZCI6NjI1LCJpYXQiOjE2OTc5ODMwMDAsImV4cCI6MTY5ODg0NzAwMH0.d5MQ1ujOmJ33UFZZM9r5z9JF4FGmXrL15nRRc9-UjdA'} 
 body=None 
 </msg>
<msg timestamp="20231022 14:56:36.628" level="INFO">GET Response : url=https://api-geek.fly.dev/geeks 
 status=200, reason=OK 
 headers={'x-powered-by': 'Express', 'access-control-allow-origin': '*', 'content-type': 'application/json; charset=utf-8', 'content-encoding': 'gzip', 'etag': 'W/"1e8-cY/pfCxMD+aMHVJm55uDjqYkQ9s"', 'date': 'Sun, 22 Oct 2023 13:56:40 GMT', 'connection': 'keep-alive', 'keep-alive': 'timeout=5', 'transfer-encoding': 'chunked', 'server': 'Fly/55f8eaa0 (2023-10-09)', 'via': '1.1 fly.io', 'fly-request-id': '01HDBTRVKMR8MG16RTKCF5RVAQ-mad'} 
 body={"Geeks":[{"id":625,"desc":"Sou bom em abrir embalagem de pc, depois me esconder e arranhar ela. Eu já destruir inumeras embalagens, as vezes com a boca, as vezes com a unha, mas pode ficar tranquilo que eu sempre consigo!","printer_repair":"Sim","work":"Remoto","cost":"500.00","user_id":625,"email":"bags@lolis.com","password_hash":"$2b$08$phvwtEUKAEv61tLCIFwbhuX1Pt8mFBDtpb2EzJ1OpIyWRryuTV9oe","name":"Baguera Loli","avatar":null,"whatsapp":"11999999999","is_geek":true}],"Count":"1"} 
 </msg>
<msg timestamp="20231022 14:56:36.628" level="INFO">${response} = &lt;Response [200]&gt;</msg>
<status status="PASS" starttime="20231022 14:56:35.989" endtime="20231022 14:56:36.628"/>
</kw>
<msg timestamp="20231022 14:56:36.628" level="INFO">${response} = &lt;Response [200]&gt;</msg>
<status status="PASS" starttime="20231022 14:56:35.502" endtime="20231022 14:56:36.628"/>
</kw>
<kw name="Get Length" library="BuiltIn">
<var>${total}</var>
<arg>${response.json()}[Geeks]</arg>
<doc>Returns and logs the length of the given item as an integer.</doc>
<msg timestamp="20231022 14:56:36.629" level="INFO">Length is 1</msg>
<msg timestamp="20231022 14:56:36.629" level="INFO">${total} = 1</msg>
<status status="PASS" starttime="20231022 14:56:36.628" endtime="20231022 14:56:36.629"/>
</kw>
<kw name="Should Be True" library="BuiltIn">
<arg>${total}&gt;0</arg>
<doc>Fails if the given condition is not true.</doc>
<status status="PASS" starttime="20231022 14:56:36.629" endtime="20231022 14:56:36.630"/>
</kw>
<status status="PASS" starttime="20231022 14:56:33.132" endtime="20231022 14:56:36.630"/>
</kw>
<tag>happy_way</tag>
<status status="PASS" starttime="20231022 14:56:26.581" endtime="20231022 14:56:36.631"/>
</test>
<doc>Session route test suite</doc>
<status status="PASS" starttime="20231022 14:56:20.398" endtime="20231022 14:56:36.632"/>
</suite>
<suite id="s1-s2" name="Sessions" source="D:\OneDrive - Novabase\Documents\1.AutomaticTests\robot_framework--advanced\Backend\tests\sessions.robot">
<test id="s1-s2-t1" name="User Session Login" line="9">
<kw name="Factory Session User" library="Users">
<var>${user_session}</var>
<arg>session</arg>
<msg timestamp="20231022 14:56:36.663" level="INFO">${user_session} = {'email': 'bags@lolis.com', 'password': 'Kika.1234'}</msg>
<status status="PASS" starttime="20231022 14:56:36.662" endtime="20231022 14:56:36.663"/>
</kw>
<kw name="Factory User" library="Users">
<var>${user_login}</var>
<arg>signin</arg>
<msg timestamp="20231022 14:56:36.664" level="INFO">${user_login} = {'name': 'Baguera Loli', 'email': 'bags@lolis.com', 'password': 'Kika.1234'}</msg>
<status status="PASS" starttime="20231022 14:56:36.663" endtime="20231022 14:56:36.664"/>
</kw>
<kw name="POST User" library="SessionsRoute">
<arg>${user_login}</arg>
<kw name="POST" library="RequestsLibrary">
<var>${response}</var>
<arg>${API_USERS_URL}/users</arg>
<arg>json=${user}</arg>
<arg>expected_status=any</arg>
<doc>Sends a POST request.</doc>
<msg timestamp="20231022 14:56:37.121" level="INFO">POST Request : url=https://api-geek.fly.dev/users 
 path_url=/users 
 headers={'User-Agent': 'python-requests/2.31.0', 'Accept-Encoding': 'gzip, deflate', 'Accept': '*/*', 'Connection': 'keep-alive', 'Content-Length': '76', 'Content-Type': 'application/json'} 
 body=b'{"name": "Baguera Loli", "email": "bags@lolis.com", "password": "Kika.1234"}' 
 </msg>
<msg timestamp="20231022 14:56:37.121" level="INFO">POST Response : url=https://api-geek.fly.dev/users 
 status=400, reason=Bad Request 
 headers={'x-powered-by': 'Express', 'access-control-allow-origin': '*', 'content-type': 'application/json; charset=utf-8', 'content-encoding': 'gzip', 'etag': 'W/"1f-lFUySNKwX3L5eGEwGcNcUoVKWhE"', 'date': 'Sun, 22 Oct 2023 13:56:41 GMT', 'connection': 'keep-alive', 'keep-alive': 'timeout=5', 'transfer-encoding': 'chunked', 'server': 'Fly/55f8eaa0 (2023-10-09)', 'via': '1.1 fly.io', 'fly-request-id': '01HDBTRW8ZTBFGVSWV3YYPW6F7-mad'} 
 body={"error":"User already exists"} 
 </msg>
<msg timestamp="20231022 14:56:37.121" level="INFO">${response} = &lt;Response [400]&gt;</msg>
<status status="PASS" starttime="20231022 14:56:36.664" endtime="20231022 14:56:37.121"/>
</kw>
<status status="PASS" starttime="20231022 14:56:36.664" endtime="20231022 14:56:37.122"/>
</kw>
<kw name="Tests status code 200" library="meta">
<arg>${user_session}</arg>
<kw name="POST Session" library="SessionsRoute">
<var>${response}</var>
<arg>${user}</arg>
<kw name="POST" library="RequestsLibrary">
<var>${response}</var>
<arg>${API_USERS_URL}/sessions</arg>
<arg>json=${user}</arg>
<arg>expected_status=any</arg>
<doc>Sends a POST request.</doc>
<msg timestamp="20231022 14:56:37.604" level="INFO">POST Request : url=https://api-geek.fly.dev/sessions 
 path_url=/sessions 
 headers={'User-Agent': 'python-requests/2.31.0', 'Accept-Encoding': 'gzip, deflate', 'Accept': '*/*', 'Connection': 'keep-alive', 'Content-Length': '52', 'Content-Type': 'application/json'} 
 body=b'{"email": "bags@lolis.com", "password": "Kika.1234"}' 
 </msg>
<msg timestamp="20231022 14:56:37.604" level="INFO">POST Response : url=https://api-geek.fly.dev/sessions 
 status=200, reason=OK 
 headers={'x-powered-by': 'Express', 'access-control-allow-origin': '*', 'content-type': 'application/json; charset=utf-8', 'content-encoding': 'gzip', 'etag': 'W/"171-+vPMWdezO1iGsXJDxZhe+rc0g5A"', 'date': 'Sun, 22 Oct 2023 13:56:41 GMT', 'connection': 'keep-alive', 'keep-alive': 'timeout=5', 'transfer-encoding': 'chunked', 'server': 'Fly/55f8eaa0 (2023-10-09)', 'via': '1.1 fly.io', 'fly-request-id': '01HDBTRWQBY0E8EDFJHFTE07ZS-mad'} 
 body={"user":{"id":625,"email":"bags@lolis.com","password_hash":"$2b$08$phvwtEUKAEv61tLCIFwbhuX1Pt8mFBDtpb2EzJ1OpIyWRryuTV9oe","name":"Baguera Loli","avatar":null,"whatsapp":"11999999999","is_geek":true},"token":"eyJhbGciOiJIUzI1NiIsInR5cCI6IkpXVCJ9.eyJpZCI6NjI1LCJpYXQiOjE2OTc5ODMwMDEsImV4cCI6MTY5ODg0NzAwMX0.OCYjaukhX3OZu5WsAJulM8kKdINvokvRuBepFSER0EY","expires_in":"10d"} 
 </msg>
<msg timestamp="20231022 14:56:37.605" level="INFO">${response} = &lt;Response [200]&gt;</msg>
<status status="PASS" starttime="20231022 14:56:37.123" endtime="20231022 14:56:37.605"/>
</kw>
<msg timestamp="20231022 14:56:37.605" level="INFO">${response} = &lt;Response [200]&gt;</msg>
<status status="PASS" starttime="20231022 14:56:37.122" endtime="20231022 14:56:37.605"/>
</kw>
<kw name="Status Should Be" library="RequestsLibrary">
<arg>200</arg>
<arg>${response}</arg>
<doc>Fails if response status code is different than the expected.</doc>
<status status="PASS" starttime="20231022 14:56:37.606" endtime="20231022 14:56:37.607"/>
</kw>
<status status="PASS" starttime="20231022 14:56:37.122" endtime="20231022 14:56:37.607"/>
</kw>
<kw name="Tests Length equal" library="meta">
<arg>${user_session}</arg>
<kw name="POST Session" library="SessionsRoute">
<var>${response}</var>
<arg>${user}</arg>
<kw name="POST" library="RequestsLibrary">
<var>${response}</var>
<arg>${API_USERS_URL}/sessions</arg>
<arg>json=${user}</arg>
<arg>expected_status=any</arg>
<doc>Sends a POST request.</doc>
<msg timestamp="20231022 14:56:38.088" level="INFO">POST Request : url=https://api-geek.fly.dev/sessions 
 path_url=/sessions 
 headers={'User-Agent': 'python-requests/2.31.0', 'Accept-Encoding': 'gzip, deflate', 'Accept': '*/*', 'Connection': 'keep-alive', 'Content-Length': '52', 'Content-Type': 'application/json'} 
 body=b'{"email": "bags@lolis.com", "password": "Kika.1234"}' 
 </msg>
<msg timestamp="20231022 14:56:38.088" level="INFO">POST Response : url=https://api-geek.fly.dev/sessions 
 status=200, reason=OK 
 headers={'x-powered-by': 'Express', 'access-control-allow-origin': '*', 'content-type': 'application/json; charset=utf-8', 'content-encoding': 'gzip', 'etag': 'W/"171-kQzn2Zm+8FCqDTL7AbCi2kgyENY"', 'date': 'Sun, 22 Oct 2023 13:56:42 GMT', 'connection': 'keep-alive', 'keep-alive': 'timeout=5', 'transfer-encoding': 'chunked', 'server': 'Fly/55f8eaa0 (2023-10-09)', 'via': '1.1 fly.io', 'fly-request-id': '01HDBTRX6NM8RFQMTR55Q9G7F4-mad'} 
 body={"user":{"id":625,"email":"bags@lolis.com","password_hash":"$2b$08$phvwtEUKAEv61tLCIFwbhuX1Pt8mFBDtpb2EzJ1OpIyWRryuTV9oe","name":"Baguera Loli","avatar":null,"whatsapp":"11999999999","is_geek":true},"token":"eyJhbGciOiJIUzI1NiIsInR5cCI6IkpXVCJ9.eyJpZCI6NjI1LCJpYXQiOjE2OTc5ODMwMDIsImV4cCI6MTY5ODg0NzAwMn0.IqWnheAsKglB0Vl8n659RrUWVk0IgxIpfQujWDdCfa0","expires_in":"10d"} 
 </msg>
<msg timestamp="20231022 14:56:38.089" level="INFO">${response} = &lt;Response [200]&gt;</msg>
<status status="PASS" starttime="20231022 14:56:37.615" endtime="20231022 14:56:38.089"/>
</kw>
<msg timestamp="20231022 14:56:38.089" level="INFO">${response} = &lt;Response [200]&gt;</msg>
<status status="PASS" starttime="20231022 14:56:37.614" endtime="20231022 14:56:38.089"/>
</kw>
<kw name="Get Length" library="BuiltIn">
<var>${size}</var>
<arg>${response.json()}[token]</arg>
<doc>Returns and logs the length of the given item as an integer.</doc>
<msg timestamp="20231022 14:56:38.091" level="INFO">Length is 140</msg>
<msg timestamp="20231022 14:56:38.092" level="INFO">${size} = 140</msg>
<status status="PASS" starttime="20231022 14:56:38.090" endtime="20231022 14:56:38.092"/>
</kw>
<kw name="Convert To Integer" library="BuiltIn">
<var>${expected_size}</var>
<arg>140</arg>
<doc>Converts the given item to an integer number.</doc>
<msg timestamp="20231022 14:56:38.093" level="INFO">${expected_size} = 140</msg>
<status status="PASS" starttime="20231022 14:56:38.092" endtime="20231022 14:56:38.093"/>
</kw>
<kw name="Should Be Equal" library="BuiltIn">
<arg>${expected_size}</arg>
<arg>${size}</arg>
<doc>Fails if the given objects are unequal.</doc>
<status status="PASS" starttime="20231022 14:56:38.093" endtime="20231022 14:56:38.094"/>
</kw>
<status status="PASS" starttime="20231022 14:56:37.612" endtime="20231022 14:56:38.094"/>
</kw>
<kw name="Test message expired be equal" library="meta">
<arg>${user_session}</arg>
<kw name="POST Session" library="SessionsRoute">
<var>${response}</var>
<arg>${user}</arg>
<kw name="POST" library="RequestsLibrary">
<var>${response}</var>
<arg>${API_USERS_URL}/sessions</arg>
<arg>json=${user}</arg>
<arg>expected_status=any</arg>
<doc>Sends a POST request.</doc>
<msg timestamp="20231022 14:56:38.613" level="INFO">POST Request : url=https://api-geek.fly.dev/sessions 
 path_url=/sessions 
 headers={'User-Agent': 'python-requests/2.31.0', 'Accept-Encoding': 'gzip, deflate', 'Accept': '*/*', 'Connection': 'keep-alive', 'Content-Length': '52', 'Content-Type': 'application/json'} 
 body=b'{"email": "bags@lolis.com", "password": "Kika.1234"}' 
 </msg>
<msg timestamp="20231022 14:56:38.613" level="INFO">POST Response : url=https://api-geek.fly.dev/sessions 
 status=200, reason=OK 
 headers={'x-powered-by': 'Express', 'access-control-allow-origin': '*', 'content-type': 'application/json; charset=utf-8', 'content-encoding': 'gzip', 'etag': 'W/"171-kQzn2Zm+8FCqDTL7AbCi2kgyENY"', 'date': 'Sun, 22 Oct 2023 13:56:42 GMT', 'connection': 'keep-alive', 'keep-alive': 'timeout=5', 'transfer-encoding': 'chunked', 'server': 'Fly/55f8eaa0 (2023-10-09)', 'via': '1.1 fly.io', 'fly-request-id': '01HDBTRXPF7EP8G43ZTZCD68ZA-mad'} 
 body={"user":{"id":625,"email":"bags@lolis.com","password_hash":"$2b$08$phvwtEUKAEv61tLCIFwbhuX1Pt8mFBDtpb2EzJ1OpIyWRryuTV9oe","name":"Baguera Loli","avatar":null,"whatsapp":"11999999999","is_geek":true},"token":"eyJhbGciOiJIUzI1NiIsInR5cCI6IkpXVCJ9.eyJpZCI6NjI1LCJpYXQiOjE2OTc5ODMwMDIsImV4cCI6MTY5ODg0NzAwMn0.IqWnheAsKglB0Vl8n659RrUWVk0IgxIpfQujWDdCfa0","expires_in":"10d"} 
 </msg>
<msg timestamp="20231022 14:56:38.614" level="INFO">${response} = &lt;Response [200]&gt;</msg>
<status status="PASS" starttime="20231022 14:56:38.122" endtime="20231022 14:56:38.614"/>
</kw>
<msg timestamp="20231022 14:56:38.614" level="INFO">${response} = &lt;Response [200]&gt;</msg>
<status status="PASS" starttime="20231022 14:56:38.121" endtime="20231022 14:56:38.614"/>
</kw>
<kw name="Should Be Equal" library="BuiltIn">
<arg>10d</arg>
<arg>${response.json()}[expires_in]</arg>
<doc>Fails if the given objects are unequal.</doc>
<status status="PASS" starttime="20231022 14:56:38.615" endtime="20231022 14:56:38.616"/>
</kw>
<status status="PASS" starttime="20231022 14:56:38.121" endtime="20231022 14:56:38.616"/>
</kw>
<tag>happy_way</tag>
<status status="PASS" starttime="20231022 14:56:36.662" endtime="20231022 14:56:38.628"/>
</test>
<test id="s1-s2-t2" name="Incorrect pass" line="19">
<kw name="Factory Session User" library="Users">
<var>${user}</var>
<arg>incorrect_pass</arg>
<msg timestamp="20231022 14:56:38.631" level="INFO">${user} = {'email': 'lolita@bag.com', 'password': 'Kika1234'}</msg>
<status status="PASS" starttime="20231022 14:56:38.631" endtime="20231022 14:56:38.631"/>
</kw>
<kw name="Tests status code 401" library="meta">
<arg>${user}</arg>
<kw name="POST Session" library="SessionsRoute">
<var>${response}</var>
<arg>${user}</arg>
<kw name="POST" library="RequestsLibrary">
<var>${response}</var>
<arg>${API_USERS_URL}/sessions</arg>
<arg>json=${user}</arg>
<arg>expected_status=any</arg>
<doc>Sends a POST request.</doc>
<msg timestamp="20231022 14:56:39.115" level="INFO">POST Request : url=https://api-geek.fly.dev/sessions 
 path_url=/sessions 
 headers={'User-Agent': 'python-requests/2.31.0', 'Accept-Encoding': 'gzip, deflate', 'Accept': '*/*', 'Connection': 'keep-alive', 'Content-Length': '51', 'Content-Type': 'application/json'} 
 body=b'{"email": "lolita@bag.com", "password": "Kika1234"}' 
 </msg>
<msg timestamp="20231022 14:56:39.115" level="INFO">POST Response : url=https://api-geek.fly.dev/sessions 
 status=401, reason=Unauthorized 
 headers={'x-powered-by': 'Express', 'access-control-allow-origin': '*', 'content-type': 'application/json; charset=utf-8', 'content-encoding': 'gzip', 'etag': 'W/"18-XPDV80vbMk4yY1/PADG4jYM4rSI"', 'date': 'Sun, 22 Oct 2023 13:56:43 GMT', 'connection': 'keep-alive', 'keep-alive': 'timeout=5', 'transfer-encoding': 'chunked', 'server': 'Fly/55f8eaa0 (2023-10-09)', 'via': '1.1 fly.io', 'fly-request-id': '01HDBTRY720HE1FP5QZW84071G-mad'} 
 body={"error":"Unauthorized"} 
 </msg>
<msg timestamp="20231022 14:56:39.115" level="INFO">${response} = &lt;Response [401]&gt;</msg>
<status status="PASS" starttime="20231022 14:56:38.633" endtime="20231022 14:56:39.115"/>
</kw>
<msg timestamp="20231022 14:56:39.116" level="INFO">${response} = &lt;Response [401]&gt;</msg>
<status status="PASS" starttime="20231022 14:56:38.632" endtime="20231022 14:56:39.116"/>
</kw>
<kw name="Status Should Be" library="RequestsLibrary">
<arg>401</arg>
<arg>${response}</arg>
<doc>Fails if response status code is different than the expected.</doc>
<status status="PASS" starttime="20231022 14:56:39.116" endtime="20231022 14:56:39.117"/>
</kw>
<status status="PASS" starttime="20231022 14:56:38.632" endtime="20231022 14:56:39.117"/>
</kw>
<kw name="Test message Unauthorized be equal" library="meta">
<arg>${user}</arg>
<kw name="POST Session" library="SessionsRoute">
<var>${response}</var>
<arg>${user}</arg>
<kw name="POST" library="RequestsLibrary">
<var>${response}</var>
<arg>${API_USERS_URL}/sessions</arg>
<arg>json=${user}</arg>
<arg>expected_status=any</arg>
<doc>Sends a POST request.</doc>
<msg timestamp="20231022 14:56:39.621" level="INFO">POST Request : url=https://api-geek.fly.dev/sessions 
 path_url=/sessions 
 headers={'User-Agent': 'python-requests/2.31.0', 'Accept-Encoding': 'gzip, deflate', 'Accept': '*/*', 'Connection': 'keep-alive', 'Content-Length': '51', 'Content-Type': 'application/json'} 
 body=b'{"email": "lolita@bag.com", "password": "Kika1234"}' 
 </msg>
<msg timestamp="20231022 14:56:39.621" level="INFO">POST Response : url=https://api-geek.fly.dev/sessions 
 status=401, reason=Unauthorized 
 headers={'x-powered-by': 'Express', 'access-control-allow-origin': '*', 'content-type': 'application/json; charset=utf-8', 'content-encoding': 'gzip', 'etag': 'W/"18-XPDV80vbMk4yY1/PADG4jYM4rSI"', 'date': 'Sun, 22 Oct 2023 13:56:43 GMT', 'connection': 'keep-alive', 'keep-alive': 'timeout=5', 'transfer-encoding': 'chunked', 'server': 'Fly/55f8eaa0 (2023-10-09)', 'via': '1.1 fly.io', 'fly-request-id': '01HDBTRYPTH84QA0R4QDQXK719-mad'} 
 body={"error":"Unauthorized"} 
 </msg>
<msg timestamp="20231022 14:56:39.621" level="INFO">${response} = &lt;Response [401]&gt;</msg>
<status status="PASS" starttime="20231022 14:56:39.131" endtime="20231022 14:56:39.621"/>
</kw>
<msg timestamp="20231022 14:56:39.621" level="INFO">${response} = &lt;Response [401]&gt;</msg>
<status status="PASS" starttime="20231022 14:56:39.130" endtime="20231022 14:56:39.621"/>
</kw>
<kw name="Should Be Equal" library="BuiltIn">
<arg>Unauthorized</arg>
<arg>${response.json()}[error]</arg>
<doc>Fails if the given objects are unequal.</doc>
<status status="PASS" starttime="20231022 14:56:39.621" endtime="20231022 14:56:39.623"/>
</kw>
<status status="PASS" starttime="20231022 14:56:39.130" endtime="20231022 14:56:39.623"/>
</kw>
<tag>attempt</tag>
[...]
<arg>Authorization=Bearer ${token}</arg>
<doc>Creates and returns a dictionary based on the given ``items``.</doc>
<msg timestamp="20231022 14:57:08.131" level="INFO">${headers} = {'Authorization': 'Bearer eyJhbGciOiJIUzI1NiIsInR5cCI6IkpXVCJ9.eyJpZCI6NjMyLCJpYXQiOjE2OTc5ODMwMzIsImV4cCI6MTY5ODg0NzAzMn0.TFiWrWxePpipZly0qTm80yP7ztH0RgwkciLsUhaZ_A4'}</msg>
<status status="PASS" starttime="20231022 14:57:08.130" endtime="20231022 14:57:08.131"/>
</kw>
<kw name="PUT" library="RequestsLibrary">
<var>${response}</var>
<arg>${API_USERS_URL}/users</arg>
<arg>json=${user}</arg>
<arg>headers=${headers}</arg>
<arg>expected_status=any</arg>
<doc>Sends a PUT request.</doc>
<msg timestamp="20231022 14:57:09.161" level="INFO">PUT Request : url=https://api-geek.fly.dev/users 
 path_url=/users 
 headers={'User-Agent': 'python-requests/2.31.0', 'Accept-Encoding': 'gzip, deflate', 'Accept': '*/*', 'Connection': 'keep-alive', 'Authorization': 'Bearer eyJhbGciOiJIUzI1NiIsInR5cCI6IkpXVCJ9.eyJpZCI6NjMyLCJpYXQiOjE2OTc5ODMwMzIsImV4cCI6MTY5ODg0NzAzMn0.TFiWrWxePpipZly0qTm80yP7ztH0RgwkciLsUhaZ_A4', 'Content-Length': '138', 'Content-Type': 'application/json'} 
 body=b'{"name": "Baguera Loli", "email": "bags@lolis.com", "whatsapp": "985584356", "avatar": "https://avatars.githubusercontent.com/u/60945965"}' 
 </msg>
<msg timestamp="20231022 14:57:09.161" level="INFO">PUT Response : url=https://api-geek.fly.dev/users 
 status=200, reason=OK 
 headers={'x-powered-by': 'Express', 'access-control-allow-origin': '*', 'date': 'Sun, 22 Oct 2023 13:57:13 GMT', 'connection': 'keep-alive', 'keep-alive': 'timeout=5', 'server': 'Fly/55f8eaa0 (2023-10-09)', 'via': '1.1 fly.io', 'fly-request-id': '01HDBTSV0BBS6PHHA05NWAFX29-mad', 'content-length': '0'} 
 body=None 
 </msg>
<msg timestamp="20231022 14:57:09.161" level="INFO">${response} = &lt;Response [200]&gt;</msg>
<status status="PASS" starttime="20231022 14:57:08.131" endtime="20231022 14:57:09.161"/>
</kw>
<status status="PASS" starttime="20231022 14:57:07.644" endtime="20231022 14:57:09.161"/>
</kw>
<status status="PASS" starttime="20231022 14:57:06.589" endtime="20231022 14:57:09.161"/>
</kw>
<kw name="Tests signup status code 200 update" library="meta">
<kw name="Factory User" library="Users">
<var>${user}</var>
<arg>update</arg>
<msg timestamp="20231022 14:57:09.162" level="INFO">${user} = {'name': 'Baguera Loli', 'email': 'bags@lolis.com', 'whatsapp': '985584356', 'avatar': 'https://avatars.githubusercontent.com/u/60945965'}</msg>
<status status="PASS" starttime="20231022 14:57:09.162" endtime="20231022 14:57:09.162"/>
</kw>
<kw name="PUT User" library="SessionsRoute">
<var>${response}</var>
<arg>${user}</arg>
<kw name="Token User" library="SessionsRoute">
<var>${token}</var>
<kw name="Factory Session User" library="Users">
<var>${user}</var>
<arg>session_token</arg>
<msg timestamp="20231022 14:57:09.163" level="INFO">${user} = {'email': 'bags@lolis.com', 'password': 'Kika.1234'}</msg>
<status status="PASS" starttime="20231022 14:57:09.162" endtime="20231022 14:57:09.163"/>
</kw>
<kw name="POST Session" library="SessionsRoute">
<var>${response}</var>
<arg>${user}</arg>
<kw name="POST" library="RequestsLibrary">
<var>${response}</var>
<arg>${API_USERS_URL}/sessions</arg>
<arg>json=${user}</arg>
<arg>expected_status=any</arg>
<doc>Sends a POST request.</doc>
<msg timestamp="20231022 14:57:09.638" level="INFO">POST Request : url=https://api-geek.fly.dev/sessions 
 path_url=/sessions 
 headers={'User-Agent': 'python-requests/2.31.0', 'Accept-Encoding': 'gzip, deflate', 'Accept': '*/*', 'Connection': 'keep-alive', 'Content-Length': '52', 'Content-Type': 'application/json'} 
 body=b'{"email": "bags@lolis.com", "password": "Kika.1234"}' 
 </msg>
<msg timestamp="20231022 14:57:09.638" level="INFO">POST Response : url=https://api-geek.fly.dev/sessions 
 status=200, reason=OK 
 headers={'x-powered-by': 'Express', 'access-control-allow-origin': '*', 'content-type': 'application/json; charset=utf-8', 'content-encoding': 'gzip', 'etag': 'W/"19e-Zfp0TOlEIxSWkw4tA/PCtSvYHRA"', 'date': 'Sun, 22 Oct 2023 13:57:13 GMT', 'connection': 'keep-alive', 'keep-alive': 'timeout=5', 'transfer-encoding': 'chunked', 'server': 'Fly/55f8eaa0 (2023-10-09)', 'via': '1.1 fly.io', 'fly-request-id': '01HDBTSW0GC4V5JJP018696YTY-mad'} 
 body={"user":{"id":632,"email":"bags@lolis.com","password_hash":"$2b$08$3sWNd6JC1yh0VX5QpFKWsOldTdXbTjL0RZA98PScBHdvmyus6/a3m","name":"Baguera Loli","avatar":"https://avatars.githubusercontent.com/u/60945965","whatsapp":"985584356","is_geek":false},"token":"eyJhbGciOiJIUzI1NiIsInR5cCI6IkpXVCJ9.eyJpZCI6NjMyLCJpYXQiOjE2OTc5ODMwMzMsImV4cCI6MTY5ODg0NzAzM30.o0_AjrD0JhcrMZIyOyxMSqQYSczXJQjNWmiT62cUkVE","expires_in":"10d"} 
 </msg>
<msg timestamp="20231022 14:57:09.638" level="INFO">${response} = &lt;Response [200]&gt;</msg>
<status status="PASS" starttime="20231022 14:57:09.163" endtime="20231022 14:57:09.638"/>
</kw>
<msg timestamp="20231022 14:57:09.638" level="INFO">${response} = &lt;Response [200]&gt;</msg>
<status status="PASS" starttime="20231022 14:57:09.163" endtime="20231022 14:57:09.638"/>
</kw>
<kw name="Set Variable" library="BuiltIn">
<var>${result}</var>
<arg>${EMPTY}</arg>
<doc>Returns the given values which can then be assigned to a variables.</doc>
<msg timestamp="20231022 14:57:09.638" level="INFO">${result} = </msg>
<status status="PASS" starttime="20231022 14:57:09.638" endtime="20231022 14:57:09.638"/>
</kw>
<if>
<branch type="IF" condition="&quot;200&quot; in &quot;${response}&quot;">
<kw name="Set Variable" library="BuiltIn">
<var>${result}</var>
<arg>${response.json()}[token]</arg>
<doc>Returns the given values which can then be assigned to a variables.</doc>
<msg timestamp="20231022 14:57:09.639" level="INFO">${result} = eyJhbGciOiJIUzI1NiIsInR5cCI6IkpXVCJ9.eyJpZCI6NjMyLCJpYXQiOjE2OTc5ODMwMzMsImV4cCI6MTY5ODg0NzAzM30.o0_AjrD0JhcrMZIyOyxMSqQYSczXJQjNWmiT62cUkVE</msg>
<status status="PASS" starttime="20231022 14:57:09.639" endtime="20231022 14:57:09.639"/>
</kw>
<status status="PASS" starttime="20231022 14:57:09.639" endtime="20231022 14:57:09.639"/>
</branch>
<status status="PASS" starttime="20231022 14:57:09.639" endtime="20231022 14:57:09.639"/>
</if>
<msg timestamp="20231022 14:57:09.639" level="INFO">${token} = eyJhbGciOiJIUzI1NiIsInR5cCI6IkpXVCJ9.eyJpZCI6NjMyLCJpYXQiOjE2OTc5ODMwMzMsImV4cCI6MTY5ODg0NzAzM30.o0_AjrD0JhcrMZIyOyxMSqQYSczXJQjNWmiT62cUkVE</msg>
<status status="PASS" starttime="20231022 14:57:09.162" endtime="20231022 14:57:09.639"/>
</kw>
<kw name="Create Dictionary" library="BuiltIn">
<var>${headers}</var>
<arg>Authorization=Bearer ${token}</arg>
<doc>Creates and returns a dictionary based on the given ``items``.</doc>
<msg timestamp="20231022 14:57:09.640" level="INFO">${headers} = {'Authorization': 'Bearer eyJhbGciOiJIUzI1NiIsInR5cCI6IkpXVCJ9.eyJpZCI6NjMyLCJpYXQiOjE2OTc5ODMwMzMsImV4cCI6MTY5ODg0NzAzM30.o0_AjrD0JhcrMZIyOyxMSqQYSczXJQjNWmiT62cUkVE'}</msg>
<status status="PASS" starttime="20231022 14:57:09.639" endtime="20231022 14:57:09.640"/>
</kw>
<kw name="PUT" library="RequestsLibrary">
<var>${response}</var>
<arg>${API_USERS_URL}/users</arg>
<arg>json=${user}</arg>
<arg>headers=${headers}</arg>
<arg>expected_status=any</arg>
<doc>Sends a PUT request.</doc>
<msg timestamp="20231022 14:57:10.671" level="INFO">PUT Request : url=https://api-geek.fly.dev/users 
 path_url=/users 
 headers={'User-Agent': 'python-requests/2.31.0', 'Accept-Encoding': 'gzip, deflate', 'Accept': '*/*', 'Connection': 'keep-alive', 'Authorization': 'Bearer eyJhbGciOiJIUzI1NiIsInR5cCI6IkpXVCJ9.eyJpZCI6NjMyLCJpYXQiOjE2OTc5ODMwMzMsImV4cCI6MTY5ODg0NzAzM30.o0_AjrD0JhcrMZIyOyxMSqQYSczXJQjNWmiT62cUkVE', 'Content-Length': '138', 'Content-Type': 'application/json'} 
 body=b'{"name": "Baguera Loli", "email": "bags@lolis.com", "whatsapp": "985584356", "avatar": "https://avatars.githubusercontent.com/u/60945965"}' 
 </msg>
<msg timestamp="20231022 14:57:10.671" level="INFO">PUT Response : url=https://api-geek.fly.dev/users 
 status=200, reason=OK 
 headers={'x-powered-by': 'Express', 'access-control-allow-origin': '*', 'date': 'Sun, 22 Oct 2023 13:57:14 GMT', 'connection': 'keep-alive', 'keep-alive': 'timeout=5', 'server': 'Fly/55f8eaa0 (2023-10-09)', 'via': '1.1 fly.io', 'fly-request-id': '01HDBTSWFHVW4NXS4Y4NHWSJMW-mad', 'content-length': '0'} 
 body=None 
 </msg>
<msg timestamp="20231022 14:57:10.673" level="INFO">${response} = &lt;Response [200]&gt;</msg>
<status status="PASS" starttime="20231022 14:57:09.640" endtime="20231022 14:57:10.673"/>
</kw>
<msg timestamp="20231022 14:57:10.673" level="INFO">${response} = &lt;Response [200]&gt;</msg>
<status status="PASS" starttime="20231022 14:57:09.162" endtime="20231022 14:57:10.673"/>
</kw>
<kw name="Status Should Be" library="RequestsLibrary">
<arg>200</arg>
<arg>${response}</arg>
<doc>Fails if response status code is different than the expected.</doc>
<status status="PASS" starttime="20231022 14:57:10.673" endtime="20231022 14:57:10.673"/>
</kw>
<status status="PASS" starttime="20231022 14:57:09.161" endtime="20231022 14:57:10.673"/>
</kw>
<kw name="Tests update right user" library="meta">
<kw name="Factory User" library="Users">
<var>${user}</var>
<arg>update</arg>
<msg timestamp="20231022 14:57:10.674" level="INFO">${user} = {'name': 'Baguera Loli', 'email': 'bags@lolis.com', 'whatsapp': '985584356', 'avatar': 'https://avatars.githubusercontent.com/u/60945965'}</msg>
<status status="PASS" starttime="20231022 14:57:10.674" endtime="20231022 14:57:10.674"/>
</kw>
<kw name="POST User" library="SessionsRoute">
<arg>${user}</arg>
<kw name="POST" library="RequestsLibrary">
<var>${response}</var>
<arg>${API_USERS_URL}/users</arg>
<arg>json=${user}</arg>
<arg>expected_status=any</arg>
<doc>Sends a POST request.</doc>
<msg timestamp="20231022 14:57:10.961" level="INFO">POST Request : url=https://api-geek.fly.dev/users 
 path_url=/users 
 headers={'User-Agent': 'python-requests/2.31.0', 'Accept-Encoding': 'gzip, deflate', 'Accept': '*/*', 'Connection': 'keep-alive', 'Content-Length': '138', 'Content-Type': 'application/json'} 
 body=b'{"name": "Baguera Loli", "email": "bags@lolis.com", "whatsapp": "985584356", "avatar": "https://avatars.githubusercontent.com/u/60945965"}' 
 </msg>
<msg timestamp="20231022 14:57:10.961" level="INFO">POST Response : url=https://api-geek.fly.dev/users 
 status=400, reason=Bad Request 
 headers={'x-powered-by': 'Express', 'access-control-allow-origin': '*', 'content-type': 'application/json; charset=utf-8', 'content-encoding': 'gzip', 'etag': 'W/"19-XQPKZGB2rC+TLudFQKbwFLPwbR0"', 'date': 'Sun, 22 Oct 2023 13:57:14 GMT', 'connection': 'keep-alive', 'keep-alive': 'timeout=5', 'transfer-encoding': 'chunked', 'server': 'Fly/55f8eaa0 (2023-10-09)', 'via': '1.1 fly.io', 'fly-request-id': '01HDBTSXFZQE0ZC54KR957Z8J5-mad'} 
 body={"error":"Required pass"} 
 </msg>
<msg timestamp="20231022 14:57:10.961" level="INFO">${response} = &lt;Response [400]&gt;</msg>
<status status="PASS" starttime="20231022 14:57:10.675" endtime="20231022 14:57:10.961"/>
</kw>
<status status="PASS" starttime="20231022 14:57:10.675" endtime="20231022 14:57:10.962"/>
</kw>
<kw name="GET User" library="SessionsRoute">
<var>${response}</var>
<kw name="Token User" library="SessionsRoute">
<var>${token}</var>
<kw name="Factory Session User" library="Users">
<var>${user}</var>
<arg>session_token</arg>
<msg timestamp="20231022 14:57:10.963" level="INFO">${user} = {'email': 'bags@lolis.com', 'password': 'Kika.1234'}</msg>
<status status="PASS" starttime="20231022 14:57:10.962" endtime="20231022 14:57:10.963"/>
</kw>
<kw name="POST Session" library="SessionsRoute">
<var>${response}</var>
<arg>${user}</arg>
<kw name="POST" library="RequestsLibrary">
<var>${response}</var>
<arg>${API_USERS_URL}/sessions</arg>
<arg>json=${user}</arg>
<arg>expected_status=any</arg>
<doc>Sends a POST request.</doc>
<msg timestamp="20231022 14:57:11.435" level="INFO">POST Request : url=https://api-geek.fly.dev/sessions 
 path_url=/sessions 
 headers={'User-Agent': 'python-requests/2.31.0', 'Accept-Encoding': 'gzip, deflate', 'Accept': '*/*', 'Connection': 'keep-alive', 'Content-Length': '52', 'Content-Type': 'application/json'} 
 body=b'{"email": "bags@lolis.com", "password": "Kika.1234"}' 
 </msg>
<msg timestamp="20231022 14:57:11.435" level="INFO">POST Response : url=https://api-geek.fly.dev/sessions 
 status=200, reason=OK 
 headers={'x-powered-by': 'Express', 'access-control-allow-origin': '*', 'content-type': 'application/json; charset=utf-8', 'content-encoding': 'gzip', 'etag': 'W/"19e-OCk/xjHEJkrjP+0SDejBjEZv17s"', 'date': 'Sun, 22 Oct 2023 13:57:15 GMT', 'connection': 'keep-alive', 'keep-alive': 'timeout=5', 'transfer-encoding': 'chunked', 'server': 'Fly/55f8eaa0 (2023-10-09)', 'via': '1.1 fly.io', 'fly-request-id': '01HDBTSXRPVE0ZCYMZT1P6N2BN-mad'} 
 body={"user":{"id":632,"email":"bags@lolis.com","password_hash":"$2b$08$3sWNd6JC1yh0VX5QpFKWsOldTdXbTjL0RZA98PScBHdvmyus6/a3m","name":"Baguera Loli","avatar":"https://avatars.githubusercontent.com/u/60945965","whatsapp":"985584356","is_geek":false},"token":"eyJhbGciOiJIUzI1NiIsInR5cCI6IkpXVCJ9.eyJpZCI6NjMyLCJpYXQiOjE2OTc5ODMwMzUsImV4cCI6MTY5ODg0NzAzNX0.LmyRBVCWbpvbqbUVCfeDR_R36uMh9fxBQ4yDhFRyLjE","expires_in":"10d"} 
 </msg>
<msg timestamp="20231022 14:57:11.435" level="INFO">${response} = &lt;Response [200]&gt;</msg>
<status status="PASS" starttime="20231022 14:57:10.963" endtime="20231022 14:57:11.435"/>
</kw>
<msg timestamp="20231022 14:57:11.436" level="INFO">${response} = &lt;Response [200]&gt;</msg>
<status status="PASS" starttime="20231022 14:57:10.963" endtime="20231022 14:57:11.436"/>
</kw>
<kw name="Set Variable" library="BuiltIn">
<var>${result}</var>
<arg>${EMPTY}</arg>
<doc>Returns the given values which can then be assigned to a variables.</doc>
<msg timestamp="20231022 14:57:11.436" level="INFO">${result} = </msg>
<status status="PASS" starttime="20231022 14:57:11.436" endtime="20231022 14:57:11.436"/>
</kw>
<if>
<branch type="IF" condition="&quot;200&quot; in &quot;${response}&quot;">
<kw name="Set Variable" library="BuiltIn">
<var>${result}</var>
<arg>${response.json()}[token]</arg>
<doc>Returns the given values which can then be assigned to a variables.</doc>
<msg timestamp="20231022 14:57:11.437" level="INFO">${result} = eyJhbGciOiJIUzI1NiIsInR5cCI6IkpXVCJ9.eyJpZCI6NjMyLCJpYXQiOjE2OTc5ODMwMzUsImV4cCI6MTY5ODg0NzAzNX0.LmyRBVCWbpvbqbUVCfeDR_R36uMh9fxBQ4yDhFRyLjE</msg>
<status status="PASS" starttime="20231022 14:57:11.436" endtime="20231022 14:57:11.437"/>
</kw>
<status status="PASS" starttime="20231022 14:57:11.436" endtime="20231022 14:57:11.437"/>
</branch>
<status status="PASS" starttime="20231022 14:57:11.436" endtime="20231022 14:57:11.437"/>
</if>
<msg timestamp="20231022 14:57:11.437" level="INFO">${token} = eyJhbGciOiJIUzI1NiIsInR5cCI6IkpXVCJ9.eyJpZCI6NjMyLCJpYXQiOjE2OTc5ODMwMzUsImV4cCI6MTY5ODg0NzAzNX0.LmyRBVCWbpvbqbUVCfeDR_R36uMh9fxBQ4yDhFRyLjE</msg>
<status status="PASS" starttime="20231022 14:57:10.962" endtime="20231022 14:57:11.437"/>
</kw>
<kw name="Create Dictionary" library="BuiltIn">
<var>${headers}</var>
<arg>Authorization=Bearer ${token}</arg>
<doc>Creates and returns a dictionary based on the given ``items``.</doc>
<msg timestamp="20231022 14:57:11.439" level="INFO">${headers} = {'Authorization': 'Bearer eyJhbGciOiJIUzI1NiIsInR5cCI6IkpXVCJ9.eyJpZCI6NjMyLCJpYXQiOjE2OTc5ODMwMzUsImV4cCI6MTY5ODg0NzAzNX0.LmyRBVCWbpvbqbUVCfeDR_R36uMh9fxBQ4yDhFRyLjE'}</msg>
<status status="PASS" starttime="20231022 14:57:11.437" endtime="20231022 14:57:11.439"/>
</kw>
<kw name="GET" library="RequestsLibrary">
<var>${response}</var>
<arg>${API_USERS_URL}/users</arg>
<arg>headers=${headers}</arg>
<arg>expected_status=any</arg>
<doc>Sends a GET request.</doc>
<msg timestamp="20231022 14:57:12.082" level="INFO">GET Request : url=https://api-geek.fly.dev/users 
 path_url=/users 
 headers={'User-Agent': 'python-requests/2.31.0', 'Accept-Encoding': 'gzip, deflate', 'Accept': '*/*', 'Connection': 'keep-alive', 'Authorization': 'Bearer eyJhbGciOiJIUzI1NiIsInR5cCI6IkpXVCJ9.eyJpZCI6NjMyLCJpYXQiOjE2OTc5ODMwMzUsImV4cCI6MTY5ODg0NzAzNX0.LmyRBVCWbpvbqbUVCfeDR_R36uMh9fxBQ4yDhFRyLjE'} 
 body=None 
 </msg>
<msg timestamp="20231022 14:57:12.082" level="INFO">GET Response : url=https://api-geek.fly.dev/users 
 status=200, reason=OK 
 headers={'x-powered-by': 'Express', 'access-control-allow-origin': '*', 'content-type': 'application/json; charset=utf-8', 'content-encoding': 'gzip', 'etag': 'W/"eb-rWjtT8q7WKTEULOkPXw5PJFgLTA"', 'date': 'Sun, 22 Oct 2023 13:57:16 GMT', 'connection': 'keep-alive', 'keep-alive': 'timeout=5', 'transfer-encoding': 'chunked', 'server': 'Fly/55f8eaa0 (2023-10-09)', 'via': '1.1 fly.io', 'fly-request-id': '01HDBTSY7MTGJ5RP6SAE325CQC-mad'} 
 body={"id":632,"email":"bags@lolis.com","password_hash":"$2b$08$3sWNd6JC1yh0VX5QpFKWsOldTdXbTjL0RZA98PScBHdvmyus6/a3m","name":"Baguera Loli","avatar":"https://avatars.githubusercontent.com/u/60945965","whatsapp":"985584356","is_geek":false} 
 </msg>
<msg timestamp="20231022 14:57:12.082" level="INFO">${response} = &lt;Response [200]&gt;</msg>
<status status="PASS" starttime="20231022 14:57:11.439" endtime="20231022 14:57:12.082"/>
</kw>
<msg timestamp="20231022 14:57:12.082" level="INFO">${response} = &lt;Response [200]&gt;</msg>
<status status="PASS" starttime="20231022 14:57:10.962" endtime="20231022 14:57:12.082"/>
</kw>
<kw name="Should Be Equal As Strings" library="BuiltIn">
<arg>${user}[name]</arg>
<arg>${response.json()}[name]</arg>
<doc>Fails if objects are unequal after converting them to strings.</doc>
<status status="PASS" starttime="20231022 14:57:12.082" endtime="20231022 14:57:12.083"/>
</kw>
<kw name="Should Be Equal As Strings" library="BuiltIn">
<arg>${user}[email]</arg>
<arg>${response.json()}[email]</arg>
<doc>Fails if objects are unequal after converting them to strings.</doc>
<status status="PASS" starttime="20231022 14:57:12.083" endtime="20231022 14:57:12.083"/>
</kw>
<kw name="Should Be Equal As Strings" library="BuiltIn">
<arg>${user}[whatsapp]</arg>
<arg>${response.json()}[whatsapp]</arg>
<doc>Fails if objects are unequal after converting them to strings.</doc>
<status status="PASS" starttime="20231022 14:57:12.083" endtime="20231022 14:57:12.084"/>
</kw>
<kw name="Should Be Equal As Strings" library="BuiltIn">
<arg>${user}[avatar]</arg>
<arg>${response.json()}[avatar]</arg>
<doc>Fails if objects are unequal after converting them to strings.</doc>
<status status="PASS" starttime="20231022 14:57:12.084" endtime="20231022 14:57:12.084"/>
</kw>
<kw name="Should Be Equal As Strings" library="BuiltIn">
<arg>False</arg>
<arg>${response.json()}[is_geek]</arg>
<doc>Fails if objects are unequal after converting them to strings.</doc>
<msg timestamp="20231022 14:57:12.085" level="INFO">Argument types are:
&lt;class 'str'&gt;
&lt;class 'bool'&gt;</msg>
<status status="PASS" starttime="20231022 14:57:12.084" endtime="20231022 14:57:12.085"/>
</kw>
<status status="PASS" starttime="20231022 14:57:10.674" endtime="20231022 14:57:12.085"/>
</kw>
<tag>happy_way</tag>
<status status="PASS" starttime="20231022 14:57:05.904" endtime="20231022 14:57:12.085"/>
</test>
<doc>Session route test suite</doc>
<status status="PASS" starttime="20231022 14:56:45.798" endtime="20231022 14:57:12.086"/>
</suite>
<status status="PASS" starttime="20231022 14:56:20.375" endtime="20231022 14:57:12.088"/>
</suite>
<statistics>
<total>
<stat pass="15" fail="0" skip="0">All Tests</stat>
</total>
<tag>
<stat pass="7" fail="0" skip="0">attempt</stat>
<stat pass="1" fail="0" skip="0">attempts</stat>
<stat pass="7" fail="0" skip="0">happy_way</stat>
</tag>
<suite>
<stat pass="15" fail="0" skip="0" id="s1" name="Tests">Tests</stat>
<stat pass="2" fail="0" skip="0" id="s1-s1" name="beGeek">Tests.beGeek</stat>
<stat pass="9" fail="0" skip="0" id="s1-s2" name="Sessions">Tests.Sessions</stat>
<stat pass="4" fail="0" skip="0" id="s1-s3" name="Users">Tests.Users</stat>
</suite>
</statistics>
<errors>
</errors>
</robot>
