<?xml version="1.0" encoding="UTF-8"?>
<robot generator="Robot 6.1 (Python 3.11.4 on win32)" generated="20231022 14:07:08.982" rpa="false" schemaversion="4">
<suite id="s1" name="Tests" source="D:\OneDrive - Novabase\Documents\1.AutomaticTests\robot_framework--advanced\Frontend\tests">
<suite id="s1-s1" name="1.Signin" source="D:\OneDrive - Novabase\Documents\1.AutomaticTests\robot_framework--advanced\Frontend\tests\1.Signin.robot">
<test id="s1-s1-t1" name="User Login" line="15">
<kw name="Start Session" library="Base" type="SETUP">
<kw name="New Browser" library="Browser">
<arg>chromium</arg>
<arg>headless=True</arg>
<arg>slowMo=00:00:00</arg>
<tag>BrowserControl</tag>
<tag>Setter</tag>
<doc>Create a new playwright Browser with specified options.</doc>
<msg timestamp="20231022 14:07:11.788" level="INFO">{"browser": "chromium", "headless": true, "devtools": false, "handleSIGHUP": true, "handleSIGINT": true, "handleSIGTERM": true, "slowMo": 0.0, "timeout": 30000.0, "deprecated_pos_args": [], "tracesDir": "D:\\OneDrive - Novabase\\Documents\\1.AutomaticTests\\robot_framework--advanced\\Frontend\\logs\\pabot_results\\0\\browser\\traces\\e4c56ebe-7aec-40c9-8637-975986c90a80"}</msg>
<msg timestamp="20231022 14:07:13.811" level="INFO">Successfully created browser with options: {"browser":"chromium","headless":true,"devtools":false,"handleSIGHUP":true,"handleSIGINT":true,"handleSIGTERM":true,"slowMo":0,"timeout":30000,"deprecated_pos_args":[],"tracesDir":"D:\\OneDrive - Novabase\\Documents\\1.AutomaticTests\\robot_framework--advanced\\Frontend\\logs\\pabot_results\\0\\browser\\traces\\e4c56ebe-7aec-40c9-8637-975986c90a80"}</msg>
<status status="PASS" starttime="20231022 14:07:11.786" endtime="20231022 14:07:13.812"/>
</kw>
<kw name="New Page" library="Browser">
<arg>${BASE_URL}</arg>
<tag>BrowserControl</tag>
<tag>Setter</tag>
<doc>Open a new Page.</doc>
<msg timestamp="20231022 14:07:19.126" level="INFO">Successfully initialized new page object and opened url: https://web-geek.fly.dev</msg>
<msg timestamp="20231022 14:07:19.126" level="INFO">No context was open. New context was automatically opened when this page is created.</msg>
<status status="PASS" starttime="20231022 14:07:13.812" endtime="20231022 14:07:19.126"/>
</kw>
<kw name="Set Viewport Size" library="Browser">
<arg>1280</arg>
<arg>768</arg>
<tag>BrowserControl</tag>
<tag>Setter</tag>
<doc>Sets current Pages viewport size to specified dimensions.</doc>
<msg timestamp="20231022 14:07:19.141" level="INFO">Set viewport size to: [object Object]</msg>
<status status="PASS" starttime="20231022 14:07:19.126" endtime="20231022 14:07:19.141"/>
</kw>
<status status="PASS" starttime="20231022 14:07:11.786" endtime="20231022 14:07:19.142"/>
</kw>
<kw name="Factory User" library="Users">
<var>${user}</var>
<arg>login</arg>
<msg timestamp="20231022 14:07:19.144" level="INFO">${user} = {'name': 'Erica', 'lastname': 'Cavalher', 'email': 'erica.cavalher@gmail.com', 'password': 'Kika1234'}</msg>
<status status="PASS" starttime="20231022 14:07:19.142" endtime="20231022 14:07:19.144"/>
</kw>
<kw name="Go to Login form" library="meta">
<kw name="Go To" library="Browser">
<arg>${login_url}</arg>
<tag>BrowserControl</tag>
<tag>Setter</tag>
<doc>Navigates to the given ``url``.</doc>
<msg timestamp="20231022 14:07:19.898" level="INFO">Successfully opened URL https://web-geek.fly.dev</msg>
<status status="PASS" starttime="20231022 14:07:19.145" endtime="20231022 14:07:19.899"/>
</kw>
<kw name="Wait For Elements State" library="Browser">
<arg>${element_form}</arg>
<arg>visible</arg>
<arg>5</arg>
<tag>PageContent</tag>
<tag>Wait</tag>
<doc>Waits for the element found by ``selector`` to satisfy state option.</doc>
<msg timestamp="20231022 14:07:19.964" level="INFO">Waited for Element with selector css=.login-form at state visible</msg>
<status status="PASS" starttime="20231022 14:07:19.900" endtime="20231022 14:07:19.964"/>
</kw>
<status status="PASS" starttime="20231022 14:07:19.144" endtime="20231022 14:07:19.964"/>
</kw>
<kw name="Fill Credentials" library="meta">
<arg>${user}</arg>
<kw name="Fill Text" library="Browser">
<arg>${input_email}</arg>
<arg>${user}[email]</arg>
<tag>PageContent</tag>
<tag>Setter</tag>
<doc>Clears and fills the given ``txt`` into the text field found by ``selector``.</doc>
<msg timestamp="20231022 14:07:19.967" level="INFO">Fills the text 'erica.cavalher@gmail.com' in the given field.</msg>
<status status="PASS" starttime="20231022 14:07:19.966" endtime="20231022 14:07:20.041"/>
</kw>
<kw name="Fill Text" library="Browser">
<arg>${input_pass}</arg>
<arg>${user}[password]</arg>
<tag>PageContent</tag>
<tag>Setter</tag>
<doc>Clears and fills the given ``txt`` into the text field found by ``selector``.</doc>
<msg timestamp="20231022 14:07:20.042" level="INFO">Fills the text 'Kika1234' in the given field.</msg>
<status status="PASS" starttime="20231022 14:07:20.041" endtime="20231022 14:07:20.090"/>
</kw>
<status status="PASS" starttime="20231022 14:07:19.965" endtime="20231022 14:07:20.091"/>
</kw>
<kw name="Submit Credentials" library="meta">
<kw name="Click" library="Browser">
<arg>${btn_signin_submit}</arg>
<tag>PageContent</tag>
<tag>Setter</tag>
<doc>Simulates mouse click on the element found by ``selector``.</doc>
<status status="PASS" starttime="20231022 14:07:20.092" endtime="20231022 14:07:20.198"/>
</kw>
<status status="PASS" starttime="20231022 14:07:20.091" endtime="20231022 14:07:20.198"/>
</kw>
<kw name="User shold Be Logged in" library="meta">
<arg>${user}</arg>
<kw name="Set Variable" library="BuiltIn">
<var>${fullName}</var>
<arg>${user}[name] ${user}[lastname]</arg>
<doc>Returns the given values which can then be assigned to a variables.</doc>
<msg timestamp="20231022 14:07:20.201" level="INFO">${fullName} = Erica Cavalher</msg>
<status status="PASS" starttime="20231022 14:07:20.199" endtime="20231022 14:07:20.201"/>
</kw>
<kw name="Wait For Elements State" library="Browser">
<arg>${element_home}</arg>
<arg>visible</arg>
<arg>5</arg>
<tag>PageContent</tag>
<tag>Wait</tag>
<doc>Waits for the element found by ``selector`` to satisfy state option.</doc>
<msg timestamp="20231022 14:07:25.560" level="INFO" html="true">&lt;/td&gt;&lt;/tr&gt;&lt;tr&gt;&lt;td colspan="3"&gt;&lt;a href="browser/screenshot/fail-screenshot-1.png"&gt;&lt;img src="browser/screenshot/fail-screenshot-1.png" width="800px"&gt;&lt;/a&gt;</msg>
<msg timestamp="20231022 14:07:25.560" level="FAIL">TimeoutError: locator.waitFor: Timeout 5000ms exceeded.
=========================== logs ===========================
waiting for locator('a[href="/profile"]') to be visible
============================================================
Tip: Use "Set Browser Timeout" for increasing the timeout or double check your locator as the targeted element(s) couldn't be found.</msg>
<status status="FAIL" starttime="20231022 14:07:20.201" endtime="20231022 14:07:25.566"/>
</kw>
<kw name="Get Text" library="Browser">
<arg>${element_home}</arg>
<arg>equal</arg>
<arg>${fullName}</arg>
<tag>Assertion</tag>
<tag>Getter</tag>
<tag>PageContent</tag>
<doc>Returns text attribute of the element found by ``selector``.</doc>
<status status="NOT RUN" starttime="20231022 14:07:25.567" endtime="20231022 14:07:25.568"/>
</kw>
<status status="FAIL" starttime="20231022 14:07:20.199" endtime="20231022 14:07:25.569"/>
</kw>
<kw name="Finish Session" library="Base" type="TEARDOWN">
<kw name="Take Screenshot" library="Browser">
<arg>fullPage=True</arg>
<tag>PageContent</tag>
<doc>Takes a screenshot of the current window or element and saves it to disk.</doc>
<msg timestamp="20231022 14:07:25.874" level="INFO" html="true">&lt;/td&gt;&lt;/tr&gt;&lt;tr&gt;&lt;td colspan="3"&gt;&lt;a href="browser/screenshot/robotframework-browser-screenshot-1.png"&gt;&lt;img src="browser/screenshot/robotframework-browser-screenshot-1.png" width="800px"&gt;&lt;/a&gt;</msg>
<status status="PASS" starttime="20231022 14:07:25.570" endtime="20231022 14:07:25.874"/>
</kw>
<status status="PASS" starttime="20231022 14:07:25.569" endtime="20231022 14:07:25.874"/>
</kw>
<tag>happy_way</tag>
<status status="FAIL" starttime="20231022 14:07:11.781" endtime="20231022 14:07:25.875">TimeoutError: locator.waitFor: Timeout 5000ms exceeded.
=========================== logs ===========================
waiting for locator('a[href="/profile"]') to be visible
============================================================
Tip: Use "Set Browser Timeout" for increasing the timeout or double check your locator as the targeted element(s) couldn't be found.</status>
</test>
<test id="s1-s1-t2" name="Incorrect Pass" line="24">
<kw name="Start Session" library="Base" type="SETUP">
<kw name="New Browser" library="Browser">
<arg>chromium</arg>
<arg>headless=True</arg>
<arg>slowMo=00:00:00</arg>
<tag>BrowserControl</tag>
<tag>Setter</tag>
<doc>Create a new playwright Browser with specified options.</doc>
<msg timestamp="20231022 14:07:25.965" level="INFO">{"browser": "chromium", "headless": true, "devtools": false, "handleSIGHUP": true, "handleSIGINT": true, "handleSIGTERM": true, "slowMo": 0.0, "timeout": 30000.0, "deprecated_pos_args": [], "tracesDir": "D:\\OneDrive - Novabase\\Documents\\1.AutomaticTests\\robot_framework--advanced\\Frontend\\logs\\pabot_results\\0\\browser\\traces\\9e22ef42-ea37-4854-8605-e5e4d4adb4de"}</msg>
<msg timestamp="20231022 14:07:26.936" level="INFO">Successfully created browser with options: {"browser":"chromium","headless":true,"devtools":false,"handleSIGHUP":true,"handleSIGINT":true,"handleSIGTERM":true,"slowMo":0,"timeout":30000,"deprecated_pos_args":[],"tracesDir":"D:\\OneDrive - Novabase\\Documents\\1.AutomaticTests\\robot_framework--advanced\\Frontend\\logs\\pabot_results\\0\\browser\\traces\\9e22ef42-ea37-4854-8605-e5e4d4adb4de"}</msg>
<status status="PASS" starttime="20231022 14:07:25.964" endtime="20231022 14:07:26.936"/>
</kw>
<kw name="New Page" library="Browser">
<arg>${BASE_URL}</arg>
<tag>BrowserControl</tag>
<tag>Setter</tag>
<doc>Open a new Page.</doc>
<msg timestamp="20231022 14:07:28.095" level="INFO">Successfully initialized new page object and opened url: https://web-geek.fly.dev</msg>
<msg timestamp="20231022 14:07:28.095" level="INFO">No context was open. New context was automatically opened when this page is created.</msg>
<status status="PASS" starttime="20231022 14:07:26.936" endtime="20231022 14:07:28.095"/>
</kw>
<kw name="Set Viewport Size" library="Browser">
<arg>1280</arg>
<arg>768</arg>
<tag>BrowserControl</tag>
<tag>Setter</tag>
<doc>Sets current Pages viewport size to specified dimensions.</doc>
<msg timestamp="20231022 14:07:28.100" level="INFO">Set viewport size to: [object Object]</msg>
<status status="PASS" starttime="20231022 14:07:28.096" endtime="20231022 14:07:28.100"/>
</kw>
<status status="PASS" starttime="20231022 14:07:25.963" endtime="20231022 14:07:28.100"/>
</kw>
<kw name="Create Dictionary" library="BuiltIn">
<var>${user}</var>
<arg>email=erica.cavalher@gmail.com</arg>
<arg>password=abc123</arg>
<doc>Creates and returns a dictionary based on the given ``items``.</doc>
<msg timestamp="20231022 14:07:28.101" level="INFO">${user} = {'email': 'erica.cavalher@gmail.com', 'password': 'abc123'}</msg>
<status status="PASS" starttime="20231022 14:07:28.101" endtime="20231022 14:07:28.101"/>
</kw>
<kw name="Go to Login form" library="meta">
<kw name="Go To" library="Browser">
<arg>${login_url}</arg>
<tag>BrowserControl</tag>
<tag>Setter</tag>
<doc>Navigates to the given ``url``.</doc>
<msg timestamp="20231022 14:07:28.808" level="INFO">Successfully opened URL https://web-geek.fly.dev</msg>
<status status="PASS" starttime="20231022 14:07:28.102" endtime="20231022 14:07:28.808"/>
</kw>
<kw name="Wait For Elements State" library="Browser">
<arg>${element_form}</arg>
<arg>visible</arg>
<arg>5</arg>
<tag>PageContent</tag>
<tag>Wait</tag>
<doc>Waits for the element found by ``selector`` to satisfy state option.</doc>
<msg timestamp="20231022 14:07:28.845" level="INFO">Waited for Element with selector css=.login-form at state visible</msg>
<status status="PASS" starttime="20231022 14:07:28.809" endtime="20231022 14:07:28.845"/>
</kw>
<status status="PASS" starttime="20231022 14:07:28.102" endtime="20231022 14:07:28.845"/>
</kw>
<kw name="Fill Credentials" library="meta">
<arg>${user}</arg>
<kw name="Fill Text" library="Browser">
<arg>${input_email}</arg>
<arg>${user}[email]</arg>
<tag>PageContent</tag>
<tag>Setter</tag>
<doc>Clears and fills the given ``txt`` into the text field found by ``selector``.</doc>
<msg timestamp="20231022 14:07:28.847" level="INFO">Fills the text 'erica.cavalher@gmail.com' in the given field.</msg>
<status status="PASS" starttime="20231022 14:07:28.847" endtime="20231022 14:07:28.879"/>
</kw>
<kw name="Fill Text" library="Browser">
<arg>${input_pass}</arg>
<arg>${user}[password]</arg>
<tag>PageContent</tag>
<tag>Setter</tag>
<doc>Clears and fills the given ``txt`` into the text field found by ``selector``.</doc>
<msg timestamp="20231022 14:07:28.880" level="INFO">Fills the text 'abc123' in the given field.</msg>
<status status="PASS" starttime="20231022 14:07:28.880" endtime="20231022 14:07:28.900"/>
</kw>
<status status="PASS" starttime="20231022 14:07:28.846" endtime="20231022 14:07:28.900"/>
</kw>
<kw name="Submit Credentials" library="meta">
<kw name="Click" library="Browser">
<arg>${btn_signin_submit}</arg>
<tag>PageContent</tag>
<tag>Setter</tag>
<doc>Simulates mouse click on the element found by ``selector``.</doc>
<status status="PASS" starttime="20231022 14:07:28.901" endtime="20231022 14:07:28.966"/>
</kw>
<status status="PASS" starttime="20231022 14:07:28.900" endtime="20231022 14:07:28.966"/>
</kw>
<kw name="Modal Content Shoud Be" library="Validations">
<arg>Usuário e/ou senha inválidos.</arg>
<kw name="Wait For Elements State" library="Browser">
<arg>${msg_error_content}</arg>
<arg>visible</arg>
<arg>5</arg>
<tag>PageContent</tag>
<tag>Wait</tag>
<doc>Waits for the element found by ``selector`` to satisfy state option.</doc>
<msg timestamp="20231022 14:07:29.796" level="INFO">Waited for Element with selector id=swal2-html-container at state visible</msg>
<status status="PASS" starttime="20231022 14:07:28.967" endtime="20231022 14:07:29.796"/>
</kw>
<kw name="Get Text" library="Browser">
<arg>${msg_error_content}</arg>
<arg>equal</arg>
<arg>${expect_content}</arg>
<tag>Assertion</tag>
<tag>Getter</tag>
<tag>PageContent</tag>
<doc>Returns text attribute of the element found by ``selector``.</doc>
<status status="PASS" starttime="20231022 14:07:29.796" endtime="20231022 14:07:29.824"/>
</kw>
<status status="PASS" starttime="20231022 14:07:28.966" endtime="20231022 14:07:29.824"/>
</kw>
<kw name="Finish Session" library="Base" type="TEARDOWN">
<kw name="Take Screenshot" library="Browser">
<arg>fullPage=True</arg>
<tag>PageContent</tag>
<doc>Takes a screenshot of the current window or element and saves it to disk.</doc>
<msg timestamp="20231022 14:07:30.014" level="INFO" html="true">&lt;/td&gt;&lt;/tr&gt;&lt;tr&gt;&lt;td colspan="3"&gt;&lt;a href="browser/screenshot/robotframework-browser-screenshot-2.png"&gt;&lt;img src="browser/screenshot/robotframework-browser-screenshot-2.png" width="800px"&gt;&lt;/a&gt;</msg>
<status status="PASS" starttime="20231022 14:07:29.825" endtime="20231022 14:07:30.014"/>
</kw>
<status status="PASS" starttime="20231022 14:07:29.824" endtime="20231022 14:07:30.015"/>
</kw>
<tag>attempt_signin</tag>
<status status="PASS" starttime="20231022 14:07:25.959" endtime="20231022 14:07:30.015"/>
</test>
<test id="s1-s1-t3" name="Incorrect E-mail" line="35">
<kw name="Start Session" library="Base" type="SETUP">
<kw name="New Browser" library="Browser">
<arg>chromium</arg>
<arg>headless=True</arg>
<arg>slowMo=00:00:00</arg>
<tag>BrowserControl</tag>
<tag>Setter</tag>
<doc>Create a new playwright Browser with specified options.</doc>
<msg timestamp="20231022 14:07:30.046" level="INFO">{"browser": "chromium", "headless": true, "devtools": false, "handleSIGHUP": true, "handleSIGINT": true, "handleSIGTERM": true, "slowMo": 0.0, "timeout": 30000.0, "deprecated_pos_args": [], "tracesDir": "D:\\OneDrive - Novabase\\Documents\\1.AutomaticTests\\robot_framework--advanced\\Frontend\\logs\\pabot_results\\0\\browser\\traces\\b9196e6f-a7bf-44ce-9f32-f4b003436fb6"}</msg>
<msg timestamp="20231022 14:07:30.656" level="INFO">Successfully created browser with options: {"browser":"chromium","headless":true,"devtools":false,"handleSIGHUP":true,"handleSIGINT":true,"handleSIGTERM":true,"slowMo":0,"timeout":30000,"deprecated_pos_args":[],"tracesDir":"D:\\OneDrive - Novabase\\Documents\\1.AutomaticTests\\robot_framework--advanced\\Frontend\\logs\\pabot_results\\0\\browser\\traces\\b9196e6f-a7bf-44ce-9f32-f4b003436fb6"}</msg>
<status status="PASS" starttime="20231022 14:07:30.045" endtime="20231022 14:07:30.657"/>
</kw>
<kw name="New Page" library="Browser">
<arg>${BASE_URL}</arg>
<tag>BrowserControl</tag>
<tag>Setter</tag>
<doc>Open a new Page.</doc>
<msg timestamp="20231022 14:07:31.762" level="INFO">Successfully initialized new page object and opened url: https://web-geek.fly.dev</msg>
<msg timestamp="20231022 14:07:31.762" level="INFO">No context was open. New context was automatically opened when this page is created.</msg>
<status status="PASS" starttime="20231022 14:07:30.657" endtime="20231022 14:07:31.762"/>
</kw>
<kw name="Set Viewport Size" library="Browser">
<arg>1280</arg>
<arg>768</arg>
<tag>BrowserControl</tag>
<tag>Setter</tag>
<doc>Sets current Pages viewport size to specified dimensions.</doc>
<msg timestamp="20231022 14:07:31.767" level="INFO">Set viewport size to: [object Object]</msg>
<status status="PASS" starttime="20231022 14:07:31.762" endtime="20231022 14:07:31.768"/>
</kw>
<status status="PASS" starttime="20231022 14:07:30.045" endtime="20231022 14:07:31.769"/>
</kw>
<kw name="Create Dictionary" library="BuiltIn">
<var>${user}</var>
<arg>email=erica.cavalher.com</arg>
<arg>password=abc123</arg>
<doc>Creates and returns a dictionary based on the given ``items``.</doc>
<msg timestamp="20231022 14:07:31.770" level="INFO">${user} = {'email': 'erica.cavalher.com', 'password': 'abc123'}</msg>
<status status="PASS" starttime="20231022 14:07:31.769" endtime="20231022 14:07:31.770"/>
</kw>
<kw name="Go to Login form" library="meta">
<kw name="Go To" library="Browser">
<arg>${login_url}</arg>
<tag>BrowserControl</tag>
<tag>Setter</tag>
<doc>Navigates to the given ``url``.</doc>
<msg timestamp="20231022 14:07:32.516" level="INFO">Successfully opened URL https://web-geek.fly.dev</msg>
<status status="PASS" starttime="20231022 14:07:31.771" endtime="20231022 14:07:32.517"/>
</kw>
<kw name="Wait For Elements State" library="Browser">
<arg>${element_form}</arg>
<arg>visible</arg>
<arg>5</arg>
<tag>PageContent</tag>
<tag>Wait</tag>
<doc>Waits for the element found by ``selector`` to satisfy state option.</doc>
<msg timestamp="20231022 14:07:32.548" level="INFO">Waited for Element with selector css=.login-form at state visible</msg>
<status status="PASS" starttime="20231022 14:07:32.517" endtime="20231022 14:07:32.548"/>
</kw>
<status status="PASS" starttime="20231022 14:07:31.770" endtime="20231022 14:07:32.548"/>
</kw>
<kw name="Fill Credentials" library="meta">
<arg>${user}</arg>
<kw name="Fill Text" library="Browser">
<arg>${input_email}</arg>
<arg>${user}[email]</arg>
<tag>PageContent</tag>
<tag>Setter</tag>
<doc>Clears and fills the given ``txt`` into the text field found by ``selector``.</doc>
<msg timestamp="20231022 14:07:32.550" level="INFO">Fills the text 'erica.cavalher.com' in the given field.</msg>
<status status="PASS" starttime="20231022 14:07:32.550" endtime="20231022 14:07:32.577"/>
</kw>
<kw name="Fill Text" library="Browser">
<arg>${input_pass}</arg>
<arg>${user}[password]</arg>
<tag>PageContent</tag>
<tag>Setter</tag>
<doc>Clears and fills the given ``txt`` into the text field found by ``selector``.</doc>
<msg timestamp="20231022 14:07:32.578" level="INFO">Fills the text 'abc123' in the given field.</msg>
<status status="PASS" starttime="20231022 14:07:32.577" endtime="20231022 14:07:32.596"/>
</kw>
<status status="PASS" starttime="20231022 14:07:32.549" endtime="20231022 14:07:32.596"/>
</kw>
<kw name="Submit Credentials" library="meta">
<kw name="Click" library="Browser">
<arg>${btn_signin_submit}</arg>
<tag>PageContent</tag>
<tag>Setter</tag>
<doc>Simulates mouse click on the element found by ``selector``.</doc>
<status status="PASS" starttime="20231022 14:07:32.597" endtime="20231022 14:07:32.689"/>
</kw>
<status status="PASS" starttime="20231022 14:07:32.596" endtime="20231022 14:07:32.690"/>
</kw>
<kw name="Should Be Type Email" library="meta">
<kw name="Get Property" library="Browser">
<arg>${input_email}</arg>
<arg>type</arg>
<arg>equal</arg>
<arg>email</arg>
<tag>Assertion</tag>
<tag>Getter</tag>
<tag>PageContent</tag>
<doc>Returns the ``property`` of the element found by ``selector``.</doc>
<status status="PASS" starttime="20231022 14:07:32.691" endtime="20231022 14:07:32.747"/>
</kw>
<status status="PASS" starttime="20231022 14:07:32.690" endtime="20231022 14:07:32.748"/>
</kw>
<kw name="Finish Session" library="Base" type="TEARDOWN">
<kw name="Take Screenshot" library="Browser">
<arg>fullPage=True</arg>
<tag>PageContent</tag>
<doc>Takes a screenshot of the current window or element and saves it to disk.</doc>
<msg timestamp="20231022 14:07:33.021" level="INFO" html="true">&lt;/td&gt;&lt;/tr&gt;&lt;tr&gt;&lt;td colspan="3"&gt;&lt;a href="browser/screenshot/robotframework-browser-screenshot-3.png"&gt;&lt;img src="browser/screenshot/robotframework-browser-screenshot-3.png" width="800px"&gt;&lt;/a&gt;</msg>
<status status="PASS" starttime="20231022 14:07:32.749" endtime="20231022 14:07:33.021"/>
</kw>
<status status="PASS" starttime="20231022 14:07:32.748" endtime="20231022 14:07:33.022"/>
</kw>
<tag>attempt_signin</tag>
<status status="PASS" starttime="20231022 14:07:30.043" endtime="20231022 14:07:33.022"/>
</test>
<test id="s1-s1-t4" name="User not found" line="45">
<kw name="Start Session" library="Base" type="SETUP">
<kw name="New Browser" library="Browser">
<arg>chromium</arg>
<arg>headless=True</arg>
<arg>slowMo=00:00:00</arg>
<tag>BrowserControl</tag>
<tag>Setter</tag>
<doc>Create a new playwright Browser with specified options.</doc>
<msg timestamp="20231022 14:07:33.065" level="INFO">{"browser": "chromium", "headless": true, "devtools": false, "handleSIGHUP": true, "handleSIGINT": true, "handleSIGTERM": true, "slowMo": 0.0, "timeout": 30000.0, "deprecated_pos_args": [], "tracesDir": "D:\\OneDrive - Novabase\\Documents\\1.AutomaticTests\\robot_framework--advanced\\Frontend\\logs\\pabot_results\\0\\browser\\traces\\29a5fffc-d32e-4599-a389-b7db068030fe"}</msg>
<msg timestamp="20231022 14:07:33.687" level="INFO">Successfully created browser with options: {"browser":"chromium","headless":true,"devtools":false,"handleSIGHUP":true,"handleSIGINT":true,"handleSIGTERM":true,"slowMo":0,"timeout":30000,"deprecated_pos_args":[],"tracesDir":"D:\\OneDrive - Novabase\\Documents\\1.AutomaticTests\\robot_framework--advanced\\Frontend\\logs\\pabot_results\\0\\browser\\traces\\29a5fffc-d32e-4599-a389-b7db068030fe"}</msg>
<status status="PASS" starttime="20231022 14:07:33.064" endtime="20231022 14:07:33.687"/>
</kw>
<kw name="New Page" library="Browser">
<arg>${BASE_URL}</arg>
<tag>BrowserControl</tag>
<tag>Setter</tag>
<doc>Open a new Page.</doc>
<msg timestamp="20231022 14:07:34.843" level="INFO">Successfully initialized new page object and opened url: https://web-geek.fly.dev</msg>
<msg timestamp="20231022 14:07:34.843" level="INFO">No context was open. New context was automatically opened when this page is created.</msg>
<status status="PASS" starttime="20231022 14:07:33.688" endtime="20231022 14:07:34.843"/>
</kw>
<kw name="Set Viewport Size" library="Browser">
<arg>1280</arg>
<arg>768</arg>
<tag>BrowserControl</tag>
<tag>Setter</tag>
<doc>Sets current Pages viewport size to specified dimensions.</doc>
<msg timestamp="20231022 14:07:34.853" level="INFO">Set viewport size to: [object Object]</msg>
<status status="PASS" starttime="20231022 14:07:34.843" endtime="20231022 14:07:34.854"/>
</kw>
<status status="PASS" starttime="20231022 14:07:33.064" endtime="20231022 14:07:34.855"/>
</kw>
<kw name="Create Dictionary" library="BuiltIn">
<var>${user}</var>
<arg>email=erica.cavalher@404.com</arg>
<arg>password=abc123</arg>
<doc>Creates and returns a dictionary based on the given ``items``.</doc>
<msg timestamp="20231022 14:07:34.856" level="INFO">${user} = {'email': 'erica.cavalher@404.com', 'password': 'abc123'}</msg>
<status status="PASS" starttime="20231022 14:07:34.855" endtime="20231022 14:07:34.856"/>
</kw>
<kw name="Go to Login form" library="meta">
<kw name="Go To" library="Browser">
<arg>${login_url}</arg>
<tag>BrowserControl</tag>
<tag>Setter</tag>
<doc>Navigates to the given ``url``.</doc>
<msg timestamp="20231022 14:07:35.566" level="INFO">Successfully opened URL https://web-geek.fly.dev</msg>
<status status="PASS" starttime="20231022 14:07:34.857" endtime="20231022 14:07:35.567"/>
</kw>
<kw name="Wait For Elements State" library="Browser">
<arg>${element_form}</arg>
<arg>visible</arg>
<arg>5</arg>
<tag>PageContent</tag>
<tag>Wait</tag>
<doc>Waits for the element found by ``selector`` to satisfy state option.</doc>
<msg timestamp="20231022 14:07:35.592" level="INFO">Waited for Element with selector css=.login-form at state visible</msg>
<status status="PASS" starttime="20231022 14:07:35.567" endtime="20231022 14:07:35.592"/>
</kw>
<status status="PASS" starttime="20231022 14:07:34.856" endtime="20231022 14:07:35.592"/>
</kw>
<kw name="Fill Credentials" library="meta">
<arg>${user}</arg>
<kw name="Fill Text" library="Browser">
<arg>${input_email}</arg>
<arg>${user}[email]</arg>
<tag>PageContent</tag>
<tag>Setter</tag>
<doc>Clears and fills the given ``txt`` into the text field found by ``selector``.</doc>
<msg timestamp="20231022 14:07:35.593" level="INFO">Fills the text 'erica.cavalher@404.com' in the given field.</msg>
<status status="PASS" starttime="20231022 14:07:35.593" endtime="20231022 14:07:35.614"/>
</kw>
<kw name="Fill Text" library="Browser">
<arg>${input_pass}</arg>
<arg>${user}[password]</arg>
<tag>PageContent</tag>
<tag>Setter</tag>
<doc>Clears and fills the given ``txt`` into the text field found by ``selector``.</doc>
<msg timestamp="20231022 14:07:35.614" level="INFO">Fills the text 'abc123' in the given field.</msg>
<status status="PASS" starttime="20231022 14:07:35.614" endtime="20231022 14:07:35.629"/>
</kw>
<status status="PASS" starttime="20231022 14:07:35.592" endtime="20231022 14:07:35.629"/>
</kw>
<kw name="Submit Credentials" library="meta">
<kw name="Click" library="Browser">
<arg>${btn_signin_submit}</arg>
<tag>PageContent</tag>
<tag>Setter</tag>
<doc>Simulates mouse click on the element found by ``selector``.</doc>
<status status="PASS" starttime="20231022 14:07:35.629" endtime="20231022 14:07:35.682"/>
</kw>
<status status="PASS" starttime="20231022 14:07:35.629" endtime="20231022 14:07:35.683"/>
</kw>
<kw name="Modal Content Shoud Be" library="Validations">
<arg>Usuário e/ou senha inválidos.</arg>
<kw name="Wait For Elements State" library="Browser">
<arg>${msg_error_content}</arg>
<arg>visible</arg>
<arg>5</arg>
<tag>PageContent</tag>
<tag>Wait</tag>
<doc>Waits for the element found by ``selector`` to satisfy state option.</doc>
<msg timestamp="20231022 14:07:36.546" level="INFO">Waited for Element with selector id=swal2-html-container at state visible</msg>
<status status="PASS" starttime="20231022 14:07:35.683" endtime="20231022 14:07:36.546"/>
</kw>
<kw name="Get Text" library="Browser">
<arg>${msg_error_content}</arg>
<arg>equal</arg>
<arg>${expect_content}</arg>
<tag>Assertion</tag>
<tag>Getter</tag>
<tag>PageContent</tag>
<doc>Returns text attribute of the element found by ``selector``.</doc>
<status status="PASS" starttime="20231022 14:07:36.546" endtime="20231022 14:07:36.574"/>
</kw>
<status status="PASS" starttime="20231022 14:07:35.683" endtime="20231022 14:07:36.574"/>
</kw>
<kw name="Finish Session" library="Base" type="TEARDOWN">
<kw name="Take Screenshot" library="Browser">
<arg>fullPage=True</arg>
<tag>PageContent</tag>
<doc>Takes a screenshot of the current window or element and saves it to disk.</doc>
<msg timestamp="20231022 14:07:36.771" level="INFO" html="true">&lt;/td&gt;&lt;/tr&gt;&lt;tr&gt;&lt;td colspan="3"&gt;&lt;a href="browser/screenshot/robotframework-browser-screenshot-4.png"&gt;&lt;img src="browser/screenshot/robotframework-browser-screenshot-4.png" width="800px"&gt;&lt;/a&gt;</msg>
<status status="PASS" starttime="20231022 14:07:36.575" endtime="20231022 14:07:36.771"/>
</kw>
<status status="PASS" starttime="20231022 14:07:36.574" endtime="20231022 14:07:36.772"/>
</kw>
<tag>attempt_signin</tag>
<status status="PASS" starttime="20231022 14:07:33.060" endtime="20231022 14:07:36.773"/>
</test>
<test id="s1-s1-t5" name="Required Email" line="55">
<kw name="Start Session" library="Base" type="SETUP">
<kw name="New Browser" library="Browser">
<arg>chromium</arg>
<arg>headless=True</arg>
<arg>slowMo=00:00:00</arg>
<tag>BrowserControl</tag>
<tag>Setter</tag>
<doc>Create a new playwright Browser with specified options.</doc>
<msg timestamp="20231022 14:07:36.837" level="INFO">{"browser": "chromium", "headless": true, "devtools": false, "handleSIGHUP": true, "handleSIGINT": true, "handleSIGTERM": true, "slowMo": 0.0, "timeout": 30000.0, "deprecated_pos_args": [], "tracesDir": "D:\\OneDrive - Novabase\\Documents\\1.AutomaticTests\\robot_framework--advanced\\Frontend\\logs\\pabot_results\\0\\browser\\traces\\aa9e6194-1164-43c5-9f68-a4c49a932c39"}</msg>
<msg timestamp="20231022 14:07:37.639" level="INFO">Successfully created browser with options: {"browser":"chromium","headless":true,"devtools":false,"handleSIGHUP":true,"handleSIGINT":true,"handleSIGTERM":true,"slowMo":0,"timeout":30000,"deprecated_pos_args":[],"tracesDir":"D:\\OneDrive - Novabase\\Documents\\1.AutomaticTests\\robot_framework--advanced\\Frontend\\logs\\pabot_results\\0\\browser\\traces\\aa9e6194-1164-43c5-9f68-a4c49a932c39"}</msg>
<status status="PASS" starttime="20231022 14:07:36.837" endtime="20231022 14:07:37.640"/>
</kw>
<kw name="New Page" library="Browser">
<arg>${BASE_URL}</arg>
<tag>BrowserControl</tag>
<tag>Setter</tag>
<doc>Open a new Page.</doc>
<msg timestamp="20231022 14:07:39.173" level="INFO">Successfully initialized new page object and opened url: https://web-geek.fly.dev</msg>
<msg timestamp="20231022 14:07:39.173" level="INFO">No context was open. New context was automatically opened when this page is created.</msg>
<status status="PASS" starttime="20231022 14:07:37.640" endtime="20231022 14:07:39.173"/>
</kw>
<kw name="Set Viewport Size" library="Browser">
<arg>1280</arg>
<arg>768</arg>
<tag>BrowserControl</tag>
<tag>Setter</tag>
<doc>Sets current Pages viewport size to specified dimensions.</doc>
<msg timestamp="20231022 14:07:39.179" level="INFO">Set viewport size to: [object Object]</msg>
<status status="PASS" starttime="20231022 14:07:39.173" endtime="20231022 14:07:39.179"/>
</kw>
<status status="PASS" starttime="20231022 14:07:36.836" endtime="20231022 14:07:39.179"/>
</kw>
<kw name="Create Dictionary" library="BuiltIn">
<var>${user}</var>
<arg>email=${EMPTY}</arg>
<arg>password=abc123</arg>
<doc>Creates and returns a dictionary based on the given ``items``.</doc>
<msg timestamp="20231022 14:07:39.181" level="INFO">${user} = {'email': '', 'password': 'abc123'}</msg>
<status status="PASS" starttime="20231022 14:07:39.180" endtime="20231022 14:07:39.181"/>
</kw>
<kw name="Go to Login form" library="meta">
<kw name="Go To" library="Browser">
<arg>${login_url}</arg>
<tag>BrowserControl</tag>
<tag>Setter</tag>
<doc>Navigates to the given ``url``.</doc>
<msg timestamp="20231022 14:07:39.927" level="INFO">Successfully opened URL https://web-geek.fly.dev</msg>
<status status="PASS" starttime="20231022 14:07:39.182" endtime="20231022 14:07:39.927"/>
</kw>
<kw name="Wait For Elements State" library="Browser">
<arg>${element_form}</arg>
<arg>visible</arg>
<arg>5</arg>
<tag>PageContent</tag>
<tag>Wait</tag>
<doc>Waits for the element found by ``selector`` to satisfy state option.</doc>
<msg timestamp="20231022 14:07:39.956" level="INFO">Waited for Element with selector css=.login-form at state visible</msg>
<status status="PASS" starttime="20231022 14:07:39.930" endtime="20231022 14:07:39.957"/>
</kw>
<status status="PASS" starttime="20231022 14:07:39.181" endtime="20231022 14:07:39.957"/>
</kw>
<kw name="Fill Credentials" library="meta">
<arg>${user}</arg>
<kw name="Fill Text" library="Browser">
<arg>${input_email}</arg>
<arg>${user}[email]</arg>
<tag>PageContent</tag>
<tag>Setter</tag>
<doc>Clears and fills the given ``txt`` into the text field found by ``selector``.</doc>
<msg timestamp="20231022 14:07:39.959" level="INFO">Fills the text '' in the given field.</msg>
<status status="PASS" starttime="20231022 14:07:39.958" endtime="20231022 14:07:39.979"/>
</kw>
<kw name="Fill Text" library="Browser">
<arg>${input_pass}</arg>
<arg>${user}[password]</arg>
<tag>PageContent</tag>
<tag>Setter</tag>
<doc>Clears and fills the given ``txt`` into the text field found by ``selector``.</doc>
<msg timestamp="20231022 14:07:39.980" level="INFO">Fills the text 'abc123' in the given field.</msg>
<status status="PASS" starttime="20231022 14:07:39.979" endtime="20231022 14:07:39.999"/>
</kw>
<status status="PASS" starttime="20231022 14:07:39.957" endtime="20231022 14:07:39.999"/>
</kw>
<kw name="Submit Credentials" library="meta">
<kw name="Click" library="Browser">
<arg>${btn_signin_submit}</arg>
<tag>PageContent</tag>
<tag>Setter</tag>
<doc>Simulates mouse click on the element found by ``selector``.</doc>
<status status="PASS" starttime="20231022 14:07:40.000" endtime="20231022 14:07:40.072"/>
</kw>
<status status="PASS" starttime="20231022 14:07:39.999" endtime="20231022 14:07:40.072"/>
</kw>
<kw name="Alert Span Should Be" library="Validations">
<arg>E-mail obrigatório</arg>
<kw name="Wait For Elements State" library="Browser">
<arg>${msg_span_error}</arg>
<arg>visible</arg>
<arg>5</arg>
<tag>PageContent</tag>
<tag>Wait</tag>
<doc>Waits for the element found by ``selector`` to satisfy state option.</doc>
<msg timestamp="20231022 14:07:40.080" level="INFO">Waited for Element with selector css=span[class=error] at state visible</msg>
<status status="PASS" starttime="20231022 14:07:40.073" endtime="20231022 14:07:40.080"/>
</kw>
<kw name="Get Text" library="Browser">
<arg>${msg_span_error}</arg>
<arg>equal</arg>
<arg>${expect_alert}</arg>
<tag>Assertion</tag>
<tag>Getter</tag>
<tag>PageContent</tag>
<doc>Returns text attribute of the element found by ``selector``.</doc>
<status status="PASS" starttime="20231022 14:07:40.081" endtime="20231022 14:07:40.110"/>
</kw>
<status status="PASS" starttime="20231022 14:07:40.072" endtime="20231022 14:07:40.110"/>
</kw>
<kw name="Finish Session" library="Base" type="TEARDOWN">
<kw name="Take Screenshot" library="Browser">
<arg>fullPage=True</arg>
<tag>PageContent</tag>
<doc>Takes a screenshot of the current window or element and saves it to disk.</doc>
<msg timestamp="20231022 14:07:40.347" level="INFO" html="true">&lt;/td&gt;&lt;/tr&gt;&lt;tr&gt;&lt;td colspan="3"&gt;&lt;a href="browser/screenshot/robotframework-browser-screenshot-5.png"&gt;&lt;img src="browser/screenshot/robotframework-browser-screenshot-5.png" width="800px"&gt;&lt;/a&gt;</msg>
<status status="PASS" starttime="20231022 14:07:40.111" endtime="20231022 14:07:40.347"/>
</kw>
<status status="PASS" starttime="20231022 14:07:40.111" endtime="20231022 14:07:40.347"/>
</kw>
<tag>attempt_signin</tag>
<status status="PASS" starttime="20231022 14:07:36.833" endtime="20231022 14:07:40.347"/>
</test>
<test id="s1-s1-t6" name="Required Password" line="66">
<kw name="Start Session" library="Base" type="SETUP">
<kw name="New Browser" library="Browser">
<arg>chromium</arg>
<arg>headless=True</arg>
<arg>slowMo=00:00:00</arg>
<tag>BrowserControl</tag>
<tag>Setter</tag>
<doc>Create a new playwright Browser with specified options.</doc>
<msg timestamp="20231022 14:07:40.378" level="INFO">{"browser": "chromium", "headless": true, "devtools": false, "handleSIGHUP": true, "handleSIGINT": true, "handleSIGTERM": true, "slowMo": 0.0, "timeout": 30000.0, "deprecated_pos_args": [], "tracesDir": "D:\\OneDrive - Novabase\\Documents\\1.AutomaticTests\\robot_framework--advanced\\Frontend\\logs\\pabot_results\\0\\browser\\traces\\3d0af78e-b8bf-4983-9233-7a3a1fc701f9"}</msg>
<msg timestamp="20231022 14:07:41.280" level="INFO">Successfully created browser with options: {"browser":"chromium","headless":true,"devtools":false,"handleSIGHUP":true,"handleSIGINT":true,"handleSIGTERM":true,"slowMo":0,"timeout":30000,"deprecated_pos_args":[],"tracesDir":"D:\\OneDrive - Novabase\\Documents\\1.AutomaticTests\\robot_framework--advanced\\Frontend\\logs\\pabot_results\\0\\browser\\traces\\3d0af78e-b8bf-4983-9233-7a3a1fc701f9"}</msg>
<status status="PASS" starttime="20231022 14:07:40.377" endtime="20231022 14:07:41.281"/>
</kw>
<kw name="New Page" library="Browser">
<arg>${BASE_URL}</arg>
<tag>BrowserControl</tag>
<tag>Setter</tag>
<doc>Open a new Page.</doc>
<msg timestamp="20231022 14:07:42.564" level="INFO">Successfully initialized new page object and opened url: https://web-geek.fly.dev</msg>
<msg timestamp="20231022 14:07:42.564" level="INFO">No context was open. New context was automatically opened when this page is created.</msg>
<status status="PASS" starttime="20231022 14:07:41.281" endtime="20231022 14:07:42.564"/>
</kw>
<kw name="Set Viewport Size" library="Browser">
<arg>1280</arg>
<arg>768</arg>
<tag>BrowserControl</tag>
<tag>Setter</tag>
<doc>Sets current Pages viewport size to specified dimensions.</doc>
<msg timestamp="20231022 14:07:42.569" level="INFO">Set viewport size to: [object Object]</msg>
<status status="PASS" starttime="20231022 14:07:42.564" endtime="20231022 14:07:42.569"/>
</kw>
<status status="PASS" starttime="20231022 14:07:40.376" endtime="20231022 14:07:42.569"/>
</kw>
<kw name="Create Dictionary" library="BuiltIn">
<var>${user}</var>
<arg>email=erica.cavalher@gmail.com</arg>
<arg>password=${EMPTY}</arg>
<doc>Creates and returns a dictionary based on the given ``items``.</doc>
<msg timestamp="20231022 14:07:42.571" level="INFO">${user} = {'email': 'erica.cavalher@gmail.com', 'password': ''}</msg>
<status status="PASS" starttime="20231022 14:07:42.569" endtime="20231022 14:07:42.571"/>
</kw>
<kw name="Go to Login form" library="meta">
<kw name="Go To" library="Browser">
<arg>${login_url}</arg>
<tag>BrowserControl</tag>
<tag>Setter</tag>
<doc>Navigates to the given ``url``.</doc>
<msg timestamp="20231022 14:07:43.258" level="INFO">Successfully opened URL https://web-geek.fly.dev</msg>
<status status="PASS" starttime="20231022 14:07:42.571" endtime="20231022 14:07:43.258"/>
</kw>
<kw name="Wait For Elements State" library="Browser">
<arg>${element_form}</arg>
<arg>visible</arg>
<arg>5</arg>
<tag>PageContent</tag>
<tag>Wait</tag>
<doc>Waits for the element found by ``selector`` to satisfy state option.</doc>
<msg timestamp="20231022 14:07:43.283" level="INFO">Waited for Element with selector css=.login-form at state visible</msg>
<status status="PASS" starttime="20231022 14:07:43.258" endtime="20231022 14:07:43.283"/>
</kw>
<status status="PASS" starttime="20231022 14:07:42.571" endtime="20231022 14:07:43.283"/>
</kw>
<kw name="Fill Credentials" library="meta">
<arg>${user}</arg>
<kw name="Fill Text" library="Browser">
<arg>${input_email}</arg>
<arg>${user}[email]</arg>
<tag>PageContent</tag>
<tag>Setter</tag>
<doc>Clears and fills the given ``txt`` into the text field found by ``selector``.</doc>
<msg timestamp="20231022 14:07:43.284" level="INFO">Fills the text 'erica.cavalher@gmail.com' in the given field.</msg>
<status status="PASS" starttime="20231022 14:07:43.284" endtime="20231022 14:07:43.302"/>
</kw>
<kw name="Fill Text" library="Browser">
<arg>${input_pass}</arg>
<arg>${user}[password]</arg>
<tag>PageContent</tag>
<tag>Setter</tag>
<doc>Clears and fills the given ``txt`` into the text field found by ``selector``.</doc>
<msg timestamp="20231022 14:07:43.303" level="INFO">Fills the text '' in the given field.</msg>
<status status="PASS" starttime="20231022 14:07:43.303" endtime="20231022 14:07:43.317"/>
</kw>
<status status="PASS" starttime="20231022 14:07:43.284" endtime="20231022 14:07:43.317"/>
</kw>
<kw name="Submit Credentials" library="meta">
<kw name="Click" library="Browser">
<arg>${btn_signin_submit}</arg>
<tag>PageContent</tag>
<tag>Setter</tag>
<doc>Simulates mouse click on the element found by ``selector``.</doc>
<status status="PASS" starttime="20231022 14:07:43.318" endtime="20231022 14:07:43.380"/>
</kw>
<status status="PASS" starttime="20231022 14:07:43.317" endtime="20231022 14:07:43.380"/>
</kw>
<kw name="Alert Span Should Be" library="Validations">
<arg>Senha obrigatória</arg>
<kw name="Wait For Elements State" library="Browser">
<arg>${msg_span_error}</arg>
<arg>visible</arg>
<arg>5</arg>
<tag>PageContent</tag>
<tag>Wait</tag>
<doc>Waits for the element found by ``selector`` to satisfy state option.</doc>
<msg timestamp="20231022 14:07:43.386" level="INFO">Waited for Element with selector css=span[class=error] at state visible</msg>
<status status="PASS" starttime="20231022 14:07:43.381" endtime="20231022 14:07:43.386"/>
</kw>
<kw name="Get Text" library="Browser">
<arg>${msg_span_error}</arg>
<arg>equal</arg>
<arg>${expect_alert}</arg>
<tag>Assertion</tag>
<tag>Getter</tag>
<tag>PageContent</tag>
<doc>Returns text attribute of the element found by ``selector``.</doc>
<status status="PASS" starttime="20231022 14:07:43.387" endtime="20231022 14:07:43.409"/>
</kw>
<status status="PASS" starttime="20231022 14:07:43.381" endtime="20231022 14:07:43.409"/>
</kw>
<kw name="Finish Session" library="Base" type="TEARDOWN">
<kw name="Take Screenshot" library="Browser">
<arg>fullPage=True</arg>
<tag>PageContent</tag>
<doc>Takes a screenshot of the current window or element and saves it to disk.</doc>
<msg timestamp="20231022 14:07:43.602" level="INFO" html="true">&lt;/td&gt;&lt;/tr&gt;&lt;tr&gt;&lt;td colspan="3"&gt;&lt;a href="browser/screenshot/robotframework-browser-screenshot-6.png"&gt;&lt;img src="browser/screenshot/robotframework-browser-screenshot-6.png" width="800px"&gt;&lt;/a&gt;</msg>
<status status="PASS" starttime="20231022 14:07:43.410" endtime="20231022 14:07:43.602"/>
</kw>
<status status="PASS" starttime="20231022 14:07:43.409" endtime="20231022 14:07:43.603"/>
</kw>
<tag>attempt_signin</tag>
<status status="PASS" starttime="20231022 14:07:40.373" endtime="20231022 14:07:43.603"/>
</test>
<test id="s1-s1-t7" name="Required Fields Login" line="76">
<kw name="Start Session" library="Base" type="SETUP">
<kw name="New Browser" library="Browser">
<arg>chromium</arg>
<arg>headless=True</arg>
<arg>slowMo=00:00:00</arg>
<tag>BrowserControl</tag>
<tag>Setter</tag>
<doc>Create a new playwright Browser with specified options.</doc>
<msg timestamp="20231022 14:07:43.640" level="INFO">{"browser": "chromium", "headless": true, "devtools": false, "handleSIGHUP": true, "handleSIGINT": true, "handleSIGTERM": true, "slowMo": 0.0, "timeout": 30000.0, "deprecated_pos_args": [], "tracesDir": "D:\\OneDrive - Novabase\\Documents\\1.AutomaticTests\\robot_framework--advanced\\Frontend\\logs\\pabot_results\\0\\browser\\traces\\9abd87fd-7325-4bbe-8aaf-f16777b3aea5"}</msg>
<msg timestamp="20231022 14:07:44.287" level="INFO">Successfully created browser with options: {"browser":"chromium","headless":true,"devtools":false,"handleSIGHUP":true,"handleSIGINT":true,"handleSIGTERM":true,"slowMo":0,"timeout":30000,"deprecated_pos_args":[],"tracesDir":"D:\\OneDrive - Novabase\\Documents\\1.AutomaticTests\\robot_framework--advanced\\Frontend\\logs\\pabot_results\\0\\browser\\traces\\9abd87fd-7325-4bbe-8aaf-f16777b3aea5"}</msg>
<status status="PASS" starttime="20231022 14:07:43.639" endtime="20231022 14:07:44.288"/>
</kw>
<kw name="New Page" library="Browser">
<arg>${BASE_URL}</arg>
<tag>BrowserControl</tag>
<tag>Setter</tag>
<doc>Open a new Page.</doc>
<msg timestamp="20231022 14:07:45.289" level="INFO">Successfully initialized new page object and opened url: https://web-geek.fly.dev</msg>
<msg timestamp="20231022 14:07:45.289" level="INFO">No context was open. New context was automatically opened when this page is created.</msg>
<status status="PASS" starttime="20231022 14:07:44.288" endtime="20231022 14:07:45.289"/>
</kw>
<kw name="Set Viewport Size" library="Browser">
<arg>1280</arg>
<arg>768</arg>
<tag>BrowserControl</tag>
<tag>Setter</tag>
<doc>Sets current Pages viewport size to specified dimensions.</doc>
<msg timestamp="20231022 14:07:45.299" level="INFO">Set viewport size to: [object Object]</msg>
<status status="PASS" starttime="20231022 14:07:45.289" endtime="20231022 14:07:45.299"/>
</kw>
<status status="PASS" starttime="20231022 14:07:43.638" endtime="20231022 14:07:45.299"/>
</kw>
<kw name="Create List" library="BuiltIn">
<var>@{expected_alerts}</var>
<arg>E-mail obrigatório</arg>
<arg>Senha obrigatória</arg>
<doc>Returns a list containing given items.</doc>
<msg timestamp="20231022 14:07:45.300" level="INFO">@{expected_alerts} = [ E-mail obrigatório | Senha obrigatória ]</msg>
<status status="PASS" starttime="20231022 14:07:45.299" endtime="20231022 14:07:45.300"/>
</kw>
<kw name="Go to Login form" library="meta">
<kw name="Go To" library="Browser">
<arg>${login_url}</arg>
<tag>BrowserControl</tag>
<tag>Setter</tag>
<doc>Navigates to the given ``url``.</doc>
<msg timestamp="20231022 14:07:45.984" level="INFO">Successfully opened URL https://web-geek.fly.dev</msg>
<status status="PASS" starttime="20231022 14:07:45.300" endtime="20231022 14:07:45.984"/>
</kw>
<kw name="Wait For Elements State" library="Browser">
<arg>${element_form}</arg>
<arg>visible</arg>
<arg>5</arg>
<tag>PageContent</tag>
<tag>Wait</tag>
<doc>Waits for the element found by ``selector`` to satisfy state option.</doc>
<msg timestamp="20231022 14:07:46.013" level="INFO">Waited for Element with selector css=.login-form at state visible</msg>
<status status="PASS" starttime="20231022 14:07:45.985" endtime="20231022 14:07:46.013"/>
</kw>
<status status="PASS" starttime="20231022 14:07:45.300" endtime="20231022 14:07:46.013"/>
</kw>
<kw name="Submit Credentials" library="meta">
<kw name="Click" library="Browser">
<arg>${btn_signin_submit}</arg>
<tag>PageContent</tag>
<tag>Setter</tag>
<doc>Simulates mouse click on the element found by ``selector``.</doc>
<status status="PASS" starttime="20231022 14:07:46.014" endtime="20231022 14:07:46.066"/>
</kw>
<status status="PASS" starttime="20231022 14:07:46.013" endtime="20231022 14:07:46.066"/>
</kw>
<kw name="Alert Spans Should Be" library="Validations">
<arg>${expected_alerts}</arg>
<kw name="Create List" library="BuiltIn">
<var>@{got_alerts}</var>
<doc>Returns a list containing given items.</doc>
<msg timestamp="20231022 14:07:46.068" level="INFO">@{got_alerts} = [ ]</msg>
<status status="PASS" starttime="20231022 14:07:46.067" endtime="20231022 14:07:46.068"/>
</kw>
<kw name="Get Elements" library="Browser">
<var>${spans}</var>
<arg>${msg_span_error}</arg>
<tag>Getter</tag>
<tag>PageContent</tag>
<doc>Returns a reference to Playwright [https://playwright.dev/docs/api/class-locator|Locator]
for all matched elements by ``selector``.</doc>
<msg timestamp="20231022 14:07:46.079" level="INFO">Found 2 Locators successfully.</msg>
<msg timestamp="20231022 14:07:46.080" level="INFO">${spans} = ['element=1b4af942-8449-4fba-8dad-480bfc52a101', 'element=867da6fb-51f5-4641-9838-fa77a68c3771']</msg>
<status status="PASS" starttime="20231022 14:07:46.068" endtime="20231022 14:07:46.080"/>
</kw>
<for flavor="IN">
<var>${span}</var>
<value>@{spans}</value>
<iter>
<var name="${span}">element=1b4af942-8449-4fba-8dad-480bfc52a101</var>
<kw name="Get Text" library="Browser">
<var>${text}</var>
<arg>${span}</arg>
<tag>Assertion</tag>
<tag>Getter</tag>
<tag>PageContent</tag>
<doc>Returns text attribute of the element found by ``selector``.</doc>
<msg timestamp="20231022 14:07:46.118" level="INFO">${text} = E-mail obrigatório</msg>
<status status="PASS" starttime="20231022 14:07:46.082" endtime="20231022 14:07:46.118"/>
</kw>
<kw name="Append To List" library="Collections">
<arg>${got_alerts}</arg>
<arg>${text}</arg>
<doc>Adds ``values`` to the end of ``list``.</doc>
<status status="PASS" starttime="20231022 14:07:46.118" endtime="20231022 14:07:46.118"/>
</kw>
<status status="PASS" starttime="20231022 14:07:46.081" endtime="20231022 14:07:46.119"/>
</iter>
<iter>
<var name="${span}">element=867da6fb-51f5-4641-9838-fa77a68c3771</var>
<kw name="Get Text" library="Browser">
<var>${text}</var>
<arg>${span}</arg>
<tag>Assertion</tag>
<tag>Getter</tag>
<tag>PageContent</tag>
<doc>Returns text attribute of the element found by ``selector``.</doc>
<msg timestamp="20231022 14:07:46.139" level="INFO">${text} = Senha obrigatória</msg>
<status status="PASS" starttime="20231022 14:07:46.119" endtime="20231022 14:07:46.139"/>
</kw>
<kw name="Append To List" library="Collections">
<arg>${got_alerts}</arg>
<arg>${text}</arg>
<doc>Adds ``values`` to the end of ``list``.</doc>
<status status="PASS" starttime="20231022 14:07:46.139" endtime="20231022 14:07:46.140"/>
</kw>
<status status="PASS" starttime="20231022 14:07:46.119" endtime="20231022 14:07:46.140"/>
</iter>
<status status="PASS" starttime="20231022 14:07:46.081" endtime="20231022 14:07:46.140"/>
</for>
<kw name="Lists Should Be Equal" library="Collections">
<arg>${expected_alerts}</arg>
<arg>${got_alerts}</arg>
<doc>Fails if given lists are unequal.</doc>
<status status="PASS" starttime="20231022 14:07:46.140" endtime="20231022 14:07:46.140"/>
</kw>
<status status="PASS" starttime="20231022 14:07:46.067" endtime="20231022 14:07:46.141"/>
</kw>
<kw name="Finish Session" library="Base" type="TEARDOWN">
<kw name="Take Screenshot" library="Browser">
<arg>fullPage=True</arg>
<tag>PageContent</tag>
<doc>Takes a screenshot of the current window or element and saves it to disk.</doc>
<msg timestamp="20231022 14:07:46.332" level="INFO" html="true">&lt;/td&gt;&lt;/tr&gt;&lt;tr&gt;&lt;td colspan="3"&gt;&lt;a href="browser/screenshot/robotframework-browser-screenshot-7.png"&gt;&lt;img src="browser/screenshot/robotframework-browser-screenshot-7.png" width="800px"&gt;&lt;/a&gt;</msg>
<status status="PASS" starttime="20231022 14:07:46.141" endtime="20231022 14:07:46.332"/>
</kw>
<status status="PASS" starttime="20231022 14:07:46.141" endtime="20231022 14:07:46.332"/>
</kw>
<tag>attempt_signup</tag>
<status status="PASS" starttime="20231022 14:07:43.635" endtime="20231022 14:07:46.332"/>
</test>
<doc>Login test Suite</doc>
<status status="FAIL" starttime="20231022 14:07:09.049" endtime="20231022 14:07:46.367"/>
</suite>
<status status="FAIL" starttime="20231022 14:07:09.018" endtime="20231022 14:07:46.371"/>
</suite>
<statistics>
<total>
<stat pass="6" fail="1" skip="0">All Tests</stat>
</total>
<tag>
<stat pass="5" fail="0" skip="0">attempt_signin</stat>
<stat pass="1" fail="0" skip="0">attempt_signup</stat>
<stat pass="0" fail="1" skip="0">happy_way</stat>
</tag>
<suite>
<stat pass="6" fail="1" skip="0" id="s1" name="Tests">Tests</stat>
<stat pass="6" fail="1" skip="0" id="s1-s1" name="1.Signin">Tests.1.Signin</stat>
</suite>
</statistics>
<errors>
</errors>
</robot>
